<?xml version="1.0" encoding="UTF-8"?>
<testsuite name="tetris.SpawnTests" tests="2" skipped="0" failures="0" errors="0" timestamp="2023-10-03T13:13:42" hostname="Jays-MacBook-Pro-2.local" time="0.015">
  <properties/>
  <testcase name="testSpawn" classname="tetris.SpawnTests" time="0.002"/>
  <testcase name="testSpawn2" classname="tetris.SpawnTests" time="0.012"/>
  <system-out><![CDATA[]]></system-out>
  <system-err><![CDATA[]]></system-err>
</testsuite>
