<?xml version="1.0" encoding="UTF-8"?>
<testsuite name="tetris.MovementTests" tests="2" skipped="0" failures="0" errors="0" timestamp="2023-10-04T10:13:41" hostname="Jays-MacBook-Pro-2.local" time="0.031">
  <properties/>
  <testcase name="testMovement" classname="tetris.MovementTests" time="0.014"/>
  <testcase name="testMovement2" classname="tetris.MovementTests" time="0.017"/>
  <system-out><![CDATA[]]></system-out>
  <system-err><![CDATA[]]></system-err>
</testsuite>
