<?xml version="1.0" encoding="UTF-8"?>
<testsuite name="tetris.FullGameTests" tests="5" skipped="0" failures="5" errors="0" timestamp="2023-10-03T10:43:34" hostname="Jays-MacBook-Pro-2.local" time="0.305">
  <properties/>
  <testcase name="testGame5x9" classname="tetris.FullGameTests" time="0.023">
    <failure message="org.scalatest.exceptions.TestFailedException: didPass was false&#10;--------------------------------------------------------------------------------&#10;This is what went wrong:&#10;&#10;step=0, rand=0, actions=&lt;&gt;&#10;Want  | Got ✓&#10;-------------&#10;..... | .....&#10;.IIII | .IIII&#10;..... | .....&#10;..... | .....&#10;..... | .....&#10;..... | .....&#10;..... | .....&#10;..... | .....&#10;..... | .....&#10;&#10;step=1, rand=0, actions=&lt;RotateRight&gt;&#10;Want  | Got ✓&#10;-------------&#10;...I. | ...I.&#10;...I. | ...I.&#10;...I. | ...I.&#10;...I. | ...I.&#10;..... | .....&#10;..... | .....&#10;..... | .....&#10;..... | .....&#10;..... | .....&#10;&#10;step=2, rand=0, actions=&lt;Down&gt;&#10;Want  | Got ✓&#10;-------------&#10;..... | .....&#10;...I. | ...I.&#10;...I. | ...I.&#10;...I. | ...I.&#10;...I. | ...I.&#10;..... | .....&#10;..... | .....&#10;..... | .....&#10;..... | .....&#10;&#10;step=3, rand=0, actions=&lt;Down&gt;&#10;Want  | Got ✓&#10;-------------&#10;..... | .....&#10;..... | .....&#10;...I. | ...I.&#10;...I. | ...I.&#10;...I. | ...I.&#10;...I. | ...I.&#10;..... | .....&#10;..... | .....&#10;..... | .....&#10;&#10;step=4, rand=0, actions=&lt;Down&gt;&#10;Want  | Got ✓&#10;-------------&#10;..... | .....&#10;..... | .....&#10;..... | .....&#10;...I. | ...I.&#10;...I. | ...I.&#10;...I. | ...I.&#10;...I. | ...I.&#10;..... | .....&#10;..... | .....&#10;&#10;step=5, rand=0, actions=&lt;Down&gt;&#10;Want  | Got ✓&#10;-------------&#10;..... | .....&#10;..... | .....&#10;..... | .....&#10;..... | .....&#10;...I. | ...I.&#10;...I. | ...I.&#10;...I. | ...I.&#10;...I. | ...I.&#10;..... | .....&#10;&#10;step=6, rand=0, actions=&lt;Down&gt;&#10;Want  | Got ✓&#10;-------------&#10;..... | .....&#10;..... | .....&#10;..... | .....&#10;..... | .....&#10;..... | .....&#10;...I. | ...I.&#10;...I. | ...I.&#10;...I. | ...I.&#10;...I. | ...I.&#10;&#10;step=7, rand=0, actions=&lt;Down&gt;&#10;Want  | Got ✗&#10;-------------&#10;..... | .....&#10;.IIII | ..III&#10;..... | .....&#10;..... | .....&#10;..... | .....&#10;...I. | .....&#10;...I. | .....&#10;...I. | .....&#10;...I. | .....&#10;&#10;step=8, rand=0, actions=&lt;RotateRight&gt;&#10;Want  | Got ✗&#10;-------------&#10;...I. | ....I&#10;...I. | ....I&#10;...I. | ....I&#10;...I. | ....I&#10;..... | .....&#10;...I. | .....&#10;...I. | .....&#10;...I. | .....&#10;...I. | .....&#10;&#10;step=9, rand=0, actions=&lt;Left&gt;&#10;Want  | Got ✗&#10;-------------&#10;..I.. | ...I.&#10;..I.. | ...I.&#10;..I.. | ...I.&#10;..I.. | ...I.&#10;..... | .....&#10;...I. | .....&#10;...I. | .....&#10;...I. | .....&#10;...I. | .....&#10;&#10;step=10, rand=0, actions=&lt;Down&gt;&#10;Want  | Got ✗&#10;-------------&#10;..... | .....&#10;..I.. | ...I.&#10;..I.. | ...I.&#10;..I.. | ...I.&#10;..I.. | ...I.&#10;...I. | .....&#10;...I. | .....&#10;...I. | .....&#10;...I. | .....&#10;&#10;step=11, rand=0, actions=&lt;Down&gt;&#10;Want  | Got ✗&#10;-------------&#10;..... | .....&#10;..... | .....&#10;..I.. | ...I.&#10;..I.. | ...I.&#10;..I.. | ...I.&#10;..II. | ...I.&#10;...I. | .....&#10;...I. | .....&#10;...I. | .....&#10;&#10;step=12, rand=0, actions=&lt;Down&gt;&#10;Want  | Got ✗&#10;-------------&#10;..... | .....&#10;..... | .....&#10;..... | .....&#10;..I.. | ...I.&#10;..I.. | ...I.&#10;..II. | ...I.&#10;..II. | ...I.&#10;...I. | .....&#10;...I. | .....&#10;&#10;step=13, rand=0, actions=&lt;Down&gt;&#10;Want  | Got ✗&#10;-------------&#10;..... | .....&#10;..... | .....&#10;..... | .....&#10;..... | .....&#10;..I.. | ...I.&#10;..II. | ...I.&#10;..II. | ...I.&#10;..II. | ...I.&#10;...I. | .....&#10;&#10;step=14, rand=0, actions=&lt;Down&gt;&#10;Want  | Got ✗&#10;-------------&#10;..... | .....&#10;..... | .....&#10;..... | .....&#10;..... | .....&#10;..... | .....&#10;..II. | ...I.&#10;..II. | ...I.&#10;..II. | ...I.&#10;..II. | ...I.&#10;&#10;step=15, rand=3, actions=&lt;Down&gt;&#10;Want  | Got ✗&#10;-------------&#10;..OO. | ...OO&#10;..OO. | ...OO&#10;..... | .....&#10;..... | .....&#10;..... | .....&#10;..II. | .....&#10;..II. | .....&#10;..II. | .....&#10;..II. | .....&#10;&#10;step=16, rand=3, actions=&lt;Left&gt;&#10;Want  | Got ✗&#10;-------------&#10;.OO.. | ..OO.&#10;.OO.. | ..OO.&#10;..... | .....&#10;..... | .....&#10;..... | .....&#10;..II. | .....&#10;..II. | .....&#10;..II. | .....&#10;..II. | .....&#10;&#10;step=17, rand=3, actions=&lt;Left&gt;&#10;Want  | Got ✗&#10;-------------&#10;OO... | .OO..&#10;OO... | .OO..&#10;..... | .....&#10;..... | .....&#10;..... | .....&#10;..II. | .....&#10;..II. | .....&#10;..II. | .....&#10;..II. | .....&#10;&#10;step=18, rand=3, actions=&lt;Down&gt;&#10;Want  | Got ✗&#10;-------------&#10;..... | .....&#10;OO... | .OO..&#10;OO... | .OO..&#10;..... | .....&#10;..... | .....&#10;..II. | .....&#10;..II. | .....&#10;..II. | .....&#10;..II. | .....&#10;&#10;step=19, rand=3, actions=&lt;Down&gt;&#10;Want  | Got ✗&#10;-------------&#10;..... | .....&#10;..... | .....&#10;OO... | .OO..&#10;OO... | .OO..&#10;..... | .....&#10;..II. | .....&#10;..II. | .....&#10;..II. | .....&#10;..II. | .....&#10;&#10;step=20, rand=3, actions=&lt;Down&gt;&#10;Want  | Got ✗&#10;-------------&#10;..... | .....&#10;..... | .....&#10;..... | .....&#10;OO... | .OO..&#10;OO... | .OO..&#10;..II. | .....&#10;..II. | .....&#10;..II. | .....&#10;..II. | .....&#10;&#10;step=21, rand=3, actions=&lt;Down&gt;&#10;Want  | Got ✗&#10;-------------&#10;..... | .....&#10;..... | .....&#10;..... | .....&#10;..... | .....&#10;OO... | .OO..&#10;OOII. | .OO..&#10;..II. | .....&#10;..II. | .....&#10;..II. | .....&#10;&#10;step=22, rand=3, actions=&lt;Down&gt;&#10;Want  | Got ✗&#10;-------------&#10;..... | .....&#10;..... | .....&#10;..... | .....&#10;..... | .....&#10;..... | .....&#10;OOII. | .OO..&#10;OOII. | .OO..&#10;..II. | .....&#10;..II. | .....&#10;&#10;step=23, rand=3, actions=&lt;Down&gt;&#10;Want  | Got ✗&#10;-------------&#10;..... | .....&#10;..... | .....&#10;..... | .....&#10;..... | .....&#10;..... | .....&#10;..II. | .....&#10;OOII. | .OO..&#10;OOII. | .OO..&#10;..II. | .....&#10;&#10;step=24, rand=3, actions=&lt;Down&gt;&#10;Want  | Got ✗&#10;-------------&#10;..... | .....&#10;..... | .....&#10;..... | .....&#10;..... | .....&#10;..... | .....&#10;..II. | .....&#10;..II. | .....&#10;OOII. | .OO..&#10;OOII. | .OO..&#10;&#10;step=25, rand=0, actions=&lt;Down&gt;&#10;Want  | Got ✗&#10;-------------&#10;..... | .....&#10;.IIII | ..III&#10;..... | .....&#10;..... | .....&#10;..... | .....&#10;..II. | .....&#10;..II. | .....&#10;OOII. | .....&#10;OOII. | .....&#10;&#10;step=26, rand=0, actions=&lt;RotateRight&gt;&#10;Want  | Got ✗&#10;-------------&#10;...I. | ....I&#10;...I. | ....I&#10;...I. | ....I&#10;...I. | ....I&#10;..... | .....&#10;..II. | .....&#10;..II. | .....&#10;OOII. | .....&#10;OOII. | .....&#10;&#10;step=27, rand=0, actions=&lt;Left&gt;&#10;Want  | Got ✗&#10;-------------&#10;..I.. | ...I.&#10;..I.. | ...I.&#10;..I.. | ...I.&#10;..I.. | ...I.&#10;..... | .....&#10;..II. | .....&#10;..II. | .....&#10;OOII. | .....&#10;OOII. | .....&#10;&#10;step=28, rand=0, actions=&lt;Left&gt;&#10;Want  | Got ✗&#10;-------------&#10;.I... | ..I..&#10;.I... | ..I..&#10;.I... | ..I..&#10;.I... | ..I..&#10;..... | .....&#10;..II. | .....&#10;..II. | .....&#10;OOII. | .....&#10;OOII. | .....&#10;&#10;step=29, rand=0, actions=&lt;Left&gt;&#10;Want  | Got ✗&#10;-------------&#10;I.... | .I...&#10;I.... | .I...&#10;I.... | .I...&#10;I.... | .I...&#10;..... | .....&#10;..II. | .....&#10;..II. | .....&#10;OOII. | .....&#10;OOII. | .....&#10;&#10;step=30, rand=0, actions=&lt;Down&gt;&#10;Want  | Got ✗&#10;-------------&#10;..... | .....&#10;I.... | .I...&#10;I.... | .I...&#10;I.... | .I...&#10;I.... | .I...&#10;..II. | .....&#10;..II. | .....&#10;OOII. | .....&#10;OOII. | .....&#10;&#10;step=31, rand=0, actions=&lt;Down&gt;&#10;Want  | Got ✗&#10;-------------&#10;..... | .....&#10;..... | .....&#10;I.... | .I...&#10;I.... | .I...&#10;I.... | .I...&#10;I.II. | .I...&#10;..II. | .....&#10;OOII. | .....&#10;OOII. | .....&#10;&#10;step=32, rand=0, actions=&lt;Down&gt;&#10;Want  | Got ✗&#10;-------------&#10;..... | .....&#10;..... | .....&#10;..... | .....&#10;I.... | .I...&#10;I.... | .I...&#10;I.II. | .I...&#10;I.II. | .I...&#10;OOII. | .....&#10;OOII. | .....&#10;&#10;step=33, rand=1, actions=&lt;Down&gt;&#10;Want  | Got ✗&#10;-------------&#10;.J... | .....&#10;.JJJ. | .....&#10;..... | .....&#10;I.... | .....&#10;I.... | .I...&#10;I.II. | .I...&#10;I.II. | .I...&#10;OOII. | .I...&#10;OOII. | .....&#10;&#10;step=34, rand=1, actions=&lt;RotateRight&gt;&#10;Want  | Got ✗&#10;-------------&#10;..JJ. | .....&#10;..J.. | .....&#10;..J.. | .....&#10;I.... | .....&#10;I.... | .....&#10;I.II. | .....&#10;I.II. | III..&#10;OOII. | .....&#10;OOII. | .....&#10;&#10;step=35, rand=1, actions=&lt;Left&gt;&#10;Want  | Got ✗&#10;-------------&#10;.JJ.. | .....&#10;.J... | .....&#10;.J... | .....&#10;I.... | .....&#10;I.... | .....&#10;I.II. | .....&#10;I.II. | III..&#10;OOII. | .....&#10;OOII. | .....&#10;&#10;step=36, rand=1, actions=&lt;Down&gt;&#10;Want  | Got ✗&#10;-------------&#10;..... | .....&#10;.JJ.. | .....&#10;.J... | .....&#10;IJ... | .....&#10;I.... | .....&#10;I.II. | .....&#10;I.II. | .....&#10;OOII. | III..&#10;OOII. | .....&#10;&#10;step=37, rand=1, actions=&lt;Down&gt;&#10;Want  | Got ✗&#10;-------------&#10;..... | .....&#10;..... | .....&#10;.JJ.. | .....&#10;IJ... | .....&#10;IJ... | .....&#10;I.II. | .....&#10;I.II. | .....&#10;OOII. | .....&#10;OOII. | III..&#10;&#10;step=38, rand=1, actions=&lt;Down&gt;&#10;Want  | Got ✗&#10;-------------&#10;..... | ..J..&#10;..... | ..JJJ&#10;..... | .....&#10;IJJ.. | .....&#10;IJ... | .....&#10;IJII. | .....&#10;I.II. | .....&#10;OOII. | .....&#10;OOII. | .....&#10;&#10;step=39, rand=1, actions=&lt;Down&gt;&#10;Want  | Got ✗&#10;-------------&#10;..... | .....&#10;..... | ..J..&#10;..... | ..JJJ&#10;I.... | .....&#10;IJJ.. | .....&#10;IJII. | .....&#10;IJII. | .....&#10;OOII. | .....&#10;OOII. | .....&#10;&#10;step=40, rand=4, actions=&lt;Down&gt;&#10;Want  | Got ✗&#10;-------------&#10;..SS. | .....&#10;.SS.. | .....&#10;..... | ..J..&#10;I.... | ..JJJ&#10;IJJ.. | .....&#10;IJII. | .....&#10;IJII. | .....&#10;OOII. | .....&#10;OOII. | .....&#10;&#10;step=41, rand=4, actions=&lt;RotateRight&gt;&#10;Want  | Got ✗&#10;-------------&#10;..S.. | .....&#10;..SS. | .....&#10;...S. | ...JJ&#10;I.... | ...J.&#10;IJJ.. | ...J.&#10;IJII. | .....&#10;IJII. | .....&#10;OOII. | .....&#10;OOII. | .....&#10;&#10;step=42, rand=4, actions=&lt;Right&gt;&#10;Want  | Got ✗&#10;-------------&#10;...S. | .....&#10;...SS | .....&#10;....S | ...JJ&#10;I.... | ...J.&#10;IJJ.. | ...J.&#10;IJII. | .....&#10;IJII. | .....&#10;OOII. | .....&#10;OOII. | .....&#10;&#10;step=43, rand=4, actions=&lt;Down&gt;&#10;Want  | Got ✗&#10;-------------&#10;..... | .....&#10;...S. | .....&#10;...SS | .....&#10;I...S | ...JJ&#10;IJJ.. | ...J.&#10;IJII. | ...J.&#10;IJII. | .....&#10;OOII. | .....&#10;OOII. | .....&#10;&#10;step=44, rand=4, actions=&lt;Down&gt;&#10;Want  | Got ✗&#10;-------------&#10;..... | .....&#10;..... | .....&#10;...S. | .....&#10;I..SS | .....&#10;IJJ.S | ...JJ&#10;IJII. | ...J.&#10;IJII. | ...J.&#10;OOII. | .....&#10;OOII. | .....&#10;&#10;step=45, rand=4, actions=&lt;Down&gt;&#10;Want  | Got ✗&#10;-------------&#10;..... | .....&#10;..... | .....&#10;..... | .....&#10;I..S. | .....&#10;IJJSS | .....&#10;IJIIS | ...JJ&#10;IJII. | ...J.&#10;OOII. | ...J.&#10;OOII. | .....&#10;&#10;step=46, rand=2, actions=&lt;Down&gt;&#10;Want  | Got ✗&#10;-------------&#10;...L. | .....&#10;.LLL. | .....&#10;..... | .....&#10;..... | .....&#10;..... | .....&#10;I..S. | .....&#10;IJII. | ...JJ&#10;OOII. | ...J.&#10;OOII. | ...J.&#10;&#10;step=47, rand=2, actions=&lt;RotateRight&gt;&#10;Want  | Got ✗&#10;-------------&#10;..L.. | .....&#10;..L.. | .....&#10;..LL. | .....&#10;..... | .....&#10;..... | .....&#10;I..S. | .....&#10;IJII. | .....&#10;OOII. | ..JJJ&#10;OOII. | ....J&#10;&#10;step=48, rand=2, actions=&lt;Left&gt;&#10;Want  | Got ✗&#10;-------------&#10;.L... | .....&#10;.L... | .....&#10;.LL.. | .....&#10;..... | .....&#10;..... | .....&#10;I..S. | .....&#10;IJII. | .....&#10;OOII. | .JJJ.&#10;OOII. | ...J.&#10;&#10;step=49, rand=2, actions=&lt;Down&gt;&#10;Want  | Got ✗&#10;-------------&#10;..... | ....L&#10;.L... | ..LLL&#10;.L... | .....&#10;.LL.. | .....&#10;..... | .....&#10;I..S. | .....&#10;IJII. | .....&#10;OOII. | .....&#10;OOII. | .....&#10;&#10;step=50, rand=2, actions=&lt;Down&gt;&#10;Want  | Got ✗&#10;-------------&#10;..... | .....&#10;..... | ....L&#10;.L... | ..LLL&#10;.L... | .....&#10;.LL.. | .....&#10;I..S. | .....&#10;IJII. | .....&#10;OOII. | .....&#10;OOII. | .....&#10;&#10;step=51, rand=2, actions=&lt;Down&gt;&#10;Want  | Got ✗&#10;-------------&#10;..... | .....&#10;..... | .....&#10;..... | ....L&#10;.L... | ..LLL&#10;.L... | .....&#10;ILLS. | .....&#10;IJII. | .....&#10;OOII. | .....&#10;OOII. | .....&#10;&#10;step=52, rand=1, actions=&lt;Down&gt;&#10;Want  | Got ✗&#10;-------------&#10;.J... | .....&#10;.JJJ. | .....&#10;..... | .....&#10;.L... | ....L&#10;.L... | ..LLL&#10;ILLS. | .....&#10;IJII. | .....&#10;OOII. | .....&#10;OOII. | .....&#10;&#10;step=53, rand=1, actions=&lt;RotateRight&gt;&#10;Want  | Got ✗&#10;-------------&#10;..JJ. | .....&#10;..J.. | .....&#10;..J.. | .....&#10;.L... | ...L.&#10;.L... | ...L.&#10;ILLS. | ...LL&#10;IJII. | .....&#10;OOII. | .....&#10;OOII. | .....&#10;&#10;step=54, rand=1, actions=&lt;Left&gt;&#10;Want  | Got ✗&#10;-------------&#10;.JJ.. | .....&#10;.J... | .....&#10;.J... | .....&#10;.L... | ..L..&#10;.L... | ..L..&#10;ILLS. | ..LL.&#10;IJII. | .....&#10;OOII. | .....&#10;OOII. | .....&#10;&#10;step=55, rand=1, actions=&lt;Left&gt;&#10;Want  | Got ✗&#10;-------------&#10;JJ... | .....&#10;J.... | .....&#10;J.... | .....&#10;.L... | .L...&#10;.L... | .L...&#10;ILLS. | .LL..&#10;IJII. | .....&#10;OOII. | .....&#10;OOII. | .....&#10;&#10;step=56, rand=1, actions=&lt;Down&gt;&#10;Want  | Got ✗&#10;-------------&#10;..... | .....&#10;JJ... | .....&#10;J.... | .....&#10;JL... | .....&#10;.L... | .L...&#10;ILLS. | .L...&#10;IJII. | .LL..&#10;OOII. | .....&#10;OOII. | .....&#10;&#10;step=57, rand=1, actions=&lt;Down&gt;&#10;Want  | Got ✗&#10;-------------&#10;..... | .....&#10;..... | .....&#10;JJ... | .....&#10;JL... | .....&#10;JL... | .....&#10;ILLS. | .L...&#10;IJII. | .L...&#10;OOII. | .LL..&#10;OOII. | .....&#10;&#10;step=58, rand=4, actions=&lt;Down&gt;&#10;Want  | Got ✗&#10;-------------&#10;..SS. | .....&#10;.SS.. | .....&#10;JJ... | .....&#10;JL... | .....&#10;JL... | .....&#10;ILLS. | .....&#10;IJII. | .L...&#10;OOII. | .L...&#10;OOII. | .LL..&#10;&#10;step=59, rand=4, actions=&lt;Right&gt;&#10;Want  | Got ✗&#10;-------------&#10;...SS | .....&#10;..SS. | .....&#10;JJ... | .....&#10;JL... | .....&#10;JL... | .....&#10;ILLS. | .....&#10;IJII. | ..L..&#10;OOII. | ..L..&#10;OOII. | ..LL.&#10;&#10;step=60, rand=4, actions=&lt;RotateRight&gt;&#10;Want  | Got ✗&#10;-------------&#10;...S. | .....&#10;...SS | .....&#10;JJ..S | .....&#10;JL... | .....&#10;JL... | .....&#10;ILLS. | .....&#10;IJII. | .....&#10;OOII. | .LLL.&#10;OOII. | .L...&#10;&#10;step=61, rand=4, actions=&lt;Right&gt;&#10;Want  | Got ✗&#10;-------------&#10;...S. | .....&#10;...SS | .....&#10;JJ..S | .....&#10;JL... | .....&#10;JL... | .....&#10;ILLS. | .....&#10;IJII. | .....&#10;OOII. | ..LLL&#10;OOII. | ..L..&#10;&#10;step=62, rand=4, actions=&lt;Down&gt;&#10;Want  | Got ✗&#10;-------------&#10;..... | ...SS&#10;...S. | ..SS.&#10;JJ.SS | .....&#10;JL..S | .....&#10;JL... | .....&#10;ILLS. | .....&#10;IJII. | .....&#10;OOII. | .....&#10;OOII. | .....&#10;&#10;step=63, rand=4, actions=&lt;Down&gt;&#10;Want  | Got ✗&#10;-------------&#10;..... | .....&#10;..... | ...SS&#10;JJ.S. | ..SS.&#10;JL.SS | .....&#10;JL..S | .....&#10;ILLS. | .....&#10;IJII. | .....&#10;OOII. | .....&#10;OOII. | .....&#10;&#10;step=64, rand=4, actions=&lt;Down&gt;&#10;Want  | Got ✗&#10;-------------&#10;..... | .....&#10;..... | .....&#10;JJ... | ...SS&#10;JL.S. | ..SS.&#10;JL.SS | .....&#10;ILLSS | .....&#10;IJII. | .....&#10;OOII. | .....&#10;OOII. | .....&#10;&#10;step=65, rand=6, actions=&lt;Down&gt;&#10;Want  | Got ✗&#10;-------------&#10;.ZZ.. | .....&#10;..ZZ. | .....&#10;..... | .....&#10;JJ... | ...SS&#10;JL.S. | ..SS.&#10;JL.SS | .....&#10;IJII. | .....&#10;OOII. | .....&#10;OOII. | .....&#10;&#10;step=66, rand=6, actions=&lt;Right&gt;&#10;Want  | Got ✗&#10;-------------&#10;..ZZ. | .....&#10;...ZZ | .....&#10;..... | .....&#10;JJ... | ...SS&#10;JL.S. | ..SS.&#10;JL.SS | .....&#10;IJII. | .....&#10;OOII. | .....&#10;OOII. | .....&#10;&#10;step=67, rand=6, actions=&lt;RotateRight&gt;&#10;Want  | Got ✗&#10;-------------&#10;....Z | .....&#10;...ZZ | .....&#10;...Z. | .....&#10;JJ... | ...S.&#10;JL.S. | ...SS&#10;JL.SS | ....S&#10;IJII. | .....&#10;OOII. | .....&#10;OOII. | .....&#10;&#10;step=68, rand=6, actions=&lt;Left&gt;&#10;Want  | Got ✗&#10;-------------&#10;...Z. | .....&#10;..ZZ. | .....&#10;..Z.. | .....&#10;JJ... | ..S..&#10;JL.S. | ..SS.&#10;JL.SS | ...S.&#10;IJII. | .....&#10;OOII. | .....&#10;OOII. | .....&#10;&#10;step=69, rand=6, actions=&lt;Down&gt;&#10;Want  | Got ✗&#10;-------------&#10;..... | .....&#10;...Z. | .....&#10;..ZZ. | .....&#10;JJZ.. | .....&#10;JL.S. | ..S..&#10;JL.SS | ..SS.&#10;IJII. | ...S.&#10;OOII. | .....&#10;OOII. | .....&#10;&#10;step=70, rand=6, actions=&lt;Down&gt;&#10;Want  | Got ✗&#10;-------------&#10;..... | .....&#10;..... | .....&#10;...Z. | .....&#10;JJZZ. | .....&#10;JLZS. | .....&#10;JL.SS | ..S..&#10;IJII. | ..SS.&#10;OOII. | ...S.&#10;OOII. | .....&#10;&#10;step=71, rand=3, actions=&lt;Down&gt;&#10;Want  | Got ✗&#10;-------------&#10;..OO. | .....&#10;..OO. | .....&#10;...Z. | .....&#10;JJZZ. | .....&#10;JLZS. | .....&#10;JL.SS | .....&#10;IJII. | ..S..&#10;OOII. | ..SS.&#10;OOII. | ...S.&#10;&#10;step=72, rand=3, actions=&lt;Left&gt;&#10;Want  | Got ✗&#10;-------------&#10;.OO.. | .....&#10;.OO.. | .....&#10;...Z. | .....&#10;JJZZ. | .....&#10;JLZS. | .....&#10;JL.SS | .....&#10;IJII. | .S...&#10;OOII. | .SS..&#10;OOII. | ..S..&#10;&#10;step=73, rand=3, actions=&lt;Down&gt;&#10;Want  | Got ✗&#10;-------------&#10;..... | ...OO&#10;.OO.. | ...OO&#10;.OOZ. | .....&#10;JJZZ. | .....&#10;JLZS. | .....&#10;JL.SS | .....&#10;IJII. | .....&#10;OOII. | .....&#10;OOII. | .....&#10;&#10;step=74, rand=1, actions=&lt;Down&gt;&#10;Want              | Got ✗&#10;-------------------------&#10;GameOverDisplay() | .....&#10;                  | ...OO&#10;                  | ...OO&#10;                  | .....&#10;                  | .....&#10;                  | .....&#10;                  | .....&#10;                  | .....&#10;                  | .....&#10;&#10;" type="org.scalatest.exceptions.TestFailedException">org.scalatest.exceptions.TestFailedException: didPass was false
--------------------------------------------------------------------------------
This is what went wrong:

step=0, rand=0, actions=&lt;&gt;
Want  | Got ✓
-------------
..... | .....
.IIII | .IIII
..... | .....
..... | .....
..... | .....
..... | .....
..... | .....
..... | .....
..... | .....

step=1, rand=0, actions=&lt;RotateRight&gt;
Want  | Got ✓
-------------
...I. | ...I.
...I. | ...I.
...I. | ...I.
...I. | ...I.
..... | .....
..... | .....
..... | .....
..... | .....
..... | .....

step=2, rand=0, actions=&lt;Down&gt;
Want  | Got ✓
-------------
..... | .....
...I. | ...I.
...I. | ...I.
...I. | ...I.
...I. | ...I.
..... | .....
..... | .....
..... | .....
..... | .....

step=3, rand=0, actions=&lt;Down&gt;
Want  | Got ✓
-------------
..... | .....
..... | .....
...I. | ...I.
...I. | ...I.
...I. | ...I.
...I. | ...I.
..... | .....
..... | .....
..... | .....

step=4, rand=0, actions=&lt;Down&gt;
Want  | Got ✓
-------------
..... | .....
..... | .....
..... | .....
...I. | ...I.
...I. | ...I.
...I. | ...I.
...I. | ...I.
..... | .....
..... | .....

step=5, rand=0, actions=&lt;Down&gt;
Want  | Got ✓
-------------
..... | .....
..... | .....
..... | .....
..... | .....
...I. | ...I.
...I. | ...I.
...I. | ...I.
...I. | ...I.
..... | .....

step=6, rand=0, actions=&lt;Down&gt;
Want  | Got ✓
-------------
..... | .....
..... | .....
..... | .....
..... | .....
..... | .....
...I. | ...I.
...I. | ...I.
...I. | ...I.
...I. | ...I.

step=7, rand=0, actions=&lt;Down&gt;
Want  | Got ✗
-------------
..... | .....
.IIII | ..III
..... | .....
..... | .....
..... | .....
...I. | .....
...I. | .....
...I. | .....
...I. | .....

step=8, rand=0, actions=&lt;RotateRight&gt;
Want  | Got ✗
-------------
...I. | ....I
...I. | ....I
...I. | ....I
...I. | ....I
..... | .....
...I. | .....
...I. | .....
...I. | .....
...I. | .....

step=9, rand=0, actions=&lt;Left&gt;
Want  | Got ✗
-------------
..I.. | ...I.
..I.. | ...I.
..I.. | ...I.
..I.. | ...I.
..... | .....
...I. | .....
...I. | .....
...I. | .....
...I. | .....

step=10, rand=0, actions=&lt;Down&gt;
Want  | Got ✗
-------------
..... | .....
..I.. | ...I.
..I.. | ...I.
..I.. | ...I.
..I.. | ...I.
...I. | .....
...I. | .....
...I. | .....
...I. | .....

step=11, rand=0, actions=&lt;Down&gt;
Want  | Got ✗
-------------
..... | .....
..... | .....
..I.. | ...I.
..I.. | ...I.
..I.. | ...I.
..II. | ...I.
...I. | .....
...I. | .....
...I. | .....

step=12, rand=0, actions=&lt;Down&gt;
Want  | Got ✗
-------------
..... | .....
..... | .....
..... | .....
..I.. | ...I.
..I.. | ...I.
..II. | ...I.
..II. | ...I.
...I. | .....
...I. | .....

step=13, rand=0, actions=&lt;Down&gt;
Want  | Got ✗
-------------
..... | .....
..... | .....
..... | .....
..... | .....
..I.. | ...I.
..II. | ...I.
..II. | ...I.
..II. | ...I.
...I. | .....

step=14, rand=0, actions=&lt;Down&gt;
Want  | Got ✗
-------------
..... | .....
..... | .....
..... | .....
..... | .....
..... | .....
..II. | ...I.
..II. | ...I.
..II. | ...I.
..II. | ...I.

step=15, rand=3, actions=&lt;Down&gt;
Want  | Got ✗
-------------
..OO. | ...OO
..OO. | ...OO
..... | .....
..... | .....
..... | .....
..II. | .....
..II. | .....
..II. | .....
..II. | .....

step=16, rand=3, actions=&lt;Left&gt;
Want  | Got ✗
-------------
.OO.. | ..OO.
.OO.. | ..OO.
..... | .....
..... | .....
..... | .....
..II. | .....
..II. | .....
..II. | .....
..II. | .....

step=17, rand=3, actions=&lt;Left&gt;
Want  | Got ✗
-------------
OO... | .OO..
OO... | .OO..
..... | .....
..... | .....
..... | .....
..II. | .....
..II. | .....
..II. | .....
..II. | .....

step=18, rand=3, actions=&lt;Down&gt;
Want  | Got ✗
-------------
..... | .....
OO... | .OO..
OO... | .OO..
..... | .....
..... | .....
..II. | .....
..II. | .....
..II. | .....
..II. | .....

step=19, rand=3, actions=&lt;Down&gt;
Want  | Got ✗
-------------
..... | .....
..... | .....
OO... | .OO..
OO... | .OO..
..... | .....
..II. | .....
..II. | .....
..II. | .....
..II. | .....

step=20, rand=3, actions=&lt;Down&gt;
Want  | Got ✗
-------------
..... | .....
..... | .....
..... | .....
OO... | .OO..
OO... | .OO..
..II. | .....
..II. | .....
..II. | .....
..II. | .....

step=21, rand=3, actions=&lt;Down&gt;
Want  | Got ✗
-------------
..... | .....
..... | .....
..... | .....
..... | .....
OO... | .OO..
OOII. | .OO..
..II. | .....
..II. | .....
..II. | .....

step=22, rand=3, actions=&lt;Down&gt;
Want  | Got ✗
-------------
..... | .....
..... | .....
..... | .....
..... | .....
..... | .....
OOII. | .OO..
OOII. | .OO..
..II. | .....
..II. | .....

step=23, rand=3, actions=&lt;Down&gt;
Want  | Got ✗
-------------
..... | .....
..... | .....
..... | .....
..... | .....
..... | .....
..II. | .....
OOII. | .OO..
OOII. | .OO..
..II. | .....

step=24, rand=3, actions=&lt;Down&gt;
Want  | Got ✗
-------------
..... | .....
..... | .....
..... | .....
..... | .....
..... | .....
..II. | .....
..II. | .....
OOII. | .OO..
OOII. | .OO..

step=25, rand=0, actions=&lt;Down&gt;
Want  | Got ✗
-------------
..... | .....
.IIII | ..III
..... | .....
..... | .....
..... | .....
..II. | .....
..II. | .....
OOII. | .....
OOII. | .....

step=26, rand=0, actions=&lt;RotateRight&gt;
Want  | Got ✗
-------------
...I. | ....I
...I. | ....I
...I. | ....I
...I. | ....I
..... | .....
..II. | .....
..II. | .....
OOII. | .....
OOII. | .....

step=27, rand=0, actions=&lt;Left&gt;
Want  | Got ✗
-------------
..I.. | ...I.
..I.. | ...I.
..I.. | ...I.
..I.. | ...I.
..... | .....
..II. | .....
..II. | .....
OOII. | .....
OOII. | .....

step=28, rand=0, actions=&lt;Left&gt;
Want  | Got ✗
-------------
.I... | ..I..
.I... | ..I..
.I... | ..I..
.I... | ..I..
..... | .....
..II. | .....
..II. | .....
OOII. | .....
OOII. | .....

step=29, rand=0, actions=&lt;Left&gt;
Want  | Got ✗
-------------
I.... | .I...
I.... | .I...
I.... | .I...
I.... | .I...
..... | .....
..II. | .....
..II. | .....
OOII. | .....
OOII. | .....

step=30, rand=0, actions=&lt;Down&gt;
Want  | Got ✗
-------------
..... | .....
I.... | .I...
I.... | .I...
I.... | .I...
I.... | .I...
..II. | .....
..II. | .....
OOII. | .....
OOII. | .....

step=31, rand=0, actions=&lt;Down&gt;
Want  | Got ✗
-------------
..... | .....
..... | .....
I.... | .I...
I.... | .I...
I.... | .I...
I.II. | .I...
..II. | .....
OOII. | .....
OOII. | .....

step=32, rand=0, actions=&lt;Down&gt;
Want  | Got ✗
-------------
..... | .....
..... | .....
..... | .....
I.... | .I...
I.... | .I...
I.II. | .I...
I.II. | .I...
OOII. | .....
OOII. | .....

step=33, rand=1, actions=&lt;Down&gt;
Want  | Got ✗
-------------
.J... | .....
.JJJ. | .....
..... | .....
I.... | .....
I.... | .I...
I.II. | .I...
I.II. | .I...
OOII. | .I...
OOII. | .....

step=34, rand=1, actions=&lt;RotateRight&gt;
Want  | Got ✗
-------------
..JJ. | .....
..J.. | .....
..J.. | .....
I.... | .....
I.... | .....
I.II. | .....
I.II. | III..
OOII. | .....
OOII. | .....

step=35, rand=1, actions=&lt;Left&gt;
Want  | Got ✗
-------------
.JJ.. | .....
.J... | .....
.J... | .....
I.... | .....
I.... | .....
I.II. | .....
I.II. | III..
OOII. | .....
OOII. | .....

step=36, rand=1, actions=&lt;Down&gt;
Want  | Got ✗
-------------
..... | .....
.JJ.. | .....
.J... | .....
IJ... | .....
I.... | .....
I.II. | .....
I.II. | .....
OOII. | III..
OOII. | .....

step=37, rand=1, actions=&lt;Down&gt;
Want  | Got ✗
-------------
..... | .....
..... | .....
.JJ.. | .....
IJ... | .....
IJ... | .....
I.II. | .....
I.II. | .....
OOII. | .....
OOII. | III..

step=38, rand=1, actions=&lt;Down&gt;
Want  | Got ✗
-------------
..... | ..J..
..... | ..JJJ
..... | .....
IJJ.. | .....
IJ... | .....
IJII. | .....
I.II. | .....
OOII. | .....
OOII. | .....

step=39, rand=1, actions=&lt;Down&gt;
Want  | Got ✗
-------------
..... | .....
..... | ..J..
..... | ..JJJ
I.... | .....
IJJ.. | .....
IJII. | .....
IJII. | .....
OOII. | .....
OOII. | .....

step=40, rand=4, actions=&lt;Down&gt;
Want  | Got ✗
-------------
..SS. | .....
.SS.. | .....
..... | ..J..
I.... | ..JJJ
IJJ.. | .....
IJII. | .....
IJII. | .....
OOII. | .....
OOII. | .....

step=41, rand=4, actions=&lt;RotateRight&gt;
Want  | Got ✗
-------------
..S.. | .....
..SS. | .....
...S. | ...JJ
I.... | ...J.
IJJ.. | ...J.
IJII. | .....
IJII. | .....
OOII. | .....
OOII. | .....

step=42, rand=4, actions=&lt;Right&gt;
Want  | Got ✗
-------------
...S. | .....
...SS | .....
....S | ...JJ
I.... | ...J.
IJJ.. | ...J.
IJII. | .....
IJII. | .....
OOII. | .....
OOII. | .....

step=43, rand=4, actions=&lt;Down&gt;
Want  | Got ✗
-------------
..... | .....
...S. | .....
...SS | .....
I...S | ...JJ
IJJ.. | ...J.
IJII. | ...J.
IJII. | .....
OOII. | .....
OOII. | .....

step=44, rand=4, actions=&lt;Down&gt;
Want  | Got ✗
-------------
..... | .....
..... | .....
...S. | .....
I..SS | .....
IJJ.S | ...JJ
IJII. | ...J.
IJII. | ...J.
OOII. | .....
OOII. | .....

step=45, rand=4, actions=&lt;Down&gt;
Want  | Got ✗
-------------
..... | .....
..... | .....
..... | .....
I..S. | .....
IJJSS | .....
IJIIS | ...JJ
IJII. | ...J.
OOII. | ...J.
OOII. | .....

step=46, rand=2, actions=&lt;Down&gt;
Want  | Got ✗
-------------
...L. | .....
.LLL. | .....
..... | .....
..... | .....
..... | .....
I..S. | .....
IJII. | ...JJ
OOII. | ...J.
OOII. | ...J.

step=47, rand=2, actions=&lt;RotateRight&gt;
Want  | Got ✗
-------------
..L.. | .....
..L.. | .....
..LL. | .....
..... | .....
..... | .....
I..S. | .....
IJII. | .....
OOII. | ..JJJ
OOII. | ....J

step=48, rand=2, actions=&lt;Left&gt;
Want  | Got ✗
-------------
.L... | .....
.L... | .....
.LL.. | .....
..... | .....
..... | .....
I..S. | .....
IJII. | .....
OOII. | .JJJ.
OOII. | ...J.

step=49, rand=2, actions=&lt;Down&gt;
Want  | Got ✗
-------------
..... | ....L
.L... | ..LLL
.L... | .....
.LL.. | .....
..... | .....
I..S. | .....
IJII. | .....
OOII. | .....
OOII. | .....

step=50, rand=2, actions=&lt;Down&gt;
Want  | Got ✗
-------------
..... | .....
..... | ....L
.L... | ..LLL
.L... | .....
.LL.. | .....
I..S. | .....
IJII. | .....
OOII. | .....
OOII. | .....

step=51, rand=2, actions=&lt;Down&gt;
Want  | Got ✗
-------------
..... | .....
..... | .....
..... | ....L
.L... | ..LLL
.L... | .....
ILLS. | .....
IJII. | .....
OOII. | .....
OOII. | .....

step=52, rand=1, actions=&lt;Down&gt;
Want  | Got ✗
-------------
.J... | .....
.JJJ. | .....
..... | .....
.L... | ....L
.L... | ..LLL
ILLS. | .....
IJII. | .....
OOII. | .....
OOII. | .....

step=53, rand=1, actions=&lt;RotateRight&gt;
Want  | Got ✗
-------------
..JJ. | .....
..J.. | .....
..J.. | .....
.L... | ...L.
.L... | ...L.
ILLS. | ...LL
IJII. | .....
OOII. | .....
OOII. | .....

step=54, rand=1, actions=&lt;Left&gt;
Want  | Got ✗
-------------
.JJ.. | .....
.J... | .....
.J... | .....
.L... | ..L..
.L... | ..L..
ILLS. | ..LL.
IJII. | .....
OOII. | .....
OOII. | .....

step=55, rand=1, actions=&lt;Left&gt;
Want  | Got ✗
-------------
JJ... | .....
J.... | .....
J.... | .....
.L... | .L...
.L... | .L...
ILLS. | .LL..
IJII. | .....
OOII. | .....
OOII. | .....

step=56, rand=1, actions=&lt;Down&gt;
Want  | Got ✗
-------------
..... | .....
JJ... | .....
J.... | .....
JL... | .....
.L... | .L...
ILLS. | .L...
IJII. | .LL..
OOII. | .....
OOII. | .....

step=57, rand=1, actions=&lt;Down&gt;
Want  | Got ✗
-------------
..... | .....
..... | .....
JJ... | .....
JL... | .....
JL... | .....
ILLS. | .L...
IJII. | .L...
OOII. | .LL..
OOII. | .....

step=58, rand=4, actions=&lt;Down&gt;
Want  | Got ✗
-------------
..SS. | .....
.SS.. | .....
JJ... | .....
JL... | .....
JL... | .....
ILLS. | .....
IJII. | .L...
OOII. | .L...
OOII. | .LL..

step=59, rand=4, actions=&lt;Right&gt;
Want  | Got ✗
-------------
...SS | .....
..SS. | .....
JJ... | .....
JL... | .....
JL... | .....
ILLS. | .....
IJII. | ..L..
OOII. | ..L..
OOII. | ..LL.

step=60, rand=4, actions=&lt;RotateRight&gt;
Want  | Got ✗
-------------
...S. | .....
...SS | .....
JJ..S | .....
JL... | .....
JL... | .....
ILLS. | .....
IJII. | .....
OOII. | .LLL.
OOII. | .L...

step=61, rand=4, actions=&lt;Right&gt;
Want  | Got ✗
-------------
...S. | .....
...SS | .....
JJ..S | .....
JL... | .....
JL... | .....
ILLS. | .....
IJII. | .....
OOII. | ..LLL
OOII. | ..L..

step=62, rand=4, actions=&lt;Down&gt;
Want  | Got ✗
-------------
..... | ...SS
...S. | ..SS.
JJ.SS | .....
JL..S | .....
JL... | .....
ILLS. | .....
IJII. | .....
OOII. | .....
OOII. | .....

step=63, rand=4, actions=&lt;Down&gt;
Want  | Got ✗
-------------
..... | .....
..... | ...SS
JJ.S. | ..SS.
JL.SS | .....
JL..S | .....
ILLS. | .....
IJII. | .....
OOII. | .....
OOII. | .....

step=64, rand=4, actions=&lt;Down&gt;
Want  | Got ✗
-------------
..... | .....
..... | .....
JJ... | ...SS
JL.S. | ..SS.
JL.SS | .....
ILLSS | .....
IJII. | .....
OOII. | .....
OOII. | .....

step=65, rand=6, actions=&lt;Down&gt;
Want  | Got ✗
-------------
.ZZ.. | .....
..ZZ. | .....
..... | .....
JJ... | ...SS
JL.S. | ..SS.
JL.SS | .....
IJII. | .....
OOII. | .....
OOII. | .....

step=66, rand=6, actions=&lt;Right&gt;
Want  | Got ✗
-------------
..ZZ. | .....
...ZZ | .....
..... | .....
JJ... | ...SS
JL.S. | ..SS.
JL.SS | .....
IJII. | .....
OOII. | .....
OOII. | .....

step=67, rand=6, actions=&lt;RotateRight&gt;
Want  | Got ✗
-------------
....Z | .....
...ZZ | .....
...Z. | .....
JJ... | ...S.
JL.S. | ...SS
JL.SS | ....S
IJII. | .....
OOII. | .....
OOII. | .....

step=68, rand=6, actions=&lt;Left&gt;
Want  | Got ✗
-------------
...Z. | .....
..ZZ. | .....
..Z.. | .....
JJ... | ..S..
JL.S. | ..SS.
JL.SS | ...S.
IJII. | .....
OOII. | .....
OOII. | .....

step=69, rand=6, actions=&lt;Down&gt;
Want  | Got ✗
-------------
..... | .....
...Z. | .....
..ZZ. | .....
JJZ.. | .....
JL.S. | ..S..
JL.SS | ..SS.
IJII. | ...S.
OOII. | .....
OOII. | .....

step=70, rand=6, actions=&lt;Down&gt;
Want  | Got ✗
-------------
..... | .....
..... | .....
...Z. | .....
JJZZ. | .....
JLZS. | .....
JL.SS | ..S..
IJII. | ..SS.
OOII. | ...S.
OOII. | .....

step=71, rand=3, actions=&lt;Down&gt;
Want  | Got ✗
-------------
..OO. | .....
..OO. | .....
...Z. | .....
JJZZ. | .....
JLZS. | .....
JL.SS | .....
IJII. | ..S..
OOII. | ..SS.
OOII. | ...S.

step=72, rand=3, actions=&lt;Left&gt;
Want  | Got ✗
-------------
.OO.. | .....
.OO.. | .....
...Z. | .....
JJZZ. | .....
JLZS. | .....
JL.SS | .....
IJII. | .S...
OOII. | .SS..
OOII. | ..S..

step=73, rand=3, actions=&lt;Down&gt;
Want  | Got ✗
-------------
..... | ...OO
.OO.. | ...OO
.OOZ. | .....
JJZZ. | .....
JLZS. | .....
JL.SS | .....
IJII. | .....
OOII. | .....
OOII. | .....

step=74, rand=1, actions=&lt;Down&gt;
Want              | Got ✗
-------------------------
GameOverDisplay() | .....
                  | ...OO
                  | ...OO
                  | .....
                  | .....
                  | .....
                  | .....
                  | .....
                  | .....


	at app//org.scalatest.Assertions.newAssertionFailedException(Assertions.scala:530)
	at app//org.scalatest.Assertions.newAssertionFailedException$(Assertions.scala:529)
	at app//org.scalatest.FunSuite.newAssertionFailedException(FunSuite.scala:1560)
	at app//org.scalatest.Assertions$AssertionsHelper.macroAssert(Assertions.scala:503)
	at app//generic.GameTestSuite.checkGame(GameTestSuite.scala:298)
	at app//tetris.TetrisTestSuiteBase.checkGame(TetrisTestSuiteBase.scala:103)
	at app//tetris.FullGameTests.$anonfun$new$1(FullGameTests.scala:5740)
	at app//scala.runtime.java8.JFunction0$mcV$sp.apply(JFunction0$mcV$sp.scala:18)
	at app//infrastructure.TestBase.$anonfun$test$1(TestBase.scala:36)
	at app//org.scalatest.OutcomeOf.outcomeOf(OutcomeOf.scala:85)
	at app//org.scalatest.OutcomeOf.outcomeOf$(OutcomeOf.scala:83)
	at app//org.scalatest.OutcomeOf$.outcomeOf(OutcomeOf.scala:104)
	at app//org.scalatest.Transformer.apply(Transformer.scala:22)
	at app//org.scalatest.Transformer.apply(Transformer.scala:20)
	at app//org.scalatest.FunSuiteLike$$anon$1.apply(FunSuiteLike.scala:186)
	at app//org.scalatest.TestSuite.withFixture(TestSuite.scala:196)
	at app//org.scalatest.TestSuite.withFixture$(TestSuite.scala:195)
	at app//infrastructure.TestBase.org$scalatest$concurrent$TimeLimitedTests$$super$withFixture(TestBase.scala:9)
	at app//org.scalatest.concurrent.TimeLimitedTests.$anonfun$withFixture$3(TimeLimitedTests.scala:154)
	at app//org.scalatest.enablers.Timed$$anon$1.timeoutAfter(Timed.scala:127)
	at app//org.scalatest.concurrent.TimeLimits.failAfterImpl(TimeLimits.scala:239)
	at app//org.scalatest.concurrent.TimeLimits.failAfterImpl$(TimeLimits.scala:233)
	at app//org.scalatest.concurrent.TimeLimits$.failAfterImpl(TimeLimits.scala:305)
	at app//org.scalatest.concurrent.TimeLimitedTests.withFixture(TimeLimitedTests.scala:153)
	at app//org.scalatest.concurrent.TimeLimitedTests.withFixture$(TimeLimitedTests.scala:150)
	at app//infrastructure.TestBase.withFixture(TestBase.scala:9)
	at app//org.scalatest.FunSuiteLike.invokeWithFixture$1(FunSuiteLike.scala:184)
	at app//org.scalatest.FunSuiteLike.$anonfun$runTest$1(FunSuiteLike.scala:196)
	at app//org.scalatest.SuperEngine.runTestImpl(Engine.scala:286)
	at app//org.scalatest.FunSuiteLike.runTest(FunSuiteLike.scala:196)
	at app//org.scalatest.FunSuiteLike.runTest$(FunSuiteLike.scala:178)
	at app//org.scalatest.FunSuite.runTest(FunSuite.scala:1560)
	at app//org.scalatest.FunSuiteLike.$anonfun$runTests$1(FunSuiteLike.scala:229)
	at app//org.scalatest.SuperEngine.$anonfun$runTestsInBranch$1(Engine.scala:393)
	at app//scala.collection.immutable.List.foreach(List.scala:333)
	at app//org.scalatest.SuperEngine.traverseSubNodes$1(Engine.scala:381)
	at app//org.scalatest.SuperEngine.runTestsInBranch(Engine.scala:376)
	at app//org.scalatest.SuperEngine.runTestsImpl(Engine.scala:458)
	at app//org.scalatest.FunSuiteLike.runTests(FunSuiteLike.scala:229)
	at app//org.scalatest.FunSuiteLike.runTests$(FunSuiteLike.scala:228)
	at app//org.scalatest.FunSuite.runTests(FunSuite.scala:1560)
	at app//org.scalatest.Suite.run(Suite.scala:1124)
	at app//org.scalatest.Suite.run$(Suite.scala:1106)
	at app//org.scalatest.FunSuite.org$scalatest$FunSuiteLike$$super$run(FunSuite.scala:1560)
	at app//org.scalatest.FunSuiteLike.$anonfun$run$1(FunSuiteLike.scala:233)
	at app//org.scalatest.SuperEngine.runImpl(Engine.scala:518)
	at app//org.scalatest.FunSuiteLike.run(FunSuiteLike.scala:233)
	at app//org.scalatest.FunSuiteLike.run$(FunSuiteLike.scala:232)
	at app//infrastructure.TestBase.run(TestBase.scala:26)
	at app//org.scalatest.Suite.callExecuteOnSuite$1(Suite.scala:1187)
	at app//org.scalatest.Suite.$anonfun$runNestedSuites$1(Suite.scala:1234)
	at app//scala.collection.ArrayOps$.foreach$extension(ArrayOps.scala:1323)
	at app//org.scalatest.Suite.runNestedSuites(Suite.scala:1232)
	at app//org.scalatest.Suite.runNestedSuites$(Suite.scala:1166)
	at app//org.scalatest.Suites.runNestedSuites(Suites.scala:56)
	at app//org.scalatest.Suite.run(Suite.scala:1121)
	at app//org.scalatest.Suite.run$(Suite.scala:1106)
	at app//tetris.TetrisTestSuitesBase.runDirect(TetrisTestSuitesBase.scala:20)
	at app//tetris.TetrisTestSuitesBase.runWithScoreCounter(TetrisTestSuitesBase.scala:14)
	at app//tetris.TetrisTestSuite3_2.run(TetrisTestSuite3_2.scala:25)
	at app//org.scalatestplus.junit.JUnitRunner.run(JUnitRunner.scala:99)
	at org.gradle.api.internal.tasks.testing.junit.JUnitTestClassExecutor.runTestClass(JUnitTestClassExecutor.java:110)
	at org.gradle.api.internal.tasks.testing.junit.JUnitTestClassExecutor.execute(JUnitTestClassExecutor.java:58)
	at org.gradle.api.internal.tasks.testing.junit.JUnitTestClassExecutor.execute(JUnitTestClassExecutor.java:38)
	at org.gradle.api.internal.tasks.testing.junit.AbstractJUnitTestClassProcessor.processTestClass(AbstractJUnitTestClassProcessor.java:62)
	at org.gradle.api.internal.tasks.testing.SuiteTestClassProcessor.processTestClass(SuiteTestClassProcessor.java:51)
	at java.base@18.0.2.1/jdk.internal.reflect.DirectMethodHandleAccessor.invoke(DirectMethodHandleAccessor.java:104)
	at java.base@18.0.2.1/java.lang.reflect.Method.invoke(Method.java:577)
	at org.gradle.internal.dispatch.ReflectionDispatch.dispatch(ReflectionDispatch.java:36)
	at org.gradle.internal.dispatch.ReflectionDispatch.dispatch(ReflectionDispatch.java:24)
	at org.gradle.internal.dispatch.ContextClassLoaderDispatch.dispatch(ContextClassLoaderDispatch.java:33)
	at org.gradle.internal.dispatch.ProxyDispatchAdapter$DispatchingInvocationHandler.invoke(ProxyDispatchAdapter.java:94)
	at jdk.proxy1/jdk.proxy1.$Proxy2.processTestClass(Unknown Source)
	at org.gradle.api.internal.tasks.testing.worker.TestWorker$2.run(TestWorker.java:176)
	at org.gradle.api.internal.tasks.testing.worker.TestWorker.executeAndMaintainThreadName(TestWorker.java:129)
	at org.gradle.api.internal.tasks.testing.worker.TestWorker.execute(TestWorker.java:100)
	at org.gradle.api.internal.tasks.testing.worker.TestWorker.execute(TestWorker.java:60)
	at org.gradle.process.internal.worker.child.ActionExecutionWorker.execute(ActionExecutionWorker.java:56)
	at org.gradle.process.internal.worker.child.SystemApplicationClassLoaderWorker.call(SystemApplicationClassLoaderWorker.java:133)
	at org.gradle.process.internal.worker.child.SystemApplicationClassLoaderWorker.call(SystemApplicationClassLoaderWorker.java:71)
	at app//worker.org.gradle.process.internal.worker.GradleWorkerMain.run(GradleWorkerMain.java:69)
	at app//worker.org.gradle.process.internal.worker.GradleWorkerMain.main(GradleWorkerMain.java:74)
</failure>
  </testcase>
  <testcase name="testGame8x11" classname="tetris.FullGameTests" time="0.185">
    <failure message="org.scalatest.exceptions.TestFailedException: didPass was false&#10;--------------------------------------------------------------------------------&#10;This is what went wrong:&#10;&#10;step=0, rand=2, actions=&lt;&gt;&#10;Want     | Got ✓   &#10;-------------------&#10;....L... | ....L...&#10;..LLL... | ..LLL...&#10;........ | ........&#10;........ | ........&#10;........ | ........&#10;........ | ........&#10;........ | ........&#10;........ | ........&#10;........ | ........&#10;........ | ........&#10;........ | ........&#10;&#10;step=1, rand=2, actions=&lt;Right&gt;&#10;Want     | Got ✓   &#10;-------------------&#10;.....L.. | .....L..&#10;...LLL.. | ...LLL..&#10;........ | ........&#10;........ | ........&#10;........ | ........&#10;........ | ........&#10;........ | ........&#10;........ | ........&#10;........ | ........&#10;........ | ........&#10;........ | ........&#10;&#10;step=2, rand=2, actions=&lt;Right&gt;&#10;Want     | Got ✓   &#10;-------------------&#10;......L. | ......L.&#10;....LLL. | ....LLL.&#10;........ | ........&#10;........ | ........&#10;........ | ........&#10;........ | ........&#10;........ | ........&#10;........ | ........&#10;........ | ........&#10;........ | ........&#10;........ | ........&#10;&#10;step=3, rand=2, actions=&lt;Down&gt;&#10;Want     | Got ✓   &#10;-------------------&#10;........ | ........&#10;......L. | ......L.&#10;....LLL. | ....LLL.&#10;........ | ........&#10;........ | ........&#10;........ | ........&#10;........ | ........&#10;........ | ........&#10;........ | ........&#10;........ | ........&#10;........ | ........&#10;&#10;step=4, rand=2, actions=&lt;Down&gt;&#10;Want     | Got ✓   &#10;-------------------&#10;........ | ........&#10;........ | ........&#10;......L. | ......L.&#10;....LLL. | ....LLL.&#10;........ | ........&#10;........ | ........&#10;........ | ........&#10;........ | ........&#10;........ | ........&#10;........ | ........&#10;........ | ........&#10;&#10;step=5, rand=2, actions=&lt;Down&gt;&#10;Want     | Got ✓   &#10;-------------------&#10;........ | ........&#10;........ | ........&#10;........ | ........&#10;......L. | ......L.&#10;....LLL. | ....LLL.&#10;........ | ........&#10;........ | ........&#10;........ | ........&#10;........ | ........&#10;........ | ........&#10;........ | ........&#10;&#10;step=6, rand=2, actions=&lt;Down&gt;&#10;Want     | Got ✓   &#10;-------------------&#10;........ | ........&#10;........ | ........&#10;........ | ........&#10;........ | ........&#10;......L. | ......L.&#10;....LLL. | ....LLL.&#10;........ | ........&#10;........ | ........&#10;........ | ........&#10;........ | ........&#10;........ | ........&#10;&#10;step=7, rand=2, actions=&lt;Down&gt;&#10;Want     | Got ✓   &#10;-------------------&#10;........ | ........&#10;........ | ........&#10;........ | ........&#10;........ | ........&#10;........ | ........&#10;......L. | ......L.&#10;....LLL. | ....LLL.&#10;........ | ........&#10;........ | ........&#10;........ | ........&#10;........ | ........&#10;&#10;step=8, rand=2, actions=&lt;Down&gt;&#10;Want     | Got ✓   &#10;-------------------&#10;........ | ........&#10;........ | ........&#10;........ | ........&#10;........ | ........&#10;........ | ........&#10;........ | ........&#10;......L. | ......L.&#10;....LLL. | ....LLL.&#10;........ | ........&#10;........ | ........&#10;........ | ........&#10;&#10;step=9, rand=2, actions=&lt;Down&gt;&#10;Want     | Got ✓   &#10;-------------------&#10;........ | ........&#10;........ | ........&#10;........ | ........&#10;........ | ........&#10;........ | ........&#10;........ | ........&#10;........ | ........&#10;......L. | ......L.&#10;....LLL. | ....LLL.&#10;........ | ........&#10;........ | ........&#10;&#10;step=10, rand=2, actions=&lt;Down&gt;&#10;Want     | Got ✓   &#10;-------------------&#10;........ | ........&#10;........ | ........&#10;........ | ........&#10;........ | ........&#10;........ | ........&#10;........ | ........&#10;........ | ........&#10;........ | ........&#10;......L. | ......L.&#10;....LLL. | ....LLL.&#10;........ | ........&#10;&#10;step=11, rand=2, actions=&lt;Down&gt;&#10;Want     | Got ✓   &#10;-------------------&#10;........ | ........&#10;........ | ........&#10;........ | ........&#10;........ | ........&#10;........ | ........&#10;........ | ........&#10;........ | ........&#10;........ | ........&#10;........ | ........&#10;......L. | ......L.&#10;....LLL. | ....LLL.&#10;&#10;step=12, rand=6, actions=&lt;Down&gt;&#10;Want     | Got ✗   &#10;-------------------&#10;..ZZ.... | ...ZZ...&#10;...ZZ... | ....ZZ..&#10;........ | ........&#10;........ | ........&#10;........ | ........&#10;........ | ........&#10;........ | ........&#10;........ | ........&#10;........ | ........&#10;......L. | ........&#10;....LLL. | ........&#10;&#10;step=13, rand=6, actions=&lt;RotateRight&gt;&#10;Want     | Got ✗   &#10;-------------------&#10;....Z... | .....Z..&#10;...ZZ... | ....ZZ..&#10;...Z.... | ....Z...&#10;........ | ........&#10;........ | ........&#10;........ | ........&#10;........ | ........&#10;........ | ........&#10;........ | ........&#10;......L. | ........&#10;....LLL. | ........&#10;&#10;step=14, rand=6, actions=&lt;Down&gt;&#10;Want     | Got ✗   &#10;-------------------&#10;........ | ........&#10;....Z... | .....Z..&#10;...ZZ... | ....ZZ..&#10;...Z.... | ....Z...&#10;........ | ........&#10;........ | ........&#10;........ | ........&#10;........ | ........&#10;........ | ........&#10;......L. | ........&#10;....LLL. | ........&#10;&#10;step=15, rand=6, actions=&lt;Down&gt;&#10;Want     | Got ✗   &#10;-------------------&#10;........ | ........&#10;........ | ........&#10;....Z... | .....Z..&#10;...ZZ... | ....ZZ..&#10;...Z.... | ....Z...&#10;........ | ........&#10;........ | ........&#10;........ | ........&#10;........ | ........&#10;......L. | ........&#10;....LLL. | ........&#10;&#10;step=16, rand=6, actions=&lt;Down&gt;&#10;Want     | Got ✗   &#10;-------------------&#10;........ | ........&#10;........ | ........&#10;........ | ........&#10;....Z... | .....Z..&#10;...ZZ... | ....ZZ..&#10;...Z.... | ....Z...&#10;........ | ........&#10;........ | ........&#10;........ | ........&#10;......L. | ........&#10;....LLL. | ........&#10;&#10;step=17, rand=6, actions=&lt;Down&gt;&#10;Want     | Got ✗   &#10;-------------------&#10;........ | ........&#10;........ | ........&#10;........ | ........&#10;........ | ........&#10;....Z... | .....Z..&#10;...ZZ... | ....ZZ..&#10;...Z.... | ....Z...&#10;........ | ........&#10;........ | ........&#10;......L. | ........&#10;....LLL. | ........&#10;&#10;step=18, rand=6, actions=&lt;Down&gt;&#10;Want     | Got ✗   &#10;-------------------&#10;........ | ........&#10;........ | ........&#10;........ | ........&#10;........ | ........&#10;........ | ........&#10;....Z... | .....Z..&#10;...ZZ... | ....ZZ..&#10;...Z.... | ....Z...&#10;........ | ........&#10;......L. | ........&#10;....LLL. | ........&#10;&#10;step=19, rand=6, actions=&lt;Down&gt;&#10;Want     | Got ✗   &#10;-------------------&#10;........ | ........&#10;........ | ........&#10;........ | ........&#10;........ | ........&#10;........ | ........&#10;........ | ........&#10;....Z... | .....Z..&#10;...ZZ... | ....ZZ..&#10;...Z.... | ....Z...&#10;......L. | ........&#10;....LLL. | ........&#10;&#10;step=20, rand=6, actions=&lt;Down&gt;&#10;Want     | Got ✗   &#10;-------------------&#10;........ | ........&#10;........ | ........&#10;........ | ........&#10;........ | ........&#10;........ | ........&#10;........ | ........&#10;........ | ........&#10;....Z... | .....Z..&#10;...ZZ... | ....ZZ..&#10;...Z..L. | ....Z...&#10;....LLL. | ........&#10;&#10;step=21, rand=6, actions=&lt;Down&gt;&#10;Want     | Got ✗   &#10;-------------------&#10;........ | ........&#10;........ | ........&#10;........ | ........&#10;........ | ........&#10;........ | ........&#10;........ | ........&#10;........ | ........&#10;........ | ........&#10;....Z... | .....Z..&#10;...ZZ.L. | ....ZZ..&#10;...ZLLL. | ....Z...&#10;&#10;step=22, rand=4, actions=&lt;Down&gt;&#10;Want     | Got ✗   &#10;-------------------&#10;...SS... | ....SS..&#10;..SS.... | ...SS...&#10;........ | ........&#10;........ | ........&#10;........ | ........&#10;........ | ........&#10;........ | ........&#10;........ | ........&#10;....Z... | ........&#10;...ZZ.L. | ........&#10;...ZLLL. | ........&#10;&#10;step=23, rand=4, actions=&lt;Left&gt;&#10;Want     | Got ✗   &#10;-------------------&#10;..SS.... | ...SS...&#10;.SS..... | ..SS....&#10;........ | ........&#10;........ | ........&#10;........ | ........&#10;........ | ........&#10;........ | ........&#10;........ | ........&#10;....Z... | ........&#10;...ZZ.L. | ........&#10;...ZLLL. | ........&#10;&#10;step=24, rand=4, actions=&lt;RotateRight&gt;&#10;Want     | Got ✗   &#10;-------------------&#10;..S..... | ...S....&#10;..SS.... | ...SS...&#10;...S.... | ....S...&#10;........ | ........&#10;........ | ........&#10;........ | ........&#10;........ | ........&#10;........ | ........&#10;....Z... | ........&#10;...ZZ.L. | ........&#10;...ZLLL. | ........&#10;&#10;step=25, rand=4, actions=&lt;Left&gt;&#10;Want     | Got ✗   &#10;-------------------&#10;.S...... | ..S.....&#10;.SS..... | ..SS....&#10;..S..... | ...S....&#10;........ | ........&#10;........ | ........&#10;........ | ........&#10;........ | ........&#10;........ | ........&#10;....Z... | ........&#10;...ZZ.L. | ........&#10;...ZLLL. | ........&#10;&#10;step=26, rand=4, actions=&lt;Down&gt;&#10;Want     | Got ✗   &#10;-------------------&#10;........ | ........&#10;.S...... | ..S.....&#10;.SS..... | ..SS....&#10;..S..... | ...S....&#10;........ | ........&#10;........ | ........&#10;........ | ........&#10;........ | ........&#10;....Z... | ........&#10;...ZZ.L. | ........&#10;...ZLLL. | ........&#10;&#10;step=27, rand=4, actions=&lt;Down&gt;&#10;Want     | Got ✗   &#10;-------------------&#10;........ | ........&#10;........ | ........&#10;.S...... | ..S.....&#10;.SS..... | ..SS....&#10;..S..... | ...S....&#10;........ | ........&#10;........ | ........&#10;........ | ........&#10;....Z... | ........&#10;...ZZ.L. | ........&#10;...ZLLL. | ........&#10;&#10;step=28, rand=4, actions=&lt;Down&gt;&#10;Want     | Got ✗   &#10;-------------------&#10;........ | ........&#10;........ | ........&#10;........ | ........&#10;.S...... | ..S.....&#10;.SS..... | ..SS....&#10;..S..... | ...S....&#10;........ | ........&#10;........ | ........&#10;....Z... | ........&#10;...ZZ.L. | ........&#10;...ZLLL. | ........&#10;&#10;step=29, rand=4, actions=&lt;Down&gt;&#10;Want     | Got ✗   &#10;-------------------&#10;........ | ........&#10;........ | ........&#10;........ | ........&#10;........ | ........&#10;.S...... | ..S.....&#10;.SS..... | ..SS....&#10;..S..... | ...S....&#10;........ | ........&#10;....Z... | ........&#10;...ZZ.L. | ........&#10;...ZLLL. | ........&#10;&#10;step=30, rand=4, actions=&lt;Down&gt;&#10;Want     | Got ✗   &#10;-------------------&#10;........ | ........&#10;........ | ........&#10;........ | ........&#10;........ | ........&#10;........ | ........&#10;.S...... | ..S.....&#10;.SS..... | ..SS....&#10;..S..... | ...S....&#10;....Z... | ........&#10;...ZZ.L. | ........&#10;...ZLLL. | ........&#10;&#10;step=31, rand=4, actions=&lt;Down&gt;&#10;Want     | Got ✗   &#10;-------------------&#10;........ | ........&#10;........ | ........&#10;........ | ........&#10;........ | ........&#10;........ | ........&#10;........ | ........&#10;.S...... | ..S.....&#10;.SS..... | ..SS....&#10;..S.Z... | ...S....&#10;...ZZ.L. | ........&#10;...ZLLL. | ........&#10;&#10;step=32, rand=4, actions=&lt;Down&gt;&#10;Want     | Got ✗   &#10;-------------------&#10;........ | ........&#10;........ | ........&#10;........ | ........&#10;........ | ........&#10;........ | ........&#10;........ | ........&#10;........ | ........&#10;.S...... | ..S.....&#10;.SS.Z... | ..SS....&#10;..SZZ.L. | ...S....&#10;...ZLLL. | ........&#10;&#10;step=33, rand=4, actions=&lt;Down&gt;&#10;Want     | Got ✗   &#10;-------------------&#10;........ | ........&#10;........ | ........&#10;........ | ........&#10;........ | ........&#10;........ | ........&#10;........ | ........&#10;........ | ........&#10;........ | ........&#10;.S..Z... | ..S.....&#10;.SSZZ.L. | ..SS....&#10;..SZLLL. | ...S....&#10;&#10;step=34, rand=0, actions=&lt;Down&gt;&#10;Want     | Got ✗   &#10;-------------------&#10;........ | ........&#10;..IIII.. | ...IIII.&#10;........ | ........&#10;........ | ........&#10;........ | ........&#10;........ | ........&#10;........ | ........&#10;........ | ........&#10;.S..Z... | ........&#10;.SSZZ.L. | ........&#10;..SZLLL. | ........&#10;&#10;step=35, rand=0, actions=&lt;RotateRight&gt;&#10;Want     | Got ✗   &#10;-------------------&#10;....I... | .....I..&#10;....I... | .....I..&#10;....I... | .....I..&#10;....I... | .....I..&#10;........ | ........&#10;........ | ........&#10;........ | ........&#10;........ | ........&#10;.S..Z... | ........&#10;.SSZZ.L. | ........&#10;..SZLLL. | ........&#10;&#10;step=36, rand=0, actions=&lt;Left&gt;&#10;Want     | Got ✗   &#10;-------------------&#10;...I.... | ....I...&#10;...I.... | ....I...&#10;...I.... | ....I...&#10;...I.... | ....I...&#10;........ | ........&#10;........ | ........&#10;........ | ........&#10;........ | ........&#10;.S..Z... | ........&#10;.SSZZ.L. | ........&#10;..SZLLL. | ........&#10;&#10;step=37, rand=0, actions=&lt;Left&gt;&#10;Want     | Got ✗   &#10;-------------------&#10;..I..... | ...I....&#10;..I..... | ...I....&#10;..I..... | ...I....&#10;..I..... | ...I....&#10;........ | ........&#10;........ | ........&#10;........ | ........&#10;........ | ........&#10;.S..Z... | ........&#10;.SSZZ.L. | ........&#10;..SZLLL. | ........&#10;&#10;step=38, rand=0, actions=&lt;Left&gt;&#10;Want     | Got ✗   &#10;-------------------&#10;.I...... | ..I.....&#10;.I...... | ..I.....&#10;.I...... | ..I.....&#10;.I...... | ..I.....&#10;........ | ........&#10;........ | ........&#10;........ | ........&#10;........ | ........&#10;.S..Z... | ........&#10;.SSZZ.L. | ........&#10;..SZLLL. | ........&#10;&#10;step=39, rand=0, actions=&lt;Left&gt;&#10;Want     | Got ✗   &#10;-------------------&#10;I....... | .I......&#10;I....... | .I......&#10;I....... | .I......&#10;I....... | .I......&#10;........ | ........&#10;........ | ........&#10;........ | ........&#10;........ | ........&#10;.S..Z... | ........&#10;.SSZZ.L. | ........&#10;..SZLLL. | ........&#10;&#10;step=40, rand=0, actions=&lt;Left&gt;&#10;Want     | Got ✗   &#10;-------------------&#10;I....... | I.......&#10;I....... | I.......&#10;I....... | I.......&#10;I....... | I.......&#10;........ | ........&#10;........ | ........&#10;........ | ........&#10;........ | ........&#10;.S..Z... | ........&#10;.SSZZ.L. | ........&#10;..SZLLL. | ........&#10;&#10;step=41, rand=0, actions=&lt;Down&gt;&#10;Want     | Got ✗   &#10;-------------------&#10;........ | ........&#10;I....... | I.......&#10;I....... | I.......&#10;I....... | I.......&#10;I....... | I.......&#10;........ | ........&#10;........ | ........&#10;........ | ........&#10;.S..Z... | ........&#10;.SSZZ.L. | ........&#10;..SZLLL. | ........&#10;&#10;step=42, rand=0, actions=&lt;Down&gt;&#10;Want     | Got ✗   &#10;-------------------&#10;........ | ........&#10;........ | ........&#10;I....... | I.......&#10;I....... | I.......&#10;I....... | I.......&#10;I....... | I.......&#10;........ | ........&#10;........ | ........&#10;.S..Z... | ........&#10;.SSZZ.L. | ........&#10;..SZLLL. | ........&#10;&#10;step=43, rand=0, actions=&lt;Down&gt;&#10;Want     | Got ✗   &#10;-------------------&#10;........ | ........&#10;........ | ........&#10;........ | ........&#10;I....... | I.......&#10;I....... | I.......&#10;I....... | I.......&#10;I....... | I.......&#10;........ | ........&#10;.S..Z... | ........&#10;.SSZZ.L. | ........&#10;..SZLLL. | ........&#10;&#10;step=44, rand=0, actions=&lt;Down&gt;&#10;Want     | Got ✗   &#10;-------------------&#10;........ | ........&#10;........ | ........&#10;........ | ........&#10;........ | ........&#10;I....... | I.......&#10;I....... | I.......&#10;I....... | I.......&#10;I....... | I.......&#10;.S..Z... | ........&#10;.SSZZ.L. | ........&#10;..SZLLL. | ........&#10;&#10;step=45, rand=0, actions=&lt;Down&gt;&#10;Want     | Got ✗   &#10;-------------------&#10;........ | ........&#10;........ | ........&#10;........ | ........&#10;........ | ........&#10;........ | ........&#10;I....... | I.......&#10;I....... | I.......&#10;I....... | I.......&#10;IS..Z... | I.......&#10;.SSZZ.L. | ........&#10;..SZLLL. | ........&#10;&#10;step=46, rand=0, actions=&lt;Down&gt;&#10;Want     | Got ✗   &#10;-------------------&#10;........ | ........&#10;........ | ........&#10;........ | ........&#10;........ | ........&#10;........ | ........&#10;........ | ........&#10;I....... | I.......&#10;I....... | I.......&#10;IS..Z... | I.......&#10;ISSZZ.L. | I.......&#10;..SZLLL. | ........&#10;&#10;step=47, rand=0, actions=&lt;Down&gt;&#10;Want     | Got ✗   &#10;-------------------&#10;........ | ........&#10;........ | ........&#10;........ | ........&#10;........ | ........&#10;........ | ........&#10;........ | ........&#10;........ | ........&#10;I....... | I.......&#10;IS..Z... | I.......&#10;ISSZZ.L. | I.......&#10;I.SZLLL. | I.......&#10;&#10;step=48, rand=3, actions=&lt;Down&gt;&#10;Want     | Got ✗   &#10;-------------------&#10;...OO... | ....OO..&#10;...OO... | ....OO..&#10;........ | ........&#10;........ | ........&#10;........ | ........&#10;........ | ........&#10;........ | ........&#10;I....... | ........&#10;IS..Z... | ........&#10;ISSZZ.L. | ........&#10;I.SZLLL. | ........&#10;&#10;step=49, rand=3, actions=&lt;Left&gt;&#10;Want     | Got ✗   &#10;-------------------&#10;..OO.... | ...OO...&#10;..OO.... | ...OO...&#10;........ | ........&#10;........ | ........&#10;........ | ........&#10;........ | ........&#10;........ | ........&#10;I....... | ........&#10;IS..Z... | ........&#10;ISSZZ.L. | ........&#10;I.SZLLL. | ........&#10;&#10;step=50, rand=3, actions=&lt;Down&gt;&#10;Want     | Got ✗   &#10;-------------------&#10;........ | ........&#10;..OO.... | ...OO...&#10;..OO.... | ...OO...&#10;........ | ........&#10;........ | ........&#10;........ | ........&#10;........ | ........&#10;I....... | ........&#10;IS..Z... | ........&#10;ISSZZ.L. | ........&#10;I.SZLLL. | ........&#10;&#10;step=51, rand=3, actions=&lt;Left&gt;&#10;Want     | Got ✗   &#10;-------------------&#10;........ | ........&#10;.OO..... | ..OO....&#10;.OO..... | ..OO....&#10;........ | ........&#10;........ | ........&#10;........ | ........&#10;........ | ........&#10;I....... | ........&#10;IS..Z... | ........&#10;ISSZZ.L. | ........&#10;I.SZLLL. | ........&#10;&#10;step=52, rand=3, actions=&lt;Down&gt;&#10;Want     | Got ✗   &#10;-------------------&#10;........ | ........&#10;........ | ........&#10;.OO..... | ..OO....&#10;.OO..... | ..OO....&#10;........ | ........&#10;........ | ........&#10;........ | ........&#10;I....... | ........&#10;IS..Z... | ........&#10;ISSZZ.L. | ........&#10;I.SZLLL. | ........&#10;&#10;step=53, rand=3, actions=&lt;Down&gt;&#10;Want     | Got ✗   &#10;-------------------&#10;........ | ........&#10;........ | ........&#10;........ | ........&#10;.OO..... | ..OO....&#10;.OO..... | ..OO....&#10;........ | ........&#10;........ | ........&#10;I....... | ........&#10;IS..Z... | ........&#10;ISSZZ.L. | ........&#10;I.SZLLL. | ........&#10;&#10;step=54, rand=3, actions=&lt;Down&gt;&#10;Want     | Got ✗   &#10;-------------------&#10;........ | ........&#10;........ | ........&#10;........ | ........&#10;........ | ........&#10;.OO..... | ..OO....&#10;.OO..... | ..OO....&#10;........ | ........&#10;I....... | ........&#10;IS..Z... | ........&#10;ISSZZ.L. | ........&#10;I.SZLLL. | ........&#10;&#10;step=55, rand=3, actions=&lt;Down&gt;&#10;Want     | Got ✗   &#10;-------------------&#10;........ | ........&#10;........ | ........&#10;........ | ........&#10;........ | ........&#10;........ | ........&#10;.OO..... | ..OO....&#10;.OO..... | ..OO....&#10;I....... | ........&#10;IS..Z... | ........&#10;ISSZZ.L. | ........&#10;I.SZLLL. | ........&#10;&#10;step=56, rand=3, actions=&lt;Right&gt;&#10;Want     | Got ✗   &#10;-------------------&#10;........ | ........&#10;........ | ........&#10;........ | ........&#10;........ | ........&#10;........ | ........&#10;..OO.... | ...OO...&#10;..OO.... | ...OO...&#10;I....... | ........&#10;IS..Z... | ........&#10;ISSZZ.L. | ........&#10;I.SZLLL. | ........&#10;&#10;step=57, rand=3, actions=&lt;Down&gt;&#10;Want     | Got ✗   &#10;-------------------&#10;........ | ........&#10;........ | ........&#10;........ | ........&#10;........ | ........&#10;........ | ........&#10;........ | ........&#10;..OO.... | ...OO...&#10;I.OO.... | ...OO...&#10;IS..Z... | ........&#10;ISSZZ.L. | ........&#10;I.SZLLL. | ........&#10;&#10;step=58, rand=3, actions=&lt;Down&gt;&#10;Want     | Got ✗   &#10;-------------------&#10;........ | ........&#10;........ | ........&#10;........ | ........&#10;........ | ........&#10;........ | ........&#10;........ | ........&#10;........ | ........&#10;I.OO.... | ...OO...&#10;ISOOZ... | ...OO...&#10;ISSZZ.L. | ........&#10;I.SZLLL. | ........&#10;&#10;step=59, rand=3, actions=&lt;Down&gt;&#10;Want     | Got ✗   &#10;-------------------&#10;...OO... | ........&#10;...OO... | ........&#10;........ | ........&#10;........ | ........&#10;........ | ........&#10;........ | ........&#10;........ | ........&#10;I.OO.... | ........&#10;ISOOZ... | ...OO...&#10;ISSZZ.L. | ...OO...&#10;I.SZLLL. | ........&#10;&#10;step=60, rand=3, actions=&lt;Left&gt;&#10;Want     | Got ✗   &#10;-------------------&#10;..OO.... | ........&#10;..OO.... | ........&#10;........ | ........&#10;........ | ........&#10;........ | ........&#10;........ | ........&#10;........ | ........&#10;I.OO.... | ........&#10;ISOOZ... | ..OO....&#10;ISSZZ.L. | ..OO....&#10;I.SZLLL. | ........&#10;&#10;step=61, rand=3, actions=&lt;Down&gt;&#10;Want     | Got ✗   &#10;-------------------&#10;........ | ........&#10;..OO.... | ........&#10;..OO.... | ........&#10;........ | ........&#10;........ | ........&#10;........ | ........&#10;........ | ........&#10;I.OO.... | ........&#10;ISOOZ... | ........&#10;ISSZZ.L. | ..OO....&#10;I.SZLLL. | ..OO....&#10;&#10;step=62, rand=3, actions=&lt;Down&gt;&#10;Want     | Got ✗   &#10;-------------------&#10;........ | ....OO..&#10;........ | ....OO..&#10;..OO.... | ........&#10;..OO.... | ........&#10;........ | ........&#10;........ | ........&#10;........ | ........&#10;I.OO.... | ........&#10;ISOOZ... | ........&#10;ISSZZ.L. | ........&#10;I.SZLLL. | ........&#10;&#10;step=63, rand=3, actions=&lt;Down&gt;&#10;Want     | Got ✗   &#10;-------------------&#10;........ | ........&#10;........ | ....OO..&#10;........ | ....OO..&#10;..OO.... | ........&#10;..OO.... | ........&#10;........ | ........&#10;........ | ........&#10;I.OO.... | ........&#10;ISOOZ... | ........&#10;ISSZZ.L. | ........&#10;I.SZLLL. | ........&#10;&#10;step=64, rand=3, actions=&lt;Down&gt;&#10;Want     | Got ✗   &#10;-------------------&#10;........ | ........&#10;........ | ........&#10;........ | ....OO..&#10;........ | ....OO..&#10;..OO.... | ........&#10;..OO.... | ........&#10;........ | ........&#10;I.OO.... | ........&#10;ISOOZ... | ........&#10;ISSZZ.L. | ........&#10;I.SZLLL. | ........&#10;&#10;step=65, rand=3, actions=&lt;Down&gt;&#10;Want     | Got ✗   &#10;-------------------&#10;........ | ........&#10;........ | ........&#10;........ | ........&#10;........ | ....OO..&#10;........ | ....OO..&#10;..OO.... | ........&#10;..OO.... | ........&#10;I.OO.... | ........&#10;ISOOZ... | ........&#10;ISSZZ.L. | ........&#10;I.SZLLL. | ........&#10;&#10;step=66, rand=2, actions=&lt;Down&gt;&#10;Want     | Got ✗   &#10;-------------------&#10;....L... | ........&#10;..LLL... | ........&#10;........ | ........&#10;........ | ........&#10;........ | ....OO..&#10;..OO.... | ....OO..&#10;..OO.... | ........&#10;I.OO.... | ........&#10;ISOOZ... | ........&#10;ISSZZ.L. | ........&#10;I.SZLLL. | ........&#10;&#10;step=67, rand=2, actions=&lt;RotateRight&gt;&#10;Want     | Got ✗   &#10;-------------------&#10;...L.... | ........&#10;...L.... | ........&#10;...LL... | ........&#10;........ | ........&#10;........ | ....OO..&#10;..OO.... | ....OO..&#10;..OO.... | ........&#10;I.OO.... | ........&#10;ISOOZ... | ........&#10;ISSZZ.L. | ........&#10;I.SZLLL. | ........&#10;&#10;step=68, rand=2, actions=&lt;Right&gt;&#10;Want     | Got ✗   &#10;-------------------&#10;....L... | ........&#10;....L... | ........&#10;....LL.. | ........&#10;........ | ........&#10;........ | .....OO.&#10;..OO.... | .....OO.&#10;..OO.... | ........&#10;I.OO.... | ........&#10;ISOOZ... | ........&#10;ISSZZ.L. | ........&#10;I.SZLLL. | ........&#10;&#10;step=69, rand=2, actions=&lt;Right&gt;&#10;Want     | Got ✗   &#10;-------------------&#10;.....L.. | ........&#10;.....L.. | ........&#10;.....LL. | ........&#10;........ | ........&#10;........ | ......OO&#10;..OO.... | ......OO&#10;..OO.... | ........&#10;I.OO.... | ........&#10;ISOOZ... | ........&#10;ISSZZ.L. | ........&#10;I.SZLLL. | ........&#10;&#10;step=70, rand=2, actions=&lt;RotateRight&gt;&#10;Want     | Got ✗   &#10;-------------------&#10;........ | ........&#10;....LLL. | ........&#10;....L... | ........&#10;........ | ........&#10;........ | ......OO&#10;..OO.... | ......OO&#10;..OO.... | ........&#10;I.OO.... | ........&#10;ISOOZ... | ........&#10;ISSZZ.L. | ........&#10;I.SZLLL. | ........&#10;&#10;step=71, rand=2, actions=&lt;RotateRight&gt;&#10;Want     | Got ✗   &#10;-------------------&#10;....LL.. | ........&#10;.....L.. | ........&#10;.....L.. | ........&#10;........ | ........&#10;........ | ......OO&#10;..OO.... | ......OO&#10;..OO.... | ........&#10;I.OO.... | ........&#10;ISOOZ... | ........&#10;ISSZZ.L. | ........&#10;I.SZLLL. | ........&#10;&#10;step=72, rand=2, actions=&lt;Right&gt;&#10;Want     | Got ✗   &#10;-------------------&#10;.....LL. | ........&#10;......L. | ........&#10;......L. | ........&#10;........ | ........&#10;........ | ......OO&#10;..OO.... | ......OO&#10;..OO.... | ........&#10;I.OO.... | ........&#10;ISOOZ... | ........&#10;ISSZZ.L. | ........&#10;I.SZLLL. | ........&#10;&#10;step=73, rand=2, actions=&lt;Right&gt;&#10;Want     | Got ✗   &#10;-------------------&#10;......LL | ........&#10;.......L | ........&#10;.......L | ........&#10;........ | ........&#10;........ | ......OO&#10;..OO.... | ......OO&#10;..OO.... | ........&#10;I.OO.... | ........&#10;ISOOZ... | ........&#10;ISSZZ.L. | ........&#10;I.SZLLL. | ........&#10;&#10;step=74, rand=2, actions=&lt;Down&gt;&#10;Want     | Got ✗   &#10;-------------------&#10;........ | ........&#10;......LL | ........&#10;.......L | ........&#10;.......L | ........&#10;........ | ........&#10;..OO.... | ......OO&#10;..OO.... | ......OO&#10;I.OO.... | ........&#10;ISOOZ... | ........&#10;ISSZZ.L. | ........&#10;I.SZLLL. | ........&#10;&#10;step=75, rand=2, actions=&lt;Down&gt;&#10;Want     | Got ✗   &#10;-------------------&#10;........ | ........&#10;........ | ........&#10;......LL | ........&#10;.......L | ........&#10;.......L | ........&#10;..OO.... | ........&#10;..OO.... | ......OO&#10;I.OO.... | ......OO&#10;ISOOZ... | ........&#10;ISSZZ.L. | ........&#10;I.SZLLL. | ........&#10;&#10;step=76, rand=2, actions=&lt;Down&gt;&#10;Want     | Got ✗   &#10;-------------------&#10;........ | ........&#10;........ | ........&#10;........ | ........&#10;......LL | ........&#10;.......L | ........&#10;..OO...L | ........&#10;..OO.... | ........&#10;I.OO.... | ......OO&#10;ISOOZ... | ......OO&#10;ISSZZ.L. | ........&#10;I.SZLLL. | ........&#10;&#10;step=77, rand=2, actions=&lt;Down&gt;&#10;Want     | Got ✗   &#10;-------------------&#10;........ | ........&#10;........ | ........&#10;........ | ........&#10;........ | ........&#10;......LL | ........&#10;..OO...L | ........&#10;..OO...L | ........&#10;I.OO.... | ........&#10;ISOOZ... | ......OO&#10;ISSZZ.L. | ......OO&#10;I.SZLLL. | ........&#10;&#10;step=78, rand=2, actions=&lt;Down&gt;&#10;Want     | Got ✗   &#10;-------------------&#10;........ | ........&#10;........ | ........&#10;........ | ........&#10;........ | ........&#10;........ | ........&#10;..OO..LL | ........&#10;..OO...L | ........&#10;I.OO...L | ........&#10;ISOOZ... | ........&#10;ISSZZ.L. | ......OO&#10;I.SZLLL. | ......OO&#10;&#10;step=79, rand=2, actions=&lt;Down&gt;&#10;Want     | Got ✗   &#10;-------------------&#10;........ | .....L..&#10;........ | ...LLL..&#10;........ | ........&#10;........ | ........&#10;........ | ........&#10;..OO.... | ........&#10;..OO..LL | ........&#10;I.OO...L | ........&#10;ISOOZ..L | ........&#10;ISSZZ.L. | ........&#10;I.SZLLL. | ........&#10;&#10;step=80, rand=2, actions=&lt;Down&gt;&#10;Want     | Got ✗   &#10;-------------------&#10;........ | ........&#10;........ | .....L..&#10;........ | ...LLL..&#10;........ | ........&#10;........ | ........&#10;..OO.... | ........&#10;..OO.... | ........&#10;I.OO..LL | ........&#10;ISOOZ..L | ........&#10;ISSZZ.LL | ........&#10;I.SZLLL. | ........&#10;&#10;step=81, rand=2, actions=&lt;Down&gt;&#10;Want     | Got ✗   &#10;-------------------&#10;........ | ........&#10;........ | ........&#10;........ | .....L..&#10;........ | ...LLL..&#10;........ | ........&#10;..OO.... | ........&#10;..OO.... | ........&#10;I.OO.... | ........&#10;ISOOZ.LL | ........&#10;ISSZZ.LL | ........&#10;I.SZLLLL | ........&#10;&#10;step=82, rand=5, actions=&lt;Down&gt;&#10;Want     | Got ✗   &#10;-------------------&#10;...T.... | ........&#10;..TTT... | ........&#10;........ | ........&#10;........ | .....L..&#10;........ | ...LLL..&#10;..OO.... | ........&#10;..OO.... | ........&#10;I.OO.... | ........&#10;ISOOZ.LL | ........&#10;ISSZZ.LL | ........&#10;I.SZLLLL | ........&#10;&#10;step=83, rand=5, actions=&lt;Right&gt;&#10;Want     | Got ✗   &#10;-------------------&#10;....T... | ........&#10;...TTT.. | ........&#10;........ | ........&#10;........ | ......L.&#10;........ | ....LLL.&#10;..OO.... | ........&#10;..OO.... | ........&#10;I.OO.... | ........&#10;ISOOZ.LL | ........&#10;ISSZZ.LL | ........&#10;I.SZLLLL | ........&#10;&#10;step=84, rand=5, actions=&lt;Right&gt;&#10;Want     | Got ✗   &#10;-------------------&#10;.....T.. | ........&#10;....TTT. | ........&#10;........ | ........&#10;........ | .......L&#10;........ | .....LLL&#10;..OO.... | ........&#10;..OO.... | ........&#10;I.OO.... | ........&#10;ISOOZ.LL | ........&#10;ISSZZ.LL | ........&#10;I.SZLLLL | ........&#10;&#10;step=85, rand=5, actions=&lt;RotateRight&gt;&#10;Want     | Got ✗   &#10;-------------------&#10;.....T.. | ........&#10;.....TT. | ........&#10;.....T.. | ........&#10;........ | ......L.&#10;........ | ......L.&#10;..OO.... | ......LL&#10;..OO.... | ........&#10;I.OO.... | ........&#10;ISOOZ.LL | ........&#10;ISSZZ.LL | ........&#10;I.SZLLLL | ........&#10;&#10;step=86, rand=5, actions=&lt;RotateRight&gt;&#10;Want     | Got ✗   &#10;-------------------&#10;........ | ........&#10;....TTT. | ........&#10;.....T.. | ........&#10;........ | ........&#10;........ | .....LLL&#10;..OO.... | .....L..&#10;..OO.... | ........&#10;I.OO.... | ........&#10;ISOOZ.LL | ........&#10;ISSZZ.LL | ........&#10;I.SZLLLL | ........&#10;&#10;step=87, rand=5, actions=&lt;Down&gt;&#10;Want     | Got ✗   &#10;-------------------&#10;........ | ........&#10;........ | ........&#10;....TTT. | ........&#10;.....T.. | ........&#10;........ | ........&#10;..OO.... | .....LLL&#10;..OO.... | .....L..&#10;I.OO.... | ........&#10;ISOOZ.LL | ........&#10;ISSZZ.LL | ........&#10;I.SZLLLL | ........&#10;&#10;step=88, rand=5, actions=&lt;Down&gt;&#10;Want     | Got ✗   &#10;-------------------&#10;........ | ........&#10;........ | ........&#10;........ | ........&#10;....TTT. | ........&#10;.....T.. | ........&#10;..OO.... | ........&#10;..OO.... | .....LLL&#10;I.OO.... | .....L..&#10;ISOOZ.LL | ........&#10;ISSZZ.LL | ........&#10;I.SZLLLL | ........&#10;&#10;step=89, rand=5, actions=&lt;Down&gt;&#10;Want     | Got ✗   &#10;-------------------&#10;........ | ........&#10;........ | ........&#10;........ | ........&#10;........ | ........&#10;....TTT. | ........&#10;..OO.T.. | ........&#10;..OO.... | ........&#10;I.OO.... | .....LLL&#10;ISOOZ.LL | .....L..&#10;ISSZZ.LL | ........&#10;I.SZLLLL | ........&#10;&#10;step=90, rand=5, actions=&lt;Down&gt;&#10;Want     | Got ✗   &#10;-------------------&#10;........ | ........&#10;........ | ........&#10;........ | ........&#10;........ | ........&#10;........ | ........&#10;..OOTTT. | ........&#10;..OO.T.. | ........&#10;I.OO.... | ........&#10;ISOOZ.LL | .....LLL&#10;ISSZZ.LL | .....L..&#10;I.SZLLLL | ........&#10;&#10;step=91, rand=5, actions=&lt;Down&gt;&#10;Want     | Got ✗   &#10;-------------------&#10;........ | ........&#10;........ | ........&#10;........ | ........&#10;........ | ........&#10;........ | ........&#10;..OO.... | ........&#10;..OOTTT. | ........&#10;I.OO.T.. | ........&#10;ISOOZ.LL | ........&#10;ISSZZ.LL | .....LLL&#10;I.SZLLLL | .....L..&#10;&#10;step=92, rand=5, actions=&lt;Down&gt;&#10;Want     | Got ✗   &#10;-------------------&#10;........ | ....T...&#10;........ | ...TTT..&#10;........ | ........&#10;........ | ........&#10;........ | ........&#10;..OO.... | ........&#10;..OO.... | ........&#10;I.OOTTT. | ........&#10;ISOOZTLL | ........&#10;ISSZZ.LL | ........&#10;I.SZLLLL | ........&#10;&#10;step=93, rand=4, actions=&lt;Down&gt;&#10;Want     | Got ✗   &#10;-------------------&#10;...SS... | ........&#10;..SS.... | ....T...&#10;........ | ...TTT..&#10;........ | ........&#10;........ | ........&#10;........ | ........&#10;..OO.... | ........&#10;..OO.... | ........&#10;I.OOTTT. | ........&#10;ISSZZ.LL | ........&#10;I.SZLLLL | ........&#10;&#10;step=94, rand=4, actions=&lt;Right&gt;&#10;Want     | Got ✗   &#10;-------------------&#10;....SS.. | ........&#10;...SS... | .....T..&#10;........ | ....TTT.&#10;........ | ........&#10;........ | ........&#10;........ | ........&#10;..OO.... | ........&#10;..OO.... | ........&#10;I.OOTTT. | ........&#10;ISSZZ.LL | ........&#10;I.SZLLLL | ........&#10;&#10;step=95, rand=4, actions=&lt;RotateRight&gt;&#10;Want     | Got ✗   &#10;-------------------&#10;....S... | ........&#10;....SS.. | .....T..&#10;.....S.. | .....TT.&#10;........ | .....T..&#10;........ | ........&#10;........ | ........&#10;..OO.... | ........&#10;..OO.... | ........&#10;I.OOTTT. | ........&#10;ISSZZ.LL | ........&#10;I.SZLLLL | ........&#10;&#10;step=96, rand=4, actions=&lt;Right&gt;&#10;Want     | Got ✗   &#10;-------------------&#10;.....S.. | ........&#10;.....SS. | ......T.&#10;......S. | ......TT&#10;........ | ......T.&#10;........ | ........&#10;........ | ........&#10;..OO.... | ........&#10;..OO.... | ........&#10;I.OOTTT. | ........&#10;ISSZZ.LL | ........&#10;I.SZLLLL | ........&#10;&#10;step=97, rand=4, actions=&lt;Right&gt;&#10;Want     | Got ✗   &#10;-------------------&#10;......S. | ........&#10;......SS | ......T.&#10;.......S | ......TT&#10;........ | ......T.&#10;........ | ........&#10;........ | ........&#10;..OO.... | ........&#10;..OO.... | ........&#10;I.OOTTT. | ........&#10;ISSZZ.LL | ........&#10;I.SZLLLL | ........&#10;&#10;step=98, rand=4, actions=&lt;Down&gt;&#10;Want     | Got ✗   &#10;-------------------&#10;........ | ........&#10;......S. | ........&#10;......SS | ......T.&#10;.......S | ......TT&#10;........ | ......T.&#10;........ | ........&#10;..OO.... | ........&#10;..OO.... | ........&#10;I.OOTTT. | ........&#10;ISSZZ.LL | ........&#10;I.SZLLLL | ........&#10;&#10;step=99, rand=4, actions=&lt;Down&gt;&#10;Want     | Got ✗   &#10;-------------------&#10;........ | ........&#10;........ | ........&#10;......S. | ........&#10;......SS | ......T.&#10;.......S | ......TT&#10;........ | ......T.&#10;..OO.... | ........&#10;..OO.... | ........&#10;I.OOTTT. | ........&#10;ISSZZ.LL | ........&#10;I.SZLLLL | ........&#10;&#10;step=100, rand=4, actions=&lt;Down&gt;&#10;Want     | Got ✗   &#10;-------------------&#10;........ | ........&#10;........ | ........&#10;........ | ........&#10;......S. | ........&#10;......SS | ......T.&#10;.......S | ......TT&#10;..OO.... | ......T.&#10;..OO.... | ........&#10;I.OOTTT. | ........&#10;ISSZZ.LL | ........&#10;I.SZLLLL | ........&#10;&#10;step=101, rand=4, actions=&lt;Down&gt;&#10;Want     | Got ✗   &#10;-------------------&#10;........ | ........&#10;........ | ........&#10;........ | ........&#10;........ | ........&#10;......S. | ........&#10;......SS | ......T.&#10;..OO...S | ......TT&#10;..OO.... | ......T.&#10;I.OOTTT. | ........&#10;ISSZZ.LL | ........&#10;I.SZLLLL | ........&#10;&#10;step=102, rand=4, actions=&lt;Down&gt;&#10;Want     | Got ✗   &#10;-------------------&#10;........ | ........&#10;........ | ........&#10;........ | ........&#10;........ | ........&#10;........ | ........&#10;......S. | ........&#10;..OO..SS | ......T.&#10;..OO...S | ......TT&#10;I.OOTTT. | ......T.&#10;ISSZZ.LL | ........&#10;I.SZLLLL | ........&#10;&#10;step=103, rand=4, actions=&lt;Down&gt;&#10;Want     | Got ✗   &#10;-------------------&#10;........ | ........&#10;........ | ........&#10;........ | ........&#10;........ | ........&#10;........ | ........&#10;........ | ........&#10;..OO..S. | ........&#10;..OO..SS | ......T.&#10;I.OOTTTS | ......TT&#10;ISSZZ.LL | ......T.&#10;I.SZLLLL | ........&#10;&#10;step=104, rand=5, actions=&lt;Down&gt;&#10;Want     | Got ✗   &#10;-------------------&#10;...T.... | ........&#10;..TTT... | ........&#10;........ | ........&#10;........ | ........&#10;........ | ........&#10;........ | ........&#10;..OO..S. | ........&#10;..OO..SS | ........&#10;I.OOTTTS | ......T.&#10;ISSZZ.LL | ......TT&#10;I.SZLLLL | ......T.&#10;&#10;step=105, rand=5, actions=&lt;Left&gt;&#10;Want     | Got ✗   &#10;-------------------&#10;..T..... | ........&#10;.TTT.... | ........&#10;........ | ........&#10;........ | ........&#10;........ | ........&#10;........ | ........&#10;..OO..S. | ........&#10;..OO..SS | ........&#10;I.OOTTTS | .....T..&#10;ISSZZ.LL | .....TT.&#10;I.SZLLLL | .....T..&#10;&#10;step=106, rand=5, actions=&lt;RotateRight&gt;&#10;Want     | Got ✗   &#10;-------------------&#10;..T..... | ........&#10;..TT.... | ........&#10;..T..... | ........&#10;........ | ........&#10;........ | ........&#10;........ | ........&#10;..OO..S. | ........&#10;..OO..SS | ........&#10;I.OOTTTS | ........&#10;ISSZZ.LL | ....TTT.&#10;I.SZLLLL | .....T..&#10;&#10;step=107, rand=5, actions=&lt;Left&gt;&#10;Want     | Got ✗   &#10;-------------------&#10;.T...... | ........&#10;.TT..... | ........&#10;.T...... | ........&#10;........ | ........&#10;........ | ........&#10;........ | ........&#10;..OO..S. | ........&#10;..OO..SS | ........&#10;I.OOTTTS | ........&#10;ISSZZ.LL | ...TTT..&#10;I.SZLLLL | ....T...&#10;&#10;step=108, rand=5, actions=&lt;RotateRight&gt;&#10;Want     | Got ✗   &#10;-------------------&#10;........ | ........&#10;TTT..... | ........&#10;.T...... | ........&#10;........ | ........&#10;........ | ........&#10;........ | ........&#10;..OO..S. | ........&#10;..OO..SS | ........&#10;I.OOTTTS | ....T...&#10;ISSZZ.LL | ...TT...&#10;I.SZLLLL | ....T...&#10;&#10;step=109, rand=5, actions=&lt;RotateRight&gt;&#10;Want     | Got ✗   &#10;-------------------&#10;.T...... | ........&#10;TT...... | ........&#10;.T...... | ........&#10;........ | ........&#10;........ | ........&#10;........ | ........&#10;..OO..S. | ........&#10;..OO..SS | ........&#10;I.OOTTTS | ....T...&#10;ISSZZ.LL | ...TTT..&#10;I.SZLLLL | ........&#10;&#10;step=110, rand=5, actions=&lt;Down&gt;&#10;Want     | Got ✗   &#10;-------------------&#10;........ | ........&#10;.T...... | ........&#10;TT...... | ........&#10;.T...... | ........&#10;........ | ........&#10;........ | ........&#10;..OO..S. | ........&#10;..OO..SS | ........&#10;I.OOTTTS | ........&#10;ISSZZ.LL | ....T...&#10;I.SZLLLL | ...TTT..&#10;&#10;step=111, rand=5, actions=&lt;Down&gt;&#10;Want     | Got ✗   &#10;-------------------&#10;........ | ....T...&#10;........ | ...TTT..&#10;.T...... | ........&#10;TT...... | ........&#10;.T...... | ........&#10;........ | ........&#10;..OO..S. | ........&#10;..OO..SS | ........&#10;I.OOTTTS | ........&#10;ISSZZ.LL | ........&#10;I.SZLLLL | ........&#10;&#10;step=112, rand=5, actions=&lt;Down&gt;&#10;Want     | Got ✗   &#10;-------------------&#10;........ | ........&#10;........ | ....T...&#10;........ | ...TTT..&#10;.T...... | ........&#10;TT...... | ........&#10;.T...... | ........&#10;..OO..S. | ........&#10;..OO..SS | ........&#10;I.OOTTTS | ........&#10;ISSZZ.LL | ........&#10;I.SZLLLL | ........&#10;&#10;step=113, rand=5, actions=&lt;Down&gt;&#10;Want     | Got ✗   &#10;-------------------&#10;........ | ........&#10;........ | ........&#10;........ | ....T...&#10;........ | ...TTT..&#10;.T...... | ........&#10;TT...... | ........&#10;.TOO..S. | ........&#10;..OO..SS | ........&#10;I.OOTTTS | ........&#10;ISSZZ.LL | ........&#10;I.SZLLLL | ........&#10;&#10;step=114, rand=5, actions=&lt;Down&gt;&#10;Want     | Got ✗   &#10;-------------------&#10;........ | ........&#10;........ | ........&#10;........ | ........&#10;........ | ....T...&#10;........ | ...TTT..&#10;.T...... | ........&#10;TTOO..S. | ........&#10;.TOO..SS | ........&#10;I.OOTTTS | ........&#10;ISSZZ.LL | ........&#10;I.SZLLLL | ........&#10;&#10;step=115, rand=5, actions=&lt;Down&gt;&#10;Want     | Got ✗   &#10;-------------------&#10;........ | ........&#10;........ | ........&#10;........ | ........&#10;........ | ........&#10;........ | ....T...&#10;........ | ...TTT..&#10;.TOO..S. | ........&#10;TTOO..SS | ........&#10;ITOOTTTS | ........&#10;ISSZZ.LL | ........&#10;I.SZLLLL | ........&#10;&#10;step=116, rand=4, actions=&lt;Down&gt;&#10;Want     | Got ✗   &#10;-------------------&#10;...SS... | ........&#10;..SS.... | ........&#10;........ | ........&#10;........ | ........&#10;........ | ........&#10;........ | ....T...&#10;........ | ...TTT..&#10;.TOO..S. | ........&#10;TTOO..SS | ........&#10;ISSZZ.LL | ........&#10;I.SZLLLL | ........&#10;&#10;step=117, rand=4, actions=&lt;RotateRight&gt;&#10;Want     | Got ✗   &#10;-------------------&#10;...S.... | ........&#10;...SS... | ........&#10;....S... | ........&#10;........ | ........&#10;........ | ........&#10;........ | ....T...&#10;........ | ....TT..&#10;.TOO..S. | ....T...&#10;TTOO..SS | ........&#10;ISSZZ.LL | ........&#10;I.SZLLLL | ........&#10;&#10;step=118, rand=4, actions=&lt;Right&gt;&#10;Want     | Got ✗   &#10;-------------------&#10;....S... | ........&#10;....SS.. | ........&#10;.....S.. | ........&#10;........ | ........&#10;........ | ........&#10;........ | .....T..&#10;........ | .....TT.&#10;.TOO..S. | .....T..&#10;TTOO..SS | ........&#10;ISSZZ.LL | ........&#10;I.SZLLLL | ........&#10;&#10;step=119, rand=4, actions=&lt;Down&gt;&#10;Want     | Got ✗   &#10;-------------------&#10;........ | ........&#10;....S... | ........&#10;....SS.. | ........&#10;.....S.. | ........&#10;........ | ........&#10;........ | ........&#10;........ | .....T..&#10;.TOO..S. | .....TT.&#10;TTOO..SS | .....T..&#10;ISSZZ.LL | ........&#10;I.SZLLLL | ........&#10;&#10;step=120, rand=4, actions=&lt;Down&gt;&#10;Want     | Got ✗   &#10;-------------------&#10;........ | ........&#10;........ | ........&#10;....S... | ........&#10;....SS.. | ........&#10;.....S.. | ........&#10;........ | ........&#10;........ | ........&#10;.TOO..S. | .....T..&#10;TTOO..SS | .....TT.&#10;ISSZZ.LL | .....T..&#10;I.SZLLLL | ........&#10;&#10;step=121, rand=4, actions=&lt;Down&gt;&#10;Want     | Got ✗   &#10;-------------------&#10;........ | ........&#10;........ | ........&#10;........ | ........&#10;....S... | ........&#10;....SS.. | ........&#10;.....S.. | ........&#10;........ | ........&#10;.TOO..S. | ........&#10;TTOO..SS | .....T..&#10;ISSZZ.LL | .....TT.&#10;I.SZLLLL | .....T..&#10;&#10;step=122, rand=4, actions=&lt;Down&gt;&#10;Want     | Got ✗   &#10;-------------------&#10;........ | ....SS..&#10;........ | ...SS...&#10;........ | ........&#10;........ | ........&#10;....S... | ........&#10;....SS.. | ........&#10;.....S.. | ........&#10;.TOO..S. | ........&#10;TTOO..SS | ........&#10;ISSZZ.LL | ........&#10;I.SZLLLL | ........&#10;&#10;step=123, rand=4, actions=&lt;Down&gt;&#10;Want     | Got ✗   &#10;-------------------&#10;........ | ........&#10;........ | ....SS..&#10;........ | ...SS...&#10;........ | ........&#10;........ | ........&#10;....S... | ........&#10;....SS.. | ........&#10;.TOO.SS. | ........&#10;TTOO..SS | ........&#10;ISSZZ.LL | ........&#10;I.SZLLLL | ........&#10;&#10;step=124, rand=4, actions=&lt;Down&gt;&#10;Want     | Got ✗   &#10;-------------------&#10;........ | ........&#10;........ | ........&#10;........ | ....SS..&#10;........ | ...SS...&#10;........ | ........&#10;........ | ........&#10;....S... | ........&#10;.TOOSSS. | ........&#10;TTOO.SSS | ........&#10;ISSZZ.LL | ........&#10;I.SZLLLL | ........&#10;&#10;step=125, rand=4, actions=&lt;Down&gt;&#10;Want     | Got ✗   &#10;-------------------&#10;........ | ........&#10;........ | ........&#10;........ | ........&#10;........ | ....SS..&#10;........ | ...SS...&#10;........ | ........&#10;........ | ........&#10;.TOOS.S. | ........&#10;TTOOSSSS | ........&#10;ISSZZSLL | ........&#10;I.SZLLLL | ........&#10;&#10;step=126, rand=3, actions=&lt;Down&gt;&#10;Want     | Got ✗   &#10;-------------------&#10;...OO... | ........&#10;...OO... | ........&#10;........ | ........&#10;........ | ........&#10;........ | ....SS..&#10;........ | ...SS...&#10;........ | ........&#10;........ | ........&#10;........ | ........&#10;.TOOS.S. | ........&#10;I.SZLLLL | ........&#10;&#10;step=127, rand=3, actions=&lt;Left&gt;&#10;Want     | Got ✗   &#10;-------------------&#10;..OO.... | ........&#10;..OO.... | ........&#10;........ | ........&#10;........ | ........&#10;........ | ...SS...&#10;........ | ..SS....&#10;........ | ........&#10;........ | ........&#10;........ | ........&#10;.TOOS.S. | ........&#10;I.SZLLLL | ........&#10;&#10;step=128, rand=3, actions=&lt;Left&gt;&#10;Want     | Got ✗   &#10;-------------------&#10;.OO..... | ........&#10;.OO..... | ........&#10;........ | ........&#10;........ | ........&#10;........ | ..SS....&#10;........ | .SS.....&#10;........ | ........&#10;........ | ........&#10;........ | ........&#10;.TOOS.S. | ........&#10;I.SZLLLL | ........&#10;&#10;step=129, rand=3, actions=&lt;Down&gt;&#10;Want     | Got ✗   &#10;-------------------&#10;........ | ........&#10;.OO..... | ........&#10;.OO..... | ........&#10;........ | ........&#10;........ | ........&#10;........ | ..SS....&#10;........ | .SS.....&#10;........ | ........&#10;........ | ........&#10;.TOOS.S. | ........&#10;I.SZLLLL | ........&#10;&#10;step=130, rand=3, actions=&lt;Right&gt;&#10;Want     | Got ✗   &#10;-------------------&#10;........ | ........&#10;..OO.... | ........&#10;..OO.... | ........&#10;........ | ........&#10;........ | ........&#10;........ | ...SS...&#10;........ | ..SS....&#10;........ | ........&#10;........ | ........&#10;.TOOS.S. | ........&#10;I.SZLLLL | ........&#10;&#10;step=131, rand=3, actions=&lt;Down&gt;&#10;Want     | Got ✗   &#10;-------------------&#10;........ | ........&#10;........ | ........&#10;..OO.... | ........&#10;..OO.... | ........&#10;........ | ........&#10;........ | ........&#10;........ | ...SS...&#10;........ | ..SS....&#10;........ | ........&#10;.TOOS.S. | ........&#10;I.SZLLLL | ........&#10;&#10;step=132, rand=3, actions=&lt;Down&gt;&#10;Want     | Got ✗   &#10;-------------------&#10;........ | ........&#10;........ | ........&#10;........ | ........&#10;..OO.... | ........&#10;..OO.... | ........&#10;........ | ........&#10;........ | ........&#10;........ | ...SS...&#10;........ | ..SS....&#10;.TOOS.S. | ........&#10;I.SZLLLL | ........&#10;&#10;step=133, rand=3, actions=&lt;Down&gt;&#10;Want     | Got ✗   &#10;-------------------&#10;........ | ........&#10;........ | ........&#10;........ | ........&#10;........ | ........&#10;..OO.... | ........&#10;..OO.... | ........&#10;........ | ........&#10;........ | ........&#10;........ | ...SS...&#10;.TOOS.S. | ..SS....&#10;I.SZLLLL | ........&#10;&#10;step=134, rand=3, actions=&lt;Down&gt;&#10;Want     | Got ✗   &#10;-------------------&#10;........ | ........&#10;........ | ........&#10;........ | ........&#10;........ | ........&#10;........ | ........&#10;..OO.... | ........&#10;..OO.... | ........&#10;........ | ........&#10;........ | ........&#10;.TOOS.S. | ...SS...&#10;I.SZLLLL | ..SS....&#10;&#10;step=135, rand=3, actions=&lt;Down&gt;&#10;Want     | Got ✗   &#10;-------------------&#10;........ | ....OO..&#10;........ | ....OO..&#10;........ | ........&#10;........ | ........&#10;........ | ........&#10;........ | ........&#10;..OO.... | ........&#10;..OO.... | ........&#10;........ | ........&#10;.TOOS.S. | ........&#10;I.SZLLLL | ........&#10;&#10;step=136, rand=3, actions=&lt;Down&gt;&#10;Want     | Got ✗   &#10;-------------------&#10;........ | ........&#10;........ | ....OO..&#10;........ | ....OO..&#10;........ | ........&#10;........ | ........&#10;........ | ........&#10;........ | ........&#10;..OO.... | ........&#10;..OO.... | ........&#10;.TOOS.S. | ........&#10;I.SZLLLL | ........&#10;&#10;step=137, rand=2, actions=&lt;Down&gt;&#10;Want     | Got ✗   &#10;-------------------&#10;....L... | ........&#10;..LLL... | ........&#10;........ | ....OO..&#10;........ | ....OO..&#10;........ | ........&#10;........ | ........&#10;........ | ........&#10;..OO.... | ........&#10;..OO.... | ........&#10;.TOOS.S. | ........&#10;I.SZLLLL | ........&#10;&#10;step=138, rand=2, actions=&lt;RotateRight&gt;&#10;Want     | Got ✗   &#10;-------------------&#10;...L.... | ........&#10;...L.... | ........&#10;...LL... | ....OO..&#10;........ | ....OO..&#10;........ | ........&#10;........ | ........&#10;........ | ........&#10;..OO.... | ........&#10;..OO.... | ........&#10;.TOOS.S. | ........&#10;I.SZLLLL | ........&#10;&#10;step=139, rand=2, actions=&lt;RotateRight&gt;&#10;Want     | Got ✗   &#10;-------------------&#10;........ | ........&#10;..LLL... | ........&#10;..L..... | ....OO..&#10;........ | ....OO..&#10;........ | ........&#10;........ | ........&#10;........ | ........&#10;..OO.... | ........&#10;..OO.... | ........&#10;.TOOS.S. | ........&#10;I.SZLLLL | ........&#10;&#10;step=140, rand=2, actions=&lt;RotateRight&gt;&#10;Want     | Got ✗   &#10;-------------------&#10;..LL.... | ........&#10;...L.... | ........&#10;...L.... | ....OO..&#10;........ | ....OO..&#10;........ | ........&#10;........ | ........&#10;........ | ........&#10;..OO.... | ........&#10;..OO.... | ........&#10;.TOOS.S. | ........&#10;I.SZLLLL | ........&#10;&#10;step=141, rand=2, actions=&lt;Right&gt;&#10;Want     | Got ✗   &#10;-------------------&#10;...LL... | ........&#10;....L... | ........&#10;....L... | .....OO.&#10;........ | .....OO.&#10;........ | ........&#10;........ | ........&#10;........ | ........&#10;..OO.... | ........&#10;..OO.... | ........&#10;.TOOS.S. | ........&#10;I.SZLLLL | ........&#10;&#10;step=142, rand=2, actions=&lt;Down&gt;&#10;Want     | Got ✗   &#10;-------------------&#10;........ | ........&#10;...LL... | ........&#10;....L... | ........&#10;....L... | .....OO.&#10;........ | .....OO.&#10;........ | ........&#10;........ | ........&#10;..OO.... | ........&#10;..OO.... | ........&#10;.TOOS.S. | ........&#10;I.SZLLLL | ........&#10;&#10;step=143, rand=2, actions=&lt;Down&gt;&#10;Want     | Got ✗   &#10;-------------------&#10;........ | ........&#10;........ | ........&#10;...LL... | ........&#10;....L... | ........&#10;....L... | .....OO.&#10;........ | .....OO.&#10;........ | ........&#10;..OO.... | ........&#10;..OO.... | ........&#10;.TOOS.S. | ........&#10;I.SZLLLL | ........&#10;&#10;step=144, rand=2, actions=&lt;Down&gt;&#10;Want     | Got ✗   &#10;-------------------&#10;........ | ........&#10;........ | ........&#10;........ | ........&#10;...LL... | ........&#10;....L... | ........&#10;....L... | .....OO.&#10;........ | .....OO.&#10;..OO.... | ........&#10;..OO.... | ........&#10;.TOOS.S. | ........&#10;I.SZLLLL | ........&#10;&#10;step=145, rand=2, actions=&lt;Down&gt;&#10;Want     | Got ✗   &#10;-------------------&#10;........ | ........&#10;........ | ........&#10;........ | ........&#10;........ | ........&#10;...LL... | ........&#10;....L... | ........&#10;....L... | .....OO.&#10;..OO.... | .....OO.&#10;..OO.... | ........&#10;.TOOS.S. | ........&#10;I.SZLLLL | ........&#10;&#10;step=146, rand=2, actions=&lt;Down&gt;&#10;Want     | Got ✗   &#10;-------------------&#10;........ | ........&#10;........ | ........&#10;........ | ........&#10;........ | ........&#10;........ | ........&#10;...LL... | ........&#10;....L... | ........&#10;..OOL... | .....OO.&#10;..OO.... | .....OO.&#10;.TOOS.S. | ........&#10;I.SZLLLL | ........&#10;&#10;step=147, rand=2, actions=&lt;Down&gt;&#10;Want     | Got ✗   &#10;-------------------&#10;........ | ........&#10;........ | ........&#10;........ | ........&#10;........ | ........&#10;........ | ........&#10;........ | ........&#10;...LL... | ........&#10;..OOL... | ........&#10;..OOL... | .....OO.&#10;.TOOS.S. | .....OO.&#10;I.SZLLLL | ........&#10;&#10;step=148, rand=1, actions=&lt;Down&gt;&#10;Want     | Got ✗   &#10;-------------------&#10;..J..... | ........&#10;..JJJ... | ........&#10;........ | ........&#10;........ | ........&#10;........ | ........&#10;........ | ........&#10;...LL... | ........&#10;..OOL... | ........&#10;..OOL... | ........&#10;.TOOS.S. | .....OO.&#10;I.SZLLLL | .....OO.&#10;&#10;step=149, rand=1, actions=&lt;RotateRight&gt;&#10;Want     | Got ✗   &#10;-------------------&#10;...JJ... | ........&#10;...J.... | ........&#10;...J.... | ........&#10;........ | ........&#10;........ | ........&#10;........ | ........&#10;...LL... | ........&#10;..OOL... | ........&#10;..OOL... | ........&#10;.TOOS.S. | .....OO.&#10;I.SZLLLL | .....OO.&#10;&#10;step=150, rand=1, actions=&lt;Right&gt;&#10;Want     | Got ✗   &#10;-------------------&#10;....JJ.. | ........&#10;....J... | ........&#10;....J... | ........&#10;........ | ........&#10;........ | ........&#10;........ | ........&#10;...LL... | ........&#10;..OOL... | ........&#10;..OOL... | ........&#10;.TOOS.S. | ......OO&#10;I.SZLLLL | ......OO&#10;&#10;step=151, rand=1, actions=&lt;RotateRight&gt;&#10;Want     | Got ✗   &#10;-------------------&#10;........ | ........&#10;...JJJ.. | ........&#10;.....J.. | ........&#10;........ | ........&#10;........ | ........&#10;........ | ........&#10;...LL... | ........&#10;..OOL... | ........&#10;..OOL... | ........&#10;.TOOS.S. | ......OO&#10;I.SZLLLL | ......OO&#10;&#10;step=152, rand=1, actions=&lt;Right&gt;&#10;Want     | Got ✗   &#10;-------------------&#10;........ | ........&#10;....JJJ. | ........&#10;......J. | ........&#10;........ | ........&#10;........ | ........&#10;........ | ........&#10;...LL... | ........&#10;..OOL... | ........&#10;..OOL... | ........&#10;.TOOS.S. | ......OO&#10;I.SZLLLL | ......OO&#10;&#10;step=153, rand=1, actions=&lt;Right&gt;&#10;Want     | Got ✗   &#10;-------------------&#10;........ | ........&#10;.....JJJ | ........&#10;.......J | ........&#10;........ | ........&#10;........ | ........&#10;........ | ........&#10;...LL... | ........&#10;..OOL... | ........&#10;..OOL... | ........&#10;.TOOS.S. | ......OO&#10;I.SZLLLL | ......OO&#10;&#10;step=154, rand=1, actions=&lt;Right&gt;&#10;Want     | Got ✗   &#10;-------------------&#10;........ | ........&#10;.....JJJ | ........&#10;.......J | ........&#10;........ | ........&#10;........ | ........&#10;........ | ........&#10;...LL... | ........&#10;..OOL... | ........&#10;..OOL... | ........&#10;.TOOS.S. | ......OO&#10;I.SZLLLL | ......OO&#10;&#10;step=155, rand=1, actions=&lt;Down&gt;&#10;Want     | Got ✗   &#10;-------------------&#10;........ | ...J....&#10;........ | ...JJJ..&#10;.....JJJ | ........&#10;.......J | ........&#10;........ | ........&#10;........ | ........&#10;...LL... | ........&#10;..OOL... | ........&#10;..OOL... | ........&#10;.TOOS.S. | ........&#10;I.SZLLLL | ........&#10;&#10;step=156, rand=1, actions=&lt;Down&gt;&#10;Want     | Got ✗   &#10;-------------------&#10;........ | ........&#10;........ | ...J....&#10;........ | ...JJJ..&#10;.....JJJ | ........&#10;.......J | ........&#10;........ | ........&#10;...LL... | ........&#10;..OOL... | ........&#10;..OOL... | ........&#10;.TOOS.S. | ........&#10;I.SZLLLL | ........&#10;&#10;step=157, rand=1, actions=&lt;Down&gt;&#10;Want     | Got ✗   &#10;-------------------&#10;........ | ........&#10;........ | ........&#10;........ | ...J....&#10;........ | ...JJJ..&#10;.....JJJ | ........&#10;.......J | ........&#10;...LL... | ........&#10;..OOL... | ........&#10;..OOL... | ........&#10;.TOOS.S. | ........&#10;I.SZLLLL | ........&#10;&#10;step=158, rand=1, actions=&lt;Down&gt;&#10;Want     | Got ✗   &#10;-------------------&#10;........ | ........&#10;........ | ........&#10;........ | ........&#10;........ | ...J....&#10;........ | ...JJJ..&#10;.....JJJ | ........&#10;...LL..J | ........&#10;..OOL... | ........&#10;..OOL... | ........&#10;.TOOS.S. | ........&#10;I.SZLLLL | ........&#10;&#10;step=159, rand=1, actions=&lt;Down&gt;&#10;Want     | Got ✗   &#10;-------------------&#10;........ | ........&#10;........ | ........&#10;........ | ........&#10;........ | ........&#10;........ | ...J....&#10;........ | ...JJJ..&#10;...LLJJJ | ........&#10;..OOL..J | ........&#10;..OOL... | ........&#10;.TOOS.S. | ........&#10;I.SZLLLL | ........&#10;&#10;step=160, rand=1, actions=&lt;Down&gt;&#10;Want     | Got ✗   &#10;-------------------&#10;........ | ........&#10;........ | ........&#10;........ | ........&#10;........ | ........&#10;........ | ........&#10;........ | ...J....&#10;...LL... | ...JJJ..&#10;..OOLJJJ | ........&#10;..OOL..J | ........&#10;.TOOS.S. | ........&#10;I.SZLLLL | ........&#10;&#10;step=161, rand=1, actions=&lt;Down&gt;&#10;Want     | Got ✗   &#10;-------------------&#10;........ | ........&#10;........ | ........&#10;........ | ........&#10;........ | ........&#10;........ | ........&#10;........ | ........&#10;...LL... | ...J....&#10;..OOL... | ...JJJ..&#10;..OOLJJJ | ........&#10;.TOOS.SJ | ........&#10;I.SZLLLL | ........&#10;&#10;step=162, rand=5, actions=&lt;Down&gt;&#10;Want     | Got ✗   &#10;-------------------&#10;...T.... | ........&#10;..TTT... | ........&#10;........ | ........&#10;........ | ........&#10;........ | ........&#10;........ | ........&#10;...LL... | ........&#10;..OOL... | ...J....&#10;..OOLJJJ | ...JJJ..&#10;.TOOS.SJ | ........&#10;I.SZLLLL | ........&#10;&#10;step=163, rand=5, actions=&lt;Left&gt;&#10;Want     | Got ✗   &#10;-------------------&#10;..T..... | ........&#10;.TTT.... | ........&#10;........ | ........&#10;........ | ........&#10;........ | ........&#10;........ | ........&#10;...LL... | ........&#10;..OOL... | ..J.....&#10;..OOLJJJ | ..JJJ...&#10;.TOOS.SJ | ........&#10;I.SZLLLL | ........&#10;&#10;step=164, rand=5, actions=&lt;RotateRight&gt;&#10;Want     | Got ✗   &#10;-------------------&#10;..T..... | ........&#10;..TT.... | ........&#10;..T..... | ........&#10;........ | ........&#10;........ | ........&#10;........ | ........&#10;...LL... | ........&#10;..OOL... | ...JJ...&#10;..OOLJJJ | ...J....&#10;.TOOS.SJ | ...J....&#10;I.SZLLLL | ........&#10;&#10;step=165, rand=5, actions=&lt;Left&gt;&#10;Want     | Got ✗   &#10;-------------------&#10;.T...... | ........&#10;.TT..... | ........&#10;.T...... | ........&#10;........ | ........&#10;........ | ........&#10;........ | ........&#10;...LL... | ........&#10;..OOL... | ..JJ....&#10;..OOLJJJ | ..J.....&#10;.TOOS.SJ | ..J.....&#10;I.SZLLLL | ........&#10;&#10;step=166, rand=5, actions=&lt;Left&gt;&#10;Want     | Got ✗   &#10;-------------------&#10;T....... | ........&#10;TT...... | ........&#10;T....... | ........&#10;........ | ........&#10;........ | ........&#10;........ | ........&#10;...LL... | ........&#10;..OOL... | .JJ.....&#10;..OOLJJJ | .J......&#10;.TOOS.SJ | .J......&#10;I.SZLLLL | ........&#10;&#10;step=167, rand=5, actions=&lt;Down&gt;&#10;Want     | Got ✗   &#10;-------------------&#10;........ | ........&#10;T....... | ........&#10;TT...... | ........&#10;T....... | ........&#10;........ | ........&#10;........ | ........&#10;...LL... | ........&#10;..OOL... | ........&#10;..OOLJJJ | .JJ.....&#10;.TOOS.SJ | .J......&#10;I.SZLLLL | .J......&#10;&#10;step=168, rand=5, actions=&lt;Down&gt;&#10;Want     | Got ✗   &#10;-------------------&#10;........ | ....T...&#10;........ | ...TTT..&#10;T....... | ........&#10;TT...... | ........&#10;T....... | ........&#10;........ | ........&#10;...LL... | ........&#10;..OOL... | ........&#10;..OOLJJJ | ........&#10;.TOOS.SJ | ........&#10;I.SZLLLL | ........&#10;&#10;step=169, rand=5, actions=&lt;Down&gt;&#10;Want     | Got ✗   &#10;-------------------&#10;........ | ........&#10;........ | ....T...&#10;........ | ...TTT..&#10;T....... | ........&#10;TT...... | ........&#10;T....... | ........&#10;...LL... | ........&#10;..OOL... | ........&#10;..OOLJJJ | ........&#10;.TOOS.SJ | ........&#10;I.SZLLLL | ........&#10;&#10;step=170, rand=5, actions=&lt;Down&gt;&#10;Want     | Got ✗   &#10;-------------------&#10;........ | ........&#10;........ | ........&#10;........ | ....T...&#10;........ | ...TTT..&#10;T....... | ........&#10;TT...... | ........&#10;T..LL... | ........&#10;..OOL... | ........&#10;..OOLJJJ | ........&#10;.TOOS.SJ | ........&#10;I.SZLLLL | ........&#10;&#10;step=171, rand=5, actions=&lt;Down&gt;&#10;Want     | Got ✗   &#10;-------------------&#10;........ | ........&#10;........ | ........&#10;........ | ........&#10;........ | ....T...&#10;........ | ...TTT..&#10;T....... | ........&#10;TT.LL... | ........&#10;T.OOL... | ........&#10;..OOLJJJ | ........&#10;.TOOS.SJ | ........&#10;I.SZLLLL | ........&#10;&#10;step=172, rand=5, actions=&lt;Down&gt;&#10;Want     | Got ✗   &#10;-------------------&#10;........ | ........&#10;........ | ........&#10;........ | ........&#10;........ | ........&#10;........ | ....T...&#10;........ | ...TTT..&#10;T..LL... | ........&#10;TTOOL... | ........&#10;T.OOLJJJ | ........&#10;.TOOS.SJ | ........&#10;I.SZLLLL | ........&#10;&#10;step=173, rand=5, actions=&lt;Down&gt;&#10;Want     | Got ✗   &#10;-------------------&#10;........ | ........&#10;........ | ........&#10;........ | ........&#10;........ | ........&#10;........ | ........&#10;........ | ....T...&#10;...LL... | ...TTT..&#10;T.OOL... | ........&#10;TTOOLJJJ | ........&#10;TTOOS.SJ | ........&#10;I.SZLLLL | ........&#10;&#10;step=174, rand=1, actions=&lt;Down&gt;&#10;Want     | Got ✗   &#10;-------------------&#10;..J..... | ........&#10;..JJJ... | ........&#10;........ | ........&#10;........ | ........&#10;........ | ........&#10;........ | ........&#10;........ | ....T...&#10;...LL... | ...TTT..&#10;T.OOL... | ........&#10;TTOOS.SJ | ........&#10;I.SZLLLL | ........&#10;&#10;step=175, rand=1, actions=&lt;RotateRight&gt;&#10;Want     | Got ✗   &#10;-------------------&#10;...JJ... | ........&#10;...J.... | ........&#10;...J.... | ........&#10;........ | ........&#10;........ | ........&#10;........ | ........&#10;........ | ....T...&#10;...LL... | ....TT..&#10;T.OOL... | ....T...&#10;TTOOS.SJ | ........&#10;I.SZLLLL | ........&#10;&#10;step=176, rand=1, actions=&lt;RotateRight&gt;&#10;Want     | Got ✗   &#10;-------------------&#10;........ | ........&#10;..JJJ... | ........&#10;....J... | ........&#10;........ | ........&#10;........ | ........&#10;........ | ........&#10;........ | ........&#10;...LL... | ...TTT..&#10;T.OOL... | ....T...&#10;TTOOS.SJ | ........&#10;I.SZLLLL | ........&#10;&#10;step=177, rand=1, actions=&lt;RotateRight&gt;&#10;Want     | Got ✗   &#10;-------------------&#10;...J.... | ........&#10;...J.... | ........&#10;..JJ.... | ........&#10;........ | ........&#10;........ | ........&#10;........ | ........&#10;........ | ....T...&#10;...LL... | ...TT...&#10;T.OOL... | ....T...&#10;TTOOS.SJ | ........&#10;I.SZLLLL | ........&#10;&#10;step=178, rand=1, actions=&lt;Right&gt;&#10;Want     | Got ✗   &#10;-------------------&#10;....J... | ........&#10;....J... | ........&#10;...JJ... | ........&#10;........ | ........&#10;........ | ........&#10;........ | ........&#10;........ | .....T..&#10;...LL... | ....TT..&#10;T.OOL... | .....T..&#10;TTOOS.SJ | ........&#10;I.SZLLLL | ........&#10;&#10;step=179, rand=1, actions=&lt;Right&gt;&#10;Want     | Got ✗   &#10;-------------------&#10;.....J.. | ........&#10;.....J.. | ........&#10;....JJ.. | ........&#10;........ | ........&#10;........ | ........&#10;........ | ........&#10;........ | ......T.&#10;...LL... | .....TT.&#10;T.OOL... | ......T.&#10;TTOOS.SJ | ........&#10;I.SZLLLL | ........&#10;&#10;step=180, rand=1, actions=&lt;Right&gt;&#10;Want     | Got ✗   &#10;-------------------&#10;......J. | ........&#10;......J. | ........&#10;.....JJ. | ........&#10;........ | ........&#10;........ | ........&#10;........ | ........&#10;........ | .......T&#10;...LL... | ......TT&#10;T.OOL... | .......T&#10;TTOOS.SJ | ........&#10;I.SZLLLL | ........&#10;&#10;step=181, rand=1, actions=&lt;Right&gt;&#10;Want     | Got ✗   &#10;-------------------&#10;.......J | ........&#10;.......J | ........&#10;......JJ | ........&#10;........ | ........&#10;........ | ........&#10;........ | ........&#10;........ | .......T&#10;...LL... | ......TT&#10;T.OOL... | .......T&#10;TTOOS.SJ | ........&#10;I.SZLLLL | ........&#10;&#10;step=182, rand=1, actions=&lt;Down&gt;&#10;Want     | Got ✗   &#10;-------------------&#10;........ | ........&#10;.......J | ........&#10;.......J | ........&#10;......JJ | ........&#10;........ | ........&#10;........ | ........&#10;........ | ........&#10;...LL... | .......T&#10;T.OOL... | ......TT&#10;TTOOS.SJ | .......T&#10;I.SZLLLL | ........&#10;&#10;step=183, rand=1, actions=&lt;Down&gt;&#10;Want     | Got ✗   &#10;-------------------&#10;........ | ........&#10;........ | ........&#10;.......J | ........&#10;.......J | ........&#10;......JJ | ........&#10;........ | ........&#10;........ | ........&#10;...LL... | ........&#10;T.OOL... | .......T&#10;TTOOS.SJ | ......TT&#10;I.SZLLLL | .......T&#10;&#10;step=184, rand=1, actions=&lt;Down&gt;&#10;Want     | Got ✗   &#10;-------------------&#10;........ | ...J....&#10;........ | ...JJJ..&#10;........ | ........&#10;.......J | ........&#10;.......J | ........&#10;......JJ | ........&#10;........ | ........&#10;...LL... | ........&#10;T.OOL... | ........&#10;TTOOS.SJ | ........&#10;I.SZLLLL | ........&#10;&#10;step=185, rand=1, actions=&lt;Down&gt;&#10;Want     | Got ✗   &#10;-------------------&#10;........ | ........&#10;........ | ...J....&#10;........ | ...JJJ..&#10;........ | ........&#10;.......J | ........&#10;.......J | ........&#10;......JJ | ........&#10;...LL... | ........&#10;T.OOL... | ........&#10;TTOOS.SJ | ........&#10;I.SZLLLL | ........&#10;&#10;step=186, rand=1, actions=&lt;Down&gt;&#10;Want     | Got ✗   &#10;-------------------&#10;........ | ........&#10;........ | ........&#10;........ | ...J....&#10;........ | ...JJJ..&#10;........ | ........&#10;.......J | ........&#10;.......J | ........&#10;...LL.JJ | ........&#10;T.OOL... | ........&#10;TTOOS.SJ | ........&#10;I.SZLLLL | ........&#10;&#10;step=187, rand=1, actions=&lt;Down&gt;&#10;Want     | Got ✗   &#10;-------------------&#10;........ | ........&#10;........ | ........&#10;........ | ........&#10;........ | ...J....&#10;........ | ...JJJ..&#10;........ | ........&#10;.......J | ........&#10;...LL..J | ........&#10;T.OOL.JJ | ........&#10;TTOOS.SJ | ........&#10;I.SZLLLL | ........&#10;&#10;step=188, rand=4, actions=&lt;Down&gt;&#10;Want     | Got ✗   &#10;-------------------&#10;...SS... | ........&#10;..SS.... | ........&#10;........ | ........&#10;........ | ........&#10;........ | ...J....&#10;........ | ...JJJ..&#10;.......J | ........&#10;...LL..J | ........&#10;T.OOL.JJ | ........&#10;TTOOS.SJ | ........&#10;I.SZLLLL | ........&#10;&#10;step=189, rand=4, actions=&lt;RotateRight&gt;&#10;Want     | Got ✗   &#10;-------------------&#10;...S.... | ........&#10;...SS... | ........&#10;....S... | ........&#10;........ | ........&#10;........ | ....JJ..&#10;........ | ....J...&#10;.......J | ....J...&#10;...LL..J | ........&#10;T.OOL.JJ | ........&#10;TTOOS.SJ | ........&#10;I.SZLLLL | ........&#10;&#10;step=190, rand=4, actions=&lt;Left&gt;&#10;Want     | Got ✗   &#10;-------------------&#10;..S..... | ........&#10;..SS.... | ........&#10;...S.... | ........&#10;........ | ........&#10;........ | ...JJ...&#10;........ | ...J....&#10;.......J | ...J....&#10;...LL..J | ........&#10;T.OOL.JJ | ........&#10;TTOOS.SJ | ........&#10;I.SZLLLL | ........&#10;&#10;step=191, rand=4, actions=&lt;Left&gt;&#10;Want     | Got ✗   &#10;-------------------&#10;.S...... | ........&#10;.SS..... | ........&#10;..S..... | ........&#10;........ | ........&#10;........ | ..JJ....&#10;........ | ..J.....&#10;.......J | ..J.....&#10;...LL..J | ........&#10;T.OOL.JJ | ........&#10;TTOOS.SJ | ........&#10;I.SZLLLL | ........&#10;&#10;step=192, rand=4, actions=&lt;Left&gt;&#10;Want     | Got ✗   &#10;-------------------&#10;S....... | ........&#10;SS...... | ........&#10;.S...... | ........&#10;........ | ........&#10;........ | .JJ.....&#10;........ | .J......&#10;.......J | .J......&#10;...LL..J | ........&#10;T.OOL.JJ | ........&#10;TTOOS.SJ | ........&#10;I.SZLLLL | ........&#10;&#10;step=193, rand=4, actions=&lt;Down&gt;&#10;Want     | Got ✗   &#10;-------------------&#10;........ | ........&#10;S....... | ........&#10;SS...... | ........&#10;.S...... | ........&#10;........ | ........&#10;........ | .JJ.....&#10;.......J | .J......&#10;...LL..J | .J......&#10;T.OOL.JJ | ........&#10;TTOOS.SJ | ........&#10;I.SZLLLL | ........&#10;&#10;step=194, rand=4, actions=&lt;Down&gt;&#10;Want     | Got ✗   &#10;-------------------&#10;........ | ........&#10;........ | ........&#10;S....... | ........&#10;SS...... | ........&#10;.S...... | ........&#10;........ | ........&#10;.......J | .JJ.....&#10;...LL..J | .J......&#10;T.OOL.JJ | .J......&#10;TTOOS.SJ | ........&#10;I.SZLLLL | ........&#10;&#10;step=195, rand=4, actions=&lt;Down&gt;&#10;Want     | Got ✗   &#10;-------------------&#10;........ | ........&#10;........ | ........&#10;........ | ........&#10;S....... | ........&#10;SS...... | ........&#10;.S...... | ........&#10;.......J | ........&#10;...LL..J | .JJ.....&#10;T.OOL.JJ | .J......&#10;TTOOS.SJ | .J......&#10;I.SZLLLL | ........&#10;&#10;step=196, rand=4, actions=&lt;Down&gt;&#10;Want     | Got ✗   &#10;-------------------&#10;........ | ........&#10;........ | ........&#10;........ | ........&#10;........ | ........&#10;S....... | ........&#10;SS...... | ........&#10;.S.....J | ........&#10;...LL..J | ........&#10;T.OOL.JJ | .JJ.....&#10;TTOOS.SJ | .J......&#10;I.SZLLLL | .J......&#10;&#10;step=197, rand=4, actions=&lt;Down&gt;&#10;Want     | Got ✗   &#10;-------------------&#10;........ | ....SS..&#10;........ | ...SS...&#10;........ | ........&#10;........ | ........&#10;........ | ........&#10;S....... | ........&#10;SS.....J | ........&#10;.S.LL..J | ........&#10;T.OOL.JJ | ........&#10;TTOOS.SJ | ........&#10;I.SZLLLL | ........&#10;&#10;step=198, rand=4, actions=&lt;Down&gt;&#10;Want     | Got ✗   &#10;-------------------&#10;........ | ........&#10;........ | ....SS..&#10;........ | ...SS...&#10;........ | ........&#10;........ | ........&#10;........ | ........&#10;S......J | ........&#10;SS.LL..J | ........&#10;TSOOL.JJ | ........&#10;TTOOS.SJ | ........&#10;I.SZLLLL | ........&#10;&#10;step=199, rand=6, actions=&lt;Down&gt;&#10;Want     | Got ✗   &#10;-------------------&#10;..ZZ.... | ........&#10;...ZZ... | ........&#10;........ | ....SS..&#10;........ | ...SS...&#10;........ | ........&#10;........ | ........&#10;S......J | ........&#10;SS.LL..J | ........&#10;TSOOL.JJ | ........&#10;TTOOS.SJ | ........&#10;I.SZLLLL | ........&#10;&#10;step=200, rand=6, actions=&lt;RotateRight&gt;&#10;Want     | Got ✗   &#10;-------------------&#10;....Z... | ........&#10;...ZZ... | ........&#10;...Z.... | ....S...&#10;........ | ....SS..&#10;........ | .....S..&#10;........ | ........&#10;S......J | ........&#10;SS.LL..J | ........&#10;TSOOL.JJ | ........&#10;TTOOS.SJ | ........&#10;I.SZLLLL | ........&#10;&#10;step=201, rand=6, actions=&lt;Left&gt;&#10;Want     | Got ✗   &#10;-------------------&#10;...Z.... | ........&#10;..ZZ.... | ........&#10;..Z..... | ...S....&#10;........ | ...SS...&#10;........ | ....S...&#10;........ | ........&#10;S......J | ........&#10;SS.LL..J | ........&#10;TSOOL.JJ | ........&#10;TTOOS.SJ | ........&#10;I.SZLLLL | ........&#10;&#10;step=202, rand=6, actions=&lt;Down&gt;&#10;Want     | Got ✗   &#10;-------------------&#10;........ | ........&#10;...Z.... | ........&#10;..ZZ.... | ........&#10;..Z..... | ...S....&#10;........ | ...SS...&#10;........ | ....S...&#10;S......J | ........&#10;SS.LL..J | ........&#10;TSOOL.JJ | ........&#10;TTOOS.SJ | ........&#10;I.SZLLLL | ........&#10;&#10;step=203, rand=6, actions=&lt;Down&gt;&#10;Want     | Got ✗   &#10;-------------------&#10;........ | ........&#10;........ | ........&#10;...Z.... | ........&#10;..ZZ.... | ........&#10;..Z..... | ...S....&#10;........ | ...SS...&#10;S......J | ....S...&#10;SS.LL..J | ........&#10;TSOOL.JJ | ........&#10;TTOOS.SJ | ........&#10;I.SZLLLL | ........&#10;&#10;step=204, rand=6, actions=&lt;Down&gt;&#10;Want     | Got ✗   &#10;-------------------&#10;........ | ........&#10;........ | ........&#10;........ | ........&#10;...Z.... | ........&#10;..ZZ.... | ........&#10;..Z..... | ...S....&#10;S......J | ...SS...&#10;SS.LL..J | ....S...&#10;TSOOL.JJ | ........&#10;TTOOS.SJ | ........&#10;I.SZLLLL | ........&#10;&#10;step=205, rand=6, actions=&lt;Down&gt;&#10;Want     | Got ✗   &#10;-------------------&#10;........ | ........&#10;........ | ........&#10;........ | ........&#10;........ | ........&#10;...Z.... | ........&#10;..ZZ.... | ........&#10;S.Z....J | ...S....&#10;SS.LL..J | ...SS...&#10;TSOOL.JJ | ....S...&#10;TTOOS.SJ | ........&#10;I.SZLLLL | ........&#10;&#10;step=206, rand=6, actions=&lt;Down&gt;&#10;Want     | Got ✗   &#10;-------------------&#10;........ | ........&#10;........ | ........&#10;........ | ........&#10;........ | ........&#10;........ | ........&#10;...Z.... | ........&#10;S.ZZ...J | ........&#10;SSZLL..J | ...S....&#10;TSOOL.JJ | ...SS...&#10;TTOOS.SJ | ....S...&#10;I.SZLLLL | ........&#10;&#10;step=207, rand=6, actions=&lt;Down&gt;&#10;Want     | Got ✗   &#10;-------------------&#10;..ZZ.... | ........&#10;...ZZ... | ........&#10;........ | ........&#10;........ | ........&#10;........ | ........&#10;...Z.... | ........&#10;S.ZZ...J | ........&#10;SSZLL..J | ........&#10;TSOOL.JJ | ...S....&#10;TTOOS.SJ | ...SS...&#10;I.SZLLLL | ....S...&#10;&#10;step=208, rand=6, actions=&lt;RotateRight&gt;&#10;Want     | Got ✗   &#10;-------------------&#10;....Z... | ........&#10;...ZZ... | ........&#10;...Z.... | ........&#10;........ | ........&#10;........ | ........&#10;...Z.... | ........&#10;S.ZZ...J | ........&#10;SSZLL..J | ........&#10;TSOOL.JJ | ........&#10;TTOOS.SJ | ...SS...&#10;I.SZLLLL | ..SS....&#10;&#10;step=209, rand=6, actions=&lt;Left&gt;&#10;Want     | Got ✗   &#10;-------------------&#10;...Z.... | ........&#10;..ZZ.... | ........&#10;..Z..... | ........&#10;........ | ........&#10;........ | ........&#10;...Z.... | ........&#10;S.ZZ...J | ........&#10;SSZLL..J | ........&#10;TSOOL.JJ | ........&#10;TTOOS.SJ | ..SS....&#10;I.SZLLLL | .SS.....&#10;&#10;step=210, rand=6, actions=&lt;Left&gt;&#10;Want     | Got ✗   &#10;-------------------&#10;..Z..... | ........&#10;.ZZ..... | ........&#10;.Z...... | ........&#10;........ | ........&#10;........ | ........&#10;...Z.... | ........&#10;S.ZZ...J | ........&#10;SSZLL..J | ........&#10;TSOOL.JJ | ........&#10;TTOOS.SJ | .SS.....&#10;I.SZLLLL | SS......&#10;&#10;step=211, rand=6, actions=&lt;Down&gt;&#10;Want     | Got ✗   &#10;-------------------&#10;........ | ...ZZ...&#10;..Z..... | ....ZZ..&#10;.ZZ..... | ........&#10;.Z...... | ........&#10;........ | ........&#10;...Z.... | ........&#10;S.ZZ...J | ........&#10;SSZLL..J | ........&#10;TSOOL.JJ | ........&#10;TTOOS.SJ | ........&#10;I.SZLLLL | ........&#10;&#10;step=212, rand=6, actions=&lt;Down&gt;&#10;Want     | Got ✗   &#10;-------------------&#10;........ | ........&#10;........ | ...ZZ...&#10;..Z..... | ....ZZ..&#10;.ZZ..... | ........&#10;.Z...... | ........&#10;...Z.... | ........&#10;S.ZZ...J | ........&#10;SSZLL..J | ........&#10;TSOOL.JJ | ........&#10;TTOOS.SJ | ........&#10;I.SZLLLL | ........&#10;&#10;step=213, rand=6, actions=&lt;Down&gt;&#10;Want     | Got ✗   &#10;-------------------&#10;........ | ........&#10;........ | ........&#10;........ | ...ZZ...&#10;..Z..... | ....ZZ..&#10;.ZZ..... | ........&#10;.Z.Z.... | ........&#10;S.ZZ...J | ........&#10;SSZLL..J | ........&#10;TSOOL.JJ | ........&#10;TTOOS.SJ | ........&#10;I.SZLLLL | ........&#10;&#10;step=214, rand=6, actions=&lt;Down&gt;&#10;Want     | Got ✗   &#10;-------------------&#10;........ | ........&#10;........ | ........&#10;........ | ........&#10;........ | ...ZZ...&#10;..Z..... | ....ZZ..&#10;.ZZZ.... | ........&#10;SZZZ...J | ........&#10;SSZLL..J | ........&#10;TSOOL.JJ | ........&#10;TTOOS.SJ | ........&#10;I.SZLLLL | ........&#10;&#10;step=215, rand=5, actions=&lt;Down&gt;&#10;Want     | Got ✗   &#10;-------------------&#10;...T.... | ........&#10;..TTT... | ........&#10;........ | ........&#10;........ | ........&#10;..Z..... | ...ZZ...&#10;.ZZZ.... | ....ZZ..&#10;SZZZ...J | ........&#10;SSZLL..J | ........&#10;TSOOL.JJ | ........&#10;TTOOS.SJ | ........&#10;I.SZLLLL | ........&#10;&#10;step=216, rand=5, actions=&lt;Right&gt;&#10;Want     | Got ✗   &#10;-------------------&#10;....T... | ........&#10;...TTT.. | ........&#10;........ | ........&#10;........ | ........&#10;..Z..... | ....ZZ..&#10;.ZZZ.... | .....ZZ.&#10;SZZZ...J | ........&#10;SSZLL..J | ........&#10;TSOOL.JJ | ........&#10;TTOOS.SJ | ........&#10;I.SZLLLL | ........&#10;&#10;step=217, rand=5, actions=&lt;Left&gt;&#10;Want     | Got ✗   &#10;-------------------&#10;...T.... | ........&#10;..TTT... | ........&#10;........ | ........&#10;........ | ........&#10;..Z..... | ...ZZ...&#10;.ZZZ.... | ....ZZ..&#10;SZZZ...J | ........&#10;SSZLL..J | ........&#10;TSOOL.JJ | ........&#10;TTOOS.SJ | ........&#10;I.SZLLLL | ........&#10;&#10;step=218, rand=5, actions=&lt;RotateRight&gt;&#10;Want     | Got ✗   &#10;-------------------&#10;...T.... | ........&#10;...TT... | ........&#10;...T.... | ........&#10;........ | ........&#10;..Z..... | .....Z..&#10;.ZZZ.... | ....ZZ..&#10;SZZZ...J | ....Z...&#10;SSZLL..J | ........&#10;TSOOL.JJ | ........&#10;TTOOS.SJ | ........&#10;I.SZLLLL | ........&#10;&#10;step=219, rand=5, actions=&lt;Left&gt;&#10;Want     | Got ✗   &#10;-------------------&#10;..T..... | ........&#10;..TT.... | ........&#10;..T..... | ........&#10;........ | ........&#10;..Z..... | ....Z...&#10;.ZZZ.... | ...ZZ...&#10;SZZZ...J | ...Z....&#10;SSZLL..J | ........&#10;TSOOL.JJ | ........&#10;TTOOS.SJ | ........&#10;I.SZLLLL | ........&#10;&#10;step=220, rand=5, actions=&lt;Left&gt;&#10;Want     | Got ✗   &#10;-------------------&#10;.T...... | ........&#10;.TT..... | ........&#10;.T...... | ........&#10;........ | ........&#10;..Z..... | ...Z....&#10;.ZZZ.... | ..ZZ....&#10;SZZZ...J | ..Z.....&#10;SSZLL..J | ........&#10;TSOOL.JJ | ........&#10;TTOOS.SJ | ........&#10;I.SZLLLL | ........&#10;&#10;step=221, rand=5, actions=&lt;Left&gt;&#10;Want     | Got ✗   &#10;-------------------&#10;T....... | ........&#10;TT...... | ........&#10;T....... | ........&#10;........ | ........&#10;..Z..... | ..Z.....&#10;.ZZZ.... | .ZZ.....&#10;SZZZ...J | .Z......&#10;SSZLL..J | ........&#10;TSOOL.JJ | ........&#10;TTOOS.SJ | ........&#10;I.SZLLLL | ........&#10;&#10;step=222, rand=5, actions=&lt;Down&gt;&#10;Want     | Got ✗   &#10;-------------------&#10;........ | ........&#10;T....... | ........&#10;TT...... | ........&#10;T....... | ........&#10;..Z..... | ........&#10;.ZZZ.... | ..Z.....&#10;SZZZ...J | .ZZ.....&#10;SSZLL..J | .Z......&#10;TSOOL.JJ | ........&#10;TTOOS.SJ | ........&#10;I.SZLLLL | ........&#10;&#10;step=223, rand=5, actions=&lt;Down&gt;&#10;Want     | Got ✗   &#10;-------------------&#10;........ | ........&#10;........ | ........&#10;T....... | ........&#10;TT...... | ........&#10;T.Z..... | ........&#10;.ZZZ.... | ........&#10;SZZZ...J | ..Z.....&#10;SSZLL..J | .ZZ.....&#10;TSOOL.JJ | .Z......&#10;TTOOS.SJ | ........&#10;I.SZLLLL | ........&#10;&#10;step=224, rand=5, actions=&lt;Down&gt;&#10;Want     | Got ✗   &#10;-------------------&#10;........ | ........&#10;........ | ........&#10;........ | ........&#10;T....... | ........&#10;TTZ..... | ........&#10;TZZZ.... | ........&#10;SZZZ...J | ........&#10;SSZLL..J | ..Z.....&#10;TSOOL.JJ | .ZZ.....&#10;TTOOS.SJ | .Z......&#10;I.SZLLLL | ........&#10;&#10;step=225, rand=3, actions=&lt;Down&gt;&#10;Want     | Got ✗   &#10;-------------------&#10;...OO... | ........&#10;...OO... | ........&#10;........ | ........&#10;T....... | ........&#10;TTZ..... | ........&#10;TZZZ.... | ........&#10;SZZZ...J | ........&#10;SSZLL..J | ........&#10;TSOOL.JJ | ..Z.....&#10;TTOOS.SJ | .ZZ.....&#10;I.SZLLLL | .Z......&#10;&#10;step=226, rand=3, actions=&lt;Right&gt;&#10;Want     | Got ✗   &#10;-------------------&#10;....OO.. | ........&#10;....OO.. | ........&#10;........ | ........&#10;T....... | ........&#10;TTZ..... | ........&#10;TZZZ.... | ........&#10;SZZZ...J | ........&#10;SSZLL..J | ........&#10;TSOOL.JJ | ...Z....&#10;TTOOS.SJ | ..ZZ....&#10;I.SZLLLL | ..Z.....&#10;&#10;step=227, rand=3, actions=&lt;Right&gt;&#10;Want     | Got ✗   &#10;-------------------&#10;.....OO. | ........&#10;.....OO. | ........&#10;........ | ........&#10;T....... | ........&#10;TTZ..... | ........&#10;TZZZ.... | ........&#10;SZZZ...J | ........&#10;SSZLL..J | ........&#10;TSOOL.JJ | ....Z...&#10;TTOOS.SJ | ...ZZ...&#10;I.SZLLLL | ...Z....&#10;&#10;step=228, rand=3, actions=&lt;Left&gt;&#10;Want     | Got ✗   &#10;-------------------&#10;....OO.. | ........&#10;....OO.. | ........&#10;........ | ........&#10;T....... | ........&#10;TTZ..... | ........&#10;TZZZ.... | ........&#10;SZZZ...J | ........&#10;SSZLL..J | ........&#10;TSOOL.JJ | ...Z....&#10;TTOOS.SJ | ..ZZ....&#10;I.SZLLLL | ..Z.....&#10;&#10;step=229, rand=3, actions=&lt;Right&gt;&#10;Want     | Got ✗   &#10;-------------------&#10;.....OO. | ........&#10;.....OO. | ........&#10;........ | ........&#10;T....... | ........&#10;TTZ..... | ........&#10;TZZZ.... | ........&#10;SZZZ...J | ........&#10;SSZLL..J | ........&#10;TSOOL.JJ | ....Z...&#10;TTOOS.SJ | ...ZZ...&#10;I.SZLLLL | ...Z....&#10;&#10;step=230, rand=3, actions=&lt;Down&gt;&#10;Want     | Got ✗   &#10;-------------------&#10;........ | ....OO..&#10;.....OO. | ....OO..&#10;.....OO. | ........&#10;T....... | ........&#10;TTZ..... | ........&#10;TZZZ.... | ........&#10;SZZZ...J | ........&#10;SSZLL..J | ........&#10;TSOOL.JJ | ........&#10;TTOOS.SJ | ........&#10;I.SZLLLL | ........&#10;&#10;step=231, rand=3, actions=&lt;Down&gt;&#10;Want     | Got ✗   &#10;-------------------&#10;........ | ........&#10;........ | ....OO..&#10;.....OO. | ....OO..&#10;T....OO. | ........&#10;TTZ..... | ........&#10;TZZZ.... | ........&#10;SZZZ...J | ........&#10;SSZLL..J | ........&#10;TSOOL.JJ | ........&#10;TTOOS.SJ | ........&#10;I.SZLLLL | ........&#10;&#10;step=232, rand=3, actions=&lt;Down&gt;&#10;Want     | Got ✗   &#10;-------------------&#10;........ | ........&#10;........ | ........&#10;........ | ....OO..&#10;T....OO. | ....OO..&#10;TTZ..OO. | ........&#10;TZZZ.... | ........&#10;SZZZ...J | ........&#10;SSZLL..J | ........&#10;TSOOL.JJ | ........&#10;TTOOS.SJ | ........&#10;I.SZLLLL | ........&#10;&#10;step=233, rand=3, actions=&lt;Down&gt;&#10;Want     | Got ✗   &#10;-------------------&#10;........ | ........&#10;........ | ........&#10;........ | ........&#10;T....... | ....OO..&#10;TTZ..OO. | ....OO..&#10;TZZZ.OO. | ........&#10;SZZZ...J | ........&#10;SSZLL..J | ........&#10;TSOOL.JJ | ........&#10;TTOOS.SJ | ........&#10;I.SZLLLL | ........&#10;&#10;step=234, rand=3, actions=&lt;Down&gt;&#10;Want     | Got ✗   &#10;-------------------&#10;........ | ........&#10;........ | ........&#10;........ | ........&#10;T....... | ........&#10;TTZ..... | ....OO..&#10;TZZZ.OO. | ....OO..&#10;SZZZ.OOJ | ........&#10;SSZLL..J | ........&#10;TSOOL.JJ | ........&#10;TTOOS.SJ | ........&#10;I.SZLLLL | ........&#10;&#10;step=235, rand=3, actions=&lt;Down&gt;&#10;Want     | Got ✗   &#10;-------------------&#10;........ | ........&#10;........ | ........&#10;........ | ........&#10;T....... | ........&#10;TTZ..... | ........&#10;TZZZ.... | ....OO..&#10;SZZZ.OOJ | ....OO..&#10;SSZLLOOJ | ........&#10;TSOOL.JJ | ........&#10;TTOOS.SJ | ........&#10;I.SZLLLL | ........&#10;&#10;step=236, rand=3, actions=&lt;Right&gt;&#10;Want     | Got ✗   &#10;-------------------&#10;........ | ........&#10;........ | ........&#10;........ | ........&#10;T....... | ........&#10;TTZ..... | ........&#10;TZZZ.... | .....OO.&#10;SZZZ.OOJ | .....OO.&#10;SSZLLOOJ | ........&#10;TSOOL.JJ | ........&#10;TTOOS.SJ | ........&#10;I.SZLLLL | ........&#10;&#10;step=237, rand=6, actions=&lt;Down&gt;&#10;Want     | Got ✗   &#10;-------------------&#10;..ZZ.... | ........&#10;...ZZ... | ........&#10;........ | ........&#10;........ | ........&#10;T....... | ........&#10;TTZ..... | ........&#10;TZZZ.... | .....OO.&#10;SZZZ.OOJ | .....OO.&#10;TSOOL.JJ | ........&#10;TTOOS.SJ | ........&#10;I.SZLLLL | ........&#10;&#10;step=238, rand=6, actions=&lt;RotateRight&gt;&#10;Want     | Got ✗   &#10;-------------------&#10;....Z... | ........&#10;...ZZ... | ........&#10;...Z.... | ........&#10;........ | ........&#10;T....... | ........&#10;TTZ..... | ........&#10;TZZZ.... | .....OO.&#10;SZZZ.OOJ | .....OO.&#10;TSOOL.JJ | ........&#10;TTOOS.SJ | ........&#10;I.SZLLLL | ........&#10;&#10;step=239, rand=6, actions=&lt;Right&gt;&#10;Want     | Got ✗   &#10;-------------------&#10;.....Z.. | ........&#10;....ZZ.. | ........&#10;....Z... | ........&#10;........ | ........&#10;T....... | ........&#10;TTZ..... | ........&#10;TZZZ.... | ......OO&#10;SZZZ.OOJ | ......OO&#10;TSOOL.JJ | ........&#10;TTOOS.SJ | ........&#10;I.SZLLLL | ........&#10;&#10;step=240, rand=6, actions=&lt;Right&gt;&#10;Want     | Got ✗   &#10;-------------------&#10;......Z. | ........&#10;.....ZZ. | ........&#10;.....Z.. | ........&#10;........ | ........&#10;T....... | ........&#10;TTZ..... | ........&#10;TZZZ.... | ......OO&#10;SZZZ.OOJ | ......OO&#10;TSOOL.JJ | ........&#10;TTOOS.SJ | ........&#10;I.SZLLLL | ........&#10;&#10;step=241, rand=6, actions=&lt;Left&gt;&#10;Want     | Got ✗   &#10;-------------------&#10;.....Z.. | ........&#10;....ZZ.. | ........&#10;....Z... | ........&#10;........ | ........&#10;T....... | ........&#10;TTZ..... | ........&#10;TZZZ.... | .....OO.&#10;SZZZ.OOJ | .....OO.&#10;TSOOL.JJ | ........&#10;TTOOS.SJ | ........&#10;I.SZLLLL | ........&#10;&#10;step=242, rand=6, actions=&lt;Down&gt;&#10;Want     | Got ✗   &#10;-------------------&#10;........ | ........&#10;.....Z.. | ........&#10;....ZZ.. | ........&#10;....Z... | ........&#10;T....... | ........&#10;TTZ..... | ........&#10;TZZZ.... | ........&#10;SZZZ.OOJ | .....OO.&#10;TSOOL.JJ | .....OO.&#10;TTOOS.SJ | ........&#10;I.SZLLLL | ........&#10;&#10;step=243, rand=6, actions=&lt;Down&gt;&#10;Want     | Got ✗   &#10;-------------------&#10;........ | ........&#10;........ | ........&#10;.....Z.. | ........&#10;....ZZ.. | ........&#10;T...Z... | ........&#10;TTZ..... | ........&#10;TZZZ.... | ........&#10;SZZZ.OOJ | ........&#10;TSOOL.JJ | .....OO.&#10;TTOOS.SJ | .....OO.&#10;I.SZLLLL | ........&#10;&#10;step=244, rand=6, actions=&lt;Down&gt;&#10;Want     | Got ✗   &#10;-------------------&#10;........ | ........&#10;........ | ........&#10;........ | ........&#10;.....Z.. | ........&#10;T...ZZ.. | ........&#10;TTZ.Z... | ........&#10;TZZZ.... | ........&#10;SZZZ.OOJ | ........&#10;TSOOL.JJ | ........&#10;TTOOS.SJ | .....OO.&#10;I.SZLLLL | .....OO.&#10;&#10;step=245, rand=6, actions=&lt;Down&gt;&#10;Want     | Got ✗   &#10;-------------------&#10;........ | ...ZZ...&#10;........ | ....ZZ..&#10;........ | ........&#10;........ | ........&#10;T....Z.. | ........&#10;TTZ.ZZ.. | ........&#10;TZZZZ... | ........&#10;SZZZ.OOJ | ........&#10;TSOOL.JJ | ........&#10;TTOOS.SJ | ........&#10;I.SZLLLL | ........&#10;&#10;step=246, rand=6, actions=&lt;Down&gt;&#10;Want     | Got ✗   &#10;-------------------&#10;........ | ........&#10;........ | ...ZZ...&#10;........ | ....ZZ..&#10;........ | ........&#10;T....... | ........&#10;TTZ..Z.. | ........&#10;TZZZZZ.. | ........&#10;SZZZZOOJ | ........&#10;TSOOL.JJ | ........&#10;TTOOS.SJ | ........&#10;I.SZLLLL | ........&#10;&#10;step=247, rand=5, actions=&lt;Down&gt;&#10;Want     | Got ✗   &#10;-------------------&#10;...T.... | ........&#10;..TTT... | ........&#10;........ | ...ZZ...&#10;........ | ....ZZ..&#10;........ | ........&#10;T....... | ........&#10;TTZ..Z.. | ........&#10;TZZZZZ.. | ........&#10;TSOOL.JJ | ........&#10;TTOOS.SJ | ........&#10;I.SZLLLL | ........&#10;&#10;step=248, rand=5, actions=&lt;RotateRight&gt;&#10;Want     | Got ✗   &#10;-------------------&#10;...T.... | ........&#10;...TT... | ........&#10;...T.... | .....Z..&#10;........ | ....ZZ..&#10;........ | ....Z...&#10;T....... | ........&#10;TTZ..Z.. | ........&#10;TZZZZZ.. | ........&#10;TSOOL.JJ | ........&#10;TTOOS.SJ | ........&#10;I.SZLLLL | ........&#10;&#10;step=249, rand=5, actions=&lt;RotateRight&gt;&#10;Want     | Got ✗   &#10;-------------------&#10;........ | ........&#10;..TTT... | ........&#10;...T.... | ........&#10;........ | ...ZZ...&#10;........ | ....ZZ..&#10;T....... | ........&#10;TTZ..Z.. | ........&#10;TZZZZZ.. | ........&#10;TSOOL.JJ | ........&#10;TTOOS.SJ | ........&#10;I.SZLLLL | ........&#10;&#10;step=250, rand=5, actions=&lt;RotateRight&gt;&#10;Want     | Got ✗   &#10;-------------------&#10;...T.... | ........&#10;..TT.... | ........&#10;...T.... | ....Z...&#10;........ | ...ZZ...&#10;........ | ...Z....&#10;T....... | ........&#10;TTZ..Z.. | ........&#10;TZZZZZ.. | ........&#10;TSOOL.JJ | ........&#10;TTOOS.SJ | ........&#10;I.SZLLLL | ........&#10;&#10;step=251, rand=5, actions=&lt;RotateRight&gt;&#10;Want     | Got ✗   &#10;-------------------&#10;...T.... | ........&#10;..TTT... | ........&#10;........ | ...ZZ...&#10;........ | ....ZZ..&#10;........ | ........&#10;T....... | ........&#10;TTZ..Z.. | ........&#10;TZZZZZ.. | ........&#10;TSOOL.JJ | ........&#10;TTOOS.SJ | ........&#10;I.SZLLLL | ........&#10;&#10;step=252, rand=5, actions=&lt;RotateRight&gt;&#10;Want     | Got ✗   &#10;-------------------&#10;...T.... | ........&#10;...TT... | ........&#10;...T.... | .....Z..&#10;........ | ....ZZ..&#10;........ | ....Z...&#10;T....... | ........&#10;TTZ..Z.. | ........&#10;TZZZZZ.. | ........&#10;TSOOL.JJ | ........&#10;TTOOS.SJ | ........&#10;I.SZLLLL | ........&#10;&#10;step=253, rand=5, actions=&lt;Right&gt;&#10;Want     | Got ✗   &#10;-------------------&#10;....T... | ........&#10;....TT.. | ........&#10;....T... | ......Z.&#10;........ | .....ZZ.&#10;........ | .....Z..&#10;T....... | ........&#10;TTZ..Z.. | ........&#10;TZZZZZ.. | ........&#10;TSOOL.JJ | ........&#10;TTOOS.SJ | ........&#10;I.SZLLLL | ........&#10;&#10;step=254, rand=5, actions=&lt;Down&gt;&#10;Want     | Got ✗   &#10;-------------------&#10;........ | ........&#10;....T... | ........&#10;....TT.. | ........&#10;....T... | ......Z.&#10;........ | .....ZZ.&#10;T....... | .....Z..&#10;TTZ..Z.. | ........&#10;TZZZZZ.. | ........&#10;TSOOL.JJ | ........&#10;TTOOS.SJ | ........&#10;I.SZLLLL | ........&#10;&#10;step=255, rand=5, actions=&lt;Down&gt;&#10;Want     | Got ✗   &#10;-------------------&#10;........ | ........&#10;........ | ........&#10;....T... | ........&#10;....TT.. | ........&#10;....T... | ......Z.&#10;T....... | .....ZZ.&#10;TTZ..Z.. | .....Z..&#10;TZZZZZ.. | ........&#10;TSOOL.JJ | ........&#10;TTOOS.SJ | ........&#10;I.SZLLLL | ........&#10;&#10;step=256, rand=5, actions=&lt;Down&gt;&#10;Want     | Got ✗   &#10;-------------------&#10;........ | ........&#10;........ | ........&#10;........ | ........&#10;....T... | ........&#10;....TT.. | ........&#10;T...T... | ......Z.&#10;TTZ..Z.. | .....ZZ.&#10;TZZZZZ.. | .....Z..&#10;TSOOL.JJ | ........&#10;TTOOS.SJ | ........&#10;I.SZLLLL | ........&#10;&#10;step=257, rand=5, actions=&lt;Down&gt;&#10;Want     | Got ✗   &#10;-------------------&#10;........ | ........&#10;........ | ........&#10;........ | ........&#10;........ | ........&#10;....T... | ........&#10;T...TT.. | ........&#10;TTZ.TZ.. | ......Z.&#10;TZZZZZ.. | .....ZZ.&#10;TSOOL.JJ | .....Z..&#10;TTOOS.SJ | ........&#10;I.SZLLLL | ........&#10;&#10;step=258, rand=5, actions=&lt;Down&gt;&#10;Want     | Got ✗   &#10;-------------------&#10;...T.... | ........&#10;..TTT... | ........&#10;........ | ........&#10;........ | ........&#10;....T... | ........&#10;T...TT.. | ........&#10;TTZ.TZ.. | ........&#10;TZZZZZ.. | ......Z.&#10;TSOOL.JJ | .....ZZ.&#10;TTOOS.SJ | .....Z..&#10;I.SZLLLL | ........&#10;&#10;step=259, rand=5, actions=&lt;RotateRight&gt;&#10;Want     | Got ✗   &#10;-------------------&#10;...T.... | ........&#10;...TT... | ........&#10;...T.... | ........&#10;........ | ........&#10;....T... | ........&#10;T...TT.. | ........&#10;TTZ.TZ.. | ........&#10;TZZZZZ.. | ........&#10;TSOOL.JJ | ....ZZ..&#10;TTOOS.SJ | .....ZZ.&#10;I.SZLLLL | ........&#10;&#10;step=260, rand=5, actions=&lt;RotateRight&gt;&#10;Want     | Got ✗   &#10;-------------------&#10;........ | ........&#10;..TTT... | ........&#10;...T.... | ........&#10;........ | ........&#10;....T... | ........&#10;T...TT.. | ........&#10;TTZ.TZ.. | ........&#10;TZZZZZ.. | .....Z..&#10;TSOOL.JJ | ....ZZ..&#10;TTOOS.SJ | ....Z...&#10;I.SZLLLL | ........&#10;&#10;step=261, rand=5, actions=&lt;RotateRight&gt;&#10;Want     | Got ✗   &#10;-------------------&#10;...T.... | ........&#10;..TT.... | ........&#10;...T.... | ........&#10;........ | ........&#10;....T... | ........&#10;T...TT.. | ........&#10;TTZ.TZ.. | ........&#10;TZZZZZ.. | ....ZZ..&#10;TSOOL.JJ | .....ZZ.&#10;TTOOS.SJ | ........&#10;I.SZLLLL | ........&#10;&#10;step=262, rand=5, actions=&lt;Down&gt;&#10;Want     | Got ✗   &#10;-------------------&#10;........ | ........&#10;...T.... | ........&#10;..TT.... | ........&#10;...T.... | ........&#10;....T... | ........&#10;T...TT.. | ........&#10;TTZ.TZ.. | ........&#10;TZZZZZ.. | ........&#10;TSOOL.JJ | ....ZZ..&#10;TTOOS.SJ | .....ZZ.&#10;I.SZLLLL | ........&#10;&#10;step=263, rand=5, actions=&lt;Down&gt;&#10;Want     | Got ✗   &#10;-------------------&#10;........ | ........&#10;........ | ........&#10;...T.... | ........&#10;..TT.... | ........&#10;...TT... | ........&#10;T...TT.. | ........&#10;TTZ.TZ.. | ........&#10;TZZZZZ.. | ........&#10;TSOOL.JJ | ........&#10;TTOOS.SJ | ....ZZ..&#10;I.SZLLLL | .....ZZ.&#10;&#10;step=264, rand=5, actions=&lt;Down&gt;&#10;Want     | Got ✗   &#10;-------------------&#10;........ | ....T...&#10;........ | ...TTT..&#10;........ | ........&#10;...T.... | ........&#10;..TTT... | ........&#10;T..TTT.. | ........&#10;TTZ.TZ.. | ........&#10;TZZZZZ.. | ........&#10;TSOOL.JJ | ........&#10;TTOOS.SJ | ........&#10;I.SZLLLL | ........&#10;&#10;step=265, rand=5, actions=&lt;Down&gt;&#10;Want     | Got ✗   &#10;-------------------&#10;........ | ........&#10;........ | ....T...&#10;........ | ...TTT..&#10;........ | ........&#10;...TT... | ........&#10;T.TTTT.. | ........&#10;TTZTTZ.. | ........&#10;TZZZZZ.. | ........&#10;TSOOL.JJ | ........&#10;TTOOS.SJ | ........&#10;I.SZLLLL | ........&#10;&#10;step=266, rand=6, actions=&lt;Down&gt;&#10;Want     | Got ✗   &#10;-------------------&#10;..ZZ.... | ........&#10;...ZZ... | ........&#10;........ | ....T...&#10;........ | ...TTT..&#10;...TT... | ........&#10;T.TTTT.. | ........&#10;TTZTTZ.. | ........&#10;TZZZZZ.. | ........&#10;TSOOL.JJ | ........&#10;TTOOS.SJ | ........&#10;I.SZLLLL | ........&#10;&#10;step=267, rand=6, actions=&lt;RotateRight&gt;&#10;Want     | Got ✗   &#10;-------------------&#10;....Z... | ........&#10;...ZZ... | ........&#10;...Z.... | ....T...&#10;........ | ....TT..&#10;...TT... | ....T...&#10;T.TTTT.. | ........&#10;TTZTTZ.. | ........&#10;TZZZZZ.. | ........&#10;TSOOL.JJ | ........&#10;TTOOS.SJ | ........&#10;I.SZLLLL | ........&#10;&#10;step=268, rand=6, actions=&lt;Left&gt;&#10;Want     | Got ✗   &#10;-------------------&#10;...Z.... | ........&#10;..ZZ.... | ........&#10;..Z..... | ...T....&#10;........ | ...TT...&#10;...TT... | ...T....&#10;T.TTTT.. | ........&#10;TTZTTZ.. | ........&#10;TZZZZZ.. | ........&#10;TSOOL.JJ | ........&#10;TTOOS.SJ | ........&#10;I.SZLLLL | ........&#10;&#10;step=269, rand=6, actions=&lt;Left&gt;&#10;Want     | Got ✗   &#10;-------------------&#10;..Z..... | ........&#10;.ZZ..... | ........&#10;.Z...... | ..T.....&#10;........ | ..TT....&#10;...TT... | ..T.....&#10;T.TTTT.. | ........&#10;TTZTTZ.. | ........&#10;TZZZZZ.. | ........&#10;TSOOL.JJ | ........&#10;TTOOS.SJ | ........&#10;I.SZLLLL | ........&#10;&#10;step=270, rand=6, actions=&lt;Down&gt;&#10;Want     | Got ✗   &#10;-------------------&#10;........ | ........&#10;..Z..... | ........&#10;.ZZ..... | ........&#10;.Z...... | ..T.....&#10;...TT... | ..TT....&#10;T.TTTT.. | ..T.....&#10;TTZTTZ.. | ........&#10;TZZZZZ.. | ........&#10;TSOOL.JJ | ........&#10;TTOOS.SJ | ........&#10;I.SZLLLL | ........&#10;&#10;step=271, rand=6, actions=&lt;Down&gt;&#10;Want     | Got ✗   &#10;-------------------&#10;........ | ........&#10;........ | ........&#10;..Z..... | ........&#10;.ZZ..... | ........&#10;.Z.TT... | ..T.....&#10;T.TTTT.. | ..TT....&#10;TTZTTZ.. | ..T.....&#10;TZZZZZ.. | ........&#10;TSOOL.JJ | ........&#10;TTOOS.SJ | ........&#10;I.SZLLLL | ........&#10;&#10;step=272, rand=6, actions=&lt;Down&gt;&#10;Want     | Got ✗   &#10;-------------------&#10;........ | ........&#10;........ | ........&#10;........ | ........&#10;..Z..... | ........&#10;.ZZTT... | ........&#10;TZTTTT.. | ..T.....&#10;TTZTTZ.. | ..TT....&#10;TZZZZZ.. | ..T.....&#10;TSOOL.JJ | ........&#10;TTOOS.SJ | ........&#10;I.SZLLLL | ........&#10;&#10;step=273, rand=0, actions=&lt;Down&gt;&#10;Want     | Got ✗   &#10;-------------------&#10;........ | ........&#10;..IIII.. | ........&#10;........ | ........&#10;..Z..... | ........&#10;.ZZTT... | ........&#10;TZTTTT.. | ........&#10;TTZTTZ.. | ..T.....&#10;TZZZZZ.. | ..TT....&#10;TSOOL.JJ | ..T.....&#10;TTOOS.SJ | ........&#10;I.SZLLLL | ........&#10;&#10;step=274, rand=0, actions=&lt;RotateRight&gt;&#10;Want     | Got ✗   &#10;-------------------&#10;....I... | ........&#10;....I... | ........&#10;....I... | ........&#10;..Z.I... | ........&#10;.ZZTT... | ........&#10;TZTTTT.. | ........&#10;TTZTTZ.. | ........&#10;TZZZZZ.. | .TTT....&#10;TSOOL.JJ | ..T.....&#10;TTOOS.SJ | ........&#10;I.SZLLLL | ........&#10;&#10;step=275, rand=0, actions=&lt;Right&gt;&#10;Want     | Got ✗   &#10;-------------------&#10;.....I.. | ........&#10;.....I.. | ........&#10;.....I.. | ........&#10;..Z..I.. | ........&#10;.ZZTT... | ........&#10;TZTTTT.. | ........&#10;TTZTTZ.. | ........&#10;TZZZZZ.. | ..TTT...&#10;TSOOL.JJ | ...T....&#10;TTOOS.SJ | ........&#10;I.SZLLLL | ........&#10;&#10;step=276, rand=0, actions=&lt;Right&gt;&#10;Want     | Got ✗   &#10;-------------------&#10;......I. | ........&#10;......I. | ........&#10;......I. | ........&#10;..Z...I. | ........&#10;.ZZTT... | ........&#10;TZTTTT.. | ........&#10;TTZTTZ.. | ........&#10;TZZZZZ.. | ...TTT..&#10;TSOOL.JJ | ....T...&#10;TTOOS.SJ | ........&#10;I.SZLLLL | ........&#10;&#10;step=277, rand=0, actions=&lt;Right&gt;&#10;Want     | Got ✗   &#10;-------------------&#10;.......I | ........&#10;.......I | ........&#10;.......I | ........&#10;..Z....I | ........&#10;.ZZTT... | ........&#10;TZTTTT.. | ........&#10;TTZTTZ.. | ........&#10;TZZZZZ.. | ....TTT.&#10;TSOOL.JJ | .....T..&#10;TTOOS.SJ | ........&#10;I.SZLLLL | ........&#10;&#10;step=278, rand=0, actions=&lt;Left&gt;&#10;Want     | Got ✗   &#10;-------------------&#10;......I. | ........&#10;......I. | ........&#10;......I. | ........&#10;..Z...I. | ........&#10;.ZZTT... | ........&#10;TZTTTT.. | ........&#10;TTZTTZ.. | ........&#10;TZZZZZ.. | ...TTT..&#10;TSOOL.JJ | ....T...&#10;TTOOS.SJ | ........&#10;I.SZLLLL | ........&#10;&#10;step=279, rand=0, actions=&lt;Down&gt;&#10;Want     | Got ✗   &#10;-------------------&#10;........ | ........&#10;......I. | ........&#10;......I. | ........&#10;..Z...I. | ........&#10;.ZZTT.I. | ........&#10;TZTTTT.. | ........&#10;TTZTTZ.. | ........&#10;TZZZZZ.. | ........&#10;TSOOL.JJ | ...TTT..&#10;TTOOS.SJ | ....T...&#10;I.SZLLLL | ........&#10;&#10;step=280, rand=0, actions=&lt;Down&gt;&#10;Want     | Got ✗   &#10;-------------------&#10;........ | ........&#10;........ | ........&#10;......I. | ........&#10;..Z...I. | ........&#10;.ZZTT.I. | ........&#10;TZTTTTI. | ........&#10;TTZTTZ.. | ........&#10;TZZZZZ.. | ........&#10;TSOOL.JJ | ........&#10;TTOOS.SJ | ...TTT..&#10;I.SZLLLL | ....T...&#10;&#10;step=281, rand=0, actions=&lt;Down&gt;&#10;Want     | Got ✗   &#10;-------------------&#10;........ | ........&#10;........ | ...IIII.&#10;........ | ........&#10;..Z...I. | ........&#10;.ZZTT.I. | ........&#10;TZTTTTI. | ........&#10;TTZTTZI. | ........&#10;TZZZZZ.. | ........&#10;TSOOL.JJ | ........&#10;TTOOS.SJ | ........&#10;I.SZLLLL | ........&#10;&#10;step=282, rand=0, actions=&lt;Down&gt;&#10;Want     | Got ✗   &#10;-------------------&#10;........ | ........&#10;........ | ........&#10;........ | ...IIII.&#10;..Z..... | ........&#10;.ZZTT.I. | ........&#10;TZTTTTI. | ........&#10;TTZTTZI. | ........&#10;TZZZZZI. | ........&#10;TSOOL.JJ | ........&#10;TTOOS.SJ | ........&#10;I.SZLLLL | ........&#10;&#10;step=283, rand=6, actions=&lt;Down&gt;&#10;Want     | Got ✗   &#10;-------------------&#10;..ZZ.... | ........&#10;...ZZ... | ........&#10;........ | ........&#10;..Z..... | ...IIII.&#10;.ZZTT.I. | ........&#10;TZTTTTI. | ........&#10;TTZTTZI. | ........&#10;TZZZZZI. | ........&#10;TSOOL.JJ | ........&#10;TTOOS.SJ | ........&#10;I.SZLLLL | ........&#10;&#10;step=284, rand=6, actions=&lt;Right&gt;&#10;Want     | Got ✗   &#10;-------------------&#10;...ZZ... | ........&#10;....ZZ.. | ........&#10;........ | ........&#10;..Z..... | ....IIII&#10;.ZZTT.I. | ........&#10;TZTTTTI. | ........&#10;TTZTTZI. | ........&#10;TZZZZZI. | ........&#10;TSOOL.JJ | ........&#10;TTOOS.SJ | ........&#10;I.SZLLLL | ........&#10;&#10;step=285, rand=6, actions=&lt;Right&gt;&#10;Want     | Got ✗   &#10;-------------------&#10;....ZZ.. | ........&#10;.....ZZ. | ........&#10;........ | ........&#10;..Z..... | ....IIII&#10;.ZZTT.I. | ........&#10;TZTTTTI. | ........&#10;TTZTTZI. | ........&#10;TZZZZZI. | ........&#10;TSOOL.JJ | ........&#10;TTOOS.SJ | ........&#10;I.SZLLLL | ........&#10;&#10;step=286, rand=6, actions=&lt;Left&gt;&#10;Want     | Got ✗   &#10;-------------------&#10;...ZZ... | ........&#10;....ZZ.. | ........&#10;........ | ........&#10;..Z..... | ...IIII.&#10;.ZZTT.I. | ........&#10;TZTTTTI. | ........&#10;TTZTTZI. | ........&#10;TZZZZZI. | ........&#10;TSOOL.JJ | ........&#10;TTOOS.SJ | ........&#10;I.SZLLLL | ........&#10;&#10;step=287, rand=6, actions=&lt;Left&gt;&#10;Want     | Got ✗   &#10;-------------------&#10;..ZZ.... | ........&#10;...ZZ... | ........&#10;........ | ........&#10;..Z..... | ..IIII..&#10;.ZZTT.I. | ........&#10;TZTTTTI. | ........&#10;TTZTTZI. | ........&#10;TZZZZZI. | ........&#10;TSOOL.JJ | ........&#10;TTOOS.SJ | ........&#10;I.SZLLLL | ........&#10;&#10;step=288, rand=6, actions=&lt;Left&gt;&#10;Want     | Got ✗   &#10;-------------------&#10;.ZZ..... | ........&#10;..ZZ.... | ........&#10;........ | ........&#10;..Z..... | .IIII...&#10;.ZZTT.I. | ........&#10;TZTTTTI. | ........&#10;TTZTTZI. | ........&#10;TZZZZZI. | ........&#10;TSOOL.JJ | ........&#10;TTOOS.SJ | ........&#10;I.SZLLLL | ........&#10;&#10;step=289, rand=6, actions=&lt;Left&gt;&#10;Want     | Got ✗   &#10;-------------------&#10;ZZ...... | ........&#10;.ZZ..... | ........&#10;........ | ........&#10;..Z..... | IIII....&#10;.ZZTT.I. | ........&#10;TZTTTTI. | ........&#10;TTZTTZI. | ........&#10;TZZZZZI. | ........&#10;TSOOL.JJ | ........&#10;TTOOS.SJ | ........&#10;I.SZLLLL | ........&#10;&#10;step=290, rand=6, actions=&lt;RotateRight&gt;&#10;Want     | Got ✗   &#10;-------------------&#10;..Z..... | ........&#10;.ZZ..... | ........&#10;.Z...... | ..I.....&#10;..Z..... | ..I.....&#10;.ZZTT.I. | ..I.....&#10;TZTTTTI. | ..I.....&#10;TTZTTZI. | ........&#10;TZZZZZI. | ........&#10;TSOOL.JJ | ........&#10;TTOOS.SJ | ........&#10;I.SZLLLL | ........&#10;&#10;step=291, rand=6, actions=&lt;Left&gt;&#10;Want     | Got ✗   &#10;-------------------&#10;.Z...... | ........&#10;ZZ...... | ........&#10;Z....... | .I......&#10;..Z..... | .I......&#10;.ZZTT.I. | .I......&#10;TZTTTTI. | .I......&#10;TTZTTZI. | ........&#10;TZZZZZI. | ........&#10;TSOOL.JJ | ........&#10;TTOOS.SJ | ........&#10;I.SZLLLL | ........&#10;&#10;step=292, rand=6, actions=&lt;Left&gt;&#10;Want     | Got ✗   &#10;-------------------&#10;.Z...... | ........&#10;ZZ...... | ........&#10;Z....... | I.......&#10;..Z..... | I.......&#10;.ZZTT.I. | I.......&#10;TZTTTTI. | I.......&#10;TTZTTZI. | ........&#10;TZZZZZI. | ........&#10;TSOOL.JJ | ........&#10;TTOOS.SJ | ........&#10;I.SZLLLL | ........&#10;&#10;step=293, rand=6, actions=&lt;Down&gt;&#10;Want     | Got ✗   &#10;-------------------&#10;........ | ........&#10;.Z...... | ........&#10;ZZ...... | ........&#10;Z.Z..... | I.......&#10;.ZZTT.I. | I.......&#10;TZTTTTI. | I.......&#10;TTZTTZI. | I.......&#10;TZZZZZI. | ........&#10;TSOOL.JJ | ........&#10;TTOOS.SJ | ........&#10;I.SZLLLL | ........&#10;&#10;step=294, rand=6, actions=&lt;Down&gt;&#10;Want     | Got ✗   &#10;-------------------&#10;........ | ........&#10;........ | ........&#10;.Z...... | ........&#10;ZZZ..... | ........&#10;ZZZTT.I. | I.......&#10;TZTTTTI. | I.......&#10;TTZTTZI. | I.......&#10;TZZZZZI. | I.......&#10;TSOOL.JJ | ........&#10;TTOOS.SJ | ........&#10;I.SZLLLL | ........&#10;&#10;step=295, rand=4, actions=&lt;Down&gt;&#10;Want     | Got ✗   &#10;-------------------&#10;...SS... | ........&#10;..SS.... | ........&#10;.Z...... | ........&#10;ZZZ..... | ........&#10;ZZZTT.I. | ........&#10;TZTTTTI. | I.......&#10;TTZTTZI. | I.......&#10;TZZZZZI. | I.......&#10;TSOOL.JJ | I.......&#10;TTOOS.SJ | ........&#10;I.SZLLLL | ........&#10;&#10;step=296, rand=4, actions=&lt;RotateRight&gt;&#10;Want     | Got ✗   &#10;-------------------&#10;...S.... | ........&#10;...SS... | ........&#10;.Z..S... | ........&#10;ZZZ..... | ........&#10;ZZZTT.I. | ........&#10;TZTTTTI. | ........&#10;TTZTTZI. | ........&#10;TZZZZZI. | II......&#10;TSOOL.JJ | ........&#10;TTOOS.SJ | ........&#10;I.SZLLLL | ........&#10;&#10;step=297, rand=4, actions=&lt;Right&gt;&#10;Want     | Got ✗   &#10;-------------------&#10;....S... | ........&#10;....SS.. | ........&#10;.Z...S.. | ........&#10;ZZZ..... | ........&#10;ZZZTT.I. | ........&#10;TZTTTTI. | ........&#10;TTZTTZI. | ........&#10;TZZZZZI. | III.....&#10;TSOOL.JJ | ........&#10;TTOOS.SJ | ........&#10;I.SZLLLL | ........&#10;&#10;step=298, rand=4, actions=&lt;Down&gt;&#10;Want     | Got ✗   &#10;-------------------&#10;........ | ........&#10;....S... | ........&#10;.Z..SS.. | ........&#10;ZZZ..S.. | ........&#10;ZZZTT.I. | ........&#10;TZTTTTI. | ........&#10;TTZTTZI. | ........&#10;TZZZZZI. | ........&#10;TSOOL.JJ | III.....&#10;TTOOS.SJ | ........&#10;I.SZLLLL | ........&#10;&#10;step=299, rand=4, actions=&lt;Down&gt;&#10;Want     | Got ✗   &#10;-------------------&#10;........ | ........&#10;........ | ........&#10;.Z..S... | ........&#10;ZZZ.SS.. | ........&#10;ZZZTTSI. | ........&#10;TZTTTTI. | ........&#10;TTZTTZI. | ........&#10;TZZZZZI. | ........&#10;TSOOL.JJ | ........&#10;TTOOS.SJ | III.....&#10;I.SZLLLL | ........&#10;&#10;step=300, rand=3, actions=&lt;Down&gt;&#10;Want     | Got ✗   &#10;-------------------&#10;...OO... | ........&#10;...OO... | ........&#10;.Z..S... | ........&#10;ZZZ.SS.. | ........&#10;ZZZTTSI. | ........&#10;TZTTTTI. | ........&#10;TTZTTZI. | ........&#10;TZZZZZI. | ........&#10;TSOOL.JJ | ........&#10;TTOOS.SJ | ........&#10;I.SZLLLL | III.....&#10;&#10;step=301, rand=3, actions=&lt;Right&gt;&#10;Want     | Got ✗   &#10;-------------------&#10;....OO.. | ........&#10;....OO.. | ........&#10;.Z..S... | ........&#10;ZZZ.SS.. | ........&#10;ZZZTTSI. | ........&#10;TZTTTTI. | ........&#10;TTZTTZI. | ........&#10;TZZZZZI. | ........&#10;TSOOL.JJ | ........&#10;TTOOS.SJ | ........&#10;I.SZLLLL | IIII....&#10;&#10;step=302, rand=3, actions=&lt;Right&gt;&#10;Want     | Got ✗   &#10;-------------------&#10;.....OO. | ........&#10;.....OO. | ........&#10;.Z..S... | ........&#10;ZZZ.SS.. | ........&#10;ZZZTTSI. | ........&#10;TZTTTTI. | ........&#10;TTZTTZI. | ........&#10;TZZZZZI. | ........&#10;TSOOL.JJ | ........&#10;TTOOS.SJ | ........&#10;I.SZLLLL | .IIII...&#10;&#10;step=303, rand=3, actions=&lt;Right&gt;&#10;Want     | Got ✗   &#10;-------------------&#10;......OO | ........&#10;......OO | ........&#10;.Z..S... | ........&#10;ZZZ.SS.. | ........&#10;ZZZTTSI. | ........&#10;TZTTTTI. | ........&#10;TTZTTZI. | ........&#10;TZZZZZI. | ........&#10;TSOOL.JJ | ........&#10;TTOOS.SJ | ........&#10;I.SZLLLL | ..IIII..&#10;&#10;step=304, rand=3, actions=&lt;Down&gt;&#10;Want     | Got ✗   &#10;-------------------&#10;........ | ....OO..&#10;......OO | ....OO..&#10;.Z..S.OO | ........&#10;ZZZ.SS.. | ........&#10;ZZZTTSI. | ........&#10;TZTTTTI. | ........&#10;TTZTTZI. | ........&#10;TZZZZZI. | ........&#10;TSOOL.JJ | ........&#10;TTOOS.SJ | ........&#10;I.SZLLLL | ........&#10;&#10;step=305, rand=3, actions=&lt;Down&gt;&#10;Want     | Got ✗   &#10;-------------------&#10;........ | ........&#10;........ | ....OO..&#10;.Z..S.OO | ....OO..&#10;ZZZ.SSOO | ........&#10;ZZZTTSI. | ........&#10;TZTTTTI. | ........&#10;TTZTTZI. | ........&#10;TZZZZZI. | ........&#10;TSOOL.JJ | ........&#10;TTOOS.SJ | ........&#10;I.SZLLLL | ........&#10;&#10;step=306, rand=3, actions=&lt;Down&gt;&#10;Want     | Got ✗   &#10;-------------------&#10;...OO... | ........&#10;...OO... | ........&#10;.Z..S.OO | ....OO..&#10;ZZZ.SSOO | ....OO..&#10;ZZZTTSI. | ........&#10;TZTTTTI. | ........&#10;TTZTTZI. | ........&#10;TZZZZZI. | ........&#10;TSOOL.JJ | ........&#10;TTOOS.SJ | ........&#10;I.SZLLLL | ........&#10;&#10;step=307, rand=3, actions=&lt;Left&gt;&#10;Want     | Got ✗   &#10;-------------------&#10;..OO.... | ........&#10;..OO.... | ........&#10;.Z..S.OO | ...OO...&#10;ZZZ.SSOO | ...OO...&#10;ZZZTTSI. | ........&#10;TZTTTTI. | ........&#10;TTZTTZI. | ........&#10;TZZZZZI. | ........&#10;TSOOL.JJ | ........&#10;TTOOS.SJ | ........&#10;I.SZLLLL | ........&#10;&#10;step=308, rand=3, actions=&lt;Left&gt;&#10;Want     | Got ✗   &#10;-------------------&#10;.OO..... | ........&#10;.OO..... | ........&#10;.Z..S.OO | ..OO....&#10;ZZZ.SSOO | ..OO....&#10;ZZZTTSI. | ........&#10;TZTTTTI. | ........&#10;TTZTTZI. | ........&#10;TZZZZZI. | ........&#10;TSOOL.JJ | ........&#10;TTOOS.SJ | ........&#10;I.SZLLLL | ........&#10;&#10;step=309, rand=3, actions=&lt;Right&gt;&#10;Want     | Got ✗   &#10;-------------------&#10;..OO.... | ........&#10;..OO.... | ........&#10;.Z..S.OO | ...OO...&#10;ZZZ.SSOO | ...OO...&#10;ZZZTTSI. | ........&#10;TZTTTTI. | ........&#10;TTZTTZI. | ........&#10;TZZZZZI. | ........&#10;TSOOL.JJ | ........&#10;TTOOS.SJ | ........&#10;I.SZLLLL | ........&#10;&#10;step=310, rand=3, actions=&lt;Down&gt;&#10;Want     | Got ✗   &#10;-------------------&#10;........ | ........&#10;..OO.... | ........&#10;.ZOOS.OO | ........&#10;ZZZ.SSOO | ...OO...&#10;ZZZTTSI. | ...OO...&#10;TZTTTTI. | ........&#10;TTZTTZI. | ........&#10;TZZZZZI. | ........&#10;TSOOL.JJ | ........&#10;TTOOS.SJ | ........&#10;I.SZLLLL | ........&#10;&#10;step=311, rand=1, actions=&lt;Down&gt;&#10;Want              | Got ✗   &#10;----------------------------&#10;GameOverDisplay() | ........&#10;                  | ........&#10;                  | ........&#10;                  | ........&#10;                  | ...OO...&#10;                  | ...OO...&#10;                  | ........&#10;                  | ........&#10;                  | ........&#10;                  | ........&#10;                  | ........&#10;&#10;" type="org.scalatest.exceptions.TestFailedException">org.scalatest.exceptions.TestFailedException: didPass was false
--------------------------------------------------------------------------------
This is what went wrong:

step=0, rand=2, actions=&lt;&gt;
Want     | Got ✓   
-------------------
....L... | ....L...
..LLL... | ..LLL...
........ | ........
........ | ........
........ | ........
........ | ........
........ | ........
........ | ........
........ | ........
........ | ........
........ | ........

step=1, rand=2, actions=&lt;Right&gt;
Want     | Got ✓   
-------------------
.....L.. | .....L..
...LLL.. | ...LLL..
........ | ........
........ | ........
........ | ........
........ | ........
........ | ........
........ | ........
........ | ........
........ | ........
........ | ........

step=2, rand=2, actions=&lt;Right&gt;
Want     | Got ✓   
-------------------
......L. | ......L.
....LLL. | ....LLL.
........ | ........
........ | ........
........ | ........
........ | ........
........ | ........
........ | ........
........ | ........
........ | ........
........ | ........

step=3, rand=2, actions=&lt;Down&gt;
Want     | Got ✓   
-------------------
........ | ........
......L. | ......L.
....LLL. | ....LLL.
........ | ........
........ | ........
........ | ........
........ | ........
........ | ........
........ | ........
........ | ........
........ | ........

step=4, rand=2, actions=&lt;Down&gt;
Want     | Got ✓   
-------------------
........ | ........
........ | ........
......L. | ......L.
....LLL. | ....LLL.
........ | ........
........ | ........
........ | ........
........ | ........
........ | ........
........ | ........
........ | ........

step=5, rand=2, actions=&lt;Down&gt;
Want     | Got ✓   
-------------------
........ | ........
........ | ........
........ | ........
......L. | ......L.
....LLL. | ....LLL.
........ | ........
........ | ........
........ | ........
........ | ........
........ | ........
........ | ........

step=6, rand=2, actions=&lt;Down&gt;
Want     | Got ✓   
-------------------
........ | ........
........ | ........
........ | ........
........ | ........
......L. | ......L.
....LLL. | ....LLL.
........ | ........
........ | ........
........ | ........
........ | ........
........ | ........

step=7, rand=2, actions=&lt;Down&gt;
Want     | Got ✓   
-------------------
........ | ........
........ | ........
........ | ........
........ | ........
........ | ........
......L. | ......L.
....LLL. | ....LLL.
........ | ........
........ | ........
........ | ........
........ | ........

step=8, rand=2, actions=&lt;Down&gt;
Want     | Got ✓   
-------------------
........ | ........
........ | ........
........ | ........
........ | ........
........ | ........
........ | ........
......L. | ......L.
....LLL. | ....LLL.
........ | ........
........ | ........
........ | ........

step=9, rand=2, actions=&lt;Down&gt;
Want     | Got ✓   
-------------------
........ | ........
........ | ........
........ | ........
........ | ........
........ | ........
........ | ........
........ | ........
......L. | ......L.
....LLL. | ....LLL.
........ | ........
........ | ........

step=10, rand=2, actions=&lt;Down&gt;
Want     | Got ✓   
-------------------
........ | ........
........ | ........
........ | ........
........ | ........
........ | ........
........ | ........
........ | ........
........ | ........
......L. | ......L.
....LLL. | ....LLL.
........ | ........

step=11, rand=2, actions=&lt;Down&gt;
Want     | Got ✓   
-------------------
........ | ........
........ | ........
........ | ........
........ | ........
........ | ........
........ | ........
........ | ........
........ | ........
........ | ........
......L. | ......L.
....LLL. | ....LLL.

step=12, rand=6, actions=&lt;Down&gt;
Want     | Got ✗   
-------------------
..ZZ.... | ...ZZ...
...ZZ... | ....ZZ..
........ | ........
........ | ........
........ | ........
........ | ........
........ | ........
........ | ........
........ | ........
......L. | ........
....LLL. | ........

step=13, rand=6, actions=&lt;RotateRight&gt;
Want     | Got ✗   
-------------------
....Z... | .....Z..
...ZZ... | ....ZZ..
...Z.... | ....Z...
........ | ........
........ | ........
........ | ........
........ | ........
........ | ........
........ | ........
......L. | ........
....LLL. | ........

step=14, rand=6, actions=&lt;Down&gt;
Want     | Got ✗   
-------------------
........ | ........
....Z... | .....Z..
...ZZ... | ....ZZ..
...Z.... | ....Z...
........ | ........
........ | ........
........ | ........
........ | ........
........ | ........
......L. | ........
....LLL. | ........

step=15, rand=6, actions=&lt;Down&gt;
Want     | Got ✗   
-------------------
........ | ........
........ | ........
....Z... | .....Z..
...ZZ... | ....ZZ..
...Z.... | ....Z...
........ | ........
........ | ........
........ | ........
........ | ........
......L. | ........
....LLL. | ........

step=16, rand=6, actions=&lt;Down&gt;
Want     | Got ✗   
-------------------
........ | ........
........ | ........
........ | ........
....Z... | .....Z..
...ZZ... | ....ZZ..
...Z.... | ....Z...
........ | ........
........ | ........
........ | ........
......L. | ........
....LLL. | ........

step=17, rand=6, actions=&lt;Down&gt;
Want     | Got ✗   
-------------------
........ | ........
........ | ........
........ | ........
........ | ........
....Z... | .....Z..
...ZZ... | ....ZZ..
...Z.... | ....Z...
........ | ........
........ | ........
......L. | ........
....LLL. | ........

step=18, rand=6, actions=&lt;Down&gt;
Want     | Got ✗   
-------------------
........ | ........
........ | ........
........ | ........
........ | ........
........ | ........
....Z... | .....Z..
...ZZ... | ....ZZ..
...Z.... | ....Z...
........ | ........
......L. | ........
....LLL. | ........

step=19, rand=6, actions=&lt;Down&gt;
Want     | Got ✗   
-------------------
........ | ........
........ | ........
........ | ........
........ | ........
........ | ........
........ | ........
....Z... | .....Z..
...ZZ... | ....ZZ..
...Z.... | ....Z...
......L. | ........
....LLL. | ........

step=20, rand=6, actions=&lt;Down&gt;
Want     | Got ✗   
-------------------
........ | ........
........ | ........
........ | ........
........ | ........
........ | ........
........ | ........
........ | ........
....Z... | .....Z..
...ZZ... | ....ZZ..
...Z..L. | ....Z...
....LLL. | ........

step=21, rand=6, actions=&lt;Down&gt;
Want     | Got ✗   
-------------------
........ | ........
........ | ........
........ | ........
........ | ........
........ | ........
........ | ........
........ | ........
........ | ........
....Z... | .....Z..
...ZZ.L. | ....ZZ..
...ZLLL. | ....Z...

step=22, rand=4, actions=&lt;Down&gt;
Want     | Got ✗   
-------------------
...SS... | ....SS..
..SS.... | ...SS...
........ | ........
........ | ........
........ | ........
........ | ........
........ | ........
........ | ........
....Z... | ........
...ZZ.L. | ........
...ZLLL. | ........

step=23, rand=4, actions=&lt;Left&gt;
Want     | Got ✗   
-------------------
..SS.... | ...SS...
.SS..... | ..SS....
........ | ........
........ | ........
........ | ........
........ | ........
........ | ........
........ | ........
....Z... | ........
...ZZ.L. | ........
...ZLLL. | ........

step=24, rand=4, actions=&lt;RotateRight&gt;
Want     | Got ✗   
-------------------
..S..... | ...S....
..SS.... | ...SS...
...S.... | ....S...
........ | ........
........ | ........
........ | ........
........ | ........
........ | ........
....Z... | ........
...ZZ.L. | ........
...ZLLL. | ........

step=25, rand=4, actions=&lt;Left&gt;
Want     | Got ✗   
-------------------
.S...... | ..S.....
.SS..... | ..SS....
..S..... | ...S....
........ | ........
........ | ........
........ | ........
........ | ........
........ | ........
....Z... | ........
...ZZ.L. | ........
...ZLLL. | ........

step=26, rand=4, actions=&lt;Down&gt;
Want     | Got ✗   
-------------------
........ | ........
.S...... | ..S.....
.SS..... | ..SS....
..S..... | ...S....
........ | ........
........ | ........
........ | ........
........ | ........
....Z... | ........
...ZZ.L. | ........
...ZLLL. | ........

step=27, rand=4, actions=&lt;Down&gt;
Want     | Got ✗   
-------------------
........ | ........
........ | ........
.S...... | ..S.....
.SS..... | ..SS....
..S..... | ...S....
........ | ........
........ | ........
........ | ........
....Z... | ........
...ZZ.L. | ........
...ZLLL. | ........

step=28, rand=4, actions=&lt;Down&gt;
Want     | Got ✗   
-------------------
........ | ........
........ | ........
........ | ........
.S...... | ..S.....
.SS..... | ..SS....
..S..... | ...S....
........ | ........
........ | ........
....Z... | ........
...ZZ.L. | ........
...ZLLL. | ........

step=29, rand=4, actions=&lt;Down&gt;
Want     | Got ✗   
-------------------
........ | ........
........ | ........
........ | ........
........ | ........
.S...... | ..S.....
.SS..... | ..SS....
..S..... | ...S....
........ | ........
....Z... | ........
...ZZ.L. | ........
...ZLLL. | ........

step=30, rand=4, actions=&lt;Down&gt;
Want     | Got ✗   
-------------------
........ | ........
........ | ........
........ | ........
........ | ........
........ | ........
.S...... | ..S.....
.SS..... | ..SS....
..S..... | ...S....
....Z... | ........
...ZZ.L. | ........
...ZLLL. | ........

step=31, rand=4, actions=&lt;Down&gt;
Want     | Got ✗   
-------------------
........ | ........
........ | ........
........ | ........
........ | ........
........ | ........
........ | ........
.S...... | ..S.....
.SS..... | ..SS....
..S.Z... | ...S....
...ZZ.L. | ........
...ZLLL. | ........

step=32, rand=4, actions=&lt;Down&gt;
Want     | Got ✗   
-------------------
........ | ........
........ | ........
........ | ........
........ | ........
........ | ........
........ | ........
........ | ........
.S...... | ..S.....
.SS.Z... | ..SS....
..SZZ.L. | ...S....
...ZLLL. | ........

step=33, rand=4, actions=&lt;Down&gt;
Want     | Got ✗   
-------------------
........ | ........
........ | ........
........ | ........
........ | ........
........ | ........
........ | ........
........ | ........
........ | ........
.S..Z... | ..S.....
.SSZZ.L. | ..SS....
..SZLLL. | ...S....

step=34, rand=0, actions=&lt;Down&gt;
Want     | Got ✗   
-------------------
........ | ........
..IIII.. | ...IIII.
........ | ........
........ | ........
........ | ........
........ | ........
........ | ........
........ | ........
.S..Z... | ........
.SSZZ.L. | ........
..SZLLL. | ........

step=35, rand=0, actions=&lt;RotateRight&gt;
Want     | Got ✗   
-------------------
....I... | .....I..
....I... | .....I..
....I... | .....I..
....I... | .....I..
........ | ........
........ | ........
........ | ........
........ | ........
.S..Z... | ........
.SSZZ.L. | ........
..SZLLL. | ........

step=36, rand=0, actions=&lt;Left&gt;
Want     | Got ✗   
-------------------
...I.... | ....I...
...I.... | ....I...
...I.... | ....I...
...I.... | ....I...
........ | ........
........ | ........
........ | ........
........ | ........
.S..Z... | ........
.SSZZ.L. | ........
..SZLLL. | ........

step=37, rand=0, actions=&lt;Left&gt;
Want     | Got ✗   
-------------------
..I..... | ...I....
..I..... | ...I....
..I..... | ...I....
..I..... | ...I....
........ | ........
........ | ........
........ | ........
........ | ........
.S..Z... | ........
.SSZZ.L. | ........
..SZLLL. | ........

step=38, rand=0, actions=&lt;Left&gt;
Want     | Got ✗   
-------------------
.I...... | ..I.....
.I...... | ..I.....
.I...... | ..I.....
.I...... | ..I.....
........ | ........
........ | ........
........ | ........
........ | ........
.S..Z... | ........
.SSZZ.L. | ........
..SZLLL. | ........

step=39, rand=0, actions=&lt;Left&gt;
Want     | Got ✗   
-------------------
I....... | .I......
I....... | .I......
I....... | .I......
I....... | .I......
........ | ........
........ | ........
........ | ........
........ | ........
.S..Z... | ........
.SSZZ.L. | ........
..SZLLL. | ........

step=40, rand=0, actions=&lt;Left&gt;
Want     | Got ✗   
-------------------
I....... | I.......
I....... | I.......
I....... | I.......
I....... | I.......
........ | ........
........ | ........
........ | ........
........ | ........
.S..Z... | ........
.SSZZ.L. | ........
..SZLLL. | ........

step=41, rand=0, actions=&lt;Down&gt;
Want     | Got ✗   
-------------------
........ | ........
I....... | I.......
I....... | I.......
I....... | I.......
I....... | I.......
........ | ........
........ | ........
........ | ........
.S..Z... | ........
.SSZZ.L. | ........
..SZLLL. | ........

step=42, rand=0, actions=&lt;Down&gt;
Want     | Got ✗   
-------------------
........ | ........
........ | ........
I....... | I.......
I....... | I.......
I....... | I.......
I....... | I.......
........ | ........
........ | ........
.S..Z... | ........
.SSZZ.L. | ........
..SZLLL. | ........

step=43, rand=0, actions=&lt;Down&gt;
Want     | Got ✗   
-------------------
........ | ........
........ | ........
........ | ........
I....... | I.......
I....... | I.......
I....... | I.......
I....... | I.......
........ | ........
.S..Z... | ........
.SSZZ.L. | ........
..SZLLL. | ........

step=44, rand=0, actions=&lt;Down&gt;
Want     | Got ✗   
-------------------
........ | ........
........ | ........
........ | ........
........ | ........
I....... | I.......
I....... | I.......
I....... | I.......
I....... | I.......
.S..Z... | ........
.SSZZ.L. | ........
..SZLLL. | ........

step=45, rand=0, actions=&lt;Down&gt;
Want     | Got ✗   
-------------------
........ | ........
........ | ........
........ | ........
........ | ........
........ | ........
I....... | I.......
I....... | I.......
I....... | I.......
IS..Z... | I.......
.SSZZ.L. | ........
..SZLLL. | ........

step=46, rand=0, actions=&lt;Down&gt;
Want     | Got ✗   
-------------------
........ | ........
........ | ........
........ | ........
........ | ........
........ | ........
........ | ........
I....... | I.......
I....... | I.......
IS..Z... | I.......
ISSZZ.L. | I.......
..SZLLL. | ........

step=47, rand=0, actions=&lt;Down&gt;
Want     | Got ✗   
-------------------
........ | ........
........ | ........
........ | ........
........ | ........
........ | ........
........ | ........
........ | ........
I....... | I.......
IS..Z... | I.......
ISSZZ.L. | I.......
I.SZLLL. | I.......

step=48, rand=3, actions=&lt;Down&gt;
Want     | Got ✗   
-------------------
...OO... | ....OO..
...OO... | ....OO..
........ | ........
........ | ........
........ | ........
........ | ........
........ | ........
I....... | ........
IS..Z... | ........
ISSZZ.L. | ........
I.SZLLL. | ........

step=49, rand=3, actions=&lt;Left&gt;
Want     | Got ✗   
-------------------
..OO.... | ...OO...
..OO.... | ...OO...
........ | ........
........ | ........
........ | ........
........ | ........
........ | ........
I....... | ........
IS..Z... | ........
ISSZZ.L. | ........
I.SZLLL. | ........

step=50, rand=3, actions=&lt;Down&gt;
Want     | Got ✗   
-------------------
........ | ........
..OO.... | ...OO...
..OO.... | ...OO...
........ | ........
........ | ........
........ | ........
........ | ........
I....... | ........
IS..Z... | ........
ISSZZ.L. | ........
I.SZLLL. | ........

step=51, rand=3, actions=&lt;Left&gt;
Want     | Got ✗   
-------------------
........ | ........
.OO..... | ..OO....
.OO..... | ..OO....
........ | ........
........ | ........
........ | ........
........ | ........
I....... | ........
IS..Z... | ........
ISSZZ.L. | ........
I.SZLLL. | ........

step=52, rand=3, actions=&lt;Down&gt;
Want     | Got ✗   
-------------------
........ | ........
........ | ........
.OO..... | ..OO....
.OO..... | ..OO....
........ | ........
........ | ........
........ | ........
I....... | ........
IS..Z... | ........
ISSZZ.L. | ........
I.SZLLL. | ........

step=53, rand=3, actions=&lt;Down&gt;
Want     | Got ✗   
-------------------
........ | ........
........ | ........
........ | ........
.OO..... | ..OO....
.OO..... | ..OO....
........ | ........
........ | ........
I....... | ........
IS..Z... | ........
ISSZZ.L. | ........
I.SZLLL. | ........

step=54, rand=3, actions=&lt;Down&gt;
Want     | Got ✗   
-------------------
........ | ........
........ | ........
........ | ........
........ | ........
.OO..... | ..OO....
.OO..... | ..OO....
........ | ........
I....... | ........
IS..Z... | ........
ISSZZ.L. | ........
I.SZLLL. | ........

step=55, rand=3, actions=&lt;Down&gt;
Want     | Got ✗   
-------------------
........ | ........
........ | ........
........ | ........
........ | ........
........ | ........
.OO..... | ..OO....
.OO..... | ..OO....
I....... | ........
IS..Z... | ........
ISSZZ.L. | ........
I.SZLLL. | ........

step=56, rand=3, actions=&lt;Right&gt;
Want     | Got ✗   
-------------------
........ | ........
........ | ........
........ | ........
........ | ........
........ | ........
..OO.... | ...OO...
..OO.... | ...OO...
I....... | ........
IS..Z... | ........
ISSZZ.L. | ........
I.SZLLL. | ........

step=57, rand=3, actions=&lt;Down&gt;
Want     | Got ✗   
-------------------
........ | ........
........ | ........
........ | ........
........ | ........
........ | ........
........ | ........
..OO.... | ...OO...
I.OO.... | ...OO...
IS..Z... | ........
ISSZZ.L. | ........
I.SZLLL. | ........

step=58, rand=3, actions=&lt;Down&gt;
Want     | Got ✗   
-------------------
........ | ........
........ | ........
........ | ........
........ | ........
........ | ........
........ | ........
........ | ........
I.OO.... | ...OO...
ISOOZ... | ...OO...
ISSZZ.L. | ........
I.SZLLL. | ........

step=59, rand=3, actions=&lt;Down&gt;
Want     | Got ✗   
-------------------
...OO... | ........
...OO... | ........
........ | ........
........ | ........
........ | ........
........ | ........
........ | ........
I.OO.... | ........
ISOOZ... | ...OO...
ISSZZ.L. | ...OO...
I.SZLLL. | ........

step=60, rand=3, actions=&lt;Left&gt;
Want     | Got ✗   
-------------------
..OO.... | ........
..OO.... | ........
........ | ........
........ | ........
........ | ........
........ | ........
........ | ........
I.OO.... | ........
ISOOZ... | ..OO....
ISSZZ.L. | ..OO....
I.SZLLL. | ........

step=61, rand=3, actions=&lt;Down&gt;
Want     | Got ✗   
-------------------
........ | ........
..OO.... | ........
..OO.... | ........
........ | ........
........ | ........
........ | ........
........ | ........
I.OO.... | ........
ISOOZ... | ........
ISSZZ.L. | ..OO....
I.SZLLL. | ..OO....

step=62, rand=3, actions=&lt;Down&gt;
Want     | Got ✗   
-------------------
........ | ....OO..
........ | ....OO..
..OO.... | ........
..OO.... | ........
........ | ........
........ | ........
........ | ........
I.OO.... | ........
ISOOZ... | ........
ISSZZ.L. | ........
I.SZLLL. | ........

step=63, rand=3, actions=&lt;Down&gt;
Want     | Got ✗   
-------------------
........ | ........
........ | ....OO..
........ | ....OO..
..OO.... | ........
..OO.... | ........
........ | ........
........ | ........
I.OO.... | ........
ISOOZ... | ........
ISSZZ.L. | ........
I.SZLLL. | ........

step=64, rand=3, actions=&lt;Down&gt;
Want     | Got ✗   
-------------------
........ | ........
........ | ........
........ | ....OO..
........ | ....OO..
..OO.... | ........
..OO.... | ........
........ | ........
I.OO.... | ........
ISOOZ... | ........
ISSZZ.L. | ........
I.SZLLL. | ........

step=65, rand=3, actions=&lt;Down&gt;
Want     | Got ✗   
-------------------
........ | ........
........ | ........
........ | ........
........ | ....OO..
........ | ....OO..
..OO.... | ........
..OO.... | ........
I.OO.... | ........
ISOOZ... | ........
ISSZZ.L. | ........
I.SZLLL. | ........

step=66, rand=2, actions=&lt;Down&gt;
Want     | Got ✗   
-------------------
....L... | ........
..LLL... | ........
........ | ........
........ | ........
........ | ....OO..
..OO.... | ....OO..
..OO.... | ........
I.OO.... | ........
ISOOZ... | ........
ISSZZ.L. | ........
I.SZLLL. | ........

step=67, rand=2, actions=&lt;RotateRight&gt;
Want     | Got ✗   
-------------------
...L.... | ........
...L.... | ........
...LL... | ........
........ | ........
........ | ....OO..
..OO.... | ....OO..
..OO.... | ........
I.OO.... | ........
ISOOZ... | ........
ISSZZ.L. | ........
I.SZLLL. | ........

step=68, rand=2, actions=&lt;Right&gt;
Want     | Got ✗   
-------------------
....L... | ........
....L... | ........
....LL.. | ........
........ | ........
........ | .....OO.
..OO.... | .....OO.
..OO.... | ........
I.OO.... | ........
ISOOZ... | ........
ISSZZ.L. | ........
I.SZLLL. | ........

step=69, rand=2, actions=&lt;Right&gt;
Want     | Got ✗   
-------------------
.....L.. | ........
.....L.. | ........
.....LL. | ........
........ | ........
........ | ......OO
..OO.... | ......OO
..OO.... | ........
I.OO.... | ........
ISOOZ... | ........
ISSZZ.L. | ........
I.SZLLL. | ........

step=70, rand=2, actions=&lt;RotateRight&gt;
Want     | Got ✗   
-------------------
........ | ........
....LLL. | ........
....L... | ........
........ | ........
........ | ......OO
..OO.... | ......OO
..OO.... | ........
I.OO.... | ........
ISOOZ... | ........
ISSZZ.L. | ........
I.SZLLL. | ........

step=71, rand=2, actions=&lt;RotateRight&gt;
Want     | Got ✗   
-------------------
....LL.. | ........
.....L.. | ........
.....L.. | ........
........ | ........
........ | ......OO
..OO.... | ......OO
..OO.... | ........
I.OO.... | ........
ISOOZ... | ........
ISSZZ.L. | ........
I.SZLLL. | ........

step=72, rand=2, actions=&lt;Right&gt;
Want     | Got ✗   
-------------------
.....LL. | ........
......L. | ........
......L. | ........
........ | ........
........ | ......OO
..OO.... | ......OO
..OO.... | ........
I.OO.... | ........
ISOOZ... | ........
ISSZZ.L. | ........
I.SZLLL. | ........

step=73, rand=2, actions=&lt;Right&gt;
Want     | Got ✗   
-------------------
......LL | ........
.......L | ........
.......L | ........
........ | ........
........ | ......OO
..OO.... | ......OO
..OO.... | ........
I.OO.... | ........
ISOOZ... | ........
ISSZZ.L. | ........
I.SZLLL. | ........

step=74, rand=2, actions=&lt;Down&gt;
Want     | Got ✗   
-------------------
........ | ........
......LL | ........
.......L | ........
.......L | ........
........ | ........
..OO.... | ......OO
..OO.... | ......OO
I.OO.... | ........
ISOOZ... | ........
ISSZZ.L. | ........
I.SZLLL. | ........

step=75, rand=2, actions=&lt;Down&gt;
Want     | Got ✗   
-------------------
........ | ........
........ | ........
......LL | ........
.......L | ........
.......L | ........
..OO.... | ........
..OO.... | ......OO
I.OO.... | ......OO
ISOOZ... | ........
ISSZZ.L. | ........
I.SZLLL. | ........

step=76, rand=2, actions=&lt;Down&gt;
Want     | Got ✗   
-------------------
........ | ........
........ | ........
........ | ........
......LL | ........
.......L | ........
..OO...L | ........
..OO.... | ........
I.OO.... | ......OO
ISOOZ... | ......OO
ISSZZ.L. | ........
I.SZLLL. | ........

step=77, rand=2, actions=&lt;Down&gt;
Want     | Got ✗   
-------------------
........ | ........
........ | ........
........ | ........
........ | ........
......LL | ........
..OO...L | ........
..OO...L | ........
I.OO.... | ........
ISOOZ... | ......OO
ISSZZ.L. | ......OO
I.SZLLL. | ........

step=78, rand=2, actions=&lt;Down&gt;
Want     | Got ✗   
-------------------
........ | ........
........ | ........
........ | ........
........ | ........
........ | ........
..OO..LL | ........
..OO...L | ........
I.OO...L | ........
ISOOZ... | ........
ISSZZ.L. | ......OO
I.SZLLL. | ......OO

step=79, rand=2, actions=&lt;Down&gt;
Want     | Got ✗   
-------------------
........ | .....L..
........ | ...LLL..
........ | ........
........ | ........
........ | ........
..OO.... | ........
..OO..LL | ........
I.OO...L | ........
ISOOZ..L | ........
ISSZZ.L. | ........
I.SZLLL. | ........

step=80, rand=2, actions=&lt;Down&gt;
Want     | Got ✗   
-------------------
........ | ........
........ | .....L..
........ | ...LLL..
........ | ........
........ | ........
..OO.... | ........
..OO.... | ........
I.OO..LL | ........
ISOOZ..L | ........
ISSZZ.LL | ........
I.SZLLL. | ........

step=81, rand=2, actions=&lt;Down&gt;
Want     | Got ✗   
-------------------
........ | ........
........ | ........
........ | .....L..
........ | ...LLL..
........ | ........
..OO.... | ........
..OO.... | ........
I.OO.... | ........
ISOOZ.LL | ........
ISSZZ.LL | ........
I.SZLLLL | ........

step=82, rand=5, actions=&lt;Down&gt;
Want     | Got ✗   
-------------------
...T.... | ........
..TTT... | ........
........ | ........
........ | .....L..
........ | ...LLL..
..OO.... | ........
..OO.... | ........
I.OO.... | ........
ISOOZ.LL | ........
ISSZZ.LL | ........
I.SZLLLL | ........

step=83, rand=5, actions=&lt;Right&gt;
Want     | Got ✗   
-------------------
....T... | ........
...TTT.. | ........
........ | ........
........ | ......L.
........ | ....LLL.
..OO.... | ........
..OO.... | ........
I.OO.... | ........
ISOOZ.LL | ........
ISSZZ.LL | ........
I.SZLLLL | ........

step=84, rand=5, actions=&lt;Right&gt;
Want     | Got ✗   
-------------------
.....T.. | ........
....TTT. | ........
........ | ........
........ | .......L
........ | .....LLL
..OO.... | ........
..OO.... | ........
I.OO.... | ........
ISOOZ.LL | ........
ISSZZ.LL | ........
I.SZLLLL | ........

step=85, rand=5, actions=&lt;RotateRight&gt;
Want     | Got ✗   
-------------------
.....T.. | ........
.....TT. | ........
.....T.. | ........
........ | ......L.
........ | ......L.
..OO.... | ......LL
..OO.... | ........
I.OO.... | ........
ISOOZ.LL | ........
ISSZZ.LL | ........
I.SZLLLL | ........

step=86, rand=5, actions=&lt;RotateRight&gt;
Want     | Got ✗   
-------------------
........ | ........
....TTT. | ........
.....T.. | ........
........ | ........
........ | .....LLL
..OO.... | .....L..
..OO.... | ........
I.OO.... | ........
ISOOZ.LL | ........
ISSZZ.LL | ........
I.SZLLLL | ........

step=87, rand=5, actions=&lt;Down&gt;
Want     | Got ✗   
-------------------
........ | ........
........ | ........
....TTT. | ........
.....T.. | ........
........ | ........
..OO.... | .....LLL
..OO.... | .....L..
I.OO.... | ........
ISOOZ.LL | ........
ISSZZ.LL | ........
I.SZLLLL | ........

step=88, rand=5, actions=&lt;Down&gt;
Want     | Got ✗   
-------------------
........ | ........
........ | ........
........ | ........
....TTT. | ........
.....T.. | ........
..OO.... | ........
..OO.... | .....LLL
I.OO.... | .....L..
ISOOZ.LL | ........
ISSZZ.LL | ........
I.SZLLLL | ........

step=89, rand=5, actions=&lt;Down&gt;
Want     | Got ✗   
-------------------
........ | ........
........ | ........
........ | ........
........ | ........
....TTT. | ........
..OO.T.. | ........
..OO.... | ........
I.OO.... | .....LLL
ISOOZ.LL | .....L..
ISSZZ.LL | ........
I.SZLLLL | ........

step=90, rand=5, actions=&lt;Down&gt;
Want     | Got ✗   
-------------------
........ | ........
........ | ........
........ | ........
........ | ........
........ | ........
..OOTTT. | ........
..OO.T.. | ........
I.OO.... | ........
ISOOZ.LL | .....LLL
ISSZZ.LL | .....L..
I.SZLLLL | ........

step=91, rand=5, actions=&lt;Down&gt;
Want     | Got ✗   
-------------------
........ | ........
........ | ........
........ | ........
........ | ........
........ | ........
..OO.... | ........
..OOTTT. | ........
I.OO.T.. | ........
ISOOZ.LL | ........
ISSZZ.LL | .....LLL
I.SZLLLL | .....L..

step=92, rand=5, actions=&lt;Down&gt;
Want     | Got ✗   
-------------------
........ | ....T...
........ | ...TTT..
........ | ........
........ | ........
........ | ........
..OO.... | ........
..OO.... | ........
I.OOTTT. | ........
ISOOZTLL | ........
ISSZZ.LL | ........
I.SZLLLL | ........

step=93, rand=4, actions=&lt;Down&gt;
Want     | Got ✗   
-------------------
...SS... | ........
..SS.... | ....T...
........ | ...TTT..
........ | ........
........ | ........
........ | ........
..OO.... | ........
..OO.... | ........
I.OOTTT. | ........
ISSZZ.LL | ........
I.SZLLLL | ........

step=94, rand=4, actions=&lt;Right&gt;
Want     | Got ✗   
-------------------
....SS.. | ........
...SS... | .....T..
........ | ....TTT.
........ | ........
........ | ........
........ | ........
..OO.... | ........
..OO.... | ........
I.OOTTT. | ........
ISSZZ.LL | ........
I.SZLLLL | ........

step=95, rand=4, actions=&lt;RotateRight&gt;
Want     | Got ✗   
-------------------
....S... | ........
....SS.. | .....T..
.....S.. | .....TT.
........ | .....T..
........ | ........
........ | ........
..OO.... | ........
..OO.... | ........
I.OOTTT. | ........
ISSZZ.LL | ........
I.SZLLLL | ........

step=96, rand=4, actions=&lt;Right&gt;
Want     | Got ✗   
-------------------
.....S.. | ........
.....SS. | ......T.
......S. | ......TT
........ | ......T.
........ | ........
........ | ........
..OO.... | ........
..OO.... | ........
I.OOTTT. | ........
ISSZZ.LL | ........
I.SZLLLL | ........

step=97, rand=4, actions=&lt;Right&gt;
Want     | Got ✗   
-------------------
......S. | ........
......SS | ......T.
.......S | ......TT
........ | ......T.
........ | ........
........ | ........
..OO.... | ........
..OO.... | ........
I.OOTTT. | ........
ISSZZ.LL | ........
I.SZLLLL | ........

step=98, rand=4, actions=&lt;Down&gt;
Want     | Got ✗   
-------------------
........ | ........
......S. | ........
......SS | ......T.
.......S | ......TT
........ | ......T.
........ | ........
..OO.... | ........
..OO.... | ........
I.OOTTT. | ........
ISSZZ.LL | ........
I.SZLLLL | ........

step=99, rand=4, actions=&lt;Down&gt;
Want     | Got ✗   
-------------------
........ | ........
........ | ........
......S. | ........
......SS | ......T.
.......S | ......TT
........ | ......T.
..OO.... | ........
..OO.... | ........
I.OOTTT. | ........
ISSZZ.LL | ........
I.SZLLLL | ........

step=100, rand=4, actions=&lt;Down&gt;
Want     | Got ✗   
-------------------
........ | ........
........ | ........
........ | ........
......S. | ........
......SS | ......T.
.......S | ......TT
..OO.... | ......T.
..OO.... | ........
I.OOTTT. | ........
ISSZZ.LL | ........
I.SZLLLL | ........

step=101, rand=4, actions=&lt;Down&gt;
Want     | Got ✗   
-------------------
........ | ........
........ | ........
........ | ........
........ | ........
......S. | ........
......SS | ......T.
..OO...S | ......TT
..OO.... | ......T.
I.OOTTT. | ........
ISSZZ.LL | ........
I.SZLLLL | ........

step=102, rand=4, actions=&lt;Down&gt;
Want     | Got ✗   
-------------------
........ | ........
........ | ........
........ | ........
........ | ........
........ | ........
......S. | ........
..OO..SS | ......T.
..OO...S | ......TT
I.OOTTT. | ......T.
ISSZZ.LL | ........
I.SZLLLL | ........

step=103, rand=4, actions=&lt;Down&gt;
Want     | Got ✗   
-------------------
........ | ........
........ | ........
........ | ........
........ | ........
........ | ........
........ | ........
..OO..S. | ........
..OO..SS | ......T.
I.OOTTTS | ......TT
ISSZZ.LL | ......T.
I.SZLLLL | ........

step=104, rand=5, actions=&lt;Down&gt;
Want     | Got ✗   
-------------------
...T.... | ........
..TTT... | ........
........ | ........
........ | ........
........ | ........
........ | ........
..OO..S. | ........
..OO..SS | ........
I.OOTTTS | ......T.
ISSZZ.LL | ......TT
I.SZLLLL | ......T.

step=105, rand=5, actions=&lt;Left&gt;
Want     | Got ✗   
-------------------
..T..... | ........
.TTT.... | ........
........ | ........
........ | ........
........ | ........
........ | ........
..OO..S. | ........
..OO..SS | ........
I.OOTTTS | .....T..
ISSZZ.LL | .....TT.
I.SZLLLL | .....T..

step=106, rand=5, actions=&lt;RotateRight&gt;
Want     | Got ✗   
-------------------
..T..... | ........
..TT.... | ........
..T..... | ........
........ | ........
........ | ........
........ | ........
..OO..S. | ........
..OO..SS | ........
I.OOTTTS | ........
ISSZZ.LL | ....TTT.
I.SZLLLL | .....T..

step=107, rand=5, actions=&lt;Left&gt;
Want     | Got ✗   
-------------------
.T...... | ........
.TT..... | ........
.T...... | ........
........ | ........
........ | ........
........ | ........
..OO..S. | ........
..OO..SS | ........
I.OOTTTS | ........
ISSZZ.LL | ...TTT..
I.SZLLLL | ....T...

step=108, rand=5, actions=&lt;RotateRight&gt;
Want     | Got ✗   
-------------------
........ | ........
TTT..... | ........
.T...... | ........
........ | ........
........ | ........
........ | ........
..OO..S. | ........
..OO..SS | ........
I.OOTTTS | ....T...
ISSZZ.LL | ...TT...
I.SZLLLL | ....T...

step=109, rand=5, actions=&lt;RotateRight&gt;
Want     | Got ✗   
-------------------
.T...... | ........
TT...... | ........
.T...... | ........
........ | ........
........ | ........
........ | ........
..OO..S. | ........
..OO..SS | ........
I.OOTTTS | ....T...
ISSZZ.LL | ...TTT..
I.SZLLLL | ........

step=110, rand=5, actions=&lt;Down&gt;
Want     | Got ✗   
-------------------
........ | ........
.T...... | ........
TT...... | ........
.T...... | ........
........ | ........
........ | ........
..OO..S. | ........
..OO..SS | ........
I.OOTTTS | ........
ISSZZ.LL | ....T...
I.SZLLLL | ...TTT..

step=111, rand=5, actions=&lt;Down&gt;
Want     | Got ✗   
-------------------
........ | ....T...
........ | ...TTT..
.T...... | ........
TT...... | ........
.T...... | ........
........ | ........
..OO..S. | ........
..OO..SS | ........
I.OOTTTS | ........
ISSZZ.LL | ........
I.SZLLLL | ........

step=112, rand=5, actions=&lt;Down&gt;
Want     | Got ✗   
-------------------
........ | ........
........ | ....T...
........ | ...TTT..
.T...... | ........
TT...... | ........
.T...... | ........
..OO..S. | ........
..OO..SS | ........
I.OOTTTS | ........
ISSZZ.LL | ........
I.SZLLLL | ........

step=113, rand=5, actions=&lt;Down&gt;
Want     | Got ✗   
-------------------
........ | ........
........ | ........
........ | ....T...
........ | ...TTT..
.T...... | ........
TT...... | ........
.TOO..S. | ........
..OO..SS | ........
I.OOTTTS | ........
ISSZZ.LL | ........
I.SZLLLL | ........

step=114, rand=5, actions=&lt;Down&gt;
Want     | Got ✗   
-------------------
........ | ........
........ | ........
........ | ........
........ | ....T...
........ | ...TTT..
.T...... | ........
TTOO..S. | ........
.TOO..SS | ........
I.OOTTTS | ........
ISSZZ.LL | ........
I.SZLLLL | ........

step=115, rand=5, actions=&lt;Down&gt;
Want     | Got ✗   
-------------------
........ | ........
........ | ........
........ | ........
........ | ........
........ | ....T...
........ | ...TTT..
.TOO..S. | ........
TTOO..SS | ........
ITOOTTTS | ........
ISSZZ.LL | ........
I.SZLLLL | ........

step=116, rand=4, actions=&lt;Down&gt;
Want     | Got ✗   
-------------------
...SS... | ........
..SS.... | ........
........ | ........
........ | ........
........ | ........
........ | ....T...
........ | ...TTT..
.TOO..S. | ........
TTOO..SS | ........
ISSZZ.LL | ........
I.SZLLLL | ........

step=117, rand=4, actions=&lt;RotateRight&gt;
Want     | Got ✗   
-------------------
...S.... | ........
...SS... | ........
....S... | ........
........ | ........
........ | ........
........ | ....T...
........ | ....TT..
.TOO..S. | ....T...
TTOO..SS | ........
ISSZZ.LL | ........
I.SZLLLL | ........

step=118, rand=4, actions=&lt;Right&gt;
Want     | Got ✗   
-------------------
....S... | ........
....SS.. | ........
.....S.. | ........
........ | ........
........ | ........
........ | .....T..
........ | .....TT.
.TOO..S. | .....T..
TTOO..SS | ........
ISSZZ.LL | ........
I.SZLLLL | ........

step=119, rand=4, actions=&lt;Down&gt;
Want     | Got ✗   
-------------------
........ | ........
....S... | ........
....SS.. | ........
.....S.. | ........
........ | ........
........ | ........
........ | .....T..
.TOO..S. | .....TT.
TTOO..SS | .....T..
ISSZZ.LL | ........
I.SZLLLL | ........

step=120, rand=4, actions=&lt;Down&gt;
Want     | Got ✗   
-------------------
........ | ........
........ | ........
....S... | ........
....SS.. | ........
.....S.. | ........
........ | ........
........ | ........
.TOO..S. | .....T..
TTOO..SS | .....TT.
ISSZZ.LL | .....T..
I.SZLLLL | ........

step=121, rand=4, actions=&lt;Down&gt;
Want     | Got ✗   
-------------------
........ | ........
........ | ........
........ | ........
....S... | ........
....SS.. | ........
.....S.. | ........
........ | ........
.TOO..S. | ........
TTOO..SS | .....T..
ISSZZ.LL | .....TT.
I.SZLLLL | .....T..

step=122, rand=4, actions=&lt;Down&gt;
Want     | Got ✗   
-------------------
........ | ....SS..
........ | ...SS...
........ | ........
........ | ........
....S... | ........
....SS.. | ........
.....S.. | ........
.TOO..S. | ........
TTOO..SS | ........
ISSZZ.LL | ........
I.SZLLLL | ........

step=123, rand=4, actions=&lt;Down&gt;
Want     | Got ✗   
-------------------
........ | ........
........ | ....SS..
........ | ...SS...
........ | ........
........ | ........
....S... | ........
....SS.. | ........
.TOO.SS. | ........
TTOO..SS | ........
ISSZZ.LL | ........
I.SZLLLL | ........

step=124, rand=4, actions=&lt;Down&gt;
Want     | Got ✗   
-------------------
........ | ........
........ | ........
........ | ....SS..
........ | ...SS...
........ | ........
........ | ........
....S... | ........
.TOOSSS. | ........
TTOO.SSS | ........
ISSZZ.LL | ........
I.SZLLLL | ........

step=125, rand=4, actions=&lt;Down&gt;
Want     | Got ✗   
-------------------
........ | ........
........ | ........
........ | ........
........ | ....SS..
........ | ...SS...
........ | ........
........ | ........
.TOOS.S. | ........
TTOOSSSS | ........
ISSZZSLL | ........
I.SZLLLL | ........

step=126, rand=3, actions=&lt;Down&gt;
Want     | Got ✗   
-------------------
...OO... | ........
...OO... | ........
........ | ........
........ | ........
........ | ....SS..
........ | ...SS...
........ | ........
........ | ........
........ | ........
.TOOS.S. | ........
I.SZLLLL | ........

step=127, rand=3, actions=&lt;Left&gt;
Want     | Got ✗   
-------------------
..OO.... | ........
..OO.... | ........
........ | ........
........ | ........
........ | ...SS...
........ | ..SS....
........ | ........
........ | ........
........ | ........
.TOOS.S. | ........
I.SZLLLL | ........

step=128, rand=3, actions=&lt;Left&gt;
Want     | Got ✗   
-------------------
.OO..... | ........
.OO..... | ........
........ | ........
........ | ........
........ | ..SS....
........ | .SS.....
........ | ........
........ | ........
........ | ........
.TOOS.S. | ........
I.SZLLLL | ........

step=129, rand=3, actions=&lt;Down&gt;
Want     | Got ✗   
-------------------
........ | ........
.OO..... | ........
.OO..... | ........
........ | ........
........ | ........
........ | ..SS....
........ | .SS.....
........ | ........
........ | ........
.TOOS.S. | ........
I.SZLLLL | ........

step=130, rand=3, actions=&lt;Right&gt;
Want     | Got ✗   
-------------------
........ | ........
..OO.... | ........
..OO.... | ........
........ | ........
........ | ........
........ | ...SS...
........ | ..SS....
........ | ........
........ | ........
.TOOS.S. | ........
I.SZLLLL | ........

step=131, rand=3, actions=&lt;Down&gt;
Want     | Got ✗   
-------------------
........ | ........
........ | ........
..OO.... | ........
..OO.... | ........
........ | ........
........ | ........
........ | ...SS...
........ | ..SS....
........ | ........
.TOOS.S. | ........
I.SZLLLL | ........

step=132, rand=3, actions=&lt;Down&gt;
Want     | Got ✗   
-------------------
........ | ........
........ | ........
........ | ........
..OO.... | ........
..OO.... | ........
........ | ........
........ | ........
........ | ...SS...
........ | ..SS....
.TOOS.S. | ........
I.SZLLLL | ........

step=133, rand=3, actions=&lt;Down&gt;
Want     | Got ✗   
-------------------
........ | ........
........ | ........
........ | ........
........ | ........
..OO.... | ........
..OO.... | ........
........ | ........
........ | ........
........ | ...SS...
.TOOS.S. | ..SS....
I.SZLLLL | ........

step=134, rand=3, actions=&lt;Down&gt;
Want     | Got ✗   
-------------------
........ | ........
........ | ........
........ | ........
........ | ........
........ | ........
..OO.... | ........
..OO.... | ........
........ | ........
........ | ........
.TOOS.S. | ...SS...
I.SZLLLL | ..SS....

step=135, rand=3, actions=&lt;Down&gt;
Want     | Got ✗   
-------------------
........ | ....OO..
........ | ....OO..
........ | ........
........ | ........
........ | ........
........ | ........
..OO.... | ........
..OO.... | ........
........ | ........
.TOOS.S. | ........
I.SZLLLL | ........

step=136, rand=3, actions=&lt;Down&gt;
Want     | Got ✗   
-------------------
........ | ........
........ | ....OO..
........ | ....OO..
........ | ........
........ | ........
........ | ........
........ | ........
..OO.... | ........
..OO.... | ........
.TOOS.S. | ........
I.SZLLLL | ........

step=137, rand=2, actions=&lt;Down&gt;
Want     | Got ✗   
-------------------
....L... | ........
..LLL... | ........
........ | ....OO..
........ | ....OO..
........ | ........
........ | ........
........ | ........
..OO.... | ........
..OO.... | ........
.TOOS.S. | ........
I.SZLLLL | ........

step=138, rand=2, actions=&lt;RotateRight&gt;
Want     | Got ✗   
-------------------
...L.... | ........
...L.... | ........
...LL... | ....OO..
........ | ....OO..
........ | ........
........ | ........
........ | ........
..OO.... | ........
..OO.... | ........
.TOOS.S. | ........
I.SZLLLL | ........

step=139, rand=2, actions=&lt;RotateRight&gt;
Want     | Got ✗   
-------------------
........ | ........
..LLL... | ........
..L..... | ....OO..
........ | ....OO..
........ | ........
........ | ........
........ | ........
..OO.... | ........
..OO.... | ........
.TOOS.S. | ........
I.SZLLLL | ........

step=140, rand=2, actions=&lt;RotateRight&gt;
Want     | Got ✗   
-------------------
..LL.... | ........
...L.... | ........
...L.... | ....OO..
........ | ....OO..
........ | ........
........ | ........
........ | ........
..OO.... | ........
..OO.... | ........
.TOOS.S. | ........
I.SZLLLL | ........

step=141, rand=2, actions=&lt;Right&gt;
Want     | Got ✗   
-------------------
...LL... | ........
....L... | ........
....L... | .....OO.
........ | .....OO.
........ | ........
........ | ........
........ | ........
..OO.... | ........
..OO.... | ........
.TOOS.S. | ........
I.SZLLLL | ........

step=142, rand=2, actions=&lt;Down&gt;
Want     | Got ✗   
-------------------
........ | ........
...LL... | ........
....L... | ........
....L... | .....OO.
........ | .....OO.
........ | ........
........ | ........
..OO.... | ........
..OO.... | ........
.TOOS.S. | ........
I.SZLLLL | ........

step=143, rand=2, actions=&lt;Down&gt;
Want     | Got ✗   
-------------------
........ | ........
........ | ........
...LL... | ........
....L... | ........
....L... | .....OO.
........ | .....OO.
........ | ........
..OO.... | ........
..OO.... | ........
.TOOS.S. | ........
I.SZLLLL | ........

step=144, rand=2, actions=&lt;Down&gt;
Want     | Got ✗   
-------------------
........ | ........
........ | ........
........ | ........
...LL... | ........
....L... | ........
....L... | .....OO.
........ | .....OO.
..OO.... | ........
..OO.... | ........
.TOOS.S. | ........
I.SZLLLL | ........

step=145, rand=2, actions=&lt;Down&gt;
Want     | Got ✗   
-------------------
........ | ........
........ | ........
........ | ........
........ | ........
...LL... | ........
....L... | ........
....L... | .....OO.
..OO.... | .....OO.
..OO.... | ........
.TOOS.S. | ........
I.SZLLLL | ........

step=146, rand=2, actions=&lt;Down&gt;
Want     | Got ✗   
-------------------
........ | ........
........ | ........
........ | ........
........ | ........
........ | ........
...LL... | ........
....L... | ........
..OOL... | .....OO.
..OO.... | .....OO.
.TOOS.S. | ........
I.SZLLLL | ........

step=147, rand=2, actions=&lt;Down&gt;
Want     | Got ✗   
-------------------
........ | ........
........ | ........
........ | ........
........ | ........
........ | ........
........ | ........
...LL... | ........
..OOL... | ........
..OOL... | .....OO.
.TOOS.S. | .....OO.
I.SZLLLL | ........

step=148, rand=1, actions=&lt;Down&gt;
Want     | Got ✗   
-------------------
..J..... | ........
..JJJ... | ........
........ | ........
........ | ........
........ | ........
........ | ........
...LL... | ........
..OOL... | ........
..OOL... | ........
.TOOS.S. | .....OO.
I.SZLLLL | .....OO.

step=149, rand=1, actions=&lt;RotateRight&gt;
Want     | Got ✗   
-------------------
...JJ... | ........
...J.... | ........
...J.... | ........
........ | ........
........ | ........
........ | ........
...LL... | ........
..OOL... | ........
..OOL... | ........
.TOOS.S. | .....OO.
I.SZLLLL | .....OO.

step=150, rand=1, actions=&lt;Right&gt;
Want     | Got ✗   
-------------------
....JJ.. | ........
....J... | ........
....J... | ........
........ | ........
........ | ........
........ | ........
...LL... | ........
..OOL... | ........
..OOL... | ........
.TOOS.S. | ......OO
I.SZLLLL | ......OO

step=151, rand=1, actions=&lt;RotateRight&gt;
Want     | Got ✗   
-------------------
........ | ........
...JJJ.. | ........
.....J.. | ........
........ | ........
........ | ........
........ | ........
...LL... | ........
..OOL... | ........
..OOL... | ........
.TOOS.S. | ......OO
I.SZLLLL | ......OO

step=152, rand=1, actions=&lt;Right&gt;
Want     | Got ✗   
-------------------
........ | ........
....JJJ. | ........
......J. | ........
........ | ........
........ | ........
........ | ........
...LL... | ........
..OOL... | ........
..OOL... | ........
.TOOS.S. | ......OO
I.SZLLLL | ......OO

step=153, rand=1, actions=&lt;Right&gt;
Want     | Got ✗   
-------------------
........ | ........
.....JJJ | ........
.......J | ........
........ | ........
........ | ........
........ | ........
...LL... | ........
..OOL... | ........
..OOL... | ........
.TOOS.S. | ......OO
I.SZLLLL | ......OO

step=154, rand=1, actions=&lt;Right&gt;
Want     | Got ✗   
-------------------
........ | ........
.....JJJ | ........
.......J | ........
........ | ........
........ | ........
........ | ........
...LL... | ........
..OOL... | ........
..OOL... | ........
.TOOS.S. | ......OO
I.SZLLLL | ......OO

step=155, rand=1, actions=&lt;Down&gt;
Want     | Got ✗   
-------------------
........ | ...J....
........ | ...JJJ..
.....JJJ | ........
.......J | ........
........ | ........
........ | ........
...LL... | ........
..OOL... | ........
..OOL... | ........
.TOOS.S. | ........
I.SZLLLL | ........

step=156, rand=1, actions=&lt;Down&gt;
Want     | Got ✗   
-------------------
........ | ........
........ | ...J....
........ | ...JJJ..
.....JJJ | ........
.......J | ........
........ | ........
...LL... | ........
..OOL... | ........
..OOL... | ........
.TOOS.S. | ........
I.SZLLLL | ........

step=157, rand=1, actions=&lt;Down&gt;
Want     | Got ✗   
-------------------
........ | ........
........ | ........
........ | ...J....
........ | ...JJJ..
.....JJJ | ........
.......J | ........
...LL... | ........
..OOL... | ........
..OOL... | ........
.TOOS.S. | ........
I.SZLLLL | ........

step=158, rand=1, actions=&lt;Down&gt;
Want     | Got ✗   
-------------------
........ | ........
........ | ........
........ | ........
........ | ...J....
........ | ...JJJ..
.....JJJ | ........
...LL..J | ........
..OOL... | ........
..OOL... | ........
.TOOS.S. | ........
I.SZLLLL | ........

step=159, rand=1, actions=&lt;Down&gt;
Want     | Got ✗   
-------------------
........ | ........
........ | ........
........ | ........
........ | ........
........ | ...J....
........ | ...JJJ..
...LLJJJ | ........
..OOL..J | ........
..OOL... | ........
.TOOS.S. | ........
I.SZLLLL | ........

step=160, rand=1, actions=&lt;Down&gt;
Want     | Got ✗   
-------------------
........ | ........
........ | ........
........ | ........
........ | ........
........ | ........
........ | ...J....
...LL... | ...JJJ..
..OOLJJJ | ........
..OOL..J | ........
.TOOS.S. | ........
I.SZLLLL | ........

step=161, rand=1, actions=&lt;Down&gt;
Want     | Got ✗   
-------------------
........ | ........
........ | ........
........ | ........
........ | ........
........ | ........
........ | ........
...LL... | ...J....
..OOL... | ...JJJ..
..OOLJJJ | ........
.TOOS.SJ | ........
I.SZLLLL | ........

step=162, rand=5, actions=&lt;Down&gt;
Want     | Got ✗   
-------------------
...T.... | ........
..TTT... | ........
........ | ........
........ | ........
........ | ........
........ | ........
...LL... | ........
..OOL... | ...J....
..OOLJJJ | ...JJJ..
.TOOS.SJ | ........
I.SZLLLL | ........

step=163, rand=5, actions=&lt;Left&gt;
Want     | Got ✗   
-------------------
..T..... | ........
.TTT.... | ........
........ | ........
........ | ........
........ | ........
........ | ........
...LL... | ........
..OOL... | ..J.....
..OOLJJJ | ..JJJ...
.TOOS.SJ | ........
I.SZLLLL | ........

step=164, rand=5, actions=&lt;RotateRight&gt;
Want     | Got ✗   
-------------------
..T..... | ........
..TT.... | ........
..T..... | ........
........ | ........
........ | ........
........ | ........
...LL... | ........
..OOL... | ...JJ...
..OOLJJJ | ...J....
.TOOS.SJ | ...J....
I.SZLLLL | ........

step=165, rand=5, actions=&lt;Left&gt;
Want     | Got ✗   
-------------------
.T...... | ........
.TT..... | ........
.T...... | ........
........ | ........
........ | ........
........ | ........
...LL... | ........
..OOL... | ..JJ....
..OOLJJJ | ..J.....
.TOOS.SJ | ..J.....
I.SZLLLL | ........

step=166, rand=5, actions=&lt;Left&gt;
Want     | Got ✗   
-------------------
T....... | ........
TT...... | ........
T....... | ........
........ | ........
........ | ........
........ | ........
...LL... | ........
..OOL... | .JJ.....
..OOLJJJ | .J......
.TOOS.SJ | .J......
I.SZLLLL | ........

step=167, rand=5, actions=&lt;Down&gt;
Want     | Got ✗   
-------------------
........ | ........
T....... | ........
TT...... | ........
T....... | ........
........ | ........
........ | ........
...LL... | ........
..OOL... | ........
..OOLJJJ | .JJ.....
.TOOS.SJ | .J......
I.SZLLLL | .J......

step=168, rand=5, actions=&lt;Down&gt;
Want     | Got ✗   
-------------------
........ | ....T...
........ | ...TTT..
T....... | ........
TT...... | ........
T....... | ........
........ | ........
...LL... | ........
..OOL... | ........
..OOLJJJ | ........
.TOOS.SJ | ........
I.SZLLLL | ........

step=169, rand=5, actions=&lt;Down&gt;
Want     | Got ✗   
-------------------
........ | ........
........ | ....T...
........ | ...TTT..
T....... | ........
TT...... | ........
T....... | ........
...LL... | ........
..OOL... | ........
..OOLJJJ | ........
.TOOS.SJ | ........
I.SZLLLL | ........

step=170, rand=5, actions=&lt;Down&gt;
Want     | Got ✗   
-------------------
........ | ........
........ | ........
........ | ....T...
........ | ...TTT..
T....... | ........
TT...... | ........
T..LL... | ........
..OOL... | ........
..OOLJJJ | ........
.TOOS.SJ | ........
I.SZLLLL | ........

step=171, rand=5, actions=&lt;Down&gt;
Want     | Got ✗   
-------------------
........ | ........
........ | ........
........ | ........
........ | ....T...
........ | ...TTT..
T....... | ........
TT.LL... | ........
T.OOL... | ........
..OOLJJJ | ........
.TOOS.SJ | ........
I.SZLLLL | ........

step=172, rand=5, actions=&lt;Down&gt;
Want     | Got ✗   
-------------------
........ | ........
........ | ........
........ | ........
........ | ........
........ | ....T...
........ | ...TTT..
T..LL... | ........
TTOOL... | ........
T.OOLJJJ | ........
.TOOS.SJ | ........
I.SZLLLL | ........

step=173, rand=5, actions=&lt;Down&gt;
Want     | Got ✗   
-------------------
........ | ........
........ | ........
........ | ........
........ | ........
........ | ........
........ | ....T...
...LL... | ...TTT..
T.OOL... | ........
TTOOLJJJ | ........
TTOOS.SJ | ........
I.SZLLLL | ........

step=174, rand=1, actions=&lt;Down&gt;
Want     | Got ✗   
-------------------
..J..... | ........
..JJJ... | ........
........ | ........
........ | ........
........ | ........
........ | ........
........ | ....T...
...LL... | ...TTT..
T.OOL... | ........
TTOOS.SJ | ........
I.SZLLLL | ........

step=175, rand=1, actions=&lt;RotateRight&gt;
Want     | Got ✗   
-------------------
...JJ... | ........
...J.... | ........
...J.... | ........
........ | ........
........ | ........
........ | ........
........ | ....T...
...LL... | ....TT..
T.OOL... | ....T...
TTOOS.SJ | ........
I.SZLLLL | ........

step=176, rand=1, actions=&lt;RotateRight&gt;
Want     | Got ✗   
-------------------
........ | ........
..JJJ... | ........
....J... | ........
........ | ........
........ | ........
........ | ........
........ | ........
...LL... | ...TTT..
T.OOL... | ....T...
TTOOS.SJ | ........
I.SZLLLL | ........

step=177, rand=1, actions=&lt;RotateRight&gt;
Want     | Got ✗   
-------------------
...J.... | ........
...J.... | ........
..JJ.... | ........
........ | ........
........ | ........
........ | ........
........ | ....T...
...LL... | ...TT...
T.OOL... | ....T...
TTOOS.SJ | ........
I.SZLLLL | ........

step=178, rand=1, actions=&lt;Right&gt;
Want     | Got ✗   
-------------------
....J... | ........
....J... | ........
...JJ... | ........
........ | ........
........ | ........
........ | ........
........ | .....T..
...LL... | ....TT..
T.OOL... | .....T..
TTOOS.SJ | ........
I.SZLLLL | ........

step=179, rand=1, actions=&lt;Right&gt;
Want     | Got ✗   
-------------------
.....J.. | ........
.....J.. | ........
....JJ.. | ........
........ | ........
........ | ........
........ | ........
........ | ......T.
...LL... | .....TT.
T.OOL... | ......T.
TTOOS.SJ | ........
I.SZLLLL | ........

step=180, rand=1, actions=&lt;Right&gt;
Want     | Got ✗   
-------------------
......J. | ........
......J. | ........
.....JJ. | ........
........ | ........
........ | ........
........ | ........
........ | .......T
...LL... | ......TT
T.OOL... | .......T
TTOOS.SJ | ........
I.SZLLLL | ........

step=181, rand=1, actions=&lt;Right&gt;
Want     | Got ✗   
-------------------
.......J | ........
.......J | ........
......JJ | ........
........ | ........
........ | ........
........ | ........
........ | .......T
...LL... | ......TT
T.OOL... | .......T
TTOOS.SJ | ........
I.SZLLLL | ........

step=182, rand=1, actions=&lt;Down&gt;
Want     | Got ✗   
-------------------
........ | ........
.......J | ........
.......J | ........
......JJ | ........
........ | ........
........ | ........
........ | ........
...LL... | .......T
T.OOL... | ......TT
TTOOS.SJ | .......T
I.SZLLLL | ........

step=183, rand=1, actions=&lt;Down&gt;
Want     | Got ✗   
-------------------
........ | ........
........ | ........
.......J | ........
.......J | ........
......JJ | ........
........ | ........
........ | ........
...LL... | ........
T.OOL... | .......T
TTOOS.SJ | ......TT
I.SZLLLL | .......T

step=184, rand=1, actions=&lt;Down&gt;
Want     | Got ✗   
-------------------
........ | ...J....
........ | ...JJJ..
........ | ........
.......J | ........
.......J | ........
......JJ | ........
........ | ........
...LL... | ........
T.OOL... | ........
TTOOS.SJ | ........
I.SZLLLL | ........

step=185, rand=1, actions=&lt;Down&gt;
Want     | Got ✗   
-------------------
........ | ........
........ | ...J....
........ | ...JJJ..
........ | ........
.......J | ........
.......J | ........
......JJ | ........
...LL... | ........
T.OOL... | ........
TTOOS.SJ | ........
I.SZLLLL | ........

step=186, rand=1, actions=&lt;Down&gt;
Want     | Got ✗   
-------------------
........ | ........
........ | ........
........ | ...J....
........ | ...JJJ..
........ | ........
.......J | ........
.......J | ........
...LL.JJ | ........
T.OOL... | ........
TTOOS.SJ | ........
I.SZLLLL | ........

step=187, rand=1, actions=&lt;Down&gt;
Want     | Got ✗   
-------------------
........ | ........
........ | ........
........ | ........
........ | ...J....
........ | ...JJJ..
........ | ........
.......J | ........
...LL..J | ........
T.OOL.JJ | ........
TTOOS.SJ | ........
I.SZLLLL | ........

step=188, rand=4, actions=&lt;Down&gt;
Want     | Got ✗   
-------------------
...SS... | ........
..SS.... | ........
........ | ........
........ | ........
........ | ...J....
........ | ...JJJ..
.......J | ........
...LL..J | ........
T.OOL.JJ | ........
TTOOS.SJ | ........
I.SZLLLL | ........

step=189, rand=4, actions=&lt;RotateRight&gt;
Want     | Got ✗   
-------------------
...S.... | ........
...SS... | ........
....S... | ........
........ | ........
........ | ....JJ..
........ | ....J...
.......J | ....J...
...LL..J | ........
T.OOL.JJ | ........
TTOOS.SJ | ........
I.SZLLLL | ........

step=190, rand=4, actions=&lt;Left&gt;
Want     | Got ✗   
-------------------
..S..... | ........
..SS.... | ........
...S.... | ........
........ | ........
........ | ...JJ...
........ | ...J....
.......J | ...J....
...LL..J | ........
T.OOL.JJ | ........
TTOOS.SJ | ........
I.SZLLLL | ........

step=191, rand=4, actions=&lt;Left&gt;
Want     | Got ✗   
-------------------
.S...... | ........
.SS..... | ........
..S..... | ........
........ | ........
........ | ..JJ....
........ | ..J.....
.......J | ..J.....
...LL..J | ........
T.OOL.JJ | ........
TTOOS.SJ | ........
I.SZLLLL | ........

step=192, rand=4, actions=&lt;Left&gt;
Want     | Got ✗   
-------------------
S....... | ........
SS...... | ........
.S...... | ........
........ | ........
........ | .JJ.....
........ | .J......
.......J | .J......
...LL..J | ........
T.OOL.JJ | ........
TTOOS.SJ | ........
I.SZLLLL | ........

step=193, rand=4, actions=&lt;Down&gt;
Want     | Got ✗   
-------------------
........ | ........
S....... | ........
SS...... | ........
.S...... | ........
........ | ........
........ | .JJ.....
.......J | .J......
...LL..J | .J......
T.OOL.JJ | ........
TTOOS.SJ | ........
I.SZLLLL | ........

step=194, rand=4, actions=&lt;Down&gt;
Want     | Got ✗   
-------------------
........ | ........
........ | ........
S....... | ........
SS...... | ........
.S...... | ........
........ | ........
.......J | .JJ.....
...LL..J | .J......
T.OOL.JJ | .J......
TTOOS.SJ | ........
I.SZLLLL | ........

step=195, rand=4, actions=&lt;Down&gt;
Want     | Got ✗   
-------------------
........ | ........
........ | ........
........ | ........
S....... | ........
SS...... | ........
.S...... | ........
.......J | ........
...LL..J | .JJ.....
T.OOL.JJ | .J......
TTOOS.SJ | .J......
I.SZLLLL | ........

step=196, rand=4, actions=&lt;Down&gt;
Want     | Got ✗   
-------------------
........ | ........
........ | ........
........ | ........
........ | ........
S....... | ........
SS...... | ........
.S.....J | ........
...LL..J | ........
T.OOL.JJ | .JJ.....
TTOOS.SJ | .J......
I.SZLLLL | .J......

step=197, rand=4, actions=&lt;Down&gt;
Want     | Got ✗   
-------------------
........ | ....SS..
........ | ...SS...
........ | ........
........ | ........
........ | ........
S....... | ........
SS.....J | ........
.S.LL..J | ........
T.OOL.JJ | ........
TTOOS.SJ | ........
I.SZLLLL | ........

step=198, rand=4, actions=&lt;Down&gt;
Want     | Got ✗   
-------------------
........ | ........
........ | ....SS..
........ | ...SS...
........ | ........
........ | ........
........ | ........
S......J | ........
SS.LL..J | ........
TSOOL.JJ | ........
TTOOS.SJ | ........
I.SZLLLL | ........

step=199, rand=6, actions=&lt;Down&gt;
Want     | Got ✗   
-------------------
..ZZ.... | ........
...ZZ... | ........
........ | ....SS..
........ | ...SS...
........ | ........
........ | ........
S......J | ........
SS.LL..J | ........
TSOOL.JJ | ........
TTOOS.SJ | ........
I.SZLLLL | ........

step=200, rand=6, actions=&lt;RotateRight&gt;
Want     | Got ✗   
-------------------
....Z... | ........
...ZZ... | ........
...Z.... | ....S...
........ | ....SS..
........ | .....S..
........ | ........
S......J | ........
SS.LL..J | ........
TSOOL.JJ | ........
TTOOS.SJ | ........
I.SZLLLL | ........

step=201, rand=6, actions=&lt;Left&gt;
Want     | Got ✗   
-------------------
...Z.... | ........
..ZZ.... | ........
..Z..... | ...S....
........ | ...SS...
........ | ....S...
........ | ........
S......J | ........
SS.LL..J | ........
TSOOL.JJ | ........
TTOOS.SJ | ........
I.SZLLLL | ........

step=202, rand=6, actions=&lt;Down&gt;
Want     | Got ✗   
-------------------
........ | ........
...Z.... | ........
..ZZ.... | ........
..Z..... | ...S....
........ | ...SS...
........ | ....S...
S......J | ........
SS.LL..J | ........
TSOOL.JJ | ........
TTOOS.SJ | ........
I.SZLLLL | ........

step=203, rand=6, actions=&lt;Down&gt;
Want     | Got ✗   
-------------------
........ | ........
........ | ........
...Z.... | ........
..ZZ.... | ........
..Z..... | ...S....
........ | ...SS...
S......J | ....S...
SS.LL..J | ........
TSOOL.JJ | ........
TTOOS.SJ | ........
I.SZLLLL | ........

step=204, rand=6, actions=&lt;Down&gt;
Want     | Got ✗   
-------------------
........ | ........
........ | ........
........ | ........
...Z.... | ........
..ZZ.... | ........
..Z..... | ...S....
S......J | ...SS...
SS.LL..J | ....S...
TSOOL.JJ | ........
TTOOS.SJ | ........
I.SZLLLL | ........

step=205, rand=6, actions=&lt;Down&gt;
Want     | Got ✗   
-------------------
........ | ........
........ | ........
........ | ........
........ | ........
...Z.... | ........
..ZZ.... | ........
S.Z....J | ...S....
SS.LL..J | ...SS...
TSOOL.JJ | ....S...
TTOOS.SJ | ........
I.SZLLLL | ........

step=206, rand=6, actions=&lt;Down&gt;
Want     | Got ✗   
-------------------
........ | ........
........ | ........
........ | ........
........ | ........
........ | ........
...Z.... | ........
S.ZZ...J | ........
SSZLL..J | ...S....
TSOOL.JJ | ...SS...
TTOOS.SJ | ....S...
I.SZLLLL | ........

step=207, rand=6, actions=&lt;Down&gt;
Want     | Got ✗   
-------------------
..ZZ.... | ........
...ZZ... | ........
........ | ........
........ | ........
........ | ........
...Z.... | ........
S.ZZ...J | ........
SSZLL..J | ........
TSOOL.JJ | ...S....
TTOOS.SJ | ...SS...
I.SZLLLL | ....S...

step=208, rand=6, actions=&lt;RotateRight&gt;
Want     | Got ✗   
-------------------
....Z... | ........
...ZZ... | ........
...Z.... | ........
........ | ........
........ | ........
...Z.... | ........
S.ZZ...J | ........
SSZLL..J | ........
TSOOL.JJ | ........
TTOOS.SJ | ...SS...
I.SZLLLL | ..SS....

step=209, rand=6, actions=&lt;Left&gt;
Want     | Got ✗   
-------------------
...Z.... | ........
..ZZ.... | ........
..Z..... | ........
........ | ........
........ | ........
...Z.... | ........
S.ZZ...J | ........
SSZLL..J | ........
TSOOL.JJ | ........
TTOOS.SJ | ..SS....
I.SZLLLL | .SS.....

step=210, rand=6, actions=&lt;Left&gt;
Want     | Got ✗   
-------------------
..Z..... | ........
.ZZ..... | ........
.Z...... | ........
........ | ........
........ | ........
...Z.... | ........
S.ZZ...J | ........
SSZLL..J | ........
TSOOL.JJ | ........
TTOOS.SJ | .SS.....
I.SZLLLL | SS......

step=211, rand=6, actions=&lt;Down&gt;
Want     | Got ✗   
-------------------
........ | ...ZZ...
..Z..... | ....ZZ..
.ZZ..... | ........
.Z...... | ........
........ | ........
...Z.... | ........
S.ZZ...J | ........
SSZLL..J | ........
TSOOL.JJ | ........
TTOOS.SJ | ........
I.SZLLLL | ........

step=212, rand=6, actions=&lt;Down&gt;
Want     | Got ✗   
-------------------
........ | ........
........ | ...ZZ...
..Z..... | ....ZZ..
.ZZ..... | ........
.Z...... | ........
...Z.... | ........
S.ZZ...J | ........
SSZLL..J | ........
TSOOL.JJ | ........
TTOOS.SJ | ........
I.SZLLLL | ........

step=213, rand=6, actions=&lt;Down&gt;
Want     | Got ✗   
-------------------
........ | ........
........ | ........
........ | ...ZZ...
..Z..... | ....ZZ..
.ZZ..... | ........
.Z.Z.... | ........
S.ZZ...J | ........
SSZLL..J | ........
TSOOL.JJ | ........
TTOOS.SJ | ........
I.SZLLLL | ........

step=214, rand=6, actions=&lt;Down&gt;
Want     | Got ✗   
-------------------
........ | ........
........ | ........
........ | ........
........ | ...ZZ...
..Z..... | ....ZZ..
.ZZZ.... | ........
SZZZ...J | ........
SSZLL..J | ........
TSOOL.JJ | ........
TTOOS.SJ | ........
I.SZLLLL | ........

step=215, rand=5, actions=&lt;Down&gt;
Want     | Got ✗   
-------------------
...T.... | ........
..TTT... | ........
........ | ........
........ | ........
..Z..... | ...ZZ...
.ZZZ.... | ....ZZ..
SZZZ...J | ........
SSZLL..J | ........
TSOOL.JJ | ........
TTOOS.SJ | ........
I.SZLLLL | ........

step=216, rand=5, actions=&lt;Right&gt;
Want     | Got ✗   
-------------------
....T... | ........
...TTT.. | ........
........ | ........
........ | ........
..Z..... | ....ZZ..
.ZZZ.... | .....ZZ.
SZZZ...J | ........
SSZLL..J | ........
TSOOL.JJ | ........
TTOOS.SJ | ........
I.SZLLLL | ........

step=217, rand=5, actions=&lt;Left&gt;
Want     | Got ✗   
-------------------
...T.... | ........
..TTT... | ........
........ | ........
........ | ........
..Z..... | ...ZZ...
.ZZZ.... | ....ZZ..
SZZZ...J | ........
SSZLL..J | ........
TSOOL.JJ | ........
TTOOS.SJ | ........
I.SZLLLL | ........

step=218, rand=5, actions=&lt;RotateRight&gt;
Want     | Got ✗   
-------------------
...T.... | ........
...TT... | ........
...T.... | ........
........ | ........
..Z..... | .....Z..
.ZZZ.... | ....ZZ..
SZZZ...J | ....Z...
SSZLL..J | ........
TSOOL.JJ | ........
TTOOS.SJ | ........
I.SZLLLL | ........

step=219, rand=5, actions=&lt;Left&gt;
Want     | Got ✗   
-------------------
..T..... | ........
..TT.... | ........
..T..... | ........
........ | ........
..Z..... | ....Z...
.ZZZ.... | ...ZZ...
SZZZ...J | ...Z....
SSZLL..J | ........
TSOOL.JJ | ........
TTOOS.SJ | ........
I.SZLLLL | ........

step=220, rand=5, actions=&lt;Left&gt;
Want     | Got ✗   
-------------------
.T...... | ........
.TT..... | ........
.T...... | ........
........ | ........
..Z..... | ...Z....
.ZZZ.... | ..ZZ....
SZZZ...J | ..Z.....
SSZLL..J | ........
TSOOL.JJ | ........
TTOOS.SJ | ........
I.SZLLLL | ........

step=221, rand=5, actions=&lt;Left&gt;
Want     | Got ✗   
-------------------
T....... | ........
TT...... | ........
T....... | ........
........ | ........
..Z..... | ..Z.....
.ZZZ.... | .ZZ.....
SZZZ...J | .Z......
SSZLL..J | ........
TSOOL.JJ | ........
TTOOS.SJ | ........
I.SZLLLL | ........

step=222, rand=5, actions=&lt;Down&gt;
Want     | Got ✗   
-------------------
........ | ........
T....... | ........
TT...... | ........
T....... | ........
..Z..... | ........
.ZZZ.... | ..Z.....
SZZZ...J | .ZZ.....
SSZLL..J | .Z......
TSOOL.JJ | ........
TTOOS.SJ | ........
I.SZLLLL | ........

step=223, rand=5, actions=&lt;Down&gt;
Want     | Got ✗   
-------------------
........ | ........
........ | ........
T....... | ........
TT...... | ........
T.Z..... | ........
.ZZZ.... | ........
SZZZ...J | ..Z.....
SSZLL..J | .ZZ.....
TSOOL.JJ | .Z......
TTOOS.SJ | ........
I.SZLLLL | ........

step=224, rand=5, actions=&lt;Down&gt;
Want     | Got ✗   
-------------------
........ | ........
........ | ........
........ | ........
T....... | ........
TTZ..... | ........
TZZZ.... | ........
SZZZ...J | ........
SSZLL..J | ..Z.....
TSOOL.JJ | .ZZ.....
TTOOS.SJ | .Z......
I.SZLLLL | ........

step=225, rand=3, actions=&lt;Down&gt;
Want     | Got ✗   
-------------------
...OO... | ........
...OO... | ........
........ | ........
T....... | ........
TTZ..... | ........
TZZZ.... | ........
SZZZ...J | ........
SSZLL..J | ........
TSOOL.JJ | ..Z.....
TTOOS.SJ | .ZZ.....
I.SZLLLL | .Z......

step=226, rand=3, actions=&lt;Right&gt;
Want     | Got ✗   
-------------------
....OO.. | ........
....OO.. | ........
........ | ........
T....... | ........
TTZ..... | ........
TZZZ.... | ........
SZZZ...J | ........
SSZLL..J | ........
TSOOL.JJ | ...Z....
TTOOS.SJ | ..ZZ....
I.SZLLLL | ..Z.....

step=227, rand=3, actions=&lt;Right&gt;
Want     | Got ✗   
-------------------
.....OO. | ........
.....OO. | ........
........ | ........
T....... | ........
TTZ..... | ........
TZZZ.... | ........
SZZZ...J | ........
SSZLL..J | ........
TSOOL.JJ | ....Z...
TTOOS.SJ | ...ZZ...
I.SZLLLL | ...Z....

step=228, rand=3, actions=&lt;Left&gt;
Want     | Got ✗   
-------------------
....OO.. | ........
....OO.. | ........
........ | ........
T....... | ........
TTZ..... | ........
TZZZ.... | ........
SZZZ...J | ........
SSZLL..J | ........
TSOOL.JJ | ...Z....
TTOOS.SJ | ..ZZ....
I.SZLLLL | ..Z.....

step=229, rand=3, actions=&lt;Right&gt;
Want     | Got ✗   
-------------------
.....OO. | ........
.....OO. | ........
........ | ........
T....... | ........
TTZ..... | ........
TZZZ.... | ........
SZZZ...J | ........
SSZLL..J | ........
TSOOL.JJ | ....Z...
TTOOS.SJ | ...ZZ...
I.SZLLLL | ...Z....

step=230, rand=3, actions=&lt;Down&gt;
Want     | Got ✗   
-------------------
........ | ....OO..
.....OO. | ....OO..
.....OO. | ........
T....... | ........
TTZ..... | ........
TZZZ.... | ........
SZZZ...J | ........
SSZLL..J | ........
TSOOL.JJ | ........
TTOOS.SJ | ........
I.SZLLLL | ........

step=231, rand=3, actions=&lt;Down&gt;
Want     | Got ✗   
-------------------
........ | ........
........ | ....OO..
.....OO. | ....OO..
T....OO. | ........
TTZ..... | ........
TZZZ.... | ........
SZZZ...J | ........
SSZLL..J | ........
TSOOL.JJ | ........
TTOOS.SJ | ........
I.SZLLLL | ........

step=232, rand=3, actions=&lt;Down&gt;
Want     | Got ✗   
-------------------
........ | ........
........ | ........
........ | ....OO..
T....OO. | ....OO..
TTZ..OO. | ........
TZZZ.... | ........
SZZZ...J | ........
SSZLL..J | ........
TSOOL.JJ | ........
TTOOS.SJ | ........
I.SZLLLL | ........

step=233, rand=3, actions=&lt;Down&gt;
Want     | Got ✗   
-------------------
........ | ........
........ | ........
........ | ........
T....... | ....OO..
TTZ..OO. | ....OO..
TZZZ.OO. | ........
SZZZ...J | ........
SSZLL..J | ........
TSOOL.JJ | ........
TTOOS.SJ | ........
I.SZLLLL | ........

step=234, rand=3, actions=&lt;Down&gt;
Want     | Got ✗   
-------------------
........ | ........
........ | ........
........ | ........
T....... | ........
TTZ..... | ....OO..
TZZZ.OO. | ....OO..
SZZZ.OOJ | ........
SSZLL..J | ........
TSOOL.JJ | ........
TTOOS.SJ | ........
I.SZLLLL | ........

step=235, rand=3, actions=&lt;Down&gt;
Want     | Got ✗   
-------------------
........ | ........
........ | ........
........ | ........
T....... | ........
TTZ..... | ........
TZZZ.... | ....OO..
SZZZ.OOJ | ....OO..
SSZLLOOJ | ........
TSOOL.JJ | ........
TTOOS.SJ | ........
I.SZLLLL | ........

step=236, rand=3, actions=&lt;Right&gt;
Want     | Got ✗   
-------------------
........ | ........
........ | ........
........ | ........
T....... | ........
TTZ..... | ........
TZZZ.... | .....OO.
SZZZ.OOJ | .....OO.
SSZLLOOJ | ........
TSOOL.JJ | ........
TTOOS.SJ | ........
I.SZLLLL | ........

step=237, rand=6, actions=&lt;Down&gt;
Want     | Got ✗   
-------------------
..ZZ.... | ........
...ZZ... | ........
........ | ........
........ | ........
T....... | ........
TTZ..... | ........
TZZZ.... | .....OO.
SZZZ.OOJ | .....OO.
TSOOL.JJ | ........
TTOOS.SJ | ........
I.SZLLLL | ........

step=238, rand=6, actions=&lt;RotateRight&gt;
Want     | Got ✗   
-------------------
....Z... | ........
...ZZ... | ........
...Z.... | ........
........ | ........
T....... | ........
TTZ..... | ........
TZZZ.... | .....OO.
SZZZ.OOJ | .....OO.
TSOOL.JJ | ........
TTOOS.SJ | ........
I.SZLLLL | ........

step=239, rand=6, actions=&lt;Right&gt;
Want     | Got ✗   
-------------------
.....Z.. | ........
....ZZ.. | ........
....Z... | ........
........ | ........
T....... | ........
TTZ..... | ........
TZZZ.... | ......OO
SZZZ.OOJ | ......OO
TSOOL.JJ | ........
TTOOS.SJ | ........
I.SZLLLL | ........

step=240, rand=6, actions=&lt;Right&gt;
Want     | Got ✗   
-------------------
......Z. | ........
.....ZZ. | ........
.....Z.. | ........
........ | ........
T....... | ........
TTZ..... | ........
TZZZ.... | ......OO
SZZZ.OOJ | ......OO
TSOOL.JJ | ........
TTOOS.SJ | ........
I.SZLLLL | ........

step=241, rand=6, actions=&lt;Left&gt;
Want     | Got ✗   
-------------------
.....Z.. | ........
....ZZ.. | ........
....Z... | ........
........ | ........
T....... | ........
TTZ..... | ........
TZZZ.... | .....OO.
SZZZ.OOJ | .....OO.
TSOOL.JJ | ........
TTOOS.SJ | ........
I.SZLLLL | ........

step=242, rand=6, actions=&lt;Down&gt;
Want     | Got ✗   
-------------------
........ | ........
.....Z.. | ........
....ZZ.. | ........
....Z... | ........
T....... | ........
TTZ..... | ........
TZZZ.... | ........
SZZZ.OOJ | .....OO.
TSOOL.JJ | .....OO.
TTOOS.SJ | ........
I.SZLLLL | ........

step=243, rand=6, actions=&lt;Down&gt;
Want     | Got ✗   
-------------------
........ | ........
........ | ........
.....Z.. | ........
....ZZ.. | ........
T...Z... | ........
TTZ..... | ........
TZZZ.... | ........
SZZZ.OOJ | ........
TSOOL.JJ | .....OO.
TTOOS.SJ | .....OO.
I.SZLLLL | ........

step=244, rand=6, actions=&lt;Down&gt;
Want     | Got ✗   
-------------------
........ | ........
........ | ........
........ | ........
.....Z.. | ........
T...ZZ.. | ........
TTZ.Z... | ........
TZZZ.... | ........
SZZZ.OOJ | ........
TSOOL.JJ | ........
TTOOS.SJ | .....OO.
I.SZLLLL | .....OO.

step=245, rand=6, actions=&lt;Down&gt;
Want     | Got ✗   
-------------------
........ | ...ZZ...
........ | ....ZZ..
........ | ........
........ | ........
T....Z.. | ........
TTZ.ZZ.. | ........
TZZZZ... | ........
SZZZ.OOJ | ........
TSOOL.JJ | ........
TTOOS.SJ | ........
I.SZLLLL | ........

step=246, rand=6, actions=&lt;Down&gt;
Want     | Got ✗   
-------------------
........ | ........
........ | ...ZZ...
........ | ....ZZ..
........ | ........
T....... | ........
TTZ..Z.. | ........
TZZZZZ.. | ........
SZZZZOOJ | ........
TSOOL.JJ | ........
TTOOS.SJ | ........
I.SZLLLL | ........

step=247, rand=5, actions=&lt;Down&gt;
Want     | Got ✗   
-------------------
...T.... | ........
..TTT... | ........
........ | ...ZZ...
........ | ....ZZ..
........ | ........
T....... | ........
TTZ..Z.. | ........
TZZZZZ.. | ........
TSOOL.JJ | ........
TTOOS.SJ | ........
I.SZLLLL | ........

step=248, rand=5, actions=&lt;RotateRight&gt;
Want     | Got ✗   
-------------------
...T.... | ........
...TT... | ........
...T.... | .....Z..
........ | ....ZZ..
........ | ....Z...
T....... | ........
TTZ..Z.. | ........
TZZZZZ.. | ........
TSOOL.JJ | ........
TTOOS.SJ | ........
I.SZLLLL | ........

step=249, rand=5, actions=&lt;RotateRight&gt;
Want     | Got ✗   
-------------------
........ | ........
..TTT... | ........
...T.... | ........
........ | ...ZZ...
........ | ....ZZ..
T....... | ........
TTZ..Z.. | ........
TZZZZZ.. | ........
TSOOL.JJ | ........
TTOOS.SJ | ........
I.SZLLLL | ........

step=250, rand=5, actions=&lt;RotateRight&gt;
Want     | Got ✗   
-------------------
...T.... | ........
..TT.... | ........
...T.... | ....Z...
........ | ...ZZ...
........ | ...Z....
T....... | ........
TTZ..Z.. | ........
TZZZZZ.. | ........
TSOOL.JJ | ........
TTOOS.SJ | ........
I.SZLLLL | ........

step=251, rand=5, actions=&lt;RotateRight&gt;
Want     | Got ✗   
-------------------
...T.... | ........
..TTT... | ........
........ | ...ZZ...
........ | ....ZZ..
........ | ........
T....... | ........
TTZ..Z.. | ........
TZZZZZ.. | ........
TSOOL.JJ | ........
TTOOS.SJ | ........
I.SZLLLL | ........

step=252, rand=5, actions=&lt;RotateRight&gt;
Want     | Got ✗   
-------------------
...T.... | ........
...TT... | ........
...T.... | .....Z..
........ | ....ZZ..
........ | ....Z...
T....... | ........
TTZ..Z.. | ........
TZZZZZ.. | ........
TSOOL.JJ | ........
TTOOS.SJ | ........
I.SZLLLL | ........

step=253, rand=5, actions=&lt;Right&gt;
Want     | Got ✗   
-------------------
....T... | ........
....TT.. | ........
....T... | ......Z.
........ | .....ZZ.
........ | .....Z..
T....... | ........
TTZ..Z.. | ........
TZZZZZ.. | ........
TSOOL.JJ | ........
TTOOS.SJ | ........
I.SZLLLL | ........

step=254, rand=5, actions=&lt;Down&gt;
Want     | Got ✗   
-------------------
........ | ........
....T... | ........
....TT.. | ........
....T... | ......Z.
........ | .....ZZ.
T....... | .....Z..
TTZ..Z.. | ........
TZZZZZ.. | ........
TSOOL.JJ | ........
TTOOS.SJ | ........
I.SZLLLL | ........

step=255, rand=5, actions=&lt;Down&gt;
Want     | Got ✗   
-------------------
........ | ........
........ | ........
....T... | ........
....TT.. | ........
....T... | ......Z.
T....... | .....ZZ.
TTZ..Z.. | .....Z..
TZZZZZ.. | ........
TSOOL.JJ | ........
TTOOS.SJ | ........
I.SZLLLL | ........

step=256, rand=5, actions=&lt;Down&gt;
Want     | Got ✗   
-------------------
........ | ........
........ | ........
........ | ........
....T... | ........
....TT.. | ........
T...T... | ......Z.
TTZ..Z.. | .....ZZ.
TZZZZZ.. | .....Z..
TSOOL.JJ | ........
TTOOS.SJ | ........
I.SZLLLL | ........

step=257, rand=5, actions=&lt;Down&gt;
Want     | Got ✗   
-------------------
........ | ........
........ | ........
........ | ........
........ | ........
....T... | ........
T...TT.. | ........
TTZ.TZ.. | ......Z.
TZZZZZ.. | .....ZZ.
TSOOL.JJ | .....Z..
TTOOS.SJ | ........
I.SZLLLL | ........

step=258, rand=5, actions=&lt;Down&gt;
Want     | Got ✗   
-------------------
...T.... | ........
..TTT... | ........
........ | ........
........ | ........
....T... | ........
T...TT.. | ........
TTZ.TZ.. | ........
TZZZZZ.. | ......Z.
TSOOL.JJ | .....ZZ.
TTOOS.SJ | .....Z..
I.SZLLLL | ........

step=259, rand=5, actions=&lt;RotateRight&gt;
Want     | Got ✗   
-------------------
...T.... | ........
...TT... | ........
...T.... | ........
........ | ........
....T... | ........
T...TT.. | ........
TTZ.TZ.. | ........
TZZZZZ.. | ........
TSOOL.JJ | ....ZZ..
TTOOS.SJ | .....ZZ.
I.SZLLLL | ........

step=260, rand=5, actions=&lt;RotateRight&gt;
Want     | Got ✗   
-------------------
........ | ........
..TTT... | ........
...T.... | ........
........ | ........
....T... | ........
T...TT.. | ........
TTZ.TZ.. | ........
TZZZZZ.. | .....Z..
TSOOL.JJ | ....ZZ..
TTOOS.SJ | ....Z...
I.SZLLLL | ........

step=261, rand=5, actions=&lt;RotateRight&gt;
Want     | Got ✗   
-------------------
...T.... | ........
..TT.... | ........
...T.... | ........
........ | ........
....T... | ........
T...TT.. | ........
TTZ.TZ.. | ........
TZZZZZ.. | ....ZZ..
TSOOL.JJ | .....ZZ.
TTOOS.SJ | ........
I.SZLLLL | ........

step=262, rand=5, actions=&lt;Down&gt;
Want     | Got ✗   
-------------------
........ | ........
...T.... | ........
..TT.... | ........
...T.... | ........
....T... | ........
T...TT.. | ........
TTZ.TZ.. | ........
TZZZZZ.. | ........
TSOOL.JJ | ....ZZ..
TTOOS.SJ | .....ZZ.
I.SZLLLL | ........

step=263, rand=5, actions=&lt;Down&gt;
Want     | Got ✗   
-------------------
........ | ........
........ | ........
...T.... | ........
..TT.... | ........
...TT... | ........
T...TT.. | ........
TTZ.TZ.. | ........
TZZZZZ.. | ........
TSOOL.JJ | ........
TTOOS.SJ | ....ZZ..
I.SZLLLL | .....ZZ.

step=264, rand=5, actions=&lt;Down&gt;
Want     | Got ✗   
-------------------
........ | ....T...
........ | ...TTT..
........ | ........
...T.... | ........
..TTT... | ........
T..TTT.. | ........
TTZ.TZ.. | ........
TZZZZZ.. | ........
TSOOL.JJ | ........
TTOOS.SJ | ........
I.SZLLLL | ........

step=265, rand=5, actions=&lt;Down&gt;
Want     | Got ✗   
-------------------
........ | ........
........ | ....T...
........ | ...TTT..
........ | ........
...TT... | ........
T.TTTT.. | ........
TTZTTZ.. | ........
TZZZZZ.. | ........
TSOOL.JJ | ........
TTOOS.SJ | ........
I.SZLLLL | ........

step=266, rand=6, actions=&lt;Down&gt;
Want     | Got ✗   
-------------------
..ZZ.... | ........
...ZZ... | ........
........ | ....T...
........ | ...TTT..
...TT... | ........
T.TTTT.. | ........
TTZTTZ.. | ........
TZZZZZ.. | ........
TSOOL.JJ | ........
TTOOS.SJ | ........
I.SZLLLL | ........

step=267, rand=6, actions=&lt;RotateRight&gt;
Want     | Got ✗   
-------------------
....Z... | ........
...ZZ... | ........
...Z.... | ....T...
........ | ....TT..
...TT... | ....T...
T.TTTT.. | ........
TTZTTZ.. | ........
TZZZZZ.. | ........
TSOOL.JJ | ........
TTOOS.SJ | ........
I.SZLLLL | ........

step=268, rand=6, actions=&lt;Left&gt;
Want     | Got ✗   
-------------------
...Z.... | ........
..ZZ.... | ........
..Z..... | ...T....
........ | ...TT...
...TT... | ...T....
T.TTTT.. | ........
TTZTTZ.. | ........
TZZZZZ.. | ........
TSOOL.JJ | ........
TTOOS.SJ | ........
I.SZLLLL | ........

step=269, rand=6, actions=&lt;Left&gt;
Want     | Got ✗   
-------------------
..Z..... | ........
.ZZ..... | ........
.Z...... | ..T.....
........ | ..TT....
...TT... | ..T.....
T.TTTT.. | ........
TTZTTZ.. | ........
TZZZZZ.. | ........
TSOOL.JJ | ........
TTOOS.SJ | ........
I.SZLLLL | ........

step=270, rand=6, actions=&lt;Down&gt;
Want     | Got ✗   
-------------------
........ | ........
..Z..... | ........
.ZZ..... | ........
.Z...... | ..T.....
...TT... | ..TT....
T.TTTT.. | ..T.....
TTZTTZ.. | ........
TZZZZZ.. | ........
TSOOL.JJ | ........
TTOOS.SJ | ........
I.SZLLLL | ........

step=271, rand=6, actions=&lt;Down&gt;
Want     | Got ✗   
-------------------
........ | ........
........ | ........
..Z..... | ........
.ZZ..... | ........
.Z.TT... | ..T.....
T.TTTT.. | ..TT....
TTZTTZ.. | ..T.....
TZZZZZ.. | ........
TSOOL.JJ | ........
TTOOS.SJ | ........
I.SZLLLL | ........

step=272, rand=6, actions=&lt;Down&gt;
Want     | Got ✗   
-------------------
........ | ........
........ | ........
........ | ........
..Z..... | ........
.ZZTT... | ........
TZTTTT.. | ..T.....
TTZTTZ.. | ..TT....
TZZZZZ.. | ..T.....
TSOOL.JJ | ........
TTOOS.SJ | ........
I.SZLLLL | ........

step=273, rand=0, actions=&lt;Down&gt;
Want     | Got ✗   
-------------------
........ | ........
..IIII.. | ........
........ | ........
..Z..... | ........
.ZZTT... | ........
TZTTTT.. | ........
TTZTTZ.. | ..T.....
TZZZZZ.. | ..TT....
TSOOL.JJ | ..T.....
TTOOS.SJ | ........
I.SZLLLL | ........

step=274, rand=0, actions=&lt;RotateRight&gt;
Want     | Got ✗   
-------------------
....I... | ........
....I... | ........
....I... | ........
..Z.I... | ........
.ZZTT... | ........
TZTTTT.. | ........
TTZTTZ.. | ........
TZZZZZ.. | .TTT....
TSOOL.JJ | ..T.....
TTOOS.SJ | ........
I.SZLLLL | ........

step=275, rand=0, actions=&lt;Right&gt;
Want     | Got ✗   
-------------------
.....I.. | ........
.....I.. | ........
.....I.. | ........
..Z..I.. | ........
.ZZTT... | ........
TZTTTT.. | ........
TTZTTZ.. | ........
TZZZZZ.. | ..TTT...
TSOOL.JJ | ...T....
TTOOS.SJ | ........
I.SZLLLL | ........

step=276, rand=0, actions=&lt;Right&gt;
Want     | Got ✗   
-------------------
......I. | ........
......I. | ........
......I. | ........
..Z...I. | ........
.ZZTT... | ........
TZTTTT.. | ........
TTZTTZ.. | ........
TZZZZZ.. | ...TTT..
TSOOL.JJ | ....T...
TTOOS.SJ | ........
I.SZLLLL | ........

step=277, rand=0, actions=&lt;Right&gt;
Want     | Got ✗   
-------------------
.......I | ........
.......I | ........
.......I | ........
..Z....I | ........
.ZZTT... | ........
TZTTTT.. | ........
TTZTTZ.. | ........
TZZZZZ.. | ....TTT.
TSOOL.JJ | .....T..
TTOOS.SJ | ........
I.SZLLLL | ........

step=278, rand=0, actions=&lt;Left&gt;
Want     | Got ✗   
-------------------
......I. | ........
......I. | ........
......I. | ........
..Z...I. | ........
.ZZTT... | ........
TZTTTT.. | ........
TTZTTZ.. | ........
TZZZZZ.. | ...TTT..
TSOOL.JJ | ....T...
TTOOS.SJ | ........
I.SZLLLL | ........

step=279, rand=0, actions=&lt;Down&gt;
Want     | Got ✗   
-------------------
........ | ........
......I. | ........
......I. | ........
..Z...I. | ........
.ZZTT.I. | ........
TZTTTT.. | ........
TTZTTZ.. | ........
TZZZZZ.. | ........
TSOOL.JJ | ...TTT..
TTOOS.SJ | ....T...
I.SZLLLL | ........

step=280, rand=0, actions=&lt;Down&gt;
Want     | Got ✗   
-------------------
........ | ........
........ | ........
......I. | ........
..Z...I. | ........
.ZZTT.I. | ........
TZTTTTI. | ........
TTZTTZ.. | ........
TZZZZZ.. | ........
TSOOL.JJ | ........
TTOOS.SJ | ...TTT..
I.SZLLLL | ....T...

step=281, rand=0, actions=&lt;Down&gt;
Want     | Got ✗   
-------------------
........ | ........
........ | ...IIII.
........ | ........
..Z...I. | ........
.ZZTT.I. | ........
TZTTTTI. | ........
TTZTTZI. | ........
TZZZZZ.. | ........
TSOOL.JJ | ........
TTOOS.SJ | ........
I.SZLLLL | ........

step=282, rand=0, actions=&lt;Down&gt;
Want     | Got ✗   
-------------------
........ | ........
........ | ........
........ | ...IIII.
..Z..... | ........
.ZZTT.I. | ........
TZTTTTI. | ........
TTZTTZI. | ........
TZZZZZI. | ........
TSOOL.JJ | ........
TTOOS.SJ | ........
I.SZLLLL | ........

step=283, rand=6, actions=&lt;Down&gt;
Want     | Got ✗   
-------------------
..ZZ.... | ........
...ZZ... | ........
........ | ........
..Z..... | ...IIII.
.ZZTT.I. | ........
TZTTTTI. | ........
TTZTTZI. | ........
TZZZZZI. | ........
TSOOL.JJ | ........
TTOOS.SJ | ........
I.SZLLLL | ........

step=284, rand=6, actions=&lt;Right&gt;
Want     | Got ✗   
-------------------
...ZZ... | ........
....ZZ.. | ........
........ | ........
..Z..... | ....IIII
.ZZTT.I. | ........
TZTTTTI. | ........
TTZTTZI. | ........
TZZZZZI. | ........
TSOOL.JJ | ........
TTOOS.SJ | ........
I.SZLLLL | ........

step=285, rand=6, actions=&lt;Right&gt;
Want     | Got ✗   
-------------------
....ZZ.. | ........
.....ZZ. | ........
........ | ........
..Z..... | ....IIII
.ZZTT.I. | ........
TZTTTTI. | ........
TTZTTZI. | ........
TZZZZZI. | ........
TSOOL.JJ | ........
TTOOS.SJ | ........
I.SZLLLL | ........

step=286, rand=6, actions=&lt;Left&gt;
Want     | Got ✗   
-------------------
...ZZ... | ........
....ZZ.. | ........
........ | ........
..Z..... | ...IIII.
.ZZTT.I. | ........
TZTTTTI. | ........
TTZTTZI. | ........
TZZZZZI. | ........
TSOOL.JJ | ........
TTOOS.SJ | ........
I.SZLLLL | ........

step=287, rand=6, actions=&lt;Left&gt;
Want     | Got ✗   
-------------------
..ZZ.... | ........
...ZZ... | ........
........ | ........
..Z..... | ..IIII..
.ZZTT.I. | ........
TZTTTTI. | ........
TTZTTZI. | ........
TZZZZZI. | ........
TSOOL.JJ | ........
TTOOS.SJ | ........
I.SZLLLL | ........

step=288, rand=6, actions=&lt;Left&gt;
Want     | Got ✗   
-------------------
.ZZ..... | ........
..ZZ.... | ........
........ | ........
..Z..... | .IIII...
.ZZTT.I. | ........
TZTTTTI. | ........
TTZTTZI. | ........
TZZZZZI. | ........
TSOOL.JJ | ........
TTOOS.SJ | ........
I.SZLLLL | ........

step=289, rand=6, actions=&lt;Left&gt;
Want     | Got ✗   
-------------------
ZZ...... | ........
.ZZ..... | ........
........ | ........
..Z..... | IIII....
.ZZTT.I. | ........
TZTTTTI. | ........
TTZTTZI. | ........
TZZZZZI. | ........
TSOOL.JJ | ........
TTOOS.SJ | ........
I.SZLLLL | ........

step=290, rand=6, actions=&lt;RotateRight&gt;
Want     | Got ✗   
-------------------
..Z..... | ........
.ZZ..... | ........
.Z...... | ..I.....
..Z..... | ..I.....
.ZZTT.I. | ..I.....
TZTTTTI. | ..I.....
TTZTTZI. | ........
TZZZZZI. | ........
TSOOL.JJ | ........
TTOOS.SJ | ........
I.SZLLLL | ........

step=291, rand=6, actions=&lt;Left&gt;
Want     | Got ✗   
-------------------
.Z...... | ........
ZZ...... | ........
Z....... | .I......
..Z..... | .I......
.ZZTT.I. | .I......
TZTTTTI. | .I......
TTZTTZI. | ........
TZZZZZI. | ........
TSOOL.JJ | ........
TTOOS.SJ | ........
I.SZLLLL | ........

step=292, rand=6, actions=&lt;Left&gt;
Want     | Got ✗   
-------------------
.Z...... | ........
ZZ...... | ........
Z....... | I.......
..Z..... | I.......
.ZZTT.I. | I.......
TZTTTTI. | I.......
TTZTTZI. | ........
TZZZZZI. | ........
TSOOL.JJ | ........
TTOOS.SJ | ........
I.SZLLLL | ........

step=293, rand=6, actions=&lt;Down&gt;
Want     | Got ✗   
-------------------
........ | ........
.Z...... | ........
ZZ...... | ........
Z.Z..... | I.......
.ZZTT.I. | I.......
TZTTTTI. | I.......
TTZTTZI. | I.......
TZZZZZI. | ........
TSOOL.JJ | ........
TTOOS.SJ | ........
I.SZLLLL | ........

step=294, rand=6, actions=&lt;Down&gt;
Want     | Got ✗   
-------------------
........ | ........
........ | ........
.Z...... | ........
ZZZ..... | ........
ZZZTT.I. | I.......
TZTTTTI. | I.......
TTZTTZI. | I.......
TZZZZZI. | I.......
TSOOL.JJ | ........
TTOOS.SJ | ........
I.SZLLLL | ........

step=295, rand=4, actions=&lt;Down&gt;
Want     | Got ✗   
-------------------
...SS... | ........
..SS.... | ........
.Z...... | ........
ZZZ..... | ........
ZZZTT.I. | ........
TZTTTTI. | I.......
TTZTTZI. | I.......
TZZZZZI. | I.......
TSOOL.JJ | I.......
TTOOS.SJ | ........
I.SZLLLL | ........

step=296, rand=4, actions=&lt;RotateRight&gt;
Want     | Got ✗   
-------------------
...S.... | ........
...SS... | ........
.Z..S... | ........
ZZZ..... | ........
ZZZTT.I. | ........
TZTTTTI. | ........
TTZTTZI. | ........
TZZZZZI. | II......
TSOOL.JJ | ........
TTOOS.SJ | ........
I.SZLLLL | ........

step=297, rand=4, actions=&lt;Right&gt;
Want     | Got ✗   
-------------------
....S... | ........
....SS.. | ........
.Z...S.. | ........
ZZZ..... | ........
ZZZTT.I. | ........
TZTTTTI. | ........
TTZTTZI. | ........
TZZZZZI. | III.....
TSOOL.JJ | ........
TTOOS.SJ | ........
I.SZLLLL | ........

step=298, rand=4, actions=&lt;Down&gt;
Want     | Got ✗   
-------------------
........ | ........
....S... | ........
.Z..SS.. | ........
ZZZ..S.. | ........
ZZZTT.I. | ........
TZTTTTI. | ........
TTZTTZI. | ........
TZZZZZI. | ........
TSOOL.JJ | III.....
TTOOS.SJ | ........
I.SZLLLL | ........

step=299, rand=4, actions=&lt;Down&gt;
Want     | Got ✗   
-------------------
........ | ........
........ | ........
.Z..S... | ........
ZZZ.SS.. | ........
ZZZTTSI. | ........
TZTTTTI. | ........
TTZTTZI. | ........
TZZZZZI. | ........
TSOOL.JJ | ........
TTOOS.SJ | III.....
I.SZLLLL | ........

step=300, rand=3, actions=&lt;Down&gt;
Want     | Got ✗   
-------------------
...OO... | ........
...OO... | ........
.Z..S... | ........
ZZZ.SS.. | ........
ZZZTTSI. | ........
TZTTTTI. | ........
TTZTTZI. | ........
TZZZZZI. | ........
TSOOL.JJ | ........
TTOOS.SJ | ........
I.SZLLLL | III.....

step=301, rand=3, actions=&lt;Right&gt;
Want     | Got ✗   
-------------------
....OO.. | ........
....OO.. | ........
.Z..S... | ........
ZZZ.SS.. | ........
ZZZTTSI. | ........
TZTTTTI. | ........
TTZTTZI. | ........
TZZZZZI. | ........
TSOOL.JJ | ........
TTOOS.SJ | ........
I.SZLLLL | IIII....

step=302, rand=3, actions=&lt;Right&gt;
Want     | Got ✗   
-------------------
.....OO. | ........
.....OO. | ........
.Z..S... | ........
ZZZ.SS.. | ........
ZZZTTSI. | ........
TZTTTTI. | ........
TTZTTZI. | ........
TZZZZZI. | ........
TSOOL.JJ | ........
TTOOS.SJ | ........
I.SZLLLL | .IIII...

step=303, rand=3, actions=&lt;Right&gt;
Want     | Got ✗   
-------------------
......OO | ........
......OO | ........
.Z..S... | ........
ZZZ.SS.. | ........
ZZZTTSI. | ........
TZTTTTI. | ........
TTZTTZI. | ........
TZZZZZI. | ........
TSOOL.JJ | ........
TTOOS.SJ | ........
I.SZLLLL | ..IIII..

step=304, rand=3, actions=&lt;Down&gt;
Want     | Got ✗   
-------------------
........ | ....OO..
......OO | ....OO..
.Z..S.OO | ........
ZZZ.SS.. | ........
ZZZTTSI. | ........
TZTTTTI. | ........
TTZTTZI. | ........
TZZZZZI. | ........
TSOOL.JJ | ........
TTOOS.SJ | ........
I.SZLLLL | ........

step=305, rand=3, actions=&lt;Down&gt;
Want     | Got ✗   
-------------------
........ | ........
........ | ....OO..
.Z..S.OO | ....OO..
ZZZ.SSOO | ........
ZZZTTSI. | ........
TZTTTTI. | ........
TTZTTZI. | ........
TZZZZZI. | ........
TSOOL.JJ | ........
TTOOS.SJ | ........
I.SZLLLL | ........

step=306, rand=3, actions=&lt;Down&gt;
Want     | Got ✗   
-------------------
...OO... | ........
...OO... | ........
.Z..S.OO | ....OO..
ZZZ.SSOO | ....OO..
ZZZTTSI. | ........
TZTTTTI. | ........
TTZTTZI. | ........
TZZZZZI. | ........
TSOOL.JJ | ........
TTOOS.SJ | ........
I.SZLLLL | ........

step=307, rand=3, actions=&lt;Left&gt;
Want     | Got ✗   
-------------------
..OO.... | ........
..OO.... | ........
.Z..S.OO | ...OO...
ZZZ.SSOO | ...OO...
ZZZTTSI. | ........
TZTTTTI. | ........
TTZTTZI. | ........
TZZZZZI. | ........
TSOOL.JJ | ........
TTOOS.SJ | ........
I.SZLLLL | ........

step=308, rand=3, actions=&lt;Left&gt;
Want     | Got ✗   
-------------------
.OO..... | ........
.OO..... | ........
.Z..S.OO | ..OO....
ZZZ.SSOO | ..OO....
ZZZTTSI. | ........
TZTTTTI. | ........
TTZTTZI. | ........
TZZZZZI. | ........
TSOOL.JJ | ........
TTOOS.SJ | ........
I.SZLLLL | ........

step=309, rand=3, actions=&lt;Right&gt;
Want     | Got ✗   
-------------------
..OO.... | ........
..OO.... | ........
.Z..S.OO | ...OO...
ZZZ.SSOO | ...OO...
ZZZTTSI. | ........
TZTTTTI. | ........
TTZTTZI. | ........
TZZZZZI. | ........
TSOOL.JJ | ........
TTOOS.SJ | ........
I.SZLLLL | ........

step=310, rand=3, actions=&lt;Down&gt;
Want     | Got ✗   
-------------------
........ | ........
..OO.... | ........
.ZOOS.OO | ........
ZZZ.SSOO | ...OO...
ZZZTTSI. | ...OO...
TZTTTTI. | ........
TTZTTZI. | ........
TZZZZZI. | ........
TSOOL.JJ | ........
TTOOS.SJ | ........
I.SZLLLL | ........

step=311, rand=1, actions=&lt;Down&gt;
Want              | Got ✗   
----------------------------
GameOverDisplay() | ........
                  | ........
                  | ........
                  | ........
                  | ...OO...
                  | ...OO...
                  | ........
                  | ........
                  | ........
                  | ........
                  | ........


	at app//org.scalatest.Assertions.newAssertionFailedException(Assertions.scala:530)
	at app//org.scalatest.Assertions.newAssertionFailedException$(Assertions.scala:529)
	at app//org.scalatest.FunSuite.newAssertionFailedException(FunSuite.scala:1560)
	at app//org.scalatest.Assertions$AssertionsHelper.macroAssert(Assertions.scala:503)
	at app//generic.GameTestSuite.checkGame(GameTestSuite.scala:298)
	at app//tetris.TetrisTestSuiteBase.checkGame(TetrisTestSuiteBase.scala:103)
	at app//tetris.FullGameTests.$anonfun$new$2(FullGameTests.scala:5744)
	at app//scala.runtime.java8.JFunction0$mcV$sp.apply(JFunction0$mcV$sp.scala:18)
	at app//infrastructure.TestBase.$anonfun$test$1(TestBase.scala:36)
	at app//org.scalatest.OutcomeOf.outcomeOf(OutcomeOf.scala:85)
	at app//org.scalatest.OutcomeOf.outcomeOf$(OutcomeOf.scala:83)
	at app//org.scalatest.OutcomeOf$.outcomeOf(OutcomeOf.scala:104)
	at app//org.scalatest.Transformer.apply(Transformer.scala:22)
	at app//org.scalatest.Transformer.apply(Transformer.scala:20)
	at app//org.scalatest.FunSuiteLike$$anon$1.apply(FunSuiteLike.scala:186)
	at app//org.scalatest.TestSuite.withFixture(TestSuite.scala:196)
	at app//org.scalatest.TestSuite.withFixture$(TestSuite.scala:195)
	at app//infrastructure.TestBase.org$scalatest$concurrent$TimeLimitedTests$$super$withFixture(TestBase.scala:9)
	at app//org.scalatest.concurrent.TimeLimitedTests.$anonfun$withFixture$3(TimeLimitedTests.scala:154)
	at app//org.scalatest.enablers.Timed$$anon$1.timeoutAfter(Timed.scala:127)
	at app//org.scalatest.concurrent.TimeLimits.failAfterImpl(TimeLimits.scala:239)
	at app//org.scalatest.concurrent.TimeLimits.failAfterImpl$(TimeLimits.scala:233)
	at app//org.scalatest.concurrent.TimeLimits$.failAfterImpl(TimeLimits.scala:305)
	at app//org.scalatest.concurrent.TimeLimitedTests.withFixture(TimeLimitedTests.scala:153)
	at app//org.scalatest.concurrent.TimeLimitedTests.withFixture$(TimeLimitedTests.scala:150)
	at app//infrastructure.TestBase.withFixture(TestBase.scala:9)
	at app//org.scalatest.FunSuiteLike.invokeWithFixture$1(FunSuiteLike.scala:184)
	at app//org.scalatest.FunSuiteLike.$anonfun$runTest$1(FunSuiteLike.scala:196)
	at app//org.scalatest.SuperEngine.runTestImpl(Engine.scala:286)
	at app//org.scalatest.FunSuiteLike.runTest(FunSuiteLike.scala:196)
	at app//org.scalatest.FunSuiteLike.runTest$(FunSuiteLike.scala:178)
	at app//org.scalatest.FunSuite.runTest(FunSuite.scala:1560)
	at app//org.scalatest.FunSuiteLike.$anonfun$runTests$1(FunSuiteLike.scala:229)
	at app//org.scalatest.SuperEngine.$anonfun$runTestsInBranch$1(Engine.scala:393)
	at app//scala.collection.immutable.List.foreach(List.scala:333)
	at app//org.scalatest.SuperEngine.traverseSubNodes$1(Engine.scala:381)
	at app//org.scalatest.SuperEngine.runTestsInBranch(Engine.scala:376)
	at app//org.scalatest.SuperEngine.runTestsImpl(Engine.scala:458)
	at app//org.scalatest.FunSuiteLike.runTests(FunSuiteLike.scala:229)
	at app//org.scalatest.FunSuiteLike.runTests$(FunSuiteLike.scala:228)
	at app//org.scalatest.FunSuite.runTests(FunSuite.scala:1560)
	at app//org.scalatest.Suite.run(Suite.scala:1124)
	at app//org.scalatest.Suite.run$(Suite.scala:1106)
	at app//org.scalatest.FunSuite.org$scalatest$FunSuiteLike$$super$run(FunSuite.scala:1560)
	at app//org.scalatest.FunSuiteLike.$anonfun$run$1(FunSuiteLike.scala:233)
	at app//org.scalatest.SuperEngine.runImpl(Engine.scala:518)
	at app//org.scalatest.FunSuiteLike.run(FunSuiteLike.scala:233)
	at app//org.scalatest.FunSuiteLike.run$(FunSuiteLike.scala:232)
	at app//infrastructure.TestBase.run(TestBase.scala:26)
	at app//org.scalatest.Suite.callExecuteOnSuite$1(Suite.scala:1187)
	at app//org.scalatest.Suite.$anonfun$runNestedSuites$1(Suite.scala:1234)
	at app//scala.collection.ArrayOps$.foreach$extension(ArrayOps.scala:1323)
	at app//org.scalatest.Suite.runNestedSuites(Suite.scala:1232)
	at app//org.scalatest.Suite.runNestedSuites$(Suite.scala:1166)
	at app//org.scalatest.Suites.runNestedSuites(Suites.scala:56)
	at app//org.scalatest.Suite.run(Suite.scala:1121)
	at app//org.scalatest.Suite.run$(Suite.scala:1106)
	at app//tetris.TetrisTestSuitesBase.runDirect(TetrisTestSuitesBase.scala:20)
	at app//tetris.TetrisTestSuitesBase.runWithScoreCounter(TetrisTestSuitesBase.scala:14)
	at app//tetris.TetrisTestSuite3_2.run(TetrisTestSuite3_2.scala:25)
	at app//org.scalatestplus.junit.JUnitRunner.run(JUnitRunner.scala:99)
	at org.gradle.api.internal.tasks.testing.junit.JUnitTestClassExecutor.runTestClass(JUnitTestClassExecutor.java:110)
	at org.gradle.api.internal.tasks.testing.junit.JUnitTestClassExecutor.execute(JUnitTestClassExecutor.java:58)
	at org.gradle.api.internal.tasks.testing.junit.JUnitTestClassExecutor.execute(JUnitTestClassExecutor.java:38)
	at org.gradle.api.internal.tasks.testing.junit.AbstractJUnitTestClassProcessor.processTestClass(AbstractJUnitTestClassProcessor.java:62)
	at org.gradle.api.internal.tasks.testing.SuiteTestClassProcessor.processTestClass(SuiteTestClassProcessor.java:51)
	at java.base@18.0.2.1/jdk.internal.reflect.DirectMethodHandleAccessor.invoke(DirectMethodHandleAccessor.java:104)
	at java.base@18.0.2.1/java.lang.reflect.Method.invoke(Method.java:577)
	at org.gradle.internal.dispatch.ReflectionDispatch.dispatch(ReflectionDispatch.java:36)
	at org.gradle.internal.dispatch.ReflectionDispatch.dispatch(ReflectionDispatch.java:24)
	at org.gradle.internal.dispatch.ContextClassLoaderDispatch.dispatch(ContextClassLoaderDispatch.java:33)
	at org.gradle.internal.dispatch.ProxyDispatchAdapter$DispatchingInvocationHandler.invoke(ProxyDispatchAdapter.java:94)
	at jdk.proxy1/jdk.proxy1.$Proxy2.processTestClass(Unknown Source)
	at org.gradle.api.internal.tasks.testing.worker.TestWorker$2.run(TestWorker.java:176)
	at org.gradle.api.internal.tasks.testing.worker.TestWorker.executeAndMaintainThreadName(TestWorker.java:129)
	at org.gradle.api.internal.tasks.testing.worker.TestWorker.execute(TestWorker.java:100)
	at org.gradle.api.internal.tasks.testing.worker.TestWorker.execute(TestWorker.java:60)
	at org.gradle.process.internal.worker.child.ActionExecutionWorker.execute(ActionExecutionWorker.java:56)
	at org.gradle.process.internal.worker.child.SystemApplicationClassLoaderWorker.call(SystemApplicationClassLoaderWorker.java:133)
	at org.gradle.process.internal.worker.child.SystemApplicationClassLoaderWorker.call(SystemApplicationClassLoaderWorker.java:71)
	at app//worker.org.gradle.process.internal.worker.GradleWorkerMain.run(GradleWorkerMain.java:69)
	at app//worker.org.gradle.process.internal.worker.GradleWorkerMain.main(GradleWorkerMain.java:74)
</failure>
  </testcase>
  <testcase name="testGame6x10" classname="tetris.FullGameTests" time="0.043">
    <failure message="org.scalatest.exceptions.TestFailedException: didPass was false&#10;--------------------------------------------------------------------------------&#10;This is what went wrong:&#10;&#10;step=0, rand=1, actions=&lt;&gt;&#10;Want   | Got ✓ &#10;---------------&#10;.J.... | .J....&#10;.JJJ.. | .JJJ..&#10;...... | ......&#10;...... | ......&#10;...... | ......&#10;...... | ......&#10;...... | ......&#10;...... | ......&#10;...... | ......&#10;...... | ......&#10;&#10;step=1, rand=1, actions=&lt;RotateRight&gt;&#10;Want   | Got ✓ &#10;---------------&#10;..JJ.. | ..JJ..&#10;..J... | ..J...&#10;..J... | ..J...&#10;...... | ......&#10;...... | ......&#10;...... | ......&#10;...... | ......&#10;...... | ......&#10;...... | ......&#10;...... | ......&#10;&#10;step=2, rand=1, actions=&lt;RotateRight&gt;&#10;Want   | Got ✓ &#10;---------------&#10;...... | ......&#10;.JJJ.. | .JJJ..&#10;...J.. | ...J..&#10;...... | ......&#10;...... | ......&#10;...... | ......&#10;...... | ......&#10;...... | ......&#10;...... | ......&#10;...... | ......&#10;&#10;step=3, rand=1, actions=&lt;RotateRight&gt;&#10;Want   | Got ✓ &#10;---------------&#10;..J... | ..J...&#10;..J... | ..J...&#10;.JJ... | .JJ...&#10;...... | ......&#10;...... | ......&#10;...... | ......&#10;...... | ......&#10;...... | ......&#10;...... | ......&#10;...... | ......&#10;&#10;step=4, rand=1, actions=&lt;Right&gt;&#10;Want   | Got ✓ &#10;---------------&#10;...J.. | ...J..&#10;...J.. | ...J..&#10;..JJ.. | ..JJ..&#10;...... | ......&#10;...... | ......&#10;...... | ......&#10;...... | ......&#10;...... | ......&#10;...... | ......&#10;...... | ......&#10;&#10;step=5, rand=1, actions=&lt;Right&gt;&#10;Want   | Got ✓ &#10;---------------&#10;....J. | ....J.&#10;....J. | ....J.&#10;...JJ. | ...JJ.&#10;...... | ......&#10;...... | ......&#10;...... | ......&#10;...... | ......&#10;...... | ......&#10;...... | ......&#10;...... | ......&#10;&#10;step=6, rand=1, actions=&lt;Down&gt;&#10;Want   | Got ✓ &#10;---------------&#10;...... | ......&#10;....J. | ....J.&#10;....J. | ....J.&#10;...JJ. | ...JJ.&#10;...... | ......&#10;...... | ......&#10;...... | ......&#10;...... | ......&#10;...... | ......&#10;...... | ......&#10;&#10;step=7, rand=1, actions=&lt;Down&gt;&#10;Want   | Got ✓ &#10;---------------&#10;...... | ......&#10;...... | ......&#10;....J. | ....J.&#10;....J. | ....J.&#10;...JJ. | ...JJ.&#10;...... | ......&#10;...... | ......&#10;...... | ......&#10;...... | ......&#10;...... | ......&#10;&#10;step=8, rand=1, actions=&lt;Down&gt;&#10;Want   | Got ✓ &#10;---------------&#10;...... | ......&#10;...... | ......&#10;...... | ......&#10;....J. | ....J.&#10;....J. | ....J.&#10;...JJ. | ...JJ.&#10;...... | ......&#10;...... | ......&#10;...... | ......&#10;...... | ......&#10;&#10;step=9, rand=1, actions=&lt;Down&gt;&#10;Want   | Got ✓ &#10;---------------&#10;...... | ......&#10;...... | ......&#10;...... | ......&#10;...... | ......&#10;....J. | ....J.&#10;....J. | ....J.&#10;...JJ. | ...JJ.&#10;...... | ......&#10;...... | ......&#10;...... | ......&#10;&#10;step=10, rand=1, actions=&lt;Down&gt;&#10;Want   | Got ✓ &#10;---------------&#10;...... | ......&#10;...... | ......&#10;...... | ......&#10;...... | ......&#10;...... | ......&#10;....J. | ....J.&#10;....J. | ....J.&#10;...JJ. | ...JJ.&#10;...... | ......&#10;...... | ......&#10;&#10;step=11, rand=1, actions=&lt;Down&gt;&#10;Want   | Got ✓ &#10;---------------&#10;...... | ......&#10;...... | ......&#10;...... | ......&#10;...... | ......&#10;...... | ......&#10;...... | ......&#10;....J. | ....J.&#10;....J. | ....J.&#10;...JJ. | ...JJ.&#10;...... | ......&#10;&#10;step=12, rand=1, actions=&lt;Down&gt;&#10;Want   | Got ✓ &#10;---------------&#10;...... | ......&#10;...... | ......&#10;...... | ......&#10;...... | ......&#10;...... | ......&#10;...... | ......&#10;...... | ......&#10;....J. | ....J.&#10;....J. | ....J.&#10;...JJ. | ...JJ.&#10;&#10;step=13, rand=4, actions=&lt;Down&gt;&#10;Want   | Got ✗ &#10;---------------&#10;..SS.. | ...SS.&#10;.SS... | ..SS..&#10;...... | ......&#10;...... | ......&#10;...... | ......&#10;...... | ......&#10;...... | ......&#10;....J. | ......&#10;....J. | ......&#10;...JJ. | ......&#10;&#10;step=14, rand=4, actions=&lt;Right&gt;&#10;Want   | Got ✗ &#10;---------------&#10;...SS. | ....SS&#10;..SS.. | ...SS.&#10;...... | ......&#10;...... | ......&#10;...... | ......&#10;...... | ......&#10;...... | ......&#10;....J. | ......&#10;....J. | ......&#10;...JJ. | ......&#10;&#10;step=15, rand=4, actions=&lt;Down&gt;&#10;Want   | Got ✗ &#10;---------------&#10;...... | ......&#10;...SS. | ....SS&#10;..SS.. | ...SS.&#10;...... | ......&#10;...... | ......&#10;...... | ......&#10;...... | ......&#10;....J. | ......&#10;....J. | ......&#10;...JJ. | ......&#10;&#10;step=16, rand=4, actions=&lt;Down&gt;&#10;Want   | Got ✗ &#10;---------------&#10;...... | ......&#10;...... | ......&#10;...SS. | ....SS&#10;..SS.. | ...SS.&#10;...... | ......&#10;...... | ......&#10;...... | ......&#10;....J. | ......&#10;....J. | ......&#10;...JJ. | ......&#10;&#10;step=17, rand=4, actions=&lt;Down&gt;&#10;Want   | Got ✗ &#10;---------------&#10;...... | ......&#10;...... | ......&#10;...... | ......&#10;...SS. | ....SS&#10;..SS.. | ...SS.&#10;...... | ......&#10;...... | ......&#10;....J. | ......&#10;....J. | ......&#10;...JJ. | ......&#10;&#10;step=18, rand=4, actions=&lt;Left&gt;&#10;Want   | Got ✗ &#10;---------------&#10;...... | ......&#10;...... | ......&#10;...... | ......&#10;..SS.. | ...SS.&#10;.SS... | ..SS..&#10;...... | ......&#10;...... | ......&#10;....J. | ......&#10;....J. | ......&#10;...JJ. | ......&#10;&#10;step=19, rand=4, actions=&lt;Down&gt;&#10;Want   | Got ✗ &#10;---------------&#10;...... | ......&#10;...... | ......&#10;...... | ......&#10;...... | ......&#10;..SS.. | ...SS.&#10;.SS... | ..SS..&#10;...... | ......&#10;....J. | ......&#10;....J. | ......&#10;...JJ. | ......&#10;&#10;step=20, rand=4, actions=&lt;Down&gt;&#10;Want   | Got ✗ &#10;---------------&#10;...... | ......&#10;...... | ......&#10;...... | ......&#10;...... | ......&#10;...... | ......&#10;..SS.. | ...SS.&#10;.SS... | ..SS..&#10;....J. | ......&#10;....J. | ......&#10;...JJ. | ......&#10;&#10;step=21, rand=4, actions=&lt;Down&gt;&#10;Want   | Got ✗ &#10;---------------&#10;...... | ......&#10;...... | ......&#10;...... | ......&#10;...... | ......&#10;...... | ......&#10;...... | ......&#10;..SS.. | ...SS.&#10;.SS.J. | ..SS..&#10;....J. | ......&#10;...JJ. | ......&#10;&#10;step=22, rand=4, actions=&lt;Down&gt;&#10;Want   | Got ✗ &#10;---------------&#10;...... | ......&#10;...... | ......&#10;...... | ......&#10;...... | ......&#10;...... | ......&#10;...... | ......&#10;...... | ......&#10;..SSJ. | ...SS.&#10;.SS.J. | ..SS..&#10;...JJ. | ......&#10;&#10;step=23, rand=4, actions=&lt;Down&gt;&#10;Want   | Got ✗ &#10;---------------&#10;...... | ......&#10;...... | ......&#10;...... | ......&#10;...... | ......&#10;...... | ......&#10;...... | ......&#10;...... | ......&#10;....J. | ......&#10;..SSJ. | ...SS.&#10;.SSJJ. | ..SS..&#10;&#10;step=24, rand=4, actions=&lt;RotateRight&gt;&#10;Want   | Got ✗ &#10;---------------&#10;...... | ......&#10;...... | ......&#10;...... | ......&#10;...... | ......&#10;...... | ......&#10;...... | ......&#10;...... | ......&#10;....J. | ......&#10;..SSJ. | ...S..&#10;.SSJJ. | ...SS.&#10;&#10;step=25, rand=1, actions=&lt;Down&gt;&#10;Want   | Got ✗ &#10;---------------&#10;.J.... | ..J...&#10;.JJJ.. | ..JJJ.&#10;...... | ......&#10;...... | ......&#10;...... | ......&#10;...... | ......&#10;...... | ......&#10;....J. | ......&#10;..SSJ. | ......&#10;.SSJJ. | ......&#10;&#10;step=26, rand=1, actions=&lt;RotateRight&gt;&#10;Want   | Got ✗ &#10;---------------&#10;..JJ.. | ...JJ.&#10;..J... | ...J..&#10;..J... | ...J..&#10;...... | ......&#10;...... | ......&#10;...... | ......&#10;...... | ......&#10;....J. | ......&#10;..SSJ. | ......&#10;.SSJJ. | ......&#10;&#10;step=27, rand=1, actions=&lt;RotateRight&gt;&#10;Want   | Got ✗ &#10;---------------&#10;...... | ......&#10;.JJJ.. | ..JJJ.&#10;...J.. | ....J.&#10;...... | ......&#10;...... | ......&#10;...... | ......&#10;...... | ......&#10;....J. | ......&#10;..SSJ. | ......&#10;.SSJJ. | ......&#10;&#10;step=28, rand=1, actions=&lt;RotateRight&gt;&#10;Want   | Got ✗ &#10;---------------&#10;..J... | ...J..&#10;..J... | ...J..&#10;.JJ... | ..JJ..&#10;...... | ......&#10;...... | ......&#10;...... | ......&#10;...... | ......&#10;....J. | ......&#10;..SSJ. | ......&#10;.SSJJ. | ......&#10;&#10;step=29, rand=1, actions=&lt;Right&gt;&#10;Want   | Got ✗ &#10;---------------&#10;...J.. | ....J.&#10;...J.. | ....J.&#10;..JJ.. | ...JJ.&#10;...... | ......&#10;...... | ......&#10;...... | ......&#10;...... | ......&#10;....J. | ......&#10;..SSJ. | ......&#10;.SSJJ. | ......&#10;&#10;step=30, rand=1, actions=&lt;Down&gt;&#10;Want   | Got ✗ &#10;---------------&#10;...... | ......&#10;...J.. | ....J.&#10;...J.. | ....J.&#10;..JJ.. | ...JJ.&#10;...... | ......&#10;...... | ......&#10;...... | ......&#10;....J. | ......&#10;..SSJ. | ......&#10;.SSJJ. | ......&#10;&#10;step=31, rand=1, actions=&lt;Down&gt;&#10;Want   | Got ✗ &#10;---------------&#10;...... | ......&#10;...... | ......&#10;...J.. | ....J.&#10;...J.. | ....J.&#10;..JJ.. | ...JJ.&#10;...... | ......&#10;...... | ......&#10;....J. | ......&#10;..SSJ. | ......&#10;.SSJJ. | ......&#10;&#10;step=32, rand=1, actions=&lt;Down&gt;&#10;Want   | Got ✗ &#10;---------------&#10;...... | ......&#10;...... | ......&#10;...... | ......&#10;...J.. | ....J.&#10;...J.. | ....J.&#10;..JJ.. | ...JJ.&#10;...... | ......&#10;....J. | ......&#10;..SSJ. | ......&#10;.SSJJ. | ......&#10;&#10;step=33, rand=1, actions=&lt;Down&gt;&#10;Want   | Got ✗ &#10;---------------&#10;...... | ......&#10;...... | ......&#10;...... | ......&#10;...... | ......&#10;...J.. | ....J.&#10;...J.. | ....J.&#10;..JJ.. | ...JJ.&#10;....J. | ......&#10;..SSJ. | ......&#10;.SSJJ. | ......&#10;&#10;step=34, rand=1, actions=&lt;Down&gt;&#10;Want   | Got ✗ &#10;---------------&#10;...... | ......&#10;...... | ......&#10;...... | ......&#10;...... | ......&#10;...... | ......&#10;...J.. | ....J.&#10;...J.. | ....J.&#10;..JJJ. | ...JJ.&#10;..SSJ. | ......&#10;.SSJJ. | ......&#10;&#10;step=35, rand=1, actions=&lt;Down&gt;&#10;Want   | Got ✗ &#10;---------------&#10;.J.... | ......&#10;.JJJ.. | ......&#10;...... | ......&#10;...... | ......&#10;...... | ......&#10;...J.. | ......&#10;...J.. | ....J.&#10;..JJJ. | ....J.&#10;..SSJ. | ...JJ.&#10;.SSJJ. | ......&#10;&#10;step=36, rand=1, actions=&lt;RotateRight&gt;&#10;Want   | Got ✗ &#10;---------------&#10;..JJ.. | ......&#10;..J... | ......&#10;..J... | ......&#10;...... | ......&#10;...... | ......&#10;...J.. | ......&#10;...J.. | ...J..&#10;..JJJ. | ...JJJ&#10;..SSJ. | ......&#10;.SSJJ. | ......&#10;&#10;step=37, rand=1, actions=&lt;Down&gt;&#10;Want   | Got ✗ &#10;---------------&#10;...... | ......&#10;..JJ.. | ......&#10;..J... | ......&#10;..J... | ......&#10;...... | ......&#10;...J.. | ......&#10;...J.. | ......&#10;..JJJ. | ...J..&#10;..SSJ. | ...JJJ&#10;.SSJJ. | ......&#10;&#10;step=38, rand=1, actions=&lt;Down&gt;&#10;Want   | Got ✗ &#10;---------------&#10;...... | ......&#10;...... | ......&#10;..JJ.. | ......&#10;..J... | ......&#10;..J... | ......&#10;...J.. | ......&#10;...J.. | ......&#10;..JJJ. | ......&#10;..SSJ. | ...J..&#10;.SSJJ. | ...JJJ&#10;&#10;step=39, rand=1, actions=&lt;Down&gt;&#10;Want   | Got ✗ &#10;---------------&#10;...... | ..J...&#10;...... | ..JJJ.&#10;...... | ......&#10;..JJ.. | ......&#10;..J... | ......&#10;..JJ.. | ......&#10;...J.. | ......&#10;..JJJ. | ......&#10;..SSJ. | ......&#10;.SSJJ. | ......&#10;&#10;step=40, rand=1, actions=&lt;Down&gt;&#10;Want   | Got ✗ &#10;---------------&#10;...... | ......&#10;...... | ..J...&#10;...... | ..JJJ.&#10;...... | ......&#10;..JJ.. | ......&#10;..JJ.. | ......&#10;..JJ.. | ......&#10;..JJJ. | ......&#10;..SSJ. | ......&#10;.SSJJ. | ......&#10;&#10;step=41, rand=5, actions=&lt;Down&gt;&#10;Want   | Got ✗ &#10;---------------&#10;..T... | ......&#10;.TTT.. | ......&#10;...... | ..J...&#10;...... | ..JJJ.&#10;..JJ.. | ......&#10;..JJ.. | ......&#10;..JJ.. | ......&#10;..JJJ. | ......&#10;..SSJ. | ......&#10;.SSJJ. | ......&#10;&#10;step=42, rand=5, actions=&lt;RotateRight&gt;&#10;Want   | Got ✗ &#10;---------------&#10;..T... | ......&#10;..TT.. | ......&#10;..T... | ...JJ.&#10;...... | ...J..&#10;..JJ.. | ...J..&#10;..JJ.. | ......&#10;..JJ.. | ......&#10;..JJJ. | ......&#10;..SSJ. | ......&#10;.SSJJ. | ......&#10;&#10;step=43, rand=5, actions=&lt;Left&gt;&#10;Want   | Got ✗ &#10;---------------&#10;.T.... | ......&#10;.TT... | ......&#10;.T.... | ..JJ..&#10;...... | ..J...&#10;..JJ.. | ..J...&#10;..JJ.. | ......&#10;..JJ.. | ......&#10;..JJJ. | ......&#10;..SSJ. | ......&#10;.SSJJ. | ......&#10;&#10;step=44, rand=5, actions=&lt;Left&gt;&#10;Want   | Got ✗ &#10;---------------&#10;T..... | ......&#10;TT.... | ......&#10;T..... | .JJ...&#10;...... | .J....&#10;..JJ.. | .J....&#10;..JJ.. | ......&#10;..JJ.. | ......&#10;..JJJ. | ......&#10;..SSJ. | ......&#10;.SSJJ. | ......&#10;&#10;step=45, rand=5, actions=&lt;Down&gt;&#10;Want   | Got ✗ &#10;---------------&#10;...... | ......&#10;T..... | ......&#10;TT.... | ......&#10;T..... | .JJ...&#10;..JJ.. | .J....&#10;..JJ.. | .J....&#10;..JJ.. | ......&#10;..JJJ. | ......&#10;..SSJ. | ......&#10;.SSJJ. | ......&#10;&#10;step=46, rand=5, actions=&lt;Down&gt;&#10;Want   | Got ✗ &#10;---------------&#10;...... | ......&#10;...... | ......&#10;T..... | ......&#10;TT.... | ......&#10;T.JJ.. | .JJ...&#10;..JJ.. | .J....&#10;..JJ.. | .J....&#10;..JJJ. | ......&#10;..SSJ. | ......&#10;.SSJJ. | ......&#10;&#10;step=47, rand=5, actions=&lt;Down&gt;&#10;Want   | Got ✗ &#10;---------------&#10;...... | ......&#10;...... | ......&#10;...... | ......&#10;T..... | ......&#10;TTJJ.. | ......&#10;T.JJ.. | .JJ...&#10;..JJ.. | .J....&#10;..JJJ. | .J....&#10;..SSJ. | ......&#10;.SSJJ. | ......&#10;&#10;step=48, rand=5, actions=&lt;Down&gt;&#10;Want   | Got ✗ &#10;---------------&#10;...... | ......&#10;...... | ......&#10;...... | ......&#10;...... | ......&#10;T.JJ.. | ......&#10;TTJJ.. | ......&#10;T.JJ.. | .JJ...&#10;..JJJ. | .J....&#10;..SSJ. | .J....&#10;.SSJJ. | ......&#10;&#10;step=49, rand=5, actions=&lt;Down&gt;&#10;Want   | Got ✗ &#10;---------------&#10;...... | ......&#10;...... | ......&#10;...... | ......&#10;...... | ......&#10;..JJ.. | ......&#10;T.JJ.. | ......&#10;TTJJ.. | ......&#10;T.JJJ. | .JJ...&#10;..SSJ. | .J....&#10;.SSJJ. | .J....&#10;&#10;step=50, rand=5, actions=&lt;Down&gt;&#10;Want   | Got ✗ &#10;---------------&#10;...... | ...T..&#10;...... | ..TTT.&#10;...... | ......&#10;...... | ......&#10;..JJ.. | ......&#10;..JJ.. | ......&#10;T.JJ.. | ......&#10;TTJJJ. | ......&#10;T.SSJ. | ......&#10;.SSJJ. | ......&#10;&#10;step=51, rand=5, actions=&lt;Down&gt;&#10;Want   | Got ✗ &#10;---------------&#10;...... | ......&#10;...... | ...T..&#10;...... | ..TTT.&#10;...... | ......&#10;..JJ.. | ......&#10;..JJ.. | ......&#10;..JJ.. | ......&#10;T.JJJ. | ......&#10;TTSSJ. | ......&#10;TSSJJ. | ......&#10;&#10;step=52, rand=5, actions=&lt;Left&gt;&#10;Want   | Got ✗ &#10;---------------&#10;...... | ......&#10;...... | ..T...&#10;...... | .TTT..&#10;...... | ......&#10;..JJ.. | ......&#10;..JJ.. | ......&#10;..JJ.. | ......&#10;T.JJJ. | ......&#10;TTSSJ. | ......&#10;TSSJJ. | ......&#10;&#10;step=53, rand=3, actions=&lt;Down&gt;&#10;Want   | Got ✗ &#10;---------------&#10;..OO.. | ......&#10;..OO.. | ......&#10;...... | ..T...&#10;...... | .TTT..&#10;..JJ.. | ......&#10;..JJ.. | ......&#10;..JJ.. | ......&#10;T.JJJ. | ......&#10;TTSSJ. | ......&#10;TSSJJ. | ......&#10;&#10;step=54, rand=3, actions=&lt;Left&gt;&#10;Want   | Got ✗ &#10;---------------&#10;.OO... | ......&#10;.OO... | ......&#10;...... | .T....&#10;...... | TTT...&#10;..JJ.. | ......&#10;..JJ.. | ......&#10;..JJ.. | ......&#10;T.JJJ. | ......&#10;TTSSJ. | ......&#10;TSSJJ. | ......&#10;&#10;step=55, rand=3, actions=&lt;Left&gt;&#10;Want   | Got ✗ &#10;---------------&#10;OO.... | ......&#10;OO.... | ......&#10;...... | .T....&#10;...... | TTT...&#10;..JJ.. | ......&#10;..JJ.. | ......&#10;..JJ.. | ......&#10;T.JJJ. | ......&#10;TTSSJ. | ......&#10;TSSJJ. | ......&#10;&#10;step=56, rand=3, actions=&lt;Down&gt;&#10;Want   | Got ✗ &#10;---------------&#10;...... | ......&#10;OO.... | ......&#10;OO.... | ......&#10;...... | .T....&#10;..JJ.. | TTT...&#10;..JJ.. | ......&#10;..JJ.. | ......&#10;T.JJJ. | ......&#10;TTSSJ. | ......&#10;TSSJJ. | ......&#10;&#10;step=57, rand=3, actions=&lt;Down&gt;&#10;Want   | Got ✗ &#10;---------------&#10;...... | ......&#10;...... | ......&#10;OO.... | ......&#10;OO.... | ......&#10;..JJ.. | .T....&#10;..JJ.. | TTT...&#10;..JJ.. | ......&#10;T.JJJ. | ......&#10;TTSSJ. | ......&#10;TSSJJ. | ......&#10;&#10;step=58, rand=3, actions=&lt;Down&gt;&#10;Want   | Got ✗ &#10;---------------&#10;...... | ......&#10;...... | ......&#10;...... | ......&#10;OO.... | ......&#10;OOJJ.. | ......&#10;..JJ.. | .T....&#10;..JJ.. | TTT...&#10;T.JJJ. | ......&#10;TTSSJ. | ......&#10;TSSJJ. | ......&#10;&#10;step=59, rand=3, actions=&lt;Down&gt;&#10;Want   | Got ✗ &#10;---------------&#10;...... | ......&#10;...... | ......&#10;...... | ......&#10;...... | ......&#10;OOJJ.. | ......&#10;OOJJ.. | ......&#10;..JJ.. | .T....&#10;T.JJJ. | TTT...&#10;TTSSJ. | ......&#10;TSSJJ. | ......&#10;&#10;step=60, rand=3, actions=&lt;Down&gt;&#10;Want   | Got ✗ &#10;---------------&#10;...... | ......&#10;...... | ......&#10;...... | ......&#10;...... | ......&#10;..JJ.. | ......&#10;OOJJ.. | ......&#10;OOJJ.. | ......&#10;T.JJJ. | .T....&#10;TTSSJ. | TTT...&#10;TSSJJ. | ......&#10;&#10;step=61, rand=1, actions=&lt;Down&gt;&#10;Want   | Got ✗ &#10;---------------&#10;.J.... | ......&#10;.JJJ.. | ......&#10;...... | ......&#10;...... | ......&#10;..JJ.. | ......&#10;OOJJ.. | ......&#10;OOJJ.. | ......&#10;T.JJJ. | ......&#10;TTSSJ. | .T....&#10;TSSJJ. | TTT...&#10;&#10;step=62, rand=1, actions=&lt;RotateRight&gt;&#10;Want   | Got ✗ &#10;---------------&#10;..JJ.. | ......&#10;..J... | ......&#10;..J... | ......&#10;...... | ......&#10;..JJ.. | ......&#10;OOJJ.. | ......&#10;OOJJ.. | ......&#10;T.JJJ. | ......&#10;TTSSJ. | .T....&#10;TSSJJ. | .TT...&#10;&#10;step=63, rand=1, actions=&lt;RotateRight&gt;&#10;Want   | Got ✗ &#10;---------------&#10;...... | ......&#10;.JJJ.. | ......&#10;...J.. | ......&#10;...... | ......&#10;..JJ.. | ......&#10;OOJJ.. | ......&#10;OOJJ.. | ......&#10;T.JJJ. | ......&#10;TTSSJ. | ......&#10;TSSJJ. | TTT...&#10;&#10;step=64, rand=1, actions=&lt;RotateRight&gt;&#10;Want   | Got ✗ &#10;---------------&#10;..J... | ......&#10;..J... | ......&#10;.JJ... | ......&#10;...... | ......&#10;..JJ.. | ......&#10;OOJJ.. | ......&#10;OOJJ.. | ......&#10;T.JJJ. | ......&#10;TTSSJ. | .T....&#10;TSSJJ. | TT....&#10;&#10;step=65, rand=1, actions=&lt;Left&gt;&#10;Want   | Got ✗ &#10;---------------&#10;.J.... | ......&#10;.J.... | ......&#10;JJ.... | ......&#10;...... | ......&#10;..JJ.. | ......&#10;OOJJ.. | ......&#10;OOJJ.. | ......&#10;T.JJJ. | ......&#10;TTSSJ. | .T....&#10;TSSJJ. | TT....&#10;&#10;step=66, rand=1, actions=&lt;Down&gt;&#10;Want   | Got ✗ &#10;---------------&#10;...... | ..J...&#10;.J.... | ..JJJ.&#10;.J.... | ......&#10;JJ.... | ......&#10;..JJ.. | ......&#10;OOJJ.. | ......&#10;OOJJ.. | ......&#10;T.JJJ. | ......&#10;TTSSJ. | ......&#10;TSSJJ. | ......&#10;&#10;step=67, rand=1, actions=&lt;Down&gt;&#10;Want   | Got ✗ &#10;---------------&#10;...... | ......&#10;...... | ..J...&#10;.J.... | ..JJJ.&#10;.J.... | ......&#10;JJJJ.. | ......&#10;OOJJ.. | ......&#10;OOJJ.. | ......&#10;T.JJJ. | ......&#10;TTSSJ. | ......&#10;TSSJJ. | ......&#10;&#10;step=68, rand=1, actions=&lt;Down&gt;&#10;Want   | Got ✗ &#10;---------------&#10;.J.... | ......&#10;.JJJ.. | ......&#10;.J.... | ..J...&#10;.J.... | ..JJJ.&#10;JJJJ.. | ......&#10;OOJJ.. | ......&#10;OOJJ.. | ......&#10;T.JJJ. | ......&#10;TTSSJ. | ......&#10;TSSJJ. | ......&#10;&#10;step=69, rand=1, actions=&lt;RotateRight&gt;&#10;Want   | Got ✗ &#10;---------------&#10;..JJ.. | ......&#10;..J... | ......&#10;.JJ... | ...JJ.&#10;.J.... | ...J..&#10;JJJJ.. | ...J..&#10;OOJJ.. | ......&#10;OOJJ.. | ......&#10;T.JJJ. | ......&#10;TTSSJ. | ......&#10;TSSJJ. | ......&#10;&#10;step=70, rand=1, actions=&lt;RotateRight&gt;&#10;Want   | Got ✗ &#10;---------------&#10;...... | ......&#10;.JJJ.. | ......&#10;.J.J.. | ......&#10;.J.... | ..JJJ.&#10;JJJJ.. | ....J.&#10;OOJJ.. | ......&#10;OOJJ.. | ......&#10;T.JJJ. | ......&#10;TTSSJ. | ......&#10;TSSJJ. | ......&#10;&#10;step=71, rand=1, actions=&lt;RotateRight&gt;&#10;Want   | Got ✗ &#10;---------------&#10;...... | ......&#10;.JJJ.. | ......&#10;.J.J.. | ...J..&#10;.J.... | ...J..&#10;JJJJ.. | ..JJ..&#10;OOJJ.. | ......&#10;OOJJ.. | ......&#10;T.JJJ. | ......&#10;TTSSJ. | ......&#10;TSSJJ. | ......&#10;&#10;step=72, rand=1, actions=&lt;Right&gt;&#10;Want   | Got ✗ &#10;---------------&#10;...... | ......&#10;..JJJ. | ......&#10;.J..J. | ....J.&#10;.J.... | ....J.&#10;JJJJ.. | ...JJ.&#10;OOJJ.. | ......&#10;OOJJ.. | ......&#10;T.JJJ. | ......&#10;TTSSJ. | ......&#10;TSSJJ. | ......&#10;&#10;step=73, rand=1, actions=&lt;RotateRight&gt;&#10;Want   | Got ✗ &#10;---------------&#10;...J.. | ......&#10;...J.. | ......&#10;.JJJ.. | ...J..&#10;.J.... | ...JJJ&#10;JJJJ.. | ......&#10;OOJJ.. | ......&#10;OOJJ.. | ......&#10;T.JJJ. | ......&#10;TTSSJ. | ......&#10;TSSJJ. | ......&#10;&#10;step=74, rand=1, actions=&lt;Right&gt;&#10;Want   | Got ✗ &#10;---------------&#10;....J. | ......&#10;....J. | ......&#10;.J.JJ. | ...J..&#10;.J.... | ...JJJ&#10;JJJJ.. | ......&#10;OOJJ.. | ......&#10;OOJJ.. | ......&#10;T.JJJ. | ......&#10;TTSSJ. | ......&#10;TSSJJ. | ......&#10;&#10;step=75, rand=1, actions=&lt;Right&gt;&#10;Want   | Got ✗ &#10;---------------&#10;.....J | ......&#10;.....J | ......&#10;.J..JJ | ...J..&#10;.J.... | ...JJJ&#10;JJJJ.. | ......&#10;OOJJ.. | ......&#10;OOJJ.. | ......&#10;T.JJJ. | ......&#10;TTSSJ. | ......&#10;TSSJJ. | ......&#10;&#10;step=76, rand=1, actions=&lt;Down&gt;&#10;Want   | Got ✗ &#10;---------------&#10;...... | ......&#10;.....J | ......&#10;.J...J | ......&#10;.J..JJ | ...J..&#10;JJJJ.. | ...JJJ&#10;OOJJ.. | ......&#10;OOJJ.. | ......&#10;T.JJJ. | ......&#10;TTSSJ. | ......&#10;TSSJJ. | ......&#10;&#10;step=77, rand=1, actions=&lt;Down&gt;&#10;Want   | Got ✗ &#10;---------------&#10;...... | ......&#10;...... | ......&#10;.J...J | ......&#10;.J...J | ......&#10;JJJJJJ | ...J..&#10;OOJJ.. | ...JJJ&#10;OOJJ.. | ......&#10;T.JJJ. | ......&#10;TTSSJ. | ......&#10;TSSJJ. | ......&#10;&#10;step=78, rand=1, actions=&lt;Down&gt;&#10;Want   | Got ✗ &#10;---------------&#10;...... | ......&#10;...... | ......&#10;.J.... | ......&#10;.J...J | ......&#10;JJJJ.J | ......&#10;OOJJJJ | ...J..&#10;OOJJ.. | ...JJJ&#10;T.JJJ. | ......&#10;TTSSJ. | ......&#10;TSSJJ. | ......&#10;&#10;step=79, rand=1, actions=&lt;Down&gt;&#10;Want   | Got ✗ &#10;---------------&#10;...... | ......&#10;...... | ......&#10;.J.... | ......&#10;.J.... | ......&#10;JJJJ.J | ......&#10;OOJJ.J | ......&#10;OOJJJJ | ...J..&#10;T.JJJ. | ...JJJ&#10;TTSSJ. | ......&#10;TSSJJ. | ......&#10;&#10;step=80, rand=5, actions=&lt;Down&gt;&#10;Want   | Got ✗ &#10;---------------&#10;..T... | ......&#10;.TTT.. | ......&#10;...... | ......&#10;.J.... | ......&#10;.J.... | ......&#10;JJJJ.J | ......&#10;OOJJ.J | ......&#10;T.JJJ. | ...J..&#10;TTSSJ. | ...JJJ&#10;TSSJJ. | ......&#10;&#10;step=81, rand=5, actions=&lt;Right&gt;&#10;Want   | Got ✗ &#10;---------------&#10;...T.. | ......&#10;..TTT. | ......&#10;...... | ......&#10;.J.... | ......&#10;.J.... | ......&#10;JJJJ.J | ......&#10;OOJJ.J | ......&#10;T.JJJ. | ...J..&#10;TTSSJ. | ...JJJ&#10;TSSJJ. | ......&#10;&#10;step=82, rand=5, actions=&lt;RotateRight&gt;&#10;Want   | Got ✗ &#10;---------------&#10;...T.. | ......&#10;...TT. | ......&#10;...T.. | ......&#10;.J.... | ......&#10;.J.... | ......&#10;JJJJ.J | ......&#10;OOJJ.J | ......&#10;T.JJJ. | ....JJ&#10;TTSSJ. | ....J.&#10;TSSJJ. | ....J.&#10;&#10;step=83, rand=5, actions=&lt;RotateRight&gt;&#10;Want   | Got ✗ &#10;---------------&#10;...... | ......&#10;..TTT. | ......&#10;...T.. | ......&#10;.J.... | ......&#10;.J.... | ......&#10;JJJJ.J | ......&#10;OOJJ.J | ......&#10;T.JJJ. | ......&#10;TTSSJ. | ...JJJ&#10;TSSJJ. | .....J&#10;&#10;step=84, rand=5, actions=&lt;Right&gt;&#10;Want   | Got ✗ &#10;---------------&#10;...... | ......&#10;...TTT | ......&#10;....T. | ......&#10;.J.... | ......&#10;.J.... | ......&#10;JJJJ.J | ......&#10;OOJJ.J | ......&#10;T.JJJ. | ......&#10;TTSSJ. | ...JJJ&#10;TSSJJ. | .....J&#10;&#10;step=85, rand=5, actions=&lt;Down&gt;&#10;Want   | Got ✗ &#10;---------------&#10;...... | ...T..&#10;...... | ..TTT.&#10;...TTT | ......&#10;.J..T. | ......&#10;.J.... | ......&#10;JJJJ.J | ......&#10;OOJJ.J | ......&#10;T.JJJ. | ......&#10;TTSSJ. | ......&#10;TSSJJ. | ......&#10;&#10;step=86, rand=5, actions=&lt;Down&gt;&#10;Want   | Got ✗ &#10;---------------&#10;...... | ......&#10;...... | ...T..&#10;...... | ..TTT.&#10;.J.TTT | ......&#10;.J..T. | ......&#10;JJJJ.J | ......&#10;OOJJ.J | ......&#10;T.JJJ. | ......&#10;TTSSJ. | ......&#10;TSSJJ. | ......&#10;&#10;step=87, rand=5, actions=&lt;Down&gt;&#10;Want   | Got ✗ &#10;---------------&#10;...... | ......&#10;...... | ......&#10;...... | ...T..&#10;.J.... | ..TTT.&#10;.J.TTT | ......&#10;JJJJTJ | ......&#10;OOJJ.J | ......&#10;T.JJJ. | ......&#10;TTSSJ. | ......&#10;TSSJJ. | ......&#10;&#10;step=88, rand=3, actions=&lt;Down&gt;&#10;Want   | Got ✗ &#10;---------------&#10;..OO.. | ......&#10;..OO.. | ......&#10;...... | ......&#10;...... | ...T..&#10;.J.... | ..TTT.&#10;.J.TTT | ......&#10;OOJJ.J | ......&#10;T.JJJ. | ......&#10;TTSSJ. | ......&#10;TSSJJ. | ......&#10;&#10;step=89, rand=3, actions=&lt;Right&gt;&#10;Want   | Got ✗ &#10;---------------&#10;...OO. | ......&#10;...OO. | ......&#10;...... | ......&#10;...... | ....T.&#10;.J.... | ...TTT&#10;.J.TTT | ......&#10;OOJJ.J | ......&#10;T.JJJ. | ......&#10;TTSSJ. | ......&#10;TSSJJ. | ......&#10;&#10;step=90, rand=3, actions=&lt;Right&gt;&#10;Want   | Got ✗ &#10;---------------&#10;....OO | ......&#10;....OO | ......&#10;...... | ......&#10;...... | ....T.&#10;.J.... | ...TTT&#10;.J.TTT | ......&#10;OOJJ.J | ......&#10;T.JJJ. | ......&#10;TTSSJ. | ......&#10;TSSJJ. | ......&#10;&#10;step=91, rand=3, actions=&lt;Left&gt;&#10;Want   | Got ✗ &#10;---------------&#10;...OO. | ......&#10;...OO. | ......&#10;...... | ......&#10;...... | ...T..&#10;.J.... | ..TTT.&#10;.J.TTT | ......&#10;OOJJ.J | ......&#10;T.JJJ. | ......&#10;TTSSJ. | ......&#10;TSSJJ. | ......&#10;&#10;step=92, rand=3, actions=&lt;Down&gt;&#10;Want   | Got ✗ &#10;---------------&#10;...... | ......&#10;...OO. | ......&#10;...OO. | ......&#10;...... | ......&#10;.J.... | ...T..&#10;.J.TTT | ..TTT.&#10;OOJJ.J | ......&#10;T.JJJ. | ......&#10;TTSSJ. | ......&#10;TSSJJ. | ......&#10;&#10;step=93, rand=3, actions=&lt;Right&gt;&#10;Want   | Got ✗ &#10;---------------&#10;...... | ......&#10;....OO | ......&#10;....OO | ......&#10;...... | ......&#10;.J.... | ....T.&#10;.J.TTT | ...TTT&#10;OOJJ.J | ......&#10;T.JJJ. | ......&#10;TTSSJ. | ......&#10;TSSJJ. | ......&#10;&#10;step=94, rand=3, actions=&lt;Down&gt;&#10;Want   | Got ✗ &#10;---------------&#10;...... | ......&#10;...... | ......&#10;....OO | ......&#10;....OO | ......&#10;.J.... | ......&#10;.J.TTT | ....T.&#10;OOJJ.J | ...TTT&#10;T.JJJ. | ......&#10;TTSSJ. | ......&#10;TSSJJ. | ......&#10;&#10;step=95, rand=3, actions=&lt;Down&gt;&#10;Want   | Got ✗ &#10;---------------&#10;...... | ......&#10;...... | ......&#10;...... | ......&#10;....OO | ......&#10;.J..OO | ......&#10;.J.TTT | ......&#10;OOJJ.J | ....T.&#10;T.JJJ. | ...TTT&#10;TTSSJ. | ......&#10;TSSJJ. | ......&#10;&#10;step=96, rand=4, actions=&lt;Down&gt;&#10;Want   | Got ✗ &#10;---------------&#10;..SS.. | ......&#10;.SS... | ......&#10;...... | ......&#10;....OO | ......&#10;.J..OO | ......&#10;.J.TTT | ......&#10;OOJJ.J | ......&#10;T.JJJ. | ....T.&#10;TTSSJ. | ...TTT&#10;TSSJJ. | ......&#10;&#10;step=97, rand=4, actions=&lt;RotateRight&gt;&#10;Want   | Got ✗ &#10;---------------&#10;..S... | ......&#10;..SS.. | ......&#10;...S.. | ......&#10;....OO | ......&#10;.J..OO | ......&#10;.J.TTT | ......&#10;OOJJ.J | ......&#10;T.JJJ. | ....T.&#10;TTSSJ. | ....TT&#10;TSSJJ. | ....T.&#10;&#10;step=98, rand=4, actions=&lt;Left&gt;&#10;Want   | Got ✗ &#10;---------------&#10;.S.... | ......&#10;.SS... | ......&#10;..S... | ......&#10;....OO | ......&#10;.J..OO | ......&#10;.J.TTT | ......&#10;OOJJ.J | ......&#10;T.JJJ. | ...T..&#10;TTSSJ. | ...TT.&#10;TSSJJ. | ...T..&#10;&#10;step=99, rand=4, actions=&lt;Down&gt;&#10;Want   | Got ✗ &#10;---------------&#10;...... | ...SS.&#10;.S.... | ..SS..&#10;.SS... | ......&#10;..S.OO | ......&#10;.J..OO | ......&#10;.J.TTT | ......&#10;OOJJ.J | ......&#10;T.JJJ. | ......&#10;TTSSJ. | ......&#10;TSSJJ. | ......&#10;&#10;step=100, rand=4, actions=&lt;Down&gt;&#10;Want   | Got ✗ &#10;---------------&#10;...... | ......&#10;...... | ...SS.&#10;.S.... | ..SS..&#10;.SS.OO | ......&#10;.JS.OO | ......&#10;.J.TTT | ......&#10;OOJJ.J | ......&#10;T.JJJ. | ......&#10;TTSSJ. | ......&#10;TSSJJ. | ......&#10;&#10;step=101, rand=1, actions=&lt;Down&gt;&#10;Want   | Got ✗ &#10;---------------&#10;.J.... | ......&#10;.JJJ.. | ......&#10;.S.... | ...SS.&#10;.SS.OO | ..SS..&#10;.JS.OO | ......&#10;.J.TTT | ......&#10;OOJJ.J | ......&#10;T.JJJ. | ......&#10;TTSSJ. | ......&#10;TSSJJ. | ......&#10;&#10;step=102, rand=1, actions=&lt;Right&gt;&#10;Want   | Got ✗ &#10;---------------&#10;..J... | ......&#10;..JJJ. | ......&#10;.S.... | ....SS&#10;.SS.OO | ...SS.&#10;.JS.OO | ......&#10;.J.TTT | ......&#10;OOJJ.J | ......&#10;T.JJJ. | ......&#10;TTSSJ. | ......&#10;TSSJJ. | ......&#10;&#10;step=103, rand=1, actions=&lt;RotateRight&gt;&#10;Want   | Got ✗ &#10;---------------&#10;...JJ. | ......&#10;...J.. | ......&#10;.S.J.. | ....S.&#10;.SS.OO | ....SS&#10;.JS.OO | .....S&#10;.J.TTT | ......&#10;OOJJ.J | ......&#10;T.JJJ. | ......&#10;TTSSJ. | ......&#10;TSSJJ. | ......&#10;&#10;step=104, rand=1, actions=&lt;Down&gt;&#10;Want   | Got ✗ &#10;---------------&#10;...... | ......&#10;...JJ. | ......&#10;.S.J.. | ......&#10;.SSJOO | ....S.&#10;.JS.OO | ....SS&#10;.J.TTT | .....S&#10;OOJJ.J | ......&#10;T.JJJ. | ......&#10;TTSSJ. | ......&#10;TSSJJ. | ......&#10;&#10;step=105, rand=1, actions=&lt;Down&gt;&#10;Want   | Got ✗ &#10;---------------&#10;...... | ......&#10;...... | ......&#10;.S.JJ. | ......&#10;.SSJOO | ......&#10;.JSJOO | ....S.&#10;.J.TTT | ....SS&#10;OOJJ.J | .....S&#10;T.JJJ. | ......&#10;TTSSJ. | ......&#10;TSSJJ. | ......&#10;&#10;step=106, rand=3, actions=&lt;Down&gt;&#10;Want   | Got ✗ &#10;---------------&#10;..OO.. | ......&#10;..OO.. | ......&#10;.S.JJ. | ......&#10;.SSJOO | ......&#10;.JSJOO | ......&#10;.J.TTT | ....S.&#10;OOJJ.J | ....SS&#10;T.JJJ. | .....S&#10;TTSSJ. | ......&#10;TSSJJ. | ......&#10;&#10;step=107, rand=3, actions=&lt;Right&gt;&#10;Want   | Got ✗ &#10;---------------&#10;...OO. | ......&#10;...OO. | ......&#10;.S.JJ. | ......&#10;.SSJOO | ......&#10;.JSJOO | ......&#10;.J.TTT | ....S.&#10;OOJJ.J | ....SS&#10;T.JJJ. | .....S&#10;TTSSJ. | ......&#10;TSSJJ. | ......&#10;&#10;step=108, rand=3, actions=&lt;Right&gt;&#10;Want   | Got ✗ &#10;---------------&#10;....OO | ......&#10;....OO | ......&#10;.S.JJ. | ......&#10;.SSJOO | ......&#10;.JSJOO | ......&#10;.J.TTT | ....S.&#10;OOJJ.J | ....SS&#10;T.JJJ. | .....S&#10;TTSSJ. | ......&#10;TSSJJ. | ......&#10;&#10;step=109, rand=3, actions=&lt;Right&gt;&#10;Want   | Got ✗ &#10;---------------&#10;....OO | ......&#10;....OO | ......&#10;.S.JJ. | ......&#10;.SSJOO | ......&#10;.JSJOO | ......&#10;.J.TTT | ....S.&#10;OOJJ.J | ....SS&#10;T.JJJ. | .....S&#10;TTSSJ. | ......&#10;TSSJJ. | ......&#10;&#10;step=110, rand=3, actions=&lt;Down&gt;&#10;Want   | Got ✗ &#10;---------------&#10;..OOOO | ......&#10;..OOOO | ......&#10;.S.JJ. | ......&#10;.SSJOO | ......&#10;.JSJOO | ......&#10;.J.TTT | ......&#10;OOJJ.J | ....S.&#10;T.JJJ. | ....SS&#10;TTSSJ. | .....S&#10;TSSJJ. | ......&#10;&#10;step=111, rand=3, actions=&lt;Left&gt;&#10;Want   | Got ✗ &#10;---------------&#10;.OO.OO | ......&#10;.OO.OO | ......&#10;.S.JJ. | ......&#10;.SSJOO | ......&#10;.JSJOO | ......&#10;.J.TTT | ......&#10;OOJJ.J | ...S..&#10;T.JJJ. | ...SS.&#10;TTSSJ. | ....S.&#10;TSSJJ. | ......&#10;&#10;step=112, rand=3, actions=&lt;Left&gt;&#10;Want   | Got ✗ &#10;---------------&#10;OO..OO | ......&#10;OO..OO | ......&#10;.S.JJ. | ......&#10;.SSJOO | ......&#10;.JSJOO | ......&#10;.J.TTT | ......&#10;OOJJ.J | ..S...&#10;T.JJJ. | ..SS..&#10;TTSSJ. | ...S..&#10;TSSJJ. | ......&#10;&#10;step=113, rand=3, actions=&lt;Left&gt;&#10;Want   | Got ✗ &#10;---------------&#10;OO..OO | ......&#10;OO..OO | ......&#10;.S.JJ. | ......&#10;.SSJOO | ......&#10;.JSJOO | ......&#10;.J.TTT | ......&#10;OOJJ.J | .S....&#10;T.JJJ. | .SS...&#10;TTSSJ. | ..S...&#10;TSSJJ. | ......&#10;&#10;step=114, rand=5, actions=&lt;Down&gt;&#10;Want              | Got ✗ &#10;--------------------------&#10;GameOverDisplay() | ......&#10;                  | ......&#10;                  | ......&#10;                  | ......&#10;                  | ......&#10;                  | ......&#10;                  | ......&#10;                  | .S....&#10;                  | .SS...&#10;                  | ..S...&#10;&#10;" type="org.scalatest.exceptions.TestFailedException">org.scalatest.exceptions.TestFailedException: didPass was false
--------------------------------------------------------------------------------
This is what went wrong:

step=0, rand=1, actions=&lt;&gt;
Want   | Got ✓ 
---------------
.J.... | .J....
.JJJ.. | .JJJ..
...... | ......
...... | ......
...... | ......
...... | ......
...... | ......
...... | ......
...... | ......
...... | ......

step=1, rand=1, actions=&lt;RotateRight&gt;
Want   | Got ✓ 
---------------
..JJ.. | ..JJ..
..J... | ..J...
..J... | ..J...
...... | ......
...... | ......
...... | ......
...... | ......
...... | ......
...... | ......
...... | ......

step=2, rand=1, actions=&lt;RotateRight&gt;
Want   | Got ✓ 
---------------
...... | ......
.JJJ.. | .JJJ..
...J.. | ...J..
...... | ......
...... | ......
...... | ......
...... | ......
...... | ......
...... | ......
...... | ......

step=3, rand=1, actions=&lt;RotateRight&gt;
Want   | Got ✓ 
---------------
..J... | ..J...
..J... | ..J...
.JJ... | .JJ...
...... | ......
...... | ......
...... | ......
...... | ......
...... | ......
...... | ......
...... | ......

step=4, rand=1, actions=&lt;Right&gt;
Want   | Got ✓ 
---------------
...J.. | ...J..
...J.. | ...J..
..JJ.. | ..JJ..
...... | ......
...... | ......
...... | ......
...... | ......
...... | ......
...... | ......
...... | ......

step=5, rand=1, actions=&lt;Right&gt;
Want   | Got ✓ 
---------------
....J. | ....J.
....J. | ....J.
...JJ. | ...JJ.
...... | ......
...... | ......
...... | ......
...... | ......
...... | ......
...... | ......
...... | ......

step=6, rand=1, actions=&lt;Down&gt;
Want   | Got ✓ 
---------------
...... | ......
....J. | ....J.
....J. | ....J.
...JJ. | ...JJ.
...... | ......
...... | ......
...... | ......
...... | ......
...... | ......
...... | ......

step=7, rand=1, actions=&lt;Down&gt;
Want   | Got ✓ 
---------------
...... | ......
...... | ......
....J. | ....J.
....J. | ....J.
...JJ. | ...JJ.
...... | ......
...... | ......
...... | ......
...... | ......
...... | ......

step=8, rand=1, actions=&lt;Down&gt;
Want   | Got ✓ 
---------------
...... | ......
...... | ......
...... | ......
....J. | ....J.
....J. | ....J.
...JJ. | ...JJ.
...... | ......
...... | ......
...... | ......
...... | ......

step=9, rand=1, actions=&lt;Down&gt;
Want   | Got ✓ 
---------------
...... | ......
...... | ......
...... | ......
...... | ......
....J. | ....J.
....J. | ....J.
...JJ. | ...JJ.
...... | ......
...... | ......
...... | ......

step=10, rand=1, actions=&lt;Down&gt;
Want   | Got ✓ 
---------------
...... | ......
...... | ......
...... | ......
...... | ......
...... | ......
....J. | ....J.
....J. | ....J.
...JJ. | ...JJ.
...... | ......
...... | ......

step=11, rand=1, actions=&lt;Down&gt;
Want   | Got ✓ 
---------------
...... | ......
...... | ......
...... | ......
...... | ......
...... | ......
...... | ......
....J. | ....J.
....J. | ....J.
...JJ. | ...JJ.
...... | ......

step=12, rand=1, actions=&lt;Down&gt;
Want   | Got ✓ 
---------------
...... | ......
...... | ......
...... | ......
...... | ......
...... | ......
...... | ......
...... | ......
....J. | ....J.
....J. | ....J.
...JJ. | ...JJ.

step=13, rand=4, actions=&lt;Down&gt;
Want   | Got ✗ 
---------------
..SS.. | ...SS.
.SS... | ..SS..
...... | ......
...... | ......
...... | ......
...... | ......
...... | ......
....J. | ......
....J. | ......
...JJ. | ......

step=14, rand=4, actions=&lt;Right&gt;
Want   | Got ✗ 
---------------
...SS. | ....SS
..SS.. | ...SS.
...... | ......
...... | ......
...... | ......
...... | ......
...... | ......
....J. | ......
....J. | ......
...JJ. | ......

step=15, rand=4, actions=&lt;Down&gt;
Want   | Got ✗ 
---------------
...... | ......
...SS. | ....SS
..SS.. | ...SS.
...... | ......
...... | ......
...... | ......
...... | ......
....J. | ......
....J. | ......
...JJ. | ......

step=16, rand=4, actions=&lt;Down&gt;
Want   | Got ✗ 
---------------
...... | ......
...... | ......
...SS. | ....SS
..SS.. | ...SS.
...... | ......
...... | ......
...... | ......
....J. | ......
....J. | ......
...JJ. | ......

step=17, rand=4, actions=&lt;Down&gt;
Want   | Got ✗ 
---------------
...... | ......
...... | ......
...... | ......
...SS. | ....SS
..SS.. | ...SS.
...... | ......
...... | ......
....J. | ......
....J. | ......
...JJ. | ......

step=18, rand=4, actions=&lt;Left&gt;
Want   | Got ✗ 
---------------
...... | ......
...... | ......
...... | ......
..SS.. | ...SS.
.SS... | ..SS..
...... | ......
...... | ......
....J. | ......
....J. | ......
...JJ. | ......

step=19, rand=4, actions=&lt;Down&gt;
Want   | Got ✗ 
---------------
...... | ......
...... | ......
...... | ......
...... | ......
..SS.. | ...SS.
.SS... | ..SS..
...... | ......
....J. | ......
....J. | ......
...JJ. | ......

step=20, rand=4, actions=&lt;Down&gt;
Want   | Got ✗ 
---------------
...... | ......
...... | ......
...... | ......
...... | ......
...... | ......
..SS.. | ...SS.
.SS... | ..SS..
....J. | ......
....J. | ......
...JJ. | ......

step=21, rand=4, actions=&lt;Down&gt;
Want   | Got ✗ 
---------------
...... | ......
...... | ......
...... | ......
...... | ......
...... | ......
...... | ......
..SS.. | ...SS.
.SS.J. | ..SS..
....J. | ......
...JJ. | ......

step=22, rand=4, actions=&lt;Down&gt;
Want   | Got ✗ 
---------------
...... | ......
...... | ......
...... | ......
...... | ......
...... | ......
...... | ......
...... | ......
..SSJ. | ...SS.
.SS.J. | ..SS..
...JJ. | ......

step=23, rand=4, actions=&lt;Down&gt;
Want   | Got ✗ 
---------------
...... | ......
...... | ......
...... | ......
...... | ......
...... | ......
...... | ......
...... | ......
....J. | ......
..SSJ. | ...SS.
.SSJJ. | ..SS..

step=24, rand=4, actions=&lt;RotateRight&gt;
Want   | Got ✗ 
---------------
...... | ......
...... | ......
...... | ......
...... | ......
...... | ......
...... | ......
...... | ......
....J. | ......
..SSJ. | ...S..
.SSJJ. | ...SS.

step=25, rand=1, actions=&lt;Down&gt;
Want   | Got ✗ 
---------------
.J.... | ..J...
.JJJ.. | ..JJJ.
...... | ......
...... | ......
...... | ......
...... | ......
...... | ......
....J. | ......
..SSJ. | ......
.SSJJ. | ......

step=26, rand=1, actions=&lt;RotateRight&gt;
Want   | Got ✗ 
---------------
..JJ.. | ...JJ.
..J... | ...J..
..J... | ...J..
...... | ......
...... | ......
...... | ......
...... | ......
....J. | ......
..SSJ. | ......
.SSJJ. | ......

step=27, rand=1, actions=&lt;RotateRight&gt;
Want   | Got ✗ 
---------------
...... | ......
.JJJ.. | ..JJJ.
...J.. | ....J.
...... | ......
...... | ......
...... | ......
...... | ......
....J. | ......
..SSJ. | ......
.SSJJ. | ......

step=28, rand=1, actions=&lt;RotateRight&gt;
Want   | Got ✗ 
---------------
..J... | ...J..
..J... | ...J..
.JJ... | ..JJ..
...... | ......
...... | ......
...... | ......
...... | ......
....J. | ......
..SSJ. | ......
.SSJJ. | ......

step=29, rand=1, actions=&lt;Right&gt;
Want   | Got ✗ 
---------------
...J.. | ....J.
...J.. | ....J.
..JJ.. | ...JJ.
...... | ......
...... | ......
...... | ......
...... | ......
....J. | ......
..SSJ. | ......
.SSJJ. | ......

step=30, rand=1, actions=&lt;Down&gt;
Want   | Got ✗ 
---------------
...... | ......
...J.. | ....J.
...J.. | ....J.
..JJ.. | ...JJ.
...... | ......
...... | ......
...... | ......
....J. | ......
..SSJ. | ......
.SSJJ. | ......

step=31, rand=1, actions=&lt;Down&gt;
Want   | Got ✗ 
---------------
...... | ......
...... | ......
...J.. | ....J.
...J.. | ....J.
..JJ.. | ...JJ.
...... | ......
...... | ......
....J. | ......
..SSJ. | ......
.SSJJ. | ......

step=32, rand=1, actions=&lt;Down&gt;
Want   | Got ✗ 
---------------
...... | ......
...... | ......
...... | ......
...J.. | ....J.
...J.. | ....J.
..JJ.. | ...JJ.
...... | ......
....J. | ......
..SSJ. | ......
.SSJJ. | ......

step=33, rand=1, actions=&lt;Down&gt;
Want   | Got ✗ 
---------------
...... | ......
...... | ......
...... | ......
...... | ......
...J.. | ....J.
...J.. | ....J.
..JJ.. | ...JJ.
....J. | ......
..SSJ. | ......
.SSJJ. | ......

step=34, rand=1, actions=&lt;Down&gt;
Want   | Got ✗ 
---------------
...... | ......
...... | ......
...... | ......
...... | ......
...... | ......
...J.. | ....J.
...J.. | ....J.
..JJJ. | ...JJ.
..SSJ. | ......
.SSJJ. | ......

step=35, rand=1, actions=&lt;Down&gt;
Want   | Got ✗ 
---------------
.J.... | ......
.JJJ.. | ......
...... | ......
...... | ......
...... | ......
...J.. | ......
...J.. | ....J.
..JJJ. | ....J.
..SSJ. | ...JJ.
.SSJJ. | ......

step=36, rand=1, actions=&lt;RotateRight&gt;
Want   | Got ✗ 
---------------
..JJ.. | ......
..J... | ......
..J... | ......
...... | ......
...... | ......
...J.. | ......
...J.. | ...J..
..JJJ. | ...JJJ
..SSJ. | ......
.SSJJ. | ......

step=37, rand=1, actions=&lt;Down&gt;
Want   | Got ✗ 
---------------
...... | ......
..JJ.. | ......
..J... | ......
..J... | ......
...... | ......
...J.. | ......
...J.. | ......
..JJJ. | ...J..
..SSJ. | ...JJJ
.SSJJ. | ......

step=38, rand=1, actions=&lt;Down&gt;
Want   | Got ✗ 
---------------
...... | ......
...... | ......
..JJ.. | ......
..J... | ......
..J... | ......
...J.. | ......
...J.. | ......
..JJJ. | ......
..SSJ. | ...J..
.SSJJ. | ...JJJ

step=39, rand=1, actions=&lt;Down&gt;
Want   | Got ✗ 
---------------
...... | ..J...
...... | ..JJJ.
...... | ......
..JJ.. | ......
..J... | ......
..JJ.. | ......
...J.. | ......
..JJJ. | ......
..SSJ. | ......
.SSJJ. | ......

step=40, rand=1, actions=&lt;Down&gt;
Want   | Got ✗ 
---------------
...... | ......
...... | ..J...
...... | ..JJJ.
...... | ......
..JJ.. | ......
..JJ.. | ......
..JJ.. | ......
..JJJ. | ......
..SSJ. | ......
.SSJJ. | ......

step=41, rand=5, actions=&lt;Down&gt;
Want   | Got ✗ 
---------------
..T... | ......
.TTT.. | ......
...... | ..J...
...... | ..JJJ.
..JJ.. | ......
..JJ.. | ......
..JJ.. | ......
..JJJ. | ......
..SSJ. | ......
.SSJJ. | ......

step=42, rand=5, actions=&lt;RotateRight&gt;
Want   | Got ✗ 
---------------
..T... | ......
..TT.. | ......
..T... | ...JJ.
...... | ...J..
..JJ.. | ...J..
..JJ.. | ......
..JJ.. | ......
..JJJ. | ......
..SSJ. | ......
.SSJJ. | ......

step=43, rand=5, actions=&lt;Left&gt;
Want   | Got ✗ 
---------------
.T.... | ......
.TT... | ......
.T.... | ..JJ..
...... | ..J...
..JJ.. | ..J...
..JJ.. | ......
..JJ.. | ......
..JJJ. | ......
..SSJ. | ......
.SSJJ. | ......

step=44, rand=5, actions=&lt;Left&gt;
Want   | Got ✗ 
---------------
T..... | ......
TT.... | ......
T..... | .JJ...
...... | .J....
..JJ.. | .J....
..JJ.. | ......
..JJ.. | ......
..JJJ. | ......
..SSJ. | ......
.SSJJ. | ......

step=45, rand=5, actions=&lt;Down&gt;
Want   | Got ✗ 
---------------
...... | ......
T..... | ......
TT.... | ......
T..... | .JJ...
..JJ.. | .J....
..JJ.. | .J....
..JJ.. | ......
..JJJ. | ......
..SSJ. | ......
.SSJJ. | ......

step=46, rand=5, actions=&lt;Down&gt;
Want   | Got ✗ 
---------------
...... | ......
...... | ......
T..... | ......
TT.... | ......
T.JJ.. | .JJ...
..JJ.. | .J....
..JJ.. | .J....
..JJJ. | ......
..SSJ. | ......
.SSJJ. | ......

step=47, rand=5, actions=&lt;Down&gt;
Want   | Got ✗ 
---------------
...... | ......
...... | ......
...... | ......
T..... | ......
TTJJ.. | ......
T.JJ.. | .JJ...
..JJ.. | .J....
..JJJ. | .J....
..SSJ. | ......
.SSJJ. | ......

step=48, rand=5, actions=&lt;Down&gt;
Want   | Got ✗ 
---------------
...... | ......
...... | ......
...... | ......
...... | ......
T.JJ.. | ......
TTJJ.. | ......
T.JJ.. | .JJ...
..JJJ. | .J....
..SSJ. | .J....
.SSJJ. | ......

step=49, rand=5, actions=&lt;Down&gt;
Want   | Got ✗ 
---------------
...... | ......
...... | ......
...... | ......
...... | ......
..JJ.. | ......
T.JJ.. | ......
TTJJ.. | ......
T.JJJ. | .JJ...
..SSJ. | .J....
.SSJJ. | .J....

step=50, rand=5, actions=&lt;Down&gt;
Want   | Got ✗ 
---------------
...... | ...T..
...... | ..TTT.
...... | ......
...... | ......
..JJ.. | ......
..JJ.. | ......
T.JJ.. | ......
TTJJJ. | ......
T.SSJ. | ......
.SSJJ. | ......

step=51, rand=5, actions=&lt;Down&gt;
Want   | Got ✗ 
---------------
...... | ......
...... | ...T..
...... | ..TTT.
...... | ......
..JJ.. | ......
..JJ.. | ......
..JJ.. | ......
T.JJJ. | ......
TTSSJ. | ......
TSSJJ. | ......

step=52, rand=5, actions=&lt;Left&gt;
Want   | Got ✗ 
---------------
...... | ......
...... | ..T...
...... | .TTT..
...... | ......
..JJ.. | ......
..JJ.. | ......
..JJ.. | ......
T.JJJ. | ......
TTSSJ. | ......
TSSJJ. | ......

step=53, rand=3, actions=&lt;Down&gt;
Want   | Got ✗ 
---------------
..OO.. | ......
..OO.. | ......
...... | ..T...
...... | .TTT..
..JJ.. | ......
..JJ.. | ......
..JJ.. | ......
T.JJJ. | ......
TTSSJ. | ......
TSSJJ. | ......

step=54, rand=3, actions=&lt;Left&gt;
Want   | Got ✗ 
---------------
.OO... | ......
.OO... | ......
...... | .T....
...... | TTT...
..JJ.. | ......
..JJ.. | ......
..JJ.. | ......
T.JJJ. | ......
TTSSJ. | ......
TSSJJ. | ......

step=55, rand=3, actions=&lt;Left&gt;
Want   | Got ✗ 
---------------
OO.... | ......
OO.... | ......
...... | .T....
...... | TTT...
..JJ.. | ......
..JJ.. | ......
..JJ.. | ......
T.JJJ. | ......
TTSSJ. | ......
TSSJJ. | ......

step=56, rand=3, actions=&lt;Down&gt;
Want   | Got ✗ 
---------------
...... | ......
OO.... | ......
OO.... | ......
...... | .T....
..JJ.. | TTT...
..JJ.. | ......
..JJ.. | ......
T.JJJ. | ......
TTSSJ. | ......
TSSJJ. | ......

step=57, rand=3, actions=&lt;Down&gt;
Want   | Got ✗ 
---------------
...... | ......
...... | ......
OO.... | ......
OO.... | ......
..JJ.. | .T....
..JJ.. | TTT...
..JJ.. | ......
T.JJJ. | ......
TTSSJ. | ......
TSSJJ. | ......

step=58, rand=3, actions=&lt;Down&gt;
Want   | Got ✗ 
---------------
...... | ......
...... | ......
...... | ......
OO.... | ......
OOJJ.. | ......
..JJ.. | .T....
..JJ.. | TTT...
T.JJJ. | ......
TTSSJ. | ......
TSSJJ. | ......

step=59, rand=3, actions=&lt;Down&gt;
Want   | Got ✗ 
---------------
...... | ......
...... | ......
...... | ......
...... | ......
OOJJ.. | ......
OOJJ.. | ......
..JJ.. | .T....
T.JJJ. | TTT...
TTSSJ. | ......
TSSJJ. | ......

step=60, rand=3, actions=&lt;Down&gt;
Want   | Got ✗ 
---------------
...... | ......
...... | ......
...... | ......
...... | ......
..JJ.. | ......
OOJJ.. | ......
OOJJ.. | ......
T.JJJ. | .T....
TTSSJ. | TTT...
TSSJJ. | ......

step=61, rand=1, actions=&lt;Down&gt;
Want   | Got ✗ 
---------------
.J.... | ......
.JJJ.. | ......
...... | ......
...... | ......
..JJ.. | ......
OOJJ.. | ......
OOJJ.. | ......
T.JJJ. | ......
TTSSJ. | .T....
TSSJJ. | TTT...

step=62, rand=1, actions=&lt;RotateRight&gt;
Want   | Got ✗ 
---------------
..JJ.. | ......
..J... | ......
..J... | ......
...... | ......
..JJ.. | ......
OOJJ.. | ......
OOJJ.. | ......
T.JJJ. | ......
TTSSJ. | .T....
TSSJJ. | .TT...

step=63, rand=1, actions=&lt;RotateRight&gt;
Want   | Got ✗ 
---------------
...... | ......
.JJJ.. | ......
...J.. | ......
...... | ......
..JJ.. | ......
OOJJ.. | ......
OOJJ.. | ......
T.JJJ. | ......
TTSSJ. | ......
TSSJJ. | TTT...

step=64, rand=1, actions=&lt;RotateRight&gt;
Want   | Got ✗ 
---------------
..J... | ......
..J... | ......
.JJ... | ......
...... | ......
..JJ.. | ......
OOJJ.. | ......
OOJJ.. | ......
T.JJJ. | ......
TTSSJ. | .T....
TSSJJ. | TT....

step=65, rand=1, actions=&lt;Left&gt;
Want   | Got ✗ 
---------------
.J.... | ......
.J.... | ......
JJ.... | ......
...... | ......
..JJ.. | ......
OOJJ.. | ......
OOJJ.. | ......
T.JJJ. | ......
TTSSJ. | .T....
TSSJJ. | TT....

step=66, rand=1, actions=&lt;Down&gt;
Want   | Got ✗ 
---------------
...... | ..J...
.J.... | ..JJJ.
.J.... | ......
JJ.... | ......
..JJ.. | ......
OOJJ.. | ......
OOJJ.. | ......
T.JJJ. | ......
TTSSJ. | ......
TSSJJ. | ......

step=67, rand=1, actions=&lt;Down&gt;
Want   | Got ✗ 
---------------
...... | ......
...... | ..J...
.J.... | ..JJJ.
.J.... | ......
JJJJ.. | ......
OOJJ.. | ......
OOJJ.. | ......
T.JJJ. | ......
TTSSJ. | ......
TSSJJ. | ......

step=68, rand=1, actions=&lt;Down&gt;
Want   | Got ✗ 
---------------
.J.... | ......
.JJJ.. | ......
.J.... | ..J...
.J.... | ..JJJ.
JJJJ.. | ......
OOJJ.. | ......
OOJJ.. | ......
T.JJJ. | ......
TTSSJ. | ......
TSSJJ. | ......

step=69, rand=1, actions=&lt;RotateRight&gt;
Want   | Got ✗ 
---------------
..JJ.. | ......
..J... | ......
.JJ... | ...JJ.
.J.... | ...J..
JJJJ.. | ...J..
OOJJ.. | ......
OOJJ.. | ......
T.JJJ. | ......
TTSSJ. | ......
TSSJJ. | ......

step=70, rand=1, actions=&lt;RotateRight&gt;
Want   | Got ✗ 
---------------
...... | ......
.JJJ.. | ......
.J.J.. | ......
.J.... | ..JJJ.
JJJJ.. | ....J.
OOJJ.. | ......
OOJJ.. | ......
T.JJJ. | ......
TTSSJ. | ......
TSSJJ. | ......

step=71, rand=1, actions=&lt;RotateRight&gt;
Want   | Got ✗ 
---------------
...... | ......
.JJJ.. | ......
.J.J.. | ...J..
.J.... | ...J..
JJJJ.. | ..JJ..
OOJJ.. | ......
OOJJ.. | ......
T.JJJ. | ......
TTSSJ. | ......
TSSJJ. | ......

step=72, rand=1, actions=&lt;Right&gt;
Want   | Got ✗ 
---------------
...... | ......
..JJJ. | ......
.J..J. | ....J.
.J.... | ....J.
JJJJ.. | ...JJ.
OOJJ.. | ......
OOJJ.. | ......
T.JJJ. | ......
TTSSJ. | ......
TSSJJ. | ......

step=73, rand=1, actions=&lt;RotateRight&gt;
Want   | Got ✗ 
---------------
...J.. | ......
...J.. | ......
.JJJ.. | ...J..
.J.... | ...JJJ
JJJJ.. | ......
OOJJ.. | ......
OOJJ.. | ......
T.JJJ. | ......
TTSSJ. | ......
TSSJJ. | ......

step=74, rand=1, actions=&lt;Right&gt;
Want   | Got ✗ 
---------------
....J. | ......
....J. | ......
.J.JJ. | ...J..
.J.... | ...JJJ
JJJJ.. | ......
OOJJ.. | ......
OOJJ.. | ......
T.JJJ. | ......
TTSSJ. | ......
TSSJJ. | ......

step=75, rand=1, actions=&lt;Right&gt;
Want   | Got ✗ 
---------------
.....J | ......
.....J | ......
.J..JJ | ...J..
.J.... | ...JJJ
JJJJ.. | ......
OOJJ.. | ......
OOJJ.. | ......
T.JJJ. | ......
TTSSJ. | ......
TSSJJ. | ......

step=76, rand=1, actions=&lt;Down&gt;
Want   | Got ✗ 
---------------
...... | ......
.....J | ......
.J...J | ......
.J..JJ | ...J..
JJJJ.. | ...JJJ
OOJJ.. | ......
OOJJ.. | ......
T.JJJ. | ......
TTSSJ. | ......
TSSJJ. | ......

step=77, rand=1, actions=&lt;Down&gt;
Want   | Got ✗ 
---------------
...... | ......
...... | ......
.J...J | ......
.J...J | ......
JJJJJJ | ...J..
OOJJ.. | ...JJJ
OOJJ.. | ......
T.JJJ. | ......
TTSSJ. | ......
TSSJJ. | ......

step=78, rand=1, actions=&lt;Down&gt;
Want   | Got ✗ 
---------------
...... | ......
...... | ......
.J.... | ......
.J...J | ......
JJJJ.J | ......
OOJJJJ | ...J..
OOJJ.. | ...JJJ
T.JJJ. | ......
TTSSJ. | ......
TSSJJ. | ......

step=79, rand=1, actions=&lt;Down&gt;
Want   | Got ✗ 
---------------
...... | ......
...... | ......
.J.... | ......
.J.... | ......
JJJJ.J | ......
OOJJ.J | ......
OOJJJJ | ...J..
T.JJJ. | ...JJJ
TTSSJ. | ......
TSSJJ. | ......

step=80, rand=5, actions=&lt;Down&gt;
Want   | Got ✗ 
---------------
..T... | ......
.TTT.. | ......
...... | ......
.J.... | ......
.J.... | ......
JJJJ.J | ......
OOJJ.J | ......
T.JJJ. | ...J..
TTSSJ. | ...JJJ
TSSJJ. | ......

step=81, rand=5, actions=&lt;Right&gt;
Want   | Got ✗ 
---------------
...T.. | ......
..TTT. | ......
...... | ......
.J.... | ......
.J.... | ......
JJJJ.J | ......
OOJJ.J | ......
T.JJJ. | ...J..
TTSSJ. | ...JJJ
TSSJJ. | ......

step=82, rand=5, actions=&lt;RotateRight&gt;
Want   | Got ✗ 
---------------
...T.. | ......
...TT. | ......
...T.. | ......
.J.... | ......
.J.... | ......
JJJJ.J | ......
OOJJ.J | ......
T.JJJ. | ....JJ
TTSSJ. | ....J.
TSSJJ. | ....J.

step=83, rand=5, actions=&lt;RotateRight&gt;
Want   | Got ✗ 
---------------
...... | ......
..TTT. | ......
...T.. | ......
.J.... | ......
.J.... | ......
JJJJ.J | ......
OOJJ.J | ......
T.JJJ. | ......
TTSSJ. | ...JJJ
TSSJJ. | .....J

step=84, rand=5, actions=&lt;Right&gt;
Want   | Got ✗ 
---------------
...... | ......
...TTT | ......
....T. | ......
.J.... | ......
.J.... | ......
JJJJ.J | ......
OOJJ.J | ......
T.JJJ. | ......
TTSSJ. | ...JJJ
TSSJJ. | .....J

step=85, rand=5, actions=&lt;Down&gt;
Want   | Got ✗ 
---------------
...... | ...T..
...... | ..TTT.
...TTT | ......
.J..T. | ......
.J.... | ......
JJJJ.J | ......
OOJJ.J | ......
T.JJJ. | ......
TTSSJ. | ......
TSSJJ. | ......

step=86, rand=5, actions=&lt;Down&gt;
Want   | Got ✗ 
---------------
...... | ......
...... | ...T..
...... | ..TTT.
.J.TTT | ......
.J..T. | ......
JJJJ.J | ......
OOJJ.J | ......
T.JJJ. | ......
TTSSJ. | ......
TSSJJ. | ......

step=87, rand=5, actions=&lt;Down&gt;
Want   | Got ✗ 
---------------
...... | ......
...... | ......
...... | ...T..
.J.... | ..TTT.
.J.TTT | ......
JJJJTJ | ......
OOJJ.J | ......
T.JJJ. | ......
TTSSJ. | ......
TSSJJ. | ......

step=88, rand=3, actions=&lt;Down&gt;
Want   | Got ✗ 
---------------
..OO.. | ......
..OO.. | ......
...... | ......
...... | ...T..
.J.... | ..TTT.
.J.TTT | ......
OOJJ.J | ......
T.JJJ. | ......
TTSSJ. | ......
TSSJJ. | ......

step=89, rand=3, actions=&lt;Right&gt;
Want   | Got ✗ 
---------------
...OO. | ......
...OO. | ......
...... | ......
...... | ....T.
.J.... | ...TTT
.J.TTT | ......
OOJJ.J | ......
T.JJJ. | ......
TTSSJ. | ......
TSSJJ. | ......

step=90, rand=3, actions=&lt;Right&gt;
Want   | Got ✗ 
---------------
....OO | ......
....OO | ......
...... | ......
...... | ....T.
.J.... | ...TTT
.J.TTT | ......
OOJJ.J | ......
T.JJJ. | ......
TTSSJ. | ......
TSSJJ. | ......

step=91, rand=3, actions=&lt;Left&gt;
Want   | Got ✗ 
---------------
...OO. | ......
...OO. | ......
...... | ......
...... | ...T..
.J.... | ..TTT.
.J.TTT | ......
OOJJ.J | ......
T.JJJ. | ......
TTSSJ. | ......
TSSJJ. | ......

step=92, rand=3, actions=&lt;Down&gt;
Want   | Got ✗ 
---------------
...... | ......
...OO. | ......
...OO. | ......
...... | ......
.J.... | ...T..
.J.TTT | ..TTT.
OOJJ.J | ......
T.JJJ. | ......
TTSSJ. | ......
TSSJJ. | ......

step=93, rand=3, actions=&lt;Right&gt;
Want   | Got ✗ 
---------------
...... | ......
....OO | ......
....OO | ......
...... | ......
.J.... | ....T.
.J.TTT | ...TTT
OOJJ.J | ......
T.JJJ. | ......
TTSSJ. | ......
TSSJJ. | ......

step=94, rand=3, actions=&lt;Down&gt;
Want   | Got ✗ 
---------------
...... | ......
...... | ......
....OO | ......
....OO | ......
.J.... | ......
.J.TTT | ....T.
OOJJ.J | ...TTT
T.JJJ. | ......
TTSSJ. | ......
TSSJJ. | ......

step=95, rand=3, actions=&lt;Down&gt;
Want   | Got ✗ 
---------------
...... | ......
...... | ......
...... | ......
....OO | ......
.J..OO | ......
.J.TTT | ......
OOJJ.J | ....T.
T.JJJ. | ...TTT
TTSSJ. | ......
TSSJJ. | ......

step=96, rand=4, actions=&lt;Down&gt;
Want   | Got ✗ 
---------------
..SS.. | ......
.SS... | ......
...... | ......
....OO | ......
.J..OO | ......
.J.TTT | ......
OOJJ.J | ......
T.JJJ. | ....T.
TTSSJ. | ...TTT
TSSJJ. | ......

step=97, rand=4, actions=&lt;RotateRight&gt;
Want   | Got ✗ 
---------------
..S... | ......
..SS.. | ......
...S.. | ......
....OO | ......
.J..OO | ......
.J.TTT | ......
OOJJ.J | ......
T.JJJ. | ....T.
TTSSJ. | ....TT
TSSJJ. | ....T.

step=98, rand=4, actions=&lt;Left&gt;
Want   | Got ✗ 
---------------
.S.... | ......
.SS... | ......
..S... | ......
....OO | ......
.J..OO | ......
.J.TTT | ......
OOJJ.J | ......
T.JJJ. | ...T..
TTSSJ. | ...TT.
TSSJJ. | ...T..

step=99, rand=4, actions=&lt;Down&gt;
Want   | Got ✗ 
---------------
...... | ...SS.
.S.... | ..SS..
.SS... | ......
..S.OO | ......
.J..OO | ......
.J.TTT | ......
OOJJ.J | ......
T.JJJ. | ......
TTSSJ. | ......
TSSJJ. | ......

step=100, rand=4, actions=&lt;Down&gt;
Want   | Got ✗ 
---------------
...... | ......
...... | ...SS.
.S.... | ..SS..
.SS.OO | ......
.JS.OO | ......
.J.TTT | ......
OOJJ.J | ......
T.JJJ. | ......
TTSSJ. | ......
TSSJJ. | ......

step=101, rand=1, actions=&lt;Down&gt;
Want   | Got ✗ 
---------------
.J.... | ......
.JJJ.. | ......
.S.... | ...SS.
.SS.OO | ..SS..
.JS.OO | ......
.J.TTT | ......
OOJJ.J | ......
T.JJJ. | ......
TTSSJ. | ......
TSSJJ. | ......

step=102, rand=1, actions=&lt;Right&gt;
Want   | Got ✗ 
---------------
..J... | ......
..JJJ. | ......
.S.... | ....SS
.SS.OO | ...SS.
.JS.OO | ......
.J.TTT | ......
OOJJ.J | ......
T.JJJ. | ......
TTSSJ. | ......
TSSJJ. | ......

step=103, rand=1, actions=&lt;RotateRight&gt;
Want   | Got ✗ 
---------------
...JJ. | ......
...J.. | ......
.S.J.. | ....S.
.SS.OO | ....SS
.JS.OO | .....S
.J.TTT | ......
OOJJ.J | ......
T.JJJ. | ......
TTSSJ. | ......
TSSJJ. | ......

step=104, rand=1, actions=&lt;Down&gt;
Want   | Got ✗ 
---------------
...... | ......
...JJ. | ......
.S.J.. | ......
.SSJOO | ....S.
.JS.OO | ....SS
.J.TTT | .....S
OOJJ.J | ......
T.JJJ. | ......
TTSSJ. | ......
TSSJJ. | ......

step=105, rand=1, actions=&lt;Down&gt;
Want   | Got ✗ 
---------------
...... | ......
...... | ......
.S.JJ. | ......
.SSJOO | ......
.JSJOO | ....S.
.J.TTT | ....SS
OOJJ.J | .....S
T.JJJ. | ......
TTSSJ. | ......
TSSJJ. | ......

step=106, rand=3, actions=&lt;Down&gt;
Want   | Got ✗ 
---------------
..OO.. | ......
..OO.. | ......
.S.JJ. | ......
.SSJOO | ......
.JSJOO | ......
.J.TTT | ....S.
OOJJ.J | ....SS
T.JJJ. | .....S
TTSSJ. | ......
TSSJJ. | ......

step=107, rand=3, actions=&lt;Right&gt;
Want   | Got ✗ 
---------------
...OO. | ......
...OO. | ......
.S.JJ. | ......
.SSJOO | ......
.JSJOO | ......
.J.TTT | ....S.
OOJJ.J | ....SS
T.JJJ. | .....S
TTSSJ. | ......
TSSJJ. | ......

step=108, rand=3, actions=&lt;Right&gt;
Want   | Got ✗ 
---------------
....OO | ......
....OO | ......
.S.JJ. | ......
.SSJOO | ......
.JSJOO | ......
.J.TTT | ....S.
OOJJ.J | ....SS
T.JJJ. | .....S
TTSSJ. | ......
TSSJJ. | ......

step=109, rand=3, actions=&lt;Right&gt;
Want   | Got ✗ 
---------------
....OO | ......
....OO | ......
.S.JJ. | ......
.SSJOO | ......
.JSJOO | ......
.J.TTT | ....S.
OOJJ.J | ....SS
T.JJJ. | .....S
TTSSJ. | ......
TSSJJ. | ......

step=110, rand=3, actions=&lt;Down&gt;
Want   | Got ✗ 
---------------
..OOOO | ......
..OOOO | ......
.S.JJ. | ......
.SSJOO | ......
.JSJOO | ......
.J.TTT | ......
OOJJ.J | ....S.
T.JJJ. | ....SS
TTSSJ. | .....S
TSSJJ. | ......

step=111, rand=3, actions=&lt;Left&gt;
Want   | Got ✗ 
---------------
.OO.OO | ......
.OO.OO | ......
.S.JJ. | ......
.SSJOO | ......
.JSJOO | ......
.J.TTT | ......
OOJJ.J | ...S..
T.JJJ. | ...SS.
TTSSJ. | ....S.
TSSJJ. | ......

step=112, rand=3, actions=&lt;Left&gt;
Want   | Got ✗ 
---------------
OO..OO | ......
OO..OO | ......
.S.JJ. | ......
.SSJOO | ......
.JSJOO | ......
.J.TTT | ......
OOJJ.J | ..S...
T.JJJ. | ..SS..
TTSSJ. | ...S..
TSSJJ. | ......

step=113, rand=3, actions=&lt;Left&gt;
Want   | Got ✗ 
---------------
OO..OO | ......
OO..OO | ......
.S.JJ. | ......
.SSJOO | ......
.JSJOO | ......
.J.TTT | ......
OOJJ.J | .S....
T.JJJ. | .SS...
TTSSJ. | ..S...
TSSJJ. | ......

step=114, rand=5, actions=&lt;Down&gt;
Want              | Got ✗ 
--------------------------
GameOverDisplay() | ......
                  | ......
                  | ......
                  | ......
                  | ......
                  | ......
                  | ......
                  | .S....
                  | .SS...
                  | ..S...


	at app//org.scalatest.Assertions.newAssertionFailedException(Assertions.scala:530)
	at app//org.scalatest.Assertions.newAssertionFailedException$(Assertions.scala:529)
	at app//org.scalatest.FunSuite.newAssertionFailedException(FunSuite.scala:1560)
	at app//org.scalatest.Assertions$AssertionsHelper.macroAssert(Assertions.scala:503)
	at app//generic.GameTestSuite.checkGame(GameTestSuite.scala:298)
	at app//tetris.TetrisTestSuiteBase.checkGame(TetrisTestSuiteBase.scala:103)
	at app//tetris.FullGameTests.$anonfun$new$3(FullGameTests.scala:5748)
	at app//scala.runtime.java8.JFunction0$mcV$sp.apply(JFunction0$mcV$sp.scala:18)
	at app//infrastructure.TestBase.$anonfun$test$1(TestBase.scala:36)
	at app//org.scalatest.OutcomeOf.outcomeOf(OutcomeOf.scala:85)
	at app//org.scalatest.OutcomeOf.outcomeOf$(OutcomeOf.scala:83)
	at app//org.scalatest.OutcomeOf$.outcomeOf(OutcomeOf.scala:104)
	at app//org.scalatest.Transformer.apply(Transformer.scala:22)
	at app//org.scalatest.Transformer.apply(Transformer.scala:20)
	at app//org.scalatest.FunSuiteLike$$anon$1.apply(FunSuiteLike.scala:186)
	at app//org.scalatest.TestSuite.withFixture(TestSuite.scala:196)
	at app//org.scalatest.TestSuite.withFixture$(TestSuite.scala:195)
	at app//infrastructure.TestBase.org$scalatest$concurrent$TimeLimitedTests$$super$withFixture(TestBase.scala:9)
	at app//org.scalatest.concurrent.TimeLimitedTests.$anonfun$withFixture$3(TimeLimitedTests.scala:154)
	at app//org.scalatest.enablers.Timed$$anon$1.timeoutAfter(Timed.scala:127)
	at app//org.scalatest.concurrent.TimeLimits.failAfterImpl(TimeLimits.scala:239)
	at app//org.scalatest.concurrent.TimeLimits.failAfterImpl$(TimeLimits.scala:233)
	at app//org.scalatest.concurrent.TimeLimits$.failAfterImpl(TimeLimits.scala:305)
	at app//org.scalatest.concurrent.TimeLimitedTests.withFixture(TimeLimitedTests.scala:153)
	at app//org.scalatest.concurrent.TimeLimitedTests.withFixture$(TimeLimitedTests.scala:150)
	at app//infrastructure.TestBase.withFixture(TestBase.scala:9)
	at app//org.scalatest.FunSuiteLike.invokeWithFixture$1(FunSuiteLike.scala:184)
	at app//org.scalatest.FunSuiteLike.$anonfun$runTest$1(FunSuiteLike.scala:196)
	at app//org.scalatest.SuperEngine.runTestImpl(Engine.scala:286)
	at app//org.scalatest.FunSuiteLike.runTest(FunSuiteLike.scala:196)
	at app//org.scalatest.FunSuiteLike.runTest$(FunSuiteLike.scala:178)
	at app//org.scalatest.FunSuite.runTest(FunSuite.scala:1560)
	at app//org.scalatest.FunSuiteLike.$anonfun$runTests$1(FunSuiteLike.scala:229)
	at app//org.scalatest.SuperEngine.$anonfun$runTestsInBranch$1(Engine.scala:393)
	at app//scala.collection.immutable.List.foreach(List.scala:333)
	at app//org.scalatest.SuperEngine.traverseSubNodes$1(Engine.scala:381)
	at app//org.scalatest.SuperEngine.runTestsInBranch(Engine.scala:376)
	at app//org.scalatest.SuperEngine.runTestsImpl(Engine.scala:458)
	at app//org.scalatest.FunSuiteLike.runTests(FunSuiteLike.scala:229)
	at app//org.scalatest.FunSuiteLike.runTests$(FunSuiteLike.scala:228)
	at app//org.scalatest.FunSuite.runTests(FunSuite.scala:1560)
	at app//org.scalatest.Suite.run(Suite.scala:1124)
	at app//org.scalatest.Suite.run$(Suite.scala:1106)
	at app//org.scalatest.FunSuite.org$scalatest$FunSuiteLike$$super$run(FunSuite.scala:1560)
	at app//org.scalatest.FunSuiteLike.$anonfun$run$1(FunSuiteLike.scala:233)
	at app//org.scalatest.SuperEngine.runImpl(Engine.scala:518)
	at app//org.scalatest.FunSuiteLike.run(FunSuiteLike.scala:233)
	at app//org.scalatest.FunSuiteLike.run$(FunSuiteLike.scala:232)
	at app//infrastructure.TestBase.run(TestBase.scala:26)
	at app//org.scalatest.Suite.callExecuteOnSuite$1(Suite.scala:1187)
	at app//org.scalatest.Suite.$anonfun$runNestedSuites$1(Suite.scala:1234)
	at app//scala.collection.ArrayOps$.foreach$extension(ArrayOps.scala:1323)
	at app//org.scalatest.Suite.runNestedSuites(Suite.scala:1232)
	at app//org.scalatest.Suite.runNestedSuites$(Suite.scala:1166)
	at app//org.scalatest.Suites.runNestedSuites(Suites.scala:56)
	at app//org.scalatest.Suite.run(Suite.scala:1121)
	at app//org.scalatest.Suite.run$(Suite.scala:1106)
	at app//tetris.TetrisTestSuitesBase.runDirect(TetrisTestSuitesBase.scala:20)
	at app//tetris.TetrisTestSuitesBase.runWithScoreCounter(TetrisTestSuitesBase.scala:14)
	at app//tetris.TetrisTestSuite3_2.run(TetrisTestSuite3_2.scala:25)
	at app//org.scalatestplus.junit.JUnitRunner.run(JUnitRunner.scala:99)
	at org.gradle.api.internal.tasks.testing.junit.JUnitTestClassExecutor.runTestClass(JUnitTestClassExecutor.java:110)
	at org.gradle.api.internal.tasks.testing.junit.JUnitTestClassExecutor.execute(JUnitTestClassExecutor.java:58)
	at org.gradle.api.internal.tasks.testing.junit.JUnitTestClassExecutor.execute(JUnitTestClassExecutor.java:38)
	at org.gradle.api.internal.tasks.testing.junit.AbstractJUnitTestClassProcessor.processTestClass(AbstractJUnitTestClassProcessor.java:62)
	at org.gradle.api.internal.tasks.testing.SuiteTestClassProcessor.processTestClass(SuiteTestClassProcessor.java:51)
	at java.base@18.0.2.1/jdk.internal.reflect.DirectMethodHandleAccessor.invoke(DirectMethodHandleAccessor.java:104)
	at java.base@18.0.2.1/java.lang.reflect.Method.invoke(Method.java:577)
	at org.gradle.internal.dispatch.ReflectionDispatch.dispatch(ReflectionDispatch.java:36)
	at org.gradle.internal.dispatch.ReflectionDispatch.dispatch(ReflectionDispatch.java:24)
	at org.gradle.internal.dispatch.ContextClassLoaderDispatch.dispatch(ContextClassLoaderDispatch.java:33)
	at org.gradle.internal.dispatch.ProxyDispatchAdapter$DispatchingInvocationHandler.invoke(ProxyDispatchAdapter.java:94)
	at jdk.proxy1/jdk.proxy1.$Proxy2.processTestClass(Unknown Source)
	at org.gradle.api.internal.tasks.testing.worker.TestWorker$2.run(TestWorker.java:176)
	at org.gradle.api.internal.tasks.testing.worker.TestWorker.executeAndMaintainThreadName(TestWorker.java:129)
	at org.gradle.api.internal.tasks.testing.worker.TestWorker.execute(TestWorker.java:100)
	at org.gradle.api.internal.tasks.testing.worker.TestWorker.execute(TestWorker.java:60)
	at org.gradle.process.internal.worker.child.ActionExecutionWorker.execute(ActionExecutionWorker.java:56)
	at org.gradle.process.internal.worker.child.SystemApplicationClassLoaderWorker.call(SystemApplicationClassLoaderWorker.java:133)
	at org.gradle.process.internal.worker.child.SystemApplicationClassLoaderWorker.call(SystemApplicationClassLoaderWorker.java:71)
	at app//worker.org.gradle.process.internal.worker.GradleWorkerMain.run(GradleWorkerMain.java:69)
	at app//worker.org.gradle.process.internal.worker.GradleWorkerMain.main(GradleWorkerMain.java:74)
</failure>
  </testcase>
  <testcase name="testInterleave5x9and8x11" classname="tetris.FullGameTests" time="0.033">
    <failure message="org.scalatest.exceptions.TestFailedException: didPass was false&#10; Hint: It should be possible to “run” multiple games simultaneously, i.e., it should not be a problem to have multiple instances of TetrisLogic which act independently. To test this, we perform “interleave tests”: we instantiate two TetrisLogic objects with different board sizes and alternate between performing a step on one and a step on the other. If all is correct, the two games should progress exactly as they would if they were the only snake games being run. If this is not true, then there is likely some global state through which one game influences the other.   Hence if you fail this test but you passed the other full game test, then you have some global state. Running two instances of TetrisLogic/and alternately doing steps between them results in some interference.   " type="org.scalatest.exceptions.TestFailedException">org.scalatest.exceptions.TestFailedException: didPass was false
 Hint: It should be possible to “run” multiple games simultaneously, i.e., it should not be a problem to have multiple instances of TetrisLogic which act independently. To test this, we perform “interleave tests”: we instantiate two TetrisLogic objects with different board sizes and alternate between performing a step on one and a step on the other. If all is correct, the two games should progress exactly as they would if they were the only snake games being run. If this is not true, then there is likely some global state through which one game influences the other.   Hence if you fail this test but you passed the other full game test, then you have some global state. Running two instances of TetrisLogic/and alternately doing steps between them results in some interference.   
	at app//org.scalatest.Assertions.newAssertionFailedException(Assertions.scala:530)
	at app//org.scalatest.Assertions.newAssertionFailedException$(Assertions.scala:529)
	at app//org.scalatest.FunSuite.newAssertionFailedException(FunSuite.scala:1560)
	at app//org.scalatest.Assertions$AssertionsHelper.macroAssert(Assertions.scala:503)
	at app//generic.GameTestSuite.checkInterleave(GameTestSuite.scala:303)
	at app//tetris.TetrisTestSuiteBase.checkInterleave(TetrisTestSuiteBase.scala:109)
	at app//tetris.FullGameTests.$anonfun$new$4(FullGameTests.scala:5752)
	at app//scala.runtime.java8.JFunction0$mcV$sp.apply(JFunction0$mcV$sp.scala:18)
	at app//infrastructure.TestBase.$anonfun$test$1(TestBase.scala:36)
	at app//org.scalatest.OutcomeOf.outcomeOf(OutcomeOf.scala:85)
	at app//org.scalatest.OutcomeOf.outcomeOf$(OutcomeOf.scala:83)
	at app//org.scalatest.OutcomeOf$.outcomeOf(OutcomeOf.scala:104)
	at app//org.scalatest.Transformer.apply(Transformer.scala:22)
	at app//org.scalatest.Transformer.apply(Transformer.scala:20)
	at app//org.scalatest.FunSuiteLike$$anon$1.apply(FunSuiteLike.scala:186)
	at app//org.scalatest.TestSuite.withFixture(TestSuite.scala:196)
	at app//org.scalatest.TestSuite.withFixture$(TestSuite.scala:195)
	at app//infrastructure.TestBase.org$scalatest$concurrent$TimeLimitedTests$$super$withFixture(TestBase.scala:9)
	at app//org.scalatest.concurrent.TimeLimitedTests.$anonfun$withFixture$3(TimeLimitedTests.scala:154)
	at app//org.scalatest.enablers.Timed$$anon$1.timeoutAfter(Timed.scala:127)
	at app//org.scalatest.concurrent.TimeLimits.failAfterImpl(TimeLimits.scala:239)
	at app//org.scalatest.concurrent.TimeLimits.failAfterImpl$(TimeLimits.scala:233)
	at app//org.scalatest.concurrent.TimeLimits$.failAfterImpl(TimeLimits.scala:305)
	at app//org.scalatest.concurrent.TimeLimitedTests.withFixture(TimeLimitedTests.scala:153)
	at app//org.scalatest.concurrent.TimeLimitedTests.withFixture$(TimeLimitedTests.scala:150)
	at app//infrastructure.TestBase.withFixture(TestBase.scala:9)
	at app//org.scalatest.FunSuiteLike.invokeWithFixture$1(FunSuiteLike.scala:184)
	at app//org.scalatest.FunSuiteLike.$anonfun$runTest$1(FunSuiteLike.scala:196)
	at app//org.scalatest.SuperEngine.runTestImpl(Engine.scala:286)
	at app//org.scalatest.FunSuiteLike.runTest(FunSuiteLike.scala:196)
	at app//org.scalatest.FunSuiteLike.runTest$(FunSuiteLike.scala:178)
	at app//org.scalatest.FunSuite.runTest(FunSuite.scala:1560)
	at app//org.scalatest.FunSuiteLike.$anonfun$runTests$1(FunSuiteLike.scala:229)
	at app//org.scalatest.SuperEngine.$anonfun$runTestsInBranch$1(Engine.scala:393)
	at app//scala.collection.immutable.List.foreach(List.scala:333)
	at app//org.scalatest.SuperEngine.traverseSubNodes$1(Engine.scala:381)
	at app//org.scalatest.SuperEngine.runTestsInBranch(Engine.scala:376)
	at app//org.scalatest.SuperEngine.runTestsImpl(Engine.scala:458)
	at app//org.scalatest.FunSuiteLike.runTests(FunSuiteLike.scala:229)
	at app//org.scalatest.FunSuiteLike.runTests$(FunSuiteLike.scala:228)
	at app//org.scalatest.FunSuite.runTests(FunSuite.scala:1560)
	at app//org.scalatest.Suite.run(Suite.scala:1124)
	at app//org.scalatest.Suite.run$(Suite.scala:1106)
	at app//org.scalatest.FunSuite.org$scalatest$FunSuiteLike$$super$run(FunSuite.scala:1560)
	at app//org.scalatest.FunSuiteLike.$anonfun$run$1(FunSuiteLike.scala:233)
	at app//org.scalatest.SuperEngine.runImpl(Engine.scala:518)
	at app//org.scalatest.FunSuiteLike.run(FunSuiteLike.scala:233)
	at app//org.scalatest.FunSuiteLike.run$(FunSuiteLike.scala:232)
	at app//infrastructure.TestBase.run(TestBase.scala:26)
	at app//org.scalatest.Suite.callExecuteOnSuite$1(Suite.scala:1187)
	at app//org.scalatest.Suite.$anonfun$runNestedSuites$1(Suite.scala:1234)
	at app//scala.collection.ArrayOps$.foreach$extension(ArrayOps.scala:1323)
	at app//org.scalatest.Suite.runNestedSuites(Suite.scala:1232)
	at app//org.scalatest.Suite.runNestedSuites$(Suite.scala:1166)
	at app//org.scalatest.Suites.runNestedSuites(Suites.scala:56)
	at app//org.scalatest.Suite.run(Suite.scala:1121)
	at app//org.scalatest.Suite.run$(Suite.scala:1106)
	at app//tetris.TetrisTestSuitesBase.runDirect(TetrisTestSuitesBase.scala:20)
	at app//tetris.TetrisTestSuitesBase.runWithScoreCounter(TetrisTestSuitesBase.scala:14)
	at app//tetris.TetrisTestSuite3_2.run(TetrisTestSuite3_2.scala:25)
	at app//org.scalatestplus.junit.JUnitRunner.run(JUnitRunner.scala:99)
	at org.gradle.api.internal.tasks.testing.junit.JUnitTestClassExecutor.runTestClass(JUnitTestClassExecutor.java:110)
	at org.gradle.api.internal.tasks.testing.junit.JUnitTestClassExecutor.execute(JUnitTestClassExecutor.java:58)
	at org.gradle.api.internal.tasks.testing.junit.JUnitTestClassExecutor.execute(JUnitTestClassExecutor.java:38)
	at org.gradle.api.internal.tasks.testing.junit.AbstractJUnitTestClassProcessor.processTestClass(AbstractJUnitTestClassProcessor.java:62)
	at org.gradle.api.internal.tasks.testing.SuiteTestClassProcessor.processTestClass(SuiteTestClassProcessor.java:51)
	at java.base@18.0.2.1/jdk.internal.reflect.DirectMethodHandleAccessor.invoke(DirectMethodHandleAccessor.java:104)
	at java.base@18.0.2.1/java.lang.reflect.Method.invoke(Method.java:577)
	at org.gradle.internal.dispatch.ReflectionDispatch.dispatch(ReflectionDispatch.java:36)
	at org.gradle.internal.dispatch.ReflectionDispatch.dispatch(ReflectionDispatch.java:24)
	at org.gradle.internal.dispatch.ContextClassLoaderDispatch.dispatch(ContextClassLoaderDispatch.java:33)
	at org.gradle.internal.dispatch.ProxyDispatchAdapter$DispatchingInvocationHandler.invoke(ProxyDispatchAdapter.java:94)
	at jdk.proxy1/jdk.proxy1.$Proxy2.processTestClass(Unknown Source)
	at org.gradle.api.internal.tasks.testing.worker.TestWorker$2.run(TestWorker.java:176)
	at org.gradle.api.internal.tasks.testing.worker.TestWorker.executeAndMaintainThreadName(TestWorker.java:129)
	at org.gradle.api.internal.tasks.testing.worker.TestWorker.execute(TestWorker.java:100)
	at org.gradle.api.internal.tasks.testing.worker.TestWorker.execute(TestWorker.java:60)
	at org.gradle.process.internal.worker.child.ActionExecutionWorker.execute(ActionExecutionWorker.java:56)
	at org.gradle.process.internal.worker.child.SystemApplicationClassLoaderWorker.call(SystemApplicationClassLoaderWorker.java:133)
	at org.gradle.process.internal.worker.child.SystemApplicationClassLoaderWorker.call(SystemApplicationClassLoaderWorker.java:71)
	at app//worker.org.gradle.process.internal.worker.GradleWorkerMain.run(GradleWorkerMain.java:69)
	at app//worker.org.gradle.process.internal.worker.GradleWorkerMain.main(GradleWorkerMain.java:74)
</failure>
  </testcase>
  <testcase name="testInterleave8x11and6x10" classname="tetris.FullGameTests" time="0.012">
    <failure message="org.scalatest.exceptions.TestFailedException: didPass was false&#10; Hint: It should be possible to “run” multiple games simultaneously, i.e., it should not be a problem to have multiple instances of TetrisLogic which act independently. To test this, we perform “interleave tests”: we instantiate two TetrisLogic objects with different board sizes and alternate between performing a step on one and a step on the other. If all is correct, the two games should progress exactly as they would if they were the only snake games being run. If this is not true, then there is likely some global state through which one game influences the other.   Hence if you fail this test but you passed the other full game test, then you have some global state. Running two instances of TetrisLogic/and alternately doing steps between them results in some interference.   " type="org.scalatest.exceptions.TestFailedException">org.scalatest.exceptions.TestFailedException: didPass was false
 Hint: It should be possible to “run” multiple games simultaneously, i.e., it should not be a problem to have multiple instances of TetrisLogic which act independently. To test this, we perform “interleave tests”: we instantiate two TetrisLogic objects with different board sizes and alternate between performing a step on one and a step on the other. If all is correct, the two games should progress exactly as they would if they were the only snake games being run. If this is not true, then there is likely some global state through which one game influences the other.   Hence if you fail this test but you passed the other full game test, then you have some global state. Running two instances of TetrisLogic/and alternately doing steps between them results in some interference.   
	at app//org.scalatest.Assertions.newAssertionFailedException(Assertions.scala:530)
	at app//org.scalatest.Assertions.newAssertionFailedException$(Assertions.scala:529)
	at app//org.scalatest.FunSuite.newAssertionFailedException(FunSuite.scala:1560)
	at app//org.scalatest.Assertions$AssertionsHelper.macroAssert(Assertions.scala:503)
	at app//generic.GameTestSuite.checkInterleave(GameTestSuite.scala:303)
	at app//tetris.TetrisTestSuiteBase.checkInterleave(TetrisTestSuiteBase.scala:109)
	at app//tetris.FullGameTests.$anonfun$new$5(FullGameTests.scala:5757)
	at app//scala.runtime.java8.JFunction0$mcV$sp.apply(JFunction0$mcV$sp.scala:18)
	at app//infrastructure.TestBase.$anonfun$test$1(TestBase.scala:36)
	at app//org.scalatest.OutcomeOf.outcomeOf(OutcomeOf.scala:85)
	at app//org.scalatest.OutcomeOf.outcomeOf$(OutcomeOf.scala:83)
	at app//org.scalatest.OutcomeOf$.outcomeOf(OutcomeOf.scala:104)
	at app//org.scalatest.Transformer.apply(Transformer.scala:22)
	at app//org.scalatest.Transformer.apply(Transformer.scala:20)
	at app//org.scalatest.FunSuiteLike$$anon$1.apply(FunSuiteLike.scala:186)
	at app//org.scalatest.TestSuite.withFixture(TestSuite.scala:196)
	at app//org.scalatest.TestSuite.withFixture$(TestSuite.scala:195)
	at app//infrastructure.TestBase.org$scalatest$concurrent$TimeLimitedTests$$super$withFixture(TestBase.scala:9)
	at app//org.scalatest.concurrent.TimeLimitedTests.$anonfun$withFixture$3(TimeLimitedTests.scala:154)
	at app//org.scalatest.enablers.Timed$$anon$1.timeoutAfter(Timed.scala:127)
	at app//org.scalatest.concurrent.TimeLimits.failAfterImpl(TimeLimits.scala:239)
	at app//org.scalatest.concurrent.TimeLimits.failAfterImpl$(TimeLimits.scala:233)
	at app//org.scalatest.concurrent.TimeLimits$.failAfterImpl(TimeLimits.scala:305)
	at app//org.scalatest.concurrent.TimeLimitedTests.withFixture(TimeLimitedTests.scala:153)
	at app//org.scalatest.concurrent.TimeLimitedTests.withFixture$(TimeLimitedTests.scala:150)
	at app//infrastructure.TestBase.withFixture(TestBase.scala:9)
	at app//org.scalatest.FunSuiteLike.invokeWithFixture$1(FunSuiteLike.scala:184)
	at app//org.scalatest.FunSuiteLike.$anonfun$runTest$1(FunSuiteLike.scala:196)
	at app//org.scalatest.SuperEngine.runTestImpl(Engine.scala:286)
	at app//org.scalatest.FunSuiteLike.runTest(FunSuiteLike.scala:196)
	at app//org.scalatest.FunSuiteLike.runTest$(FunSuiteLike.scala:178)
	at app//org.scalatest.FunSuite.runTest(FunSuite.scala:1560)
	at app//org.scalatest.FunSuiteLike.$anonfun$runTests$1(FunSuiteLike.scala:229)
	at app//org.scalatest.SuperEngine.$anonfun$runTestsInBranch$1(Engine.scala:393)
	at app//scala.collection.immutable.List.foreach(List.scala:333)
	at app//org.scalatest.SuperEngine.traverseSubNodes$1(Engine.scala:381)
	at app//org.scalatest.SuperEngine.runTestsInBranch(Engine.scala:376)
	at app//org.scalatest.SuperEngine.runTestsImpl(Engine.scala:458)
	at app//org.scalatest.FunSuiteLike.runTests(FunSuiteLike.scala:229)
	at app//org.scalatest.FunSuiteLike.runTests$(FunSuiteLike.scala:228)
	at app//org.scalatest.FunSuite.runTests(FunSuite.scala:1560)
	at app//org.scalatest.Suite.run(Suite.scala:1124)
	at app//org.scalatest.Suite.run$(Suite.scala:1106)
	at app//org.scalatest.FunSuite.org$scalatest$FunSuiteLike$$super$run(FunSuite.scala:1560)
	at app//org.scalatest.FunSuiteLike.$anonfun$run$1(FunSuiteLike.scala:233)
	at app//org.scalatest.SuperEngine.runImpl(Engine.scala:518)
	at app//org.scalatest.FunSuiteLike.run(FunSuiteLike.scala:233)
	at app//org.scalatest.FunSuiteLike.run$(FunSuiteLike.scala:232)
	at app//infrastructure.TestBase.run(TestBase.scala:26)
	at app//org.scalatest.Suite.callExecuteOnSuite$1(Suite.scala:1187)
	at app//org.scalatest.Suite.$anonfun$runNestedSuites$1(Suite.scala:1234)
	at app//scala.collection.ArrayOps$.foreach$extension(ArrayOps.scala:1323)
	at app//org.scalatest.Suite.runNestedSuites(Suite.scala:1232)
	at app//org.scalatest.Suite.runNestedSuites$(Suite.scala:1166)
	at app//org.scalatest.Suites.runNestedSuites(Suites.scala:56)
	at app//org.scalatest.Suite.run(Suite.scala:1121)
	at app//org.scalatest.Suite.run$(Suite.scala:1106)
	at app//tetris.TetrisTestSuitesBase.runDirect(TetrisTestSuitesBase.scala:20)
	at app//tetris.TetrisTestSuitesBase.runWithScoreCounter(TetrisTestSuitesBase.scala:14)
	at app//tetris.TetrisTestSuite3_2.run(TetrisTestSuite3_2.scala:25)
	at app//org.scalatestplus.junit.JUnitRunner.run(JUnitRunner.scala:99)
	at org.gradle.api.internal.tasks.testing.junit.JUnitTestClassExecutor.runTestClass(JUnitTestClassExecutor.java:110)
	at org.gradle.api.internal.tasks.testing.junit.JUnitTestClassExecutor.execute(JUnitTestClassExecutor.java:58)
	at org.gradle.api.internal.tasks.testing.junit.JUnitTestClassExecutor.execute(JUnitTestClassExecutor.java:38)
	at org.gradle.api.internal.tasks.testing.junit.AbstractJUnitTestClassProcessor.processTestClass(AbstractJUnitTestClassProcessor.java:62)
	at org.gradle.api.internal.tasks.testing.SuiteTestClassProcessor.processTestClass(SuiteTestClassProcessor.java:51)
	at java.base@18.0.2.1/jdk.internal.reflect.DirectMethodHandleAccessor.invoke(DirectMethodHandleAccessor.java:104)
	at java.base@18.0.2.1/java.lang.reflect.Method.invoke(Method.java:577)
	at org.gradle.internal.dispatch.ReflectionDispatch.dispatch(ReflectionDispatch.java:36)
	at org.gradle.internal.dispatch.ReflectionDispatch.dispatch(ReflectionDispatch.java:24)
	at org.gradle.internal.dispatch.ContextClassLoaderDispatch.dispatch(ContextClassLoaderDispatch.java:33)
	at org.gradle.internal.dispatch.ProxyDispatchAdapter$DispatchingInvocationHandler.invoke(ProxyDispatchAdapter.java:94)
	at jdk.proxy1/jdk.proxy1.$Proxy2.processTestClass(Unknown Source)
	at org.gradle.api.internal.tasks.testing.worker.TestWorker$2.run(TestWorker.java:176)
	at org.gradle.api.internal.tasks.testing.worker.TestWorker.executeAndMaintainThreadName(TestWorker.java:129)
	at org.gradle.api.internal.tasks.testing.worker.TestWorker.execute(TestWorker.java:100)
	at org.gradle.api.internal.tasks.testing.worker.TestWorker.execute(TestWorker.java:60)
	at org.gradle.process.internal.worker.child.ActionExecutionWorker.execute(ActionExecutionWorker.java:56)
	at org.gradle.process.internal.worker.child.SystemApplicationClassLoaderWorker.call(SystemApplicationClassLoaderWorker.java:133)
	at org.gradle.process.internal.worker.child.SystemApplicationClassLoaderWorker.call(SystemApplicationClassLoaderWorker.java:71)
	at app//worker.org.gradle.process.internal.worker.GradleWorkerMain.run(GradleWorkerMain.java:69)
	at app//worker.org.gradle.process.internal.worker.GradleWorkerMain.main(GradleWorkerMain.java:74)
</failure>
  </testcase>
  <system-out><![CDATA[]]></system-out>
  <system-err><![CDATA[]]></system-err>
</testsuite>
