<?xml version="1.0" encoding="UTF-8"?>
<testsuite name="tetris.MovementTests" tests="2" skipped="0" failures="0" errors="0" timestamp="2023-10-03T13:13:42" hostname="Jays-MacBook-Pro-2.local" time="0.033">
  <properties/>
  <testcase name="testMovement" classname="tetris.MovementTests" time="0.023"/>
  <testcase name="testMovement2" classname="tetris.MovementTests" time="0.009"/>
  <system-out><![CDATA[]]></system-out>
  <system-err><![CDATA[]]></system-err>
</testsuite>
