<?xml version="1.0" encoding="UTF-8"?>
<testsuite name="tetris.FullGameTests" tests="5" skipped="0" failures="5" errors="0" timestamp="2023-10-03T12:27:38" hostname="Jays-MacBook-Pro-2.local" time="0.289">
  <properties/>
  <testcase name="testGame5x9" classname="tetris.FullGameTests" time="0.027">
    <failure message="org.scalatest.exceptions.TestFailedException: didPass was false&#10;--------------------------------------------------------------------------------&#10;This is what went wrong:&#10;&#10;step=0, rand=0, actions=&lt;&gt;&#10;Want  | Got ✓&#10;-------------&#10;..... | .....&#10;.IIII | .IIII&#10;..... | .....&#10;..... | .....&#10;..... | .....&#10;..... | .....&#10;..... | .....&#10;..... | .....&#10;..... | .....&#10;&#10;step=1, rand=0, actions=&lt;RotateRight&gt;&#10;Want  | Got ✓&#10;-------------&#10;...I. | ...I.&#10;...I. | ...I.&#10;...I. | ...I.&#10;...I. | ...I.&#10;..... | .....&#10;..... | .....&#10;..... | .....&#10;..... | .....&#10;..... | .....&#10;&#10;step=2, rand=0, actions=&lt;Down&gt;&#10;Want  | Got ✓&#10;-------------&#10;..... | .....&#10;...I. | ...I.&#10;...I. | ...I.&#10;...I. | ...I.&#10;...I. | ...I.&#10;..... | .....&#10;..... | .....&#10;..... | .....&#10;..... | .....&#10;&#10;step=3, rand=0, actions=&lt;Down&gt;&#10;Want  | Got ✓&#10;-------------&#10;..... | .....&#10;..... | .....&#10;...I. | ...I.&#10;...I. | ...I.&#10;...I. | ...I.&#10;...I. | ...I.&#10;..... | .....&#10;..... | .....&#10;..... | .....&#10;&#10;step=4, rand=0, actions=&lt;Down&gt;&#10;Want  | Got ✓&#10;-------------&#10;..... | .....&#10;..... | .....&#10;..... | .....&#10;...I. | ...I.&#10;...I. | ...I.&#10;...I. | ...I.&#10;...I. | ...I.&#10;..... | .....&#10;..... | .....&#10;&#10;step=5, rand=0, actions=&lt;Down&gt;&#10;Want  | Got ✓&#10;-------------&#10;..... | .....&#10;..... | .....&#10;..... | .....&#10;..... | .....&#10;...I. | ...I.&#10;...I. | ...I.&#10;...I. | ...I.&#10;...I. | ...I.&#10;..... | .....&#10;&#10;step=6, rand=0, actions=&lt;Down&gt;&#10;Want  | Got ✓&#10;-------------&#10;..... | .....&#10;..... | .....&#10;..... | .....&#10;..... | .....&#10;..... | .....&#10;...I. | ...I.&#10;...I. | ...I.&#10;...I. | ...I.&#10;...I. | ...I.&#10;&#10;step=7, rand=0, actions=&lt;Down&gt;&#10;Want  | Got ✗&#10;-------------&#10;..... | .....&#10;.IIII | ..III&#10;..... | .....&#10;..... | .....&#10;..... | .....&#10;...I. | ...I.&#10;...I. | ...I.&#10;...I. | ...I.&#10;...I. | ...I.&#10;&#10;step=8, rand=0, actions=&lt;RotateRight&gt;&#10;Want  | Got ✗&#10;-------------&#10;...I. | ....I&#10;...I. | ....I&#10;...I. | ....I&#10;...I. | ....I&#10;..... | .....&#10;...I. | ...I.&#10;...I. | ...I.&#10;...I. | ...I.&#10;...I. | ...I.&#10;&#10;step=9, rand=0, actions=&lt;Left&gt;&#10;Want  | Got ✗&#10;-------------&#10;..I.. | ...I.&#10;..I.. | ...I.&#10;..I.. | ...I.&#10;..I.. | ...I.&#10;..... | .....&#10;...I. | ...I.&#10;...I. | ...I.&#10;...I. | ...I.&#10;...I. | ...I.&#10;&#10;step=10, rand=0, actions=&lt;Down&gt;&#10;Want  | Got ✗&#10;-------------&#10;..... | .....&#10;..I.. | ...I.&#10;..I.. | ...I.&#10;..I.. | ...I.&#10;..I.. | ...I.&#10;...I. | ...I.&#10;...I. | ...I.&#10;...I. | ...I.&#10;...I. | ...I.&#10;&#10;step=11, rand=0, actions=&lt;Down&gt;&#10;Want  | Got ✗&#10;-------------&#10;..... | .....&#10;..... | ..III&#10;..I.. | ...I.&#10;..I.. | ...I.&#10;..I.. | ...I.&#10;..II. | ...I.&#10;...I. | ...I.&#10;...I. | ...I.&#10;...I. | ...I.&#10;&#10;step=12, rand=0, actions=&lt;Down&gt;&#10;Want  | Got ✗&#10;-------------&#10;..... | .....&#10;..... | ..III&#10;..... | ...I.&#10;..I.. | ...I.&#10;..I.. | ...I.&#10;..II. | ...I.&#10;..II. | ...I.&#10;...I. | ...I.&#10;...I. | ...I.&#10;&#10;step=13, rand=0, actions=&lt;Down&gt;&#10;Want  | Got ✗&#10;-------------&#10;..... | .....&#10;..... | ..III&#10;..... | ...I.&#10;..... | ...I.&#10;..I.. | ...I.&#10;..II. | ...I.&#10;..II. | ...I.&#10;..II. | ...I.&#10;...I. | ...I.&#10;&#10;step=14, rand=0, actions=&lt;Down&gt;&#10;Want  | Got ✗&#10;-------------&#10;..... | .....&#10;..... | ..III&#10;..... | ...I.&#10;..... | ...I.&#10;..... | ...I.&#10;..II. | ...I.&#10;..II. | ...I.&#10;..II. | ...I.&#10;..II. | ...I.&#10;&#10;step=15, rand=3, actions=&lt;Down&gt;&#10;Want  | Got ✗&#10;-------------&#10;..OO. | ...OO&#10;..OO. | ..IOO&#10;..... | ...I.&#10;..... | ...I.&#10;..... | ...I.&#10;..II. | ...I.&#10;..II. | ...I.&#10;..II. | ...I.&#10;..II. | ...I.&#10;&#10;step=16, rand=3, actions=&lt;Left&gt;&#10;Want  | Got ✗&#10;-------------&#10;.OO.. | ...OO&#10;.OO.. | ..IOO&#10;..... | ...I.&#10;..... | ...I.&#10;..... | ...I.&#10;..II. | ...I.&#10;..II. | ...I.&#10;..II. | ...I.&#10;..II. | ...I.&#10;&#10;step=17, rand=3, actions=&lt;Left&gt;&#10;Want  | Got ✗&#10;-------------&#10;OO... | ...OO&#10;OO... | ..IOO&#10;..... | ...I.&#10;..... | ...I.&#10;..... | ...I.&#10;..II. | ...I.&#10;..II. | ...I.&#10;..II. | ...I.&#10;..II. | ...I.&#10;&#10;step=18, rand=3, actions=&lt;Down&gt;&#10;Want  | Got ✗&#10;-------------&#10;..... | ...OO&#10;OO... | ..IOO&#10;OO... | ...I.&#10;..... | ...I.&#10;..... | ...I.&#10;..II. | ...I.&#10;..II. | ...I.&#10;..II. | ...I.&#10;..II. | ...I.&#10;&#10;step=19, rand=3, actions=&lt;Down&gt;&#10;Want  | Got ✗&#10;-------------&#10;..... | ...OO&#10;..... | ..IOO&#10;OO... | ...I.&#10;OO... | ...I.&#10;..... | ...I.&#10;..II. | ...I.&#10;..II. | ...I.&#10;..II. | ...I.&#10;..II. | ...I.&#10;&#10;step=20, rand=3, actions=&lt;Down&gt;&#10;Want  | Got ✗&#10;-------------&#10;..... | ...OO&#10;..... | ..IOO&#10;..... | ...I.&#10;OO... | ...I.&#10;OO... | ...I.&#10;..II. | ...I.&#10;..II. | ...I.&#10;..II. | ...I.&#10;..II. | ...I.&#10;&#10;step=21, rand=3, actions=&lt;Down&gt;&#10;Want  | Got ✗&#10;-------------&#10;..... | ...OO&#10;..... | ..IOO&#10;..... | ...I.&#10;..... | ...I.&#10;OO... | ...I.&#10;OOII. | ...I.&#10;..II. | ...I.&#10;..II. | ...I.&#10;..II. | ...I.&#10;&#10;step=22, rand=3, actions=&lt;Down&gt;&#10;Want  | Got ✗&#10;-------------&#10;..... | ...OO&#10;..... | ..IOO&#10;..... | ...I.&#10;..... | ...I.&#10;..... | ...I.&#10;OOII. | ...I.&#10;OOII. | ...I.&#10;..II. | ...I.&#10;..II. | ...I.&#10;&#10;step=23, rand=3, actions=&lt;Down&gt;&#10;Want  | Got ✗&#10;-------------&#10;..... | ...OO&#10;..... | ..IOO&#10;..... | ...I.&#10;..... | ...I.&#10;..... | ...I.&#10;..II. | ...I.&#10;OOII. | ...I.&#10;OOII. | ...I.&#10;..II. | ...I.&#10;&#10;step=24, rand=3, actions=&lt;Down&gt;&#10;Want  | Got ✗&#10;-------------&#10;..... | ...OO&#10;..... | ..IOO&#10;..... | ...I.&#10;..... | ...I.&#10;..... | ...I.&#10;..II. | ...I.&#10;..II. | ...I.&#10;OOII. | ...I.&#10;OOII. | ...I.&#10;&#10;step=25, rand=0, actions=&lt;Down&gt;&#10;Want  | Got ✗&#10;-------------&#10;..... | ...OO&#10;.IIII | ..III&#10;..... | ...I.&#10;..... | ...I.&#10;..... | ...I.&#10;..II. | ...I.&#10;..II. | ...I.&#10;OOII. | ...I.&#10;OOII. | ...I.&#10;&#10;step=26, rand=0, actions=&lt;RotateRight&gt;&#10;Want  | Got ✗&#10;-------------&#10;...I. | ...OO&#10;...I. | ..III&#10;...I. | ...I.&#10;...I. | ...I.&#10;..... | ...I.&#10;..II. | ...I.&#10;..II. | ...I.&#10;OOII. | ...I.&#10;OOII. | ...I.&#10;&#10;step=27, rand=0, actions=&lt;Left&gt;&#10;Want  | Got ✗&#10;-------------&#10;..I.. | ...OO&#10;..I.. | ..III&#10;..I.. | ...I.&#10;..I.. | ...I.&#10;..... | ...I.&#10;..II. | ...I.&#10;..II. | ...I.&#10;OOII. | ...I.&#10;OOII. | ...I.&#10;&#10;step=28, rand=0, actions=&lt;Left&gt;&#10;Want  | Got ✗&#10;-------------&#10;.I... | ...OO&#10;.I... | ..III&#10;.I... | ...I.&#10;.I... | ...I.&#10;..... | ...I.&#10;..II. | ...I.&#10;..II. | ...I.&#10;OOII. | ...I.&#10;OOII. | ...I.&#10;&#10;step=29, rand=0, actions=&lt;Left&gt;&#10;Want  | Got ✗&#10;-------------&#10;I.... | ...OO&#10;I.... | ..III&#10;I.... | ...I.&#10;I.... | ...I.&#10;..... | ...I.&#10;..II. | ...I.&#10;..II. | ...I.&#10;OOII. | ...I.&#10;OOII. | ...I.&#10;&#10;step=30, rand=0, actions=&lt;Down&gt;&#10;Want  | Got ✗&#10;-------------&#10;..... | ...OO&#10;I.... | ..III&#10;I.... | ...I.&#10;I.... | ...I.&#10;I.... | ...I.&#10;..II. | ...I.&#10;..II. | ...I.&#10;OOII. | ...I.&#10;OOII. | ...I.&#10;&#10;step=31, rand=0, actions=&lt;Down&gt;&#10;Want  | Got ✗&#10;-------------&#10;..... | ...OO&#10;..... | ..III&#10;I.... | ...I.&#10;I.... | ...I.&#10;I.... | ...I.&#10;I.II. | ...I.&#10;..II. | ...I.&#10;OOII. | ...I.&#10;OOII. | ...I.&#10;&#10;step=32, rand=0, actions=&lt;Down&gt;&#10;Want  | Got ✗&#10;-------------&#10;..... | ...OO&#10;..... | ..III&#10;..... | ...I.&#10;I.... | ...I.&#10;I.... | ...I.&#10;I.II. | ...I.&#10;I.II. | ...I.&#10;OOII. | ...I.&#10;OOII. | ...I.&#10;&#10;step=33, rand=1, actions=&lt;Down&gt;&#10;Want  | Got ✗&#10;-------------&#10;.J... | ..JOO&#10;.JJJ. | ..JJJ&#10;..... | ...I.&#10;I.... | ...I.&#10;I.... | ...I.&#10;I.II. | ...I.&#10;I.II. | ...I.&#10;OOII. | ...I.&#10;OOII. | ...I.&#10;&#10;step=34, rand=1, actions=&lt;RotateRight&gt;&#10;Want  | Got ✗&#10;-------------&#10;..JJ. | ..JOO&#10;..J.. | ..JJJ&#10;..J.. | ...I.&#10;I.... | ...I.&#10;I.... | ...I.&#10;I.II. | ...I.&#10;I.II. | ...I.&#10;OOII. | ...I.&#10;OOII. | ...I.&#10;&#10;step=35, rand=1, actions=&lt;Left&gt;&#10;Want  | Got ✗&#10;-------------&#10;.JJ.. | ..JOO&#10;.J... | ..JJJ&#10;.J... | ...I.&#10;I.... | ...I.&#10;I.... | ...I.&#10;I.II. | ...I.&#10;I.II. | ...I.&#10;OOII. | ...I.&#10;OOII. | ...I.&#10;&#10;step=36, rand=1, actions=&lt;Down&gt;&#10;Want  | Got ✗&#10;-------------&#10;..... | ..JOO&#10;.JJ.. | ..JJJ&#10;.J... | ...I.&#10;IJ... | ...I.&#10;I.... | ...I.&#10;I.II. | ...I.&#10;I.II. | ...I.&#10;OOII. | ...I.&#10;OOII. | ...I.&#10;&#10;step=37, rand=1, actions=&lt;Down&gt;&#10;Want  | Got ✗&#10;-------------&#10;..... | ..JOO&#10;..... | ..JJJ&#10;.JJ.. | ...I.&#10;IJ... | ...I.&#10;IJ... | ...I.&#10;I.II. | ...I.&#10;I.II. | ...I.&#10;OOII. | ...I.&#10;OOII. | ...I.&#10;&#10;step=38, rand=1, actions=&lt;Down&gt;&#10;Want  | Got ✗&#10;-------------&#10;..... | ..JOO&#10;..... | ..JJJ&#10;..... | ...I.&#10;IJJ.. | ...I.&#10;IJ... | ...I.&#10;IJII. | ...I.&#10;I.II. | ...I.&#10;OOII. | ...I.&#10;OOII. | ...I.&#10;&#10;step=39, rand=1, actions=&lt;Down&gt;&#10;Want  | Got ✗&#10;-------------&#10;..... | ..JOO&#10;..... | ..JJJ&#10;..... | ...I.&#10;I.... | ...I.&#10;IJJ.. | ...I.&#10;IJII. | ...I.&#10;IJII. | ...I.&#10;OOII. | ...I.&#10;OOII. | ...I.&#10;&#10;step=40, rand=4, actions=&lt;Down&gt;&#10;Want  | Got ✗&#10;-------------&#10;..SS. | ..JSS&#10;.SS.. | ..SSJ&#10;..... | ...I.&#10;I.... | ...I.&#10;IJJ.. | ...I.&#10;IJII. | ...I.&#10;IJII. | ...I.&#10;OOII. | ...I.&#10;OOII. | ...I.&#10;&#10;step=41, rand=4, actions=&lt;RotateRight&gt;&#10;Want  | Got ✗&#10;-------------&#10;..S.. | ..JSS&#10;..SS. | ..SSJ&#10;...S. | ...I.&#10;I.... | ...I.&#10;IJJ.. | ...I.&#10;IJII. | ...I.&#10;IJII. | ...I.&#10;OOII. | ...I.&#10;OOII. | ...I.&#10;&#10;step=42, rand=4, actions=&lt;Right&gt;&#10;Want  | Got ✗&#10;-------------&#10;...S. | ..JSS&#10;...SS | ..SSJ&#10;....S | ...I.&#10;I.... | ...I.&#10;IJJ.. | ...I.&#10;IJII. | ...I.&#10;IJII. | ...I.&#10;OOII. | ...I.&#10;OOII. | ...I.&#10;&#10;step=43, rand=4, actions=&lt;Down&gt;&#10;Want  | Got ✗&#10;-------------&#10;..... | ..JSS&#10;...S. | ..SSJ&#10;...SS | ...I.&#10;I...S | ...I.&#10;IJJ.. | ...I.&#10;IJII. | ...I.&#10;IJII. | ...I.&#10;OOII. | ...I.&#10;OOII. | ...I.&#10;&#10;step=44, rand=4, actions=&lt;Down&gt;&#10;Want  | Got ✗&#10;-------------&#10;..... | ..JSS&#10;..... | ..SSJ&#10;...S. | ...I.&#10;I..SS | ...I.&#10;IJJ.S | ...I.&#10;IJII. | ...I.&#10;IJII. | ...I.&#10;OOII. | ...I.&#10;OOII. | ...I.&#10;&#10;step=45, rand=4, actions=&lt;Down&gt;&#10;Want  | Got ✗&#10;-------------&#10;..... | ..JSS&#10;..... | ..SSJ&#10;..... | ...I.&#10;I..S. | ...I.&#10;IJJSS | ...I.&#10;IJIIS | ...I.&#10;IJII. | ...I.&#10;OOII. | ...I.&#10;OOII. | ...I.&#10;&#10;step=46, rand=2, actions=&lt;Down&gt;&#10;Want  | Got ✗&#10;-------------&#10;...L. | ..JSL&#10;.LLL. | ..LLL&#10;..... | ...I.&#10;..... | ...I.&#10;..... | ...I.&#10;I..S. | ...I.&#10;IJII. | ...I.&#10;OOII. | ...I.&#10;OOII. | ...I.&#10;&#10;step=47, rand=2, actions=&lt;RotateRight&gt;&#10;Want  | Got ✗&#10;-------------&#10;..L.. | ..JSL&#10;..L.. | ..LLL&#10;..LL. | ...I.&#10;..... | ...I.&#10;..... | ...I.&#10;I..S. | ...I.&#10;IJII. | ...I.&#10;OOII. | ...I.&#10;OOII. | ...I.&#10;&#10;step=48, rand=2, actions=&lt;Left&gt;&#10;Want  | Got ✗&#10;-------------&#10;.L... | ..JSL&#10;.L... | ..LLL&#10;.LL.. | ...I.&#10;..... | ...I.&#10;..... | ...I.&#10;I..S. | ...I.&#10;IJII. | ...I.&#10;OOII. | ...I.&#10;OOII. | ...I.&#10;&#10;step=49, rand=2, actions=&lt;Down&gt;&#10;Want  | Got ✗&#10;-------------&#10;..... | ..JSL&#10;.L... | ..LLL&#10;.L... | ...I.&#10;.LL.. | ...I.&#10;..... | ...I.&#10;I..S. | ...I.&#10;IJII. | ...I.&#10;OOII. | ...I.&#10;OOII. | ...I.&#10;&#10;step=50, rand=2, actions=&lt;Down&gt;&#10;Want  | Got ✗&#10;-------------&#10;..... | ..JSL&#10;..... | ..LLL&#10;.L... | ...I.&#10;.L... | ...I.&#10;.LL.. | ...I.&#10;I..S. | ...I.&#10;IJII. | ...I.&#10;OOII. | ...I.&#10;OOII. | ...I.&#10;&#10;step=51, rand=2, actions=&lt;Down&gt;&#10;Want  | Got ✗&#10;-------------&#10;..... | ..JSL&#10;..... | ..LLL&#10;..... | ...I.&#10;.L... | ...I.&#10;.L... | ...I.&#10;ILLS. | ...I.&#10;IJII. | ...I.&#10;OOII. | ...I.&#10;OOII. | ...I.&#10;&#10;step=52, rand=1, actions=&lt;Down&gt;&#10;Want  | Got ✗&#10;-------------&#10;.J... | ..JSL&#10;.JJJ. | ..JJJ&#10;..... | ...I.&#10;.L... | ...I.&#10;.L... | ...I.&#10;ILLS. | ...I.&#10;IJII. | ...I.&#10;OOII. | ...I.&#10;OOII. | ...I.&#10;&#10;step=53, rand=1, actions=&lt;RotateRight&gt;&#10;Want  | Got ✗&#10;-------------&#10;..JJ. | ..JSL&#10;..J.. | ..JJJ&#10;..J.. | ...I.&#10;.L... | ...I.&#10;.L... | ...I.&#10;ILLS. | ...I.&#10;IJII. | ...I.&#10;OOII. | ...I.&#10;OOII. | ...I.&#10;&#10;step=54, rand=1, actions=&lt;Left&gt;&#10;Want  | Got ✗&#10;-------------&#10;.JJ.. | ..JSL&#10;.J... | ..JJJ&#10;.J... | ...I.&#10;.L... | ...I.&#10;.L... | ...I.&#10;ILLS. | ...I.&#10;IJII. | ...I.&#10;OOII. | ...I.&#10;OOII. | ...I.&#10;&#10;step=55, rand=1, actions=&lt;Left&gt;&#10;Want  | Got ✗&#10;-------------&#10;JJ... | ..JSL&#10;J.... | ..JJJ&#10;J.... | ...I.&#10;.L... | ...I.&#10;.L... | ...I.&#10;ILLS. | ...I.&#10;IJII. | ...I.&#10;OOII. | ...I.&#10;OOII. | ...I.&#10;&#10;step=56, rand=1, actions=&lt;Down&gt;&#10;Want  | Got ✗&#10;-------------&#10;..... | ..JSL&#10;JJ... | ..JJJ&#10;J.... | ...I.&#10;JL... | ...I.&#10;.L... | ...I.&#10;ILLS. | ...I.&#10;IJII. | ...I.&#10;OOII. | ...I.&#10;OOII. | ...I.&#10;&#10;step=57, rand=1, actions=&lt;Down&gt;&#10;Want  | Got ✗&#10;-------------&#10;..... | ..JSL&#10;..... | ..JJJ&#10;JJ... | ...I.&#10;JL... | ...I.&#10;JL... | ...I.&#10;ILLS. | ...I.&#10;IJII. | ...I.&#10;OOII. | ...I.&#10;OOII. | ...I.&#10;&#10;step=58, rand=4, actions=&lt;Down&gt;&#10;Want  | Got ✗&#10;-------------&#10;..SS. | ..JSS&#10;.SS.. | ..SSJ&#10;JJ... | ...I.&#10;JL... | ...I.&#10;JL... | ...I.&#10;ILLS. | ...I.&#10;IJII. | ...I.&#10;OOII. | ...I.&#10;OOII. | ...I.&#10;&#10;step=59, rand=4, actions=&lt;Right&gt;&#10;Want  | Got ✗&#10;-------------&#10;...SS | ..JSS&#10;..SS. | ..SSJ&#10;JJ... | ...I.&#10;JL... | ...I.&#10;JL... | ...I.&#10;ILLS. | ...I.&#10;IJII. | ...I.&#10;OOII. | ...I.&#10;OOII. | ...I.&#10;&#10;step=60, rand=4, actions=&lt;RotateRight&gt;&#10;Want  | Got ✗&#10;-------------&#10;...S. | ..JSS&#10;...SS | ..SSJ&#10;JJ..S | ...I.&#10;JL... | ...I.&#10;JL... | ...I.&#10;ILLS. | ...I.&#10;IJII. | ...I.&#10;OOII. | ...I.&#10;OOII. | ...I.&#10;&#10;step=61, rand=4, actions=&lt;Right&gt;&#10;Want  | Got ✗&#10;-------------&#10;...S. | ..JSS&#10;...SS | ..SSJ&#10;JJ..S | ...I.&#10;JL... | ...I.&#10;JL... | ...I.&#10;ILLS. | ...I.&#10;IJII. | ...I.&#10;OOII. | ...I.&#10;OOII. | ...I.&#10;&#10;step=62, rand=4, actions=&lt;Down&gt;&#10;Want  | Got ✗&#10;-------------&#10;..... | ..JSS&#10;...S. | ..SSJ&#10;JJ.SS | ...I.&#10;JL..S | ...I.&#10;JL... | ...I.&#10;ILLS. | ...I.&#10;IJII. | ...I.&#10;OOII. | ...I.&#10;OOII. | ...I.&#10;&#10;step=63, rand=4, actions=&lt;Down&gt;&#10;Want  | Got ✗&#10;-------------&#10;..... | ..JSS&#10;..... | ..SSJ&#10;JJ.S. | ...I.&#10;JL.SS | ...I.&#10;JL..S | ...I.&#10;ILLS. | ...I.&#10;IJII. | ...I.&#10;OOII. | ...I.&#10;OOII. | ...I.&#10;&#10;step=64, rand=4, actions=&lt;Down&gt;&#10;Want  | Got ✗&#10;-------------&#10;..... | ..JSS&#10;..... | ..SSJ&#10;JJ... | ...I.&#10;JL.S. | ...I.&#10;JL.SS | ...I.&#10;ILLSS | ...I.&#10;IJII. | ...I.&#10;OOII. | ...I.&#10;OOII. | ...I.&#10;&#10;step=65, rand=6, actions=&lt;Down&gt;&#10;Want  | Got ✗&#10;-------------&#10;.ZZ.. | ..ZZS&#10;..ZZ. | ..SZZ&#10;..... | ...I.&#10;JJ... | ...I.&#10;JL.S. | ...I.&#10;JL.SS | ...I.&#10;IJII. | ...I.&#10;OOII. | ...I.&#10;OOII. | ...I.&#10;&#10;step=66, rand=6, actions=&lt;Right&gt;&#10;Want  | Got ✗&#10;-------------&#10;..ZZ. | ..ZZS&#10;...ZZ | ..SZZ&#10;..... | ...I.&#10;JJ... | ...I.&#10;JL.S. | ...I.&#10;JL.SS | ...I.&#10;IJII. | ...I.&#10;OOII. | ...I.&#10;OOII. | ...I.&#10;&#10;step=67, rand=6, actions=&lt;RotateRight&gt;&#10;Want  | Got ✗&#10;-------------&#10;....Z | ..ZZS&#10;...ZZ | ..SZZ&#10;...Z. | ...I.&#10;JJ... | ...I.&#10;JL.S. | ...I.&#10;JL.SS | ...I.&#10;IJII. | ...I.&#10;OOII. | ...I.&#10;OOII. | ...I.&#10;&#10;step=68, rand=6, actions=&lt;Left&gt;&#10;Want  | Got ✗&#10;-------------&#10;...Z. | ..ZZS&#10;..ZZ. | ..SZZ&#10;..Z.. | ...I.&#10;JJ... | ...I.&#10;JL.S. | ...I.&#10;JL.SS | ...I.&#10;IJII. | ...I.&#10;OOII. | ...I.&#10;OOII. | ...I.&#10;&#10;step=69, rand=6, actions=&lt;Down&gt;&#10;Want  | Got ✗&#10;-------------&#10;..... | ..ZZS&#10;...Z. | ..SZZ&#10;..ZZ. | ...I.&#10;JJZ.. | ...I.&#10;JL.S. | ...I.&#10;JL.SS | ...I.&#10;IJII. | ...I.&#10;OOII. | ...I.&#10;OOII. | ...I.&#10;&#10;step=70, rand=6, actions=&lt;Down&gt;&#10;Want  | Got ✗&#10;-------------&#10;..... | ..ZZS&#10;..... | ..SZZ&#10;...Z. | ...I.&#10;JJZZ. | ...I.&#10;JLZS. | ...I.&#10;JL.SS | ...I.&#10;IJII. | ...I.&#10;OOII. | ...I.&#10;OOII. | ...I.&#10;&#10;step=71, rand=3, actions=&lt;Down&gt;&#10;Want  | Got ✗&#10;-------------&#10;..OO. | ..ZOO&#10;..OO. | ..SOO&#10;...Z. | ...I.&#10;JJZZ. | ...I.&#10;JLZS. | ...I.&#10;JL.SS | ...I.&#10;IJII. | ...I.&#10;OOII. | ...I.&#10;OOII. | ...I.&#10;&#10;step=72, rand=3, actions=&lt;Left&gt;&#10;Want  | Got ✗&#10;-------------&#10;.OO.. | ..ZOO&#10;.OO.. | ..SOO&#10;...Z. | ...I.&#10;JJZZ. | ...I.&#10;JLZS. | ...I.&#10;JL.SS | ...I.&#10;IJII. | ...I.&#10;OOII. | ...I.&#10;OOII. | ...I.&#10;&#10;step=73, rand=3, actions=&lt;Down&gt;&#10;Want  | Got ✗&#10;-------------&#10;..... | ..ZOO&#10;.OO.. | ..SOO&#10;.OOZ. | ...I.&#10;JJZZ. | ...I.&#10;JLZS. | ...I.&#10;JL.SS | ...I.&#10;IJII. | ...I.&#10;OOII. | ...I.&#10;OOII. | ...I.&#10;&#10;step=74, rand=1, actions=&lt;Down&gt;&#10;Want              | Got ✗&#10;-------------------------&#10;GameOverDisplay() | ..JOO&#10;                  | ..JJJ&#10;                  | ...I.&#10;                  | ...I.&#10;                  | ...I.&#10;                  | ...I.&#10;                  | ...I.&#10;                  | ...I.&#10;                  | ...I.&#10;&#10;" type="org.scalatest.exceptions.TestFailedException">org.scalatest.exceptions.TestFailedException: didPass was false
--------------------------------------------------------------------------------
This is what went wrong:

step=0, rand=0, actions=&lt;&gt;
Want  | Got ✓
-------------
..... | .....
.IIII | .IIII
..... | .....
..... | .....
..... | .....
..... | .....
..... | .....
..... | .....
..... | .....

step=1, rand=0, actions=&lt;RotateRight&gt;
Want  | Got ✓
-------------
...I. | ...I.
...I. | ...I.
...I. | ...I.
...I. | ...I.
..... | .....
..... | .....
..... | .....
..... | .....
..... | .....

step=2, rand=0, actions=&lt;Down&gt;
Want  | Got ✓
-------------
..... | .....
...I. | ...I.
...I. | ...I.
...I. | ...I.
...I. | ...I.
..... | .....
..... | .....
..... | .....
..... | .....

step=3, rand=0, actions=&lt;Down&gt;
Want  | Got ✓
-------------
..... | .....
..... | .....
...I. | ...I.
...I. | ...I.
...I. | ...I.
...I. | ...I.
..... | .....
..... | .....
..... | .....

step=4, rand=0, actions=&lt;Down&gt;
Want  | Got ✓
-------------
..... | .....
..... | .....
..... | .....
...I. | ...I.
...I. | ...I.
...I. | ...I.
...I. | ...I.
..... | .....
..... | .....

step=5, rand=0, actions=&lt;Down&gt;
Want  | Got ✓
-------------
..... | .....
..... | .....
..... | .....
..... | .....
...I. | ...I.
...I. | ...I.
...I. | ...I.
...I. | ...I.
..... | .....

step=6, rand=0, actions=&lt;Down&gt;
Want  | Got ✓
-------------
..... | .....
..... | .....
..... | .....
..... | .....
..... | .....
...I. | ...I.
...I. | ...I.
...I. | ...I.
...I. | ...I.

step=7, rand=0, actions=&lt;Down&gt;
Want  | Got ✗
-------------
..... | .....
.IIII | ..III
..... | .....
..... | .....
..... | .....
...I. | ...I.
...I. | ...I.
...I. | ...I.
...I. | ...I.

step=8, rand=0, actions=&lt;RotateRight&gt;
Want  | Got ✗
-------------
...I. | ....I
...I. | ....I
...I. | ....I
...I. | ....I
..... | .....
...I. | ...I.
...I. | ...I.
...I. | ...I.
...I. | ...I.

step=9, rand=0, actions=&lt;Left&gt;
Want  | Got ✗
-------------
..I.. | ...I.
..I.. | ...I.
..I.. | ...I.
..I.. | ...I.
..... | .....
...I. | ...I.
...I. | ...I.
...I. | ...I.
...I. | ...I.

step=10, rand=0, actions=&lt;Down&gt;
Want  | Got ✗
-------------
..... | .....
..I.. | ...I.
..I.. | ...I.
..I.. | ...I.
..I.. | ...I.
...I. | ...I.
...I. | ...I.
...I. | ...I.
...I. | ...I.

step=11, rand=0, actions=&lt;Down&gt;
Want  | Got ✗
-------------
..... | .....
..... | ..III
..I.. | ...I.
..I.. | ...I.
..I.. | ...I.
..II. | ...I.
...I. | ...I.
...I. | ...I.
...I. | ...I.

step=12, rand=0, actions=&lt;Down&gt;
Want  | Got ✗
-------------
..... | .....
..... | ..III
..... | ...I.
..I.. | ...I.
..I.. | ...I.
..II. | ...I.
..II. | ...I.
...I. | ...I.
...I. | ...I.

step=13, rand=0, actions=&lt;Down&gt;
Want  | Got ✗
-------------
..... | .....
..... | ..III
..... | ...I.
..... | ...I.
..I.. | ...I.
..II. | ...I.
..II. | ...I.
..II. | ...I.
...I. | ...I.

step=14, rand=0, actions=&lt;Down&gt;
Want  | Got ✗
-------------
..... | .....
..... | ..III
..... | ...I.
..... | ...I.
..... | ...I.
..II. | ...I.
..II. | ...I.
..II. | ...I.
..II. | ...I.

step=15, rand=3, actions=&lt;Down&gt;
Want  | Got ✗
-------------
..OO. | ...OO
..OO. | ..IOO
..... | ...I.
..... | ...I.
..... | ...I.
..II. | ...I.
..II. | ...I.
..II. | ...I.
..II. | ...I.

step=16, rand=3, actions=&lt;Left&gt;
Want  | Got ✗
-------------
.OO.. | ...OO
.OO.. | ..IOO
..... | ...I.
..... | ...I.
..... | ...I.
..II. | ...I.
..II. | ...I.
..II. | ...I.
..II. | ...I.

step=17, rand=3, actions=&lt;Left&gt;
Want  | Got ✗
-------------
OO... | ...OO
OO... | ..IOO
..... | ...I.
..... | ...I.
..... | ...I.
..II. | ...I.
..II. | ...I.
..II. | ...I.
..II. | ...I.

step=18, rand=3, actions=&lt;Down&gt;
Want  | Got ✗
-------------
..... | ...OO
OO... | ..IOO
OO... | ...I.
..... | ...I.
..... | ...I.
..II. | ...I.
..II. | ...I.
..II. | ...I.
..II. | ...I.

step=19, rand=3, actions=&lt;Down&gt;
Want  | Got ✗
-------------
..... | ...OO
..... | ..IOO
OO... | ...I.
OO... | ...I.
..... | ...I.
..II. | ...I.
..II. | ...I.
..II. | ...I.
..II. | ...I.

step=20, rand=3, actions=&lt;Down&gt;
Want  | Got ✗
-------------
..... | ...OO
..... | ..IOO
..... | ...I.
OO... | ...I.
OO... | ...I.
..II. | ...I.
..II. | ...I.
..II. | ...I.
..II. | ...I.

step=21, rand=3, actions=&lt;Down&gt;
Want  | Got ✗
-------------
..... | ...OO
..... | ..IOO
..... | ...I.
..... | ...I.
OO... | ...I.
OOII. | ...I.
..II. | ...I.
..II. | ...I.
..II. | ...I.

step=22, rand=3, actions=&lt;Down&gt;
Want  | Got ✗
-------------
..... | ...OO
..... | ..IOO
..... | ...I.
..... | ...I.
..... | ...I.
OOII. | ...I.
OOII. | ...I.
..II. | ...I.
..II. | ...I.

step=23, rand=3, actions=&lt;Down&gt;
Want  | Got ✗
-------------
..... | ...OO
..... | ..IOO
..... | ...I.
..... | ...I.
..... | ...I.
..II. | ...I.
OOII. | ...I.
OOII. | ...I.
..II. | ...I.

step=24, rand=3, actions=&lt;Down&gt;
Want  | Got ✗
-------------
..... | ...OO
..... | ..IOO
..... | ...I.
..... | ...I.
..... | ...I.
..II. | ...I.
..II. | ...I.
OOII. | ...I.
OOII. | ...I.

step=25, rand=0, actions=&lt;Down&gt;
Want  | Got ✗
-------------
..... | ...OO
.IIII | ..III
..... | ...I.
..... | ...I.
..... | ...I.
..II. | ...I.
..II. | ...I.
OOII. | ...I.
OOII. | ...I.

step=26, rand=0, actions=&lt;RotateRight&gt;
Want  | Got ✗
-------------
...I. | ...OO
...I. | ..III
...I. | ...I.
...I. | ...I.
..... | ...I.
..II. | ...I.
..II. | ...I.
OOII. | ...I.
OOII. | ...I.

step=27, rand=0, actions=&lt;Left&gt;
Want  | Got ✗
-------------
..I.. | ...OO
..I.. | ..III
..I.. | ...I.
..I.. | ...I.
..... | ...I.
..II. | ...I.
..II. | ...I.
OOII. | ...I.
OOII. | ...I.

step=28, rand=0, actions=&lt;Left&gt;
Want  | Got ✗
-------------
.I... | ...OO
.I... | ..III
.I... | ...I.
.I... | ...I.
..... | ...I.
..II. | ...I.
..II. | ...I.
OOII. | ...I.
OOII. | ...I.

step=29, rand=0, actions=&lt;Left&gt;
Want  | Got ✗
-------------
I.... | ...OO
I.... | ..III
I.... | ...I.
I.... | ...I.
..... | ...I.
..II. | ...I.
..II. | ...I.
OOII. | ...I.
OOII. | ...I.

step=30, rand=0, actions=&lt;Down&gt;
Want  | Got ✗
-------------
..... | ...OO
I.... | ..III
I.... | ...I.
I.... | ...I.
I.... | ...I.
..II. | ...I.
..II. | ...I.
OOII. | ...I.
OOII. | ...I.

step=31, rand=0, actions=&lt;Down&gt;
Want  | Got ✗
-------------
..... | ...OO
..... | ..III
I.... | ...I.
I.... | ...I.
I.... | ...I.
I.II. | ...I.
..II. | ...I.
OOII. | ...I.
OOII. | ...I.

step=32, rand=0, actions=&lt;Down&gt;
Want  | Got ✗
-------------
..... | ...OO
..... | ..III
..... | ...I.
I.... | ...I.
I.... | ...I.
I.II. | ...I.
I.II. | ...I.
OOII. | ...I.
OOII. | ...I.

step=33, rand=1, actions=&lt;Down&gt;
Want  | Got ✗
-------------
.J... | ..JOO
.JJJ. | ..JJJ
..... | ...I.
I.... | ...I.
I.... | ...I.
I.II. | ...I.
I.II. | ...I.
OOII. | ...I.
OOII. | ...I.

step=34, rand=1, actions=&lt;RotateRight&gt;
Want  | Got ✗
-------------
..JJ. | ..JOO
..J.. | ..JJJ
..J.. | ...I.
I.... | ...I.
I.... | ...I.
I.II. | ...I.
I.II. | ...I.
OOII. | ...I.
OOII. | ...I.

step=35, rand=1, actions=&lt;Left&gt;
Want  | Got ✗
-------------
.JJ.. | ..JOO
.J... | ..JJJ
.J... | ...I.
I.... | ...I.
I.... | ...I.
I.II. | ...I.
I.II. | ...I.
OOII. | ...I.
OOII. | ...I.

step=36, rand=1, actions=&lt;Down&gt;
Want  | Got ✗
-------------
..... | ..JOO
.JJ.. | ..JJJ
.J... | ...I.
IJ... | ...I.
I.... | ...I.
I.II. | ...I.
I.II. | ...I.
OOII. | ...I.
OOII. | ...I.

step=37, rand=1, actions=&lt;Down&gt;
Want  | Got ✗
-------------
..... | ..JOO
..... | ..JJJ
.JJ.. | ...I.
IJ... | ...I.
IJ... | ...I.
I.II. | ...I.
I.II. | ...I.
OOII. | ...I.
OOII. | ...I.

step=38, rand=1, actions=&lt;Down&gt;
Want  | Got ✗
-------------
..... | ..JOO
..... | ..JJJ
..... | ...I.
IJJ.. | ...I.
IJ... | ...I.
IJII. | ...I.
I.II. | ...I.
OOII. | ...I.
OOII. | ...I.

step=39, rand=1, actions=&lt;Down&gt;
Want  | Got ✗
-------------
..... | ..JOO
..... | ..JJJ
..... | ...I.
I.... | ...I.
IJJ.. | ...I.
IJII. | ...I.
IJII. | ...I.
OOII. | ...I.
OOII. | ...I.

step=40, rand=4, actions=&lt;Down&gt;
Want  | Got ✗
-------------
..SS. | ..JSS
.SS.. | ..SSJ
..... | ...I.
I.... | ...I.
IJJ.. | ...I.
IJII. | ...I.
IJII. | ...I.
OOII. | ...I.
OOII. | ...I.

step=41, rand=4, actions=&lt;RotateRight&gt;
Want  | Got ✗
-------------
..S.. | ..JSS
..SS. | ..SSJ
...S. | ...I.
I.... | ...I.
IJJ.. | ...I.
IJII. | ...I.
IJII. | ...I.
OOII. | ...I.
OOII. | ...I.

step=42, rand=4, actions=&lt;Right&gt;
Want  | Got ✗
-------------
...S. | ..JSS
...SS | ..SSJ
....S | ...I.
I.... | ...I.
IJJ.. | ...I.
IJII. | ...I.
IJII. | ...I.
OOII. | ...I.
OOII. | ...I.

step=43, rand=4, actions=&lt;Down&gt;
Want  | Got ✗
-------------
..... | ..JSS
...S. | ..SSJ
...SS | ...I.
I...S | ...I.
IJJ.. | ...I.
IJII. | ...I.
IJII. | ...I.
OOII. | ...I.
OOII. | ...I.

step=44, rand=4, actions=&lt;Down&gt;
Want  | Got ✗
-------------
..... | ..JSS
..... | ..SSJ
...S. | ...I.
I..SS | ...I.
IJJ.S | ...I.
IJII. | ...I.
IJII. | ...I.
OOII. | ...I.
OOII. | ...I.

step=45, rand=4, actions=&lt;Down&gt;
Want  | Got ✗
-------------
..... | ..JSS
..... | ..SSJ
..... | ...I.
I..S. | ...I.
IJJSS | ...I.
IJIIS | ...I.
IJII. | ...I.
OOII. | ...I.
OOII. | ...I.

step=46, rand=2, actions=&lt;Down&gt;
Want  | Got ✗
-------------
...L. | ..JSL
.LLL. | ..LLL
..... | ...I.
..... | ...I.
..... | ...I.
I..S. | ...I.
IJII. | ...I.
OOII. | ...I.
OOII. | ...I.

step=47, rand=2, actions=&lt;RotateRight&gt;
Want  | Got ✗
-------------
..L.. | ..JSL
..L.. | ..LLL
..LL. | ...I.
..... | ...I.
..... | ...I.
I..S. | ...I.
IJII. | ...I.
OOII. | ...I.
OOII. | ...I.

step=48, rand=2, actions=&lt;Left&gt;
Want  | Got ✗
-------------
.L... | ..JSL
.L... | ..LLL
.LL.. | ...I.
..... | ...I.
..... | ...I.
I..S. | ...I.
IJII. | ...I.
OOII. | ...I.
OOII. | ...I.

step=49, rand=2, actions=&lt;Down&gt;
Want  | Got ✗
-------------
..... | ..JSL
.L... | ..LLL
.L... | ...I.
.LL.. | ...I.
..... | ...I.
I..S. | ...I.
IJII. | ...I.
OOII. | ...I.
OOII. | ...I.

step=50, rand=2, actions=&lt;Down&gt;
Want  | Got ✗
-------------
..... | ..JSL
..... | ..LLL
.L... | ...I.
.L... | ...I.
.LL.. | ...I.
I..S. | ...I.
IJII. | ...I.
OOII. | ...I.
OOII. | ...I.

step=51, rand=2, actions=&lt;Down&gt;
Want  | Got ✗
-------------
..... | ..JSL
..... | ..LLL
..... | ...I.
.L... | ...I.
.L... | ...I.
ILLS. | ...I.
IJII. | ...I.
OOII. | ...I.
OOII. | ...I.

step=52, rand=1, actions=&lt;Down&gt;
Want  | Got ✗
-------------
.J... | ..JSL
.JJJ. | ..JJJ
..... | ...I.
.L... | ...I.
.L... | ...I.
ILLS. | ...I.
IJII. | ...I.
OOII. | ...I.
OOII. | ...I.

step=53, rand=1, actions=&lt;RotateRight&gt;
Want  | Got ✗
-------------
..JJ. | ..JSL
..J.. | ..JJJ
..J.. | ...I.
.L... | ...I.
.L... | ...I.
ILLS. | ...I.
IJII. | ...I.
OOII. | ...I.
OOII. | ...I.

step=54, rand=1, actions=&lt;Left&gt;
Want  | Got ✗
-------------
.JJ.. | ..JSL
.J... | ..JJJ
.J... | ...I.
.L... | ...I.
.L... | ...I.
ILLS. | ...I.
IJII. | ...I.
OOII. | ...I.
OOII. | ...I.

step=55, rand=1, actions=&lt;Left&gt;
Want  | Got ✗
-------------
JJ... | ..JSL
J.... | ..JJJ
J.... | ...I.
.L... | ...I.
.L... | ...I.
ILLS. | ...I.
IJII. | ...I.
OOII. | ...I.
OOII. | ...I.

step=56, rand=1, actions=&lt;Down&gt;
Want  | Got ✗
-------------
..... | ..JSL
JJ... | ..JJJ
J.... | ...I.
JL... | ...I.
.L... | ...I.
ILLS. | ...I.
IJII. | ...I.
OOII. | ...I.
OOII. | ...I.

step=57, rand=1, actions=&lt;Down&gt;
Want  | Got ✗
-------------
..... | ..JSL
..... | ..JJJ
JJ... | ...I.
JL... | ...I.
JL... | ...I.
ILLS. | ...I.
IJII. | ...I.
OOII. | ...I.
OOII. | ...I.

step=58, rand=4, actions=&lt;Down&gt;
Want  | Got ✗
-------------
..SS. | ..JSS
.SS.. | ..SSJ
JJ... | ...I.
JL... | ...I.
JL... | ...I.
ILLS. | ...I.
IJII. | ...I.
OOII. | ...I.
OOII. | ...I.

step=59, rand=4, actions=&lt;Right&gt;
Want  | Got ✗
-------------
...SS | ..JSS
..SS. | ..SSJ
JJ... | ...I.
JL... | ...I.
JL... | ...I.
ILLS. | ...I.
IJII. | ...I.
OOII. | ...I.
OOII. | ...I.

step=60, rand=4, actions=&lt;RotateRight&gt;
Want  | Got ✗
-------------
...S. | ..JSS
...SS | ..SSJ
JJ..S | ...I.
JL... | ...I.
JL... | ...I.
ILLS. | ...I.
IJII. | ...I.
OOII. | ...I.
OOII. | ...I.

step=61, rand=4, actions=&lt;Right&gt;
Want  | Got ✗
-------------
...S. | ..JSS
...SS | ..SSJ
JJ..S | ...I.
JL... | ...I.
JL... | ...I.
ILLS. | ...I.
IJII. | ...I.
OOII. | ...I.
OOII. | ...I.

step=62, rand=4, actions=&lt;Down&gt;
Want  | Got ✗
-------------
..... | ..JSS
...S. | ..SSJ
JJ.SS | ...I.
JL..S | ...I.
JL... | ...I.
ILLS. | ...I.
IJII. | ...I.
OOII. | ...I.
OOII. | ...I.

step=63, rand=4, actions=&lt;Down&gt;
Want  | Got ✗
-------------
..... | ..JSS
..... | ..SSJ
JJ.S. | ...I.
JL.SS | ...I.
JL..S | ...I.
ILLS. | ...I.
IJII. | ...I.
OOII. | ...I.
OOII. | ...I.

step=64, rand=4, actions=&lt;Down&gt;
Want  | Got ✗
-------------
..... | ..JSS
..... | ..SSJ
JJ... | ...I.
JL.S. | ...I.
JL.SS | ...I.
ILLSS | ...I.
IJII. | ...I.
OOII. | ...I.
OOII. | ...I.

step=65, rand=6, actions=&lt;Down&gt;
Want  | Got ✗
-------------
.ZZ.. | ..ZZS
..ZZ. | ..SZZ
..... | ...I.
JJ... | ...I.
JL.S. | ...I.
JL.SS | ...I.
IJII. | ...I.
OOII. | ...I.
OOII. | ...I.

step=66, rand=6, actions=&lt;Right&gt;
Want  | Got ✗
-------------
..ZZ. | ..ZZS
...ZZ | ..SZZ
..... | ...I.
JJ... | ...I.
JL.S. | ...I.
JL.SS | ...I.
IJII. | ...I.
OOII. | ...I.
OOII. | ...I.

step=67, rand=6, actions=&lt;RotateRight&gt;
Want  | Got ✗
-------------
....Z | ..ZZS
...ZZ | ..SZZ
...Z. | ...I.
JJ... | ...I.
JL.S. | ...I.
JL.SS | ...I.
IJII. | ...I.
OOII. | ...I.
OOII. | ...I.

step=68, rand=6, actions=&lt;Left&gt;
Want  | Got ✗
-------------
...Z. | ..ZZS
..ZZ. | ..SZZ
..Z.. | ...I.
JJ... | ...I.
JL.S. | ...I.
JL.SS | ...I.
IJII. | ...I.
OOII. | ...I.
OOII. | ...I.

step=69, rand=6, actions=&lt;Down&gt;
Want  | Got ✗
-------------
..... | ..ZZS
...Z. | ..SZZ
..ZZ. | ...I.
JJZ.. | ...I.
JL.S. | ...I.
JL.SS | ...I.
IJII. | ...I.
OOII. | ...I.
OOII. | ...I.

step=70, rand=6, actions=&lt;Down&gt;
Want  | Got ✗
-------------
..... | ..ZZS
..... | ..SZZ
...Z. | ...I.
JJZZ. | ...I.
JLZS. | ...I.
JL.SS | ...I.
IJII. | ...I.
OOII. | ...I.
OOII. | ...I.

step=71, rand=3, actions=&lt;Down&gt;
Want  | Got ✗
-------------
..OO. | ..ZOO
..OO. | ..SOO
...Z. | ...I.
JJZZ. | ...I.
JLZS. | ...I.
JL.SS | ...I.
IJII. | ...I.
OOII. | ...I.
OOII. | ...I.

step=72, rand=3, actions=&lt;Left&gt;
Want  | Got ✗
-------------
.OO.. | ..ZOO
.OO.. | ..SOO
...Z. | ...I.
JJZZ. | ...I.
JLZS. | ...I.
JL.SS | ...I.
IJII. | ...I.
OOII. | ...I.
OOII. | ...I.

step=73, rand=3, actions=&lt;Down&gt;
Want  | Got ✗
-------------
..... | ..ZOO
.OO.. | ..SOO
.OOZ. | ...I.
JJZZ. | ...I.
JLZS. | ...I.
JL.SS | ...I.
IJII. | ...I.
OOII. | ...I.
OOII. | ...I.

step=74, rand=1, actions=&lt;Down&gt;
Want              | Got ✗
-------------------------
GameOverDisplay() | ..JOO
                  | ..JJJ
                  | ...I.
                  | ...I.
                  | ...I.
                  | ...I.
                  | ...I.
                  | ...I.
                  | ...I.


	at app//org.scalatest.Assertions.newAssertionFailedException(Assertions.scala:530)
	at app//org.scalatest.Assertions.newAssertionFailedException$(Assertions.scala:529)
	at app//org.scalatest.FunSuite.newAssertionFailedException(FunSuite.scala:1560)
	at app//org.scalatest.Assertions$AssertionsHelper.macroAssert(Assertions.scala:503)
	at app//generic.GameTestSuite.checkGame(GameTestSuite.scala:298)
	at app//tetris.TetrisTestSuiteBase.checkGame(TetrisTestSuiteBase.scala:103)
	at app//tetris.FullGameTests.$anonfun$new$1(FullGameTests.scala:5740)
	at app//scala.runtime.java8.JFunction0$mcV$sp.apply(JFunction0$mcV$sp.scala:18)
	at app//infrastructure.TestBase.$anonfun$test$1(TestBase.scala:36)
	at app//org.scalatest.OutcomeOf.outcomeOf(OutcomeOf.scala:85)
	at app//org.scalatest.OutcomeOf.outcomeOf$(OutcomeOf.scala:83)
	at app//org.scalatest.OutcomeOf$.outcomeOf(OutcomeOf.scala:104)
	at app//org.scalatest.Transformer.apply(Transformer.scala:22)
	at app//org.scalatest.Transformer.apply(Transformer.scala:20)
	at app//org.scalatest.FunSuiteLike$$anon$1.apply(FunSuiteLike.scala:186)
	at app//org.scalatest.TestSuite.withFixture(TestSuite.scala:196)
	at app//org.scalatest.TestSuite.withFixture$(TestSuite.scala:195)
	at app//infrastructure.TestBase.org$scalatest$concurrent$TimeLimitedTests$$super$withFixture(TestBase.scala:9)
	at app//org.scalatest.concurrent.TimeLimitedTests.$anonfun$withFixture$3(TimeLimitedTests.scala:154)
	at app//org.scalatest.enablers.Timed$$anon$1.timeoutAfter(Timed.scala:127)
	at app//org.scalatest.concurrent.TimeLimits.failAfterImpl(TimeLimits.scala:239)
	at app//org.scalatest.concurrent.TimeLimits.failAfterImpl$(TimeLimits.scala:233)
	at app//org.scalatest.concurrent.TimeLimits$.failAfterImpl(TimeLimits.scala:305)
	at app//org.scalatest.concurrent.TimeLimitedTests.withFixture(TimeLimitedTests.scala:153)
	at app//org.scalatest.concurrent.TimeLimitedTests.withFixture$(TimeLimitedTests.scala:150)
	at app//infrastructure.TestBase.withFixture(TestBase.scala:9)
	at app//org.scalatest.FunSuiteLike.invokeWithFixture$1(FunSuiteLike.scala:184)
	at app//org.scalatest.FunSuiteLike.$anonfun$runTest$1(FunSuiteLike.scala:196)
	at app//org.scalatest.SuperEngine.runTestImpl(Engine.scala:286)
	at app//org.scalatest.FunSuiteLike.runTest(FunSuiteLike.scala:196)
	at app//org.scalatest.FunSuiteLike.runTest$(FunSuiteLike.scala:178)
	at app//org.scalatest.FunSuite.runTest(FunSuite.scala:1560)
	at app//org.scalatest.FunSuiteLike.$anonfun$runTests$1(FunSuiteLike.scala:229)
	at app//org.scalatest.SuperEngine.$anonfun$runTestsInBranch$1(Engine.scala:393)
	at app//scala.collection.immutable.List.foreach(List.scala:333)
	at app//org.scalatest.SuperEngine.traverseSubNodes$1(Engine.scala:381)
	at app//org.scalatest.SuperEngine.runTestsInBranch(Engine.scala:376)
	at app//org.scalatest.SuperEngine.runTestsImpl(Engine.scala:458)
	at app//org.scalatest.FunSuiteLike.runTests(FunSuiteLike.scala:229)
	at app//org.scalatest.FunSuiteLike.runTests$(FunSuiteLike.scala:228)
	at app//org.scalatest.FunSuite.runTests(FunSuite.scala:1560)
	at app//org.scalatest.Suite.run(Suite.scala:1124)
	at app//org.scalatest.Suite.run$(Suite.scala:1106)
	at app//org.scalatest.FunSuite.org$scalatest$FunSuiteLike$$super$run(FunSuite.scala:1560)
	at app//org.scalatest.FunSuiteLike.$anonfun$run$1(FunSuiteLike.scala:233)
	at app//org.scalatest.SuperEngine.runImpl(Engine.scala:518)
	at app//org.scalatest.FunSuiteLike.run(FunSuiteLike.scala:233)
	at app//org.scalatest.FunSuiteLike.run$(FunSuiteLike.scala:232)
	at app//infrastructure.TestBase.run(TestBase.scala:26)
	at app//org.scalatest.Suite.callExecuteOnSuite$1(Suite.scala:1187)
	at app//org.scalatest.Suite.$anonfun$runNestedSuites$1(Suite.scala:1234)
	at app//scala.collection.ArrayOps$.foreach$extension(ArrayOps.scala:1323)
	at app//org.scalatest.Suite.runNestedSuites(Suite.scala:1232)
	at app//org.scalatest.Suite.runNestedSuites$(Suite.scala:1166)
	at app//org.scalatest.Suites.runNestedSuites(Suites.scala:56)
	at app//org.scalatest.Suite.run(Suite.scala:1121)
	at app//org.scalatest.Suite.run$(Suite.scala:1106)
	at app//tetris.TetrisTestSuitesBase.runDirect(TetrisTestSuitesBase.scala:20)
	at app//tetris.TetrisTestSuitesBase.runWithScoreCounter(TetrisTestSuitesBase.scala:14)
	at app//tetris.TetrisTestSuite3_2.run(TetrisTestSuite3_2.scala:25)
	at app//org.scalatestplus.junit.JUnitRunner.run(JUnitRunner.scala:99)
	at org.gradle.api.internal.tasks.testing.junit.JUnitTestClassExecutor.runTestClass(JUnitTestClassExecutor.java:110)
	at org.gradle.api.internal.tasks.testing.junit.JUnitTestClassExecutor.execute(JUnitTestClassExecutor.java:58)
	at org.gradle.api.internal.tasks.testing.junit.JUnitTestClassExecutor.execute(JUnitTestClassExecutor.java:38)
	at org.gradle.api.internal.tasks.testing.junit.AbstractJUnitTestClassProcessor.processTestClass(AbstractJUnitTestClassProcessor.java:62)
	at org.gradle.api.internal.tasks.testing.SuiteTestClassProcessor.processTestClass(SuiteTestClassProcessor.java:51)
	at java.base@18.0.2.1/jdk.internal.reflect.DirectMethodHandleAccessor.invoke(DirectMethodHandleAccessor.java:104)
	at java.base@18.0.2.1/java.lang.reflect.Method.invoke(Method.java:577)
	at org.gradle.internal.dispatch.ReflectionDispatch.dispatch(ReflectionDispatch.java:36)
	at org.gradle.internal.dispatch.ReflectionDispatch.dispatch(ReflectionDispatch.java:24)
	at org.gradle.internal.dispatch.ContextClassLoaderDispatch.dispatch(ContextClassLoaderDispatch.java:33)
	at org.gradle.internal.dispatch.ProxyDispatchAdapter$DispatchingInvocationHandler.invoke(ProxyDispatchAdapter.java:94)
	at jdk.proxy1/jdk.proxy1.$Proxy2.processTestClass(Unknown Source)
	at org.gradle.api.internal.tasks.testing.worker.TestWorker$2.run(TestWorker.java:176)
	at org.gradle.api.internal.tasks.testing.worker.TestWorker.executeAndMaintainThreadName(TestWorker.java:129)
	at org.gradle.api.internal.tasks.testing.worker.TestWorker.execute(TestWorker.java:100)
	at org.gradle.api.internal.tasks.testing.worker.TestWorker.execute(TestWorker.java:60)
	at org.gradle.process.internal.worker.child.ActionExecutionWorker.execute(ActionExecutionWorker.java:56)
	at org.gradle.process.internal.worker.child.SystemApplicationClassLoaderWorker.call(SystemApplicationClassLoaderWorker.java:133)
	at org.gradle.process.internal.worker.child.SystemApplicationClassLoaderWorker.call(SystemApplicationClassLoaderWorker.java:71)
	at app//worker.org.gradle.process.internal.worker.GradleWorkerMain.run(GradleWorkerMain.java:69)
	at app//worker.org.gradle.process.internal.worker.GradleWorkerMain.main(GradleWorkerMain.java:74)
</failure>
  </testcase>
  <testcase name="testGame8x11" classname="tetris.FullGameTests" time="0.162">
    <failure message="org.scalatest.exceptions.TestFailedException: didPass was false&#10;--------------------------------------------------------------------------------&#10;This is what went wrong:&#10;&#10;step=0, rand=2, actions=&lt;&gt;&#10;Want     | Got ✓   &#10;-------------------&#10;....L... | ....L...&#10;..LLL... | ..LLL...&#10;........ | ........&#10;........ | ........&#10;........ | ........&#10;........ | ........&#10;........ | ........&#10;........ | ........&#10;........ | ........&#10;........ | ........&#10;........ | ........&#10;&#10;step=1, rand=2, actions=&lt;Right&gt;&#10;Want     | Got ✓   &#10;-------------------&#10;.....L.. | .....L..&#10;...LLL.. | ...LLL..&#10;........ | ........&#10;........ | ........&#10;........ | ........&#10;........ | ........&#10;........ | ........&#10;........ | ........&#10;........ | ........&#10;........ | ........&#10;........ | ........&#10;&#10;step=2, rand=2, actions=&lt;Right&gt;&#10;Want     | Got ✓   &#10;-------------------&#10;......L. | ......L.&#10;....LLL. | ....LLL.&#10;........ | ........&#10;........ | ........&#10;........ | ........&#10;........ | ........&#10;........ | ........&#10;........ | ........&#10;........ | ........&#10;........ | ........&#10;........ | ........&#10;&#10;step=3, rand=2, actions=&lt;Down&gt;&#10;Want     | Got ✓   &#10;-------------------&#10;........ | ........&#10;......L. | ......L.&#10;....LLL. | ....LLL.&#10;........ | ........&#10;........ | ........&#10;........ | ........&#10;........ | ........&#10;........ | ........&#10;........ | ........&#10;........ | ........&#10;........ | ........&#10;&#10;step=4, rand=2, actions=&lt;Down&gt;&#10;Want     | Got ✓   &#10;-------------------&#10;........ | ........&#10;........ | ........&#10;......L. | ......L.&#10;....LLL. | ....LLL.&#10;........ | ........&#10;........ | ........&#10;........ | ........&#10;........ | ........&#10;........ | ........&#10;........ | ........&#10;........ | ........&#10;&#10;step=5, rand=2, actions=&lt;Down&gt;&#10;Want     | Got ✓   &#10;-------------------&#10;........ | ........&#10;........ | ........&#10;........ | ........&#10;......L. | ......L.&#10;....LLL. | ....LLL.&#10;........ | ........&#10;........ | ........&#10;........ | ........&#10;........ | ........&#10;........ | ........&#10;........ | ........&#10;&#10;step=6, rand=2, actions=&lt;Down&gt;&#10;Want     | Got ✓   &#10;-------------------&#10;........ | ........&#10;........ | ........&#10;........ | ........&#10;........ | ........&#10;......L. | ......L.&#10;....LLL. | ....LLL.&#10;........ | ........&#10;........ | ........&#10;........ | ........&#10;........ | ........&#10;........ | ........&#10;&#10;step=7, rand=2, actions=&lt;Down&gt;&#10;Want     | Got ✓   &#10;-------------------&#10;........ | ........&#10;........ | ........&#10;........ | ........&#10;........ | ........&#10;........ | ........&#10;......L. | ......L.&#10;....LLL. | ....LLL.&#10;........ | ........&#10;........ | ........&#10;........ | ........&#10;........ | ........&#10;&#10;step=8, rand=2, actions=&lt;Down&gt;&#10;Want     | Got ✓   &#10;-------------------&#10;........ | ........&#10;........ | ........&#10;........ | ........&#10;........ | ........&#10;........ | ........&#10;........ | ........&#10;......L. | ......L.&#10;....LLL. | ....LLL.&#10;........ | ........&#10;........ | ........&#10;........ | ........&#10;&#10;step=9, rand=2, actions=&lt;Down&gt;&#10;Want     | Got ✓   &#10;-------------------&#10;........ | ........&#10;........ | ........&#10;........ | ........&#10;........ | ........&#10;........ | ........&#10;........ | ........&#10;........ | ........&#10;......L. | ......L.&#10;....LLL. | ....LLL.&#10;........ | ........&#10;........ | ........&#10;&#10;step=10, rand=2, actions=&lt;Down&gt;&#10;Want     | Got ✓   &#10;-------------------&#10;........ | ........&#10;........ | ........&#10;........ | ........&#10;........ | ........&#10;........ | ........&#10;........ | ........&#10;........ | ........&#10;........ | ........&#10;......L. | ......L.&#10;....LLL. | ....LLL.&#10;........ | ........&#10;&#10;step=11, rand=2, actions=&lt;Down&gt;&#10;Want     | Got ✓   &#10;-------------------&#10;........ | ........&#10;........ | ........&#10;........ | ........&#10;........ | ........&#10;........ | ........&#10;........ | ........&#10;........ | ........&#10;........ | ........&#10;........ | ........&#10;......L. | ......L.&#10;....LLL. | ....LLL.&#10;&#10;step=12, rand=6, actions=&lt;Down&gt;&#10;Want     | Got ✗   &#10;-------------------&#10;..ZZ.... | ...ZZ...&#10;...ZZ... | ....ZZ..&#10;........ | ........&#10;........ | ........&#10;........ | ........&#10;........ | ........&#10;........ | ........&#10;........ | ........&#10;........ | ........&#10;......L. | ......L.&#10;....LLL. | ....LLL.&#10;&#10;step=13, rand=6, actions=&lt;RotateRight&gt;&#10;Want     | Got ✗   &#10;-------------------&#10;....Z... | .....Z..&#10;...ZZ... | ....ZZ..&#10;...Z.... | ....Z...&#10;........ | ........&#10;........ | ........&#10;........ | ........&#10;........ | ........&#10;........ | ........&#10;........ | ........&#10;......L. | ......L.&#10;....LLL. | ....LLL.&#10;&#10;step=14, rand=6, actions=&lt;Down&gt;&#10;Want     | Got ✗   &#10;-------------------&#10;........ | ........&#10;....Z... | .....Z..&#10;...ZZ... | ....ZZ..&#10;...Z.... | ....Z...&#10;........ | ........&#10;........ | ........&#10;........ | ........&#10;........ | ........&#10;........ | ........&#10;......L. | ......L.&#10;....LLL. | ....LLL.&#10;&#10;step=15, rand=6, actions=&lt;Down&gt;&#10;Want     | Got ✗   &#10;-------------------&#10;........ | ........&#10;........ | ........&#10;....Z... | .....Z..&#10;...ZZ... | ....ZZ..&#10;...Z.... | ....Z...&#10;........ | ........&#10;........ | ........&#10;........ | ........&#10;........ | ........&#10;......L. | ......L.&#10;....LLL. | ....LLL.&#10;&#10;step=16, rand=6, actions=&lt;Down&gt;&#10;Want     | Got ✗   &#10;-------------------&#10;........ | ........&#10;........ | ........&#10;........ | ........&#10;....Z... | .....Z..&#10;...ZZ... | ....ZZ..&#10;...Z.... | ....Z...&#10;........ | ........&#10;........ | ........&#10;........ | ........&#10;......L. | ......L.&#10;....LLL. | ....LLL.&#10;&#10;step=17, rand=6, actions=&lt;Down&gt;&#10;Want     | Got ✗   &#10;-------------------&#10;........ | ........&#10;........ | ........&#10;........ | ........&#10;........ | ........&#10;....Z... | .....Z..&#10;...ZZ... | ....ZZ..&#10;...Z.... | ....Z...&#10;........ | ........&#10;........ | ........&#10;......L. | ......L.&#10;....LLL. | ....LLL.&#10;&#10;step=18, rand=6, actions=&lt;Down&gt;&#10;Want     | Got ✗   &#10;-------------------&#10;........ | ........&#10;........ | ........&#10;........ | ........&#10;........ | ........&#10;........ | ........&#10;....Z... | .....Z..&#10;...ZZ... | ....ZZ..&#10;...Z.... | ....Z...&#10;........ | ........&#10;......L. | ......L.&#10;....LLL. | ....LLL.&#10;&#10;step=19, rand=6, actions=&lt;Down&gt;&#10;Want     | Got ✗   &#10;-------------------&#10;........ | ........&#10;........ | ........&#10;........ | ........&#10;........ | ........&#10;........ | ........&#10;........ | ........&#10;....Z... | .....Z..&#10;...ZZ... | ....ZZ..&#10;...Z.... | ....Z...&#10;......L. | ......L.&#10;....LLL. | ....LLL.&#10;&#10;step=20, rand=6, actions=&lt;Down&gt;&#10;Want     | Got ✗   &#10;-------------------&#10;........ | ........&#10;........ | ........&#10;........ | ........&#10;........ | ........&#10;........ | ........&#10;........ | ........&#10;........ | ........&#10;....Z... | .....Z..&#10;...ZZ... | ....ZZ..&#10;...Z..L. | ....Z.L.&#10;....LLL. | ....LLL.&#10;&#10;step=21, rand=6, actions=&lt;Down&gt;&#10;Want     | Got ✗   &#10;-------------------&#10;........ | ...ZZ...&#10;........ | ....ZZ..&#10;........ | ........&#10;........ | ........&#10;........ | ........&#10;........ | ........&#10;........ | ........&#10;........ | .....Z..&#10;....Z... | ....ZZ..&#10;...ZZ.L. | ....Z.L.&#10;...ZLLL. | ....LLL.&#10;&#10;step=22, rand=4, actions=&lt;Down&gt;&#10;Want     | Got ✗   &#10;-------------------&#10;...SS... | ........&#10;..SS.... | ...ZZ...&#10;........ | ....ZZ..&#10;........ | ........&#10;........ | ........&#10;........ | ........&#10;........ | ........&#10;........ | .....Z..&#10;....Z... | ....ZZ..&#10;...ZZ.L. | ....Z.L.&#10;...ZLLL. | ....LLL.&#10;&#10;step=23, rand=4, actions=&lt;Left&gt;&#10;Want     | Got ✗   &#10;-------------------&#10;..SS.... | ........&#10;.SS..... | ..ZZ....&#10;........ | ...ZZ...&#10;........ | ........&#10;........ | ........&#10;........ | ........&#10;........ | ........&#10;........ | .....Z..&#10;....Z... | ....ZZ..&#10;...ZZ.L. | ....Z.L.&#10;...ZLLL. | ....LLL.&#10;&#10;step=24, rand=4, actions=&lt;RotateRight&gt;&#10;Want     | Got ✗   &#10;-------------------&#10;..S..... | ........&#10;..SS.... | ....Z...&#10;...S.... | ...ZZ...&#10;........ | ...Z....&#10;........ | ........&#10;........ | ........&#10;........ | ........&#10;........ | .....Z..&#10;....Z... | ....ZZ..&#10;...ZZ.L. | ....Z.L.&#10;...ZLLL. | ....LLL.&#10;&#10;step=25, rand=4, actions=&lt;Left&gt;&#10;Want     | Got ✗   &#10;-------------------&#10;.S...... | ........&#10;.SS..... | ...Z....&#10;..S..... | ..ZZ....&#10;........ | ..Z.....&#10;........ | ........&#10;........ | ........&#10;........ | ........&#10;........ | .....Z..&#10;....Z... | ....ZZ..&#10;...ZZ.L. | ....Z.L.&#10;...ZLLL. | ....LLL.&#10;&#10;step=26, rand=4, actions=&lt;Down&gt;&#10;Want     | Got ✗   &#10;-------------------&#10;........ | ........&#10;.S...... | ........&#10;.SS..... | ...Z....&#10;..S..... | ..ZZ....&#10;........ | ..Z.....&#10;........ | ........&#10;........ | ........&#10;........ | .....Z..&#10;....Z... | ....ZZ..&#10;...ZZ.L. | ....Z.L.&#10;...ZLLL. | ....LLL.&#10;&#10;step=27, rand=4, actions=&lt;Down&gt;&#10;Want     | Got ✗   &#10;-------------------&#10;........ | ........&#10;........ | ........&#10;.S...... | ........&#10;.SS..... | ...Z....&#10;..S..... | ..ZZ....&#10;........ | ..Z.....&#10;........ | ........&#10;........ | .....Z..&#10;....Z... | ....ZZ..&#10;...ZZ.L. | ....Z.L.&#10;...ZLLL. | ....LLL.&#10;&#10;step=28, rand=4, actions=&lt;Down&gt;&#10;Want     | Got ✗   &#10;-------------------&#10;........ | ........&#10;........ | ........&#10;........ | ........&#10;.S...... | ........&#10;.SS..... | ...Z....&#10;..S..... | ..ZZ....&#10;........ | ..Z.....&#10;........ | .....Z..&#10;....Z... | ....ZZ..&#10;...ZZ.L. | ....Z.L.&#10;...ZLLL. | ....LLL.&#10;&#10;step=29, rand=4, actions=&lt;Down&gt;&#10;Want     | Got ✗   &#10;-------------------&#10;........ | ........&#10;........ | ........&#10;........ | ........&#10;........ | ........&#10;.S...... | ........&#10;.SS..... | ...Z....&#10;..S..... | ..ZZ....&#10;........ | ..Z..Z..&#10;....Z... | ....ZZ..&#10;...ZZ.L. | ....Z.L.&#10;...ZLLL. | ....LLL.&#10;&#10;step=30, rand=4, actions=&lt;Down&gt;&#10;Want     | Got ✗   &#10;-------------------&#10;........ | ........&#10;........ | ........&#10;........ | ........&#10;........ | ........&#10;........ | ........&#10;.S...... | ........&#10;.SS..... | ...Z....&#10;..S..... | ..ZZ.Z..&#10;....Z... | ..Z.ZZ..&#10;...ZZ.L. | ....Z.L.&#10;...ZLLL. | ....LLL.&#10;&#10;step=31, rand=4, actions=&lt;Down&gt;&#10;Want     | Got ✗   &#10;-------------------&#10;........ | ........&#10;........ | ........&#10;........ | ........&#10;........ | ........&#10;........ | ........&#10;........ | ........&#10;.S...... | ........&#10;.SS..... | ...Z.Z..&#10;..S.Z... | ..ZZZZ..&#10;...ZZ.L. | ..Z.Z.L.&#10;...ZLLL. | ....LLL.&#10;&#10;step=32, rand=4, actions=&lt;Down&gt;&#10;Want     | Got ✗   &#10;-------------------&#10;........ | ........&#10;........ | ........&#10;........ | ........&#10;........ | ........&#10;........ | ........&#10;........ | ........&#10;........ | ........&#10;.S...... | .....Z..&#10;.SS.Z... | ...ZZZ..&#10;..SZZ.L. | ..ZZZ.L.&#10;...ZLLL. | ..Z.LLL.&#10;&#10;step=33, rand=4, actions=&lt;Down&gt;&#10;Want     | Got ✗   &#10;-------------------&#10;........ | ....SS..&#10;........ | ...SS...&#10;........ | ........&#10;........ | ........&#10;........ | ........&#10;........ | ........&#10;........ | ........&#10;........ | .....Z..&#10;.S..Z... | ...ZZZ..&#10;.SSZZ.L. | ..ZZZ.L.&#10;..SZLLL. | ..Z.LLL.&#10;&#10;step=34, rand=0, actions=&lt;Down&gt;&#10;Want     | Got ✗   &#10;-------------------&#10;........ | ........&#10;..IIII.. | ....SS..&#10;........ | ...SS...&#10;........ | ........&#10;........ | ........&#10;........ | ........&#10;........ | ........&#10;........ | .....Z..&#10;.S..Z... | ...ZZZ..&#10;.SSZZ.L. | ..ZZZ.L.&#10;..SZLLL. | ..Z.LLL.&#10;&#10;step=35, rand=0, actions=&lt;RotateRight&gt;&#10;Want     | Got ✗   &#10;-------------------&#10;....I... | ........&#10;....I... | ....S...&#10;....I... | ....SS..&#10;....I... | .....S..&#10;........ | ........&#10;........ | ........&#10;........ | ........&#10;........ | .....Z..&#10;.S..Z... | ...ZZZ..&#10;.SSZZ.L. | ..ZZZ.L.&#10;..SZLLL. | ..Z.LLL.&#10;&#10;step=36, rand=0, actions=&lt;Left&gt;&#10;Want     | Got ✗   &#10;-------------------&#10;...I.... | ........&#10;...I.... | ...S....&#10;...I.... | ...SS...&#10;...I.... | ....S...&#10;........ | ........&#10;........ | ........&#10;........ | ........&#10;........ | .....Z..&#10;.S..Z... | ...ZZZ..&#10;.SSZZ.L. | ..ZZZ.L.&#10;..SZLLL. | ..Z.LLL.&#10;&#10;step=37, rand=0, actions=&lt;Left&gt;&#10;Want     | Got ✗   &#10;-------------------&#10;..I..... | ........&#10;..I..... | ..S.....&#10;..I..... | ..SS....&#10;..I..... | ...S....&#10;........ | ........&#10;........ | ........&#10;........ | ........&#10;........ | .....Z..&#10;.S..Z... | ...ZZZ..&#10;.SSZZ.L. | ..ZZZ.L.&#10;..SZLLL. | ..Z.LLL.&#10;&#10;step=38, rand=0, actions=&lt;Left&gt;&#10;Want     | Got ✗   &#10;-------------------&#10;.I...... | ........&#10;.I...... | .S......&#10;.I...... | .SS.....&#10;.I...... | ..S.....&#10;........ | ........&#10;........ | ........&#10;........ | ........&#10;........ | .....Z..&#10;.S..Z... | ...ZZZ..&#10;.SSZZ.L. | ..ZZZ.L.&#10;..SZLLL. | ..Z.LLL.&#10;&#10;step=39, rand=0, actions=&lt;Left&gt;&#10;Want     | Got ✗   &#10;-------------------&#10;I....... | ........&#10;I....... | S.......&#10;I....... | SS......&#10;I....... | .S......&#10;........ | ........&#10;........ | ........&#10;........ | ........&#10;........ | .....Z..&#10;.S..Z... | ...ZZZ..&#10;.SSZZ.L. | ..ZZZ.L.&#10;..SZLLL. | ..Z.LLL.&#10;&#10;step=40, rand=0, actions=&lt;Left&gt;&#10;Want     | Got ✗   &#10;-------------------&#10;I....... | ........&#10;I....... | S.......&#10;I....... | SS......&#10;I....... | .S......&#10;........ | ........&#10;........ | ........&#10;........ | ........&#10;........ | .....Z..&#10;.S..Z... | ...ZZZ..&#10;.SSZZ.L. | ..ZZZ.L.&#10;..SZLLL. | ..Z.LLL.&#10;&#10;step=41, rand=0, actions=&lt;Down&gt;&#10;Want     | Got ✗   &#10;-------------------&#10;........ | ........&#10;I....... | ........&#10;I....... | S.......&#10;I....... | SS......&#10;I....... | .S......&#10;........ | ........&#10;........ | ........&#10;........ | .....Z..&#10;.S..Z... | ...ZZZ..&#10;.SSZZ.L. | ..ZZZ.L.&#10;..SZLLL. | ..Z.LLL.&#10;&#10;step=42, rand=0, actions=&lt;Down&gt;&#10;Want     | Got ✗   &#10;-------------------&#10;........ | ........&#10;........ | ........&#10;I....... | ........&#10;I....... | S.......&#10;I....... | SS......&#10;I....... | .S......&#10;........ | ........&#10;........ | .....Z..&#10;.S..Z... | ...ZZZ..&#10;.SSZZ.L. | ..ZZZ.L.&#10;..SZLLL. | ..Z.LLL.&#10;&#10;step=43, rand=0, actions=&lt;Down&gt;&#10;Want     | Got ✗   &#10;-------------------&#10;........ | ........&#10;........ | ........&#10;........ | ........&#10;I....... | ........&#10;I....... | S.......&#10;I....... | SS......&#10;I....... | .S......&#10;........ | .....Z..&#10;.S..Z... | ...ZZZ..&#10;.SSZZ.L. | ..ZZZ.L.&#10;..SZLLL. | ..Z.LLL.&#10;&#10;step=44, rand=0, actions=&lt;Down&gt;&#10;Want     | Got ✗   &#10;-------------------&#10;........ | ........&#10;........ | ........&#10;........ | ........&#10;........ | ........&#10;I....... | ........&#10;I....... | S.......&#10;I....... | SS......&#10;I....... | .S...Z..&#10;.S..Z... | ...ZZZ..&#10;.SSZZ.L. | ..ZZZ.L.&#10;..SZLLL. | ..Z.LLL.&#10;&#10;step=45, rand=0, actions=&lt;Down&gt;&#10;Want     | Got ✗   &#10;-------------------&#10;........ | ........&#10;........ | ........&#10;........ | ........&#10;........ | ........&#10;........ | ........&#10;I....... | ........&#10;I....... | S.......&#10;I....... | SS...Z..&#10;IS..Z... | .S.ZZZ..&#10;.SSZZ.L. | ..ZZZ.L.&#10;..SZLLL. | ..Z.LLL.&#10;&#10;step=46, rand=0, actions=&lt;Down&gt;&#10;Want     | Got ✗   &#10;-------------------&#10;........ | ........&#10;........ | ........&#10;........ | ........&#10;........ | ........&#10;........ | ........&#10;........ | ........&#10;I....... | ........&#10;I....... | S....Z..&#10;IS..Z... | SS.ZZZ..&#10;ISSZZ.L. | .SZZZ.L.&#10;..SZLLL. | ..Z.LLL.&#10;&#10;step=47, rand=0, actions=&lt;Down&gt;&#10;Want     | Got ✗   &#10;-------------------&#10;........ | ........&#10;........ | ........&#10;........ | ........&#10;........ | ........&#10;........ | ........&#10;........ | ........&#10;........ | ........&#10;I....... | .....Z..&#10;IS..Z... | S..ZZZ..&#10;ISSZZ.L. | SSZZZ.L.&#10;I.SZLLL. | .SZ.LLL.&#10;&#10;step=48, rand=3, actions=&lt;Down&gt;&#10;Want     | Got ✗   &#10;-------------------&#10;...OO... | ....OO..&#10;...OO... | ....OO..&#10;........ | ........&#10;........ | ........&#10;........ | ........&#10;........ | ........&#10;........ | ........&#10;I....... | .....Z..&#10;IS..Z... | S..ZZZ..&#10;ISSZZ.L. | SSZZZ.L.&#10;I.SZLLL. | .SZ.LLL.&#10;&#10;step=49, rand=3, actions=&lt;Left&gt;&#10;Want     | Got ✗   &#10;-------------------&#10;..OO.... | ...OO...&#10;..OO.... | ...OO...&#10;........ | ........&#10;........ | ........&#10;........ | ........&#10;........ | ........&#10;........ | ........&#10;I....... | .....Z..&#10;IS..Z... | S..ZZZ..&#10;ISSZZ.L. | SSZZZ.L.&#10;I.SZLLL. | .SZ.LLL.&#10;&#10;step=50, rand=3, actions=&lt;Down&gt;&#10;Want     | Got ✗   &#10;-------------------&#10;........ | ........&#10;..OO.... | ...OO...&#10;..OO.... | ...OO...&#10;........ | ........&#10;........ | ........&#10;........ | ........&#10;........ | ........&#10;I....... | .....Z..&#10;IS..Z... | S..ZZZ..&#10;ISSZZ.L. | SSZZZ.L.&#10;I.SZLLL. | .SZ.LLL.&#10;&#10;step=51, rand=3, actions=&lt;Left&gt;&#10;Want     | Got ✗   &#10;-------------------&#10;........ | ........&#10;.OO..... | ..OO....&#10;.OO..... | ..OO....&#10;........ | ........&#10;........ | ........&#10;........ | ........&#10;........ | ........&#10;I....... | .....Z..&#10;IS..Z... | S..ZZZ..&#10;ISSZZ.L. | SSZZZ.L.&#10;I.SZLLL. | .SZ.LLL.&#10;&#10;step=52, rand=3, actions=&lt;Down&gt;&#10;Want     | Got ✗   &#10;-------------------&#10;........ | ........&#10;........ | ........&#10;.OO..... | ..OO....&#10;.OO..... | ..OO....&#10;........ | ........&#10;........ | ........&#10;........ | ........&#10;I....... | .....Z..&#10;IS..Z... | S..ZZZ..&#10;ISSZZ.L. | SSZZZ.L.&#10;I.SZLLL. | .SZ.LLL.&#10;&#10;step=53, rand=3, actions=&lt;Down&gt;&#10;Want     | Got ✗   &#10;-------------------&#10;........ | ........&#10;........ | ........&#10;........ | ........&#10;.OO..... | ..OO....&#10;.OO..... | ..OO....&#10;........ | ........&#10;........ | ........&#10;I....... | .....Z..&#10;IS..Z... | S..ZZZ..&#10;ISSZZ.L. | SSZZZ.L.&#10;I.SZLLL. | .SZ.LLL.&#10;&#10;step=54, rand=3, actions=&lt;Down&gt;&#10;Want     | Got ✗   &#10;-------------------&#10;........ | ........&#10;........ | ........&#10;........ | ........&#10;........ | ........&#10;.OO..... | ..OO....&#10;.OO..... | ..OO....&#10;........ | ........&#10;I....... | .....Z..&#10;IS..Z... | S..ZZZ..&#10;ISSZZ.L. | SSZZZ.L.&#10;I.SZLLL. | .SZ.LLL.&#10;&#10;step=55, rand=3, actions=&lt;Down&gt;&#10;Want     | Got ✗   &#10;-------------------&#10;........ | ........&#10;........ | ........&#10;........ | ........&#10;........ | ........&#10;........ | ........&#10;.OO..... | ..OO....&#10;.OO..... | ..OO....&#10;I....... | .....Z..&#10;IS..Z... | S..ZZZ..&#10;ISSZZ.L. | SSZZZ.L.&#10;I.SZLLL. | .SZ.LLL.&#10;&#10;step=56, rand=3, actions=&lt;Right&gt;&#10;Want     | Got ✗   &#10;-------------------&#10;........ | ........&#10;........ | ........&#10;........ | ........&#10;........ | ........&#10;........ | ........&#10;..OO.... | ...OO...&#10;..OO.... | ...OO...&#10;I....... | .....Z..&#10;IS..Z... | S..ZZZ..&#10;ISSZZ.L. | SSZZZ.L.&#10;I.SZLLL. | .SZ.LLL.&#10;&#10;step=57, rand=3, actions=&lt;Down&gt;&#10;Want     | Got ✗   &#10;-------------------&#10;........ | ........&#10;........ | ........&#10;........ | ........&#10;........ | ........&#10;........ | ........&#10;........ | ........&#10;..OO.... | ...OO...&#10;I.OO.... | ...OOZ..&#10;IS..Z... | S..ZZZ..&#10;ISSZZ.L. | SSZZZ.L.&#10;I.SZLLL. | .SZ.LLL.&#10;&#10;step=58, rand=3, actions=&lt;Down&gt;&#10;Want     | Got ✗   &#10;-------------------&#10;........ | ....OO..&#10;........ | ....OO..&#10;........ | ........&#10;........ | ........&#10;........ | ........&#10;........ | ........&#10;........ | ...OO...&#10;I.OO.... | ...OOZ..&#10;ISOOZ... | S..ZZZ..&#10;ISSZZ.L. | SSZZZ.L.&#10;I.SZLLL. | .SZ.LLL.&#10;&#10;step=59, rand=3, actions=&lt;Down&gt;&#10;Want     | Got ✗   &#10;-------------------&#10;...OO... | ........&#10;...OO... | ....OO..&#10;........ | ....OO..&#10;........ | ........&#10;........ | ........&#10;........ | ........&#10;........ | ...OO...&#10;I.OO.... | ...OOZ..&#10;ISOOZ... | S..ZZZ..&#10;ISSZZ.L. | SSZZZ.L.&#10;I.SZLLL. | .SZ.LLL.&#10;&#10;step=60, rand=3, actions=&lt;Left&gt;&#10;Want     | Got ✗   &#10;-------------------&#10;..OO.... | ........&#10;..OO.... | ...OO...&#10;........ | ...OO...&#10;........ | ........&#10;........ | ........&#10;........ | ........&#10;........ | ...OO...&#10;I.OO.... | ...OOZ..&#10;ISOOZ... | S..ZZZ..&#10;ISSZZ.L. | SSZZZ.L.&#10;I.SZLLL. | .SZ.LLL.&#10;&#10;step=61, rand=3, actions=&lt;Down&gt;&#10;Want     | Got ✗   &#10;-------------------&#10;........ | ........&#10;..OO.... | ........&#10;..OO.... | ...OO...&#10;........ | ...OO...&#10;........ | ........&#10;........ | ........&#10;........ | ...OO...&#10;I.OO.... | ...OOZ..&#10;ISOOZ... | S..ZZZ..&#10;ISSZZ.L. | SSZZZ.L.&#10;I.SZLLL. | .SZ.LLL.&#10;&#10;step=62, rand=3, actions=&lt;Down&gt;&#10;Want     | Got ✗   &#10;-------------------&#10;........ | ........&#10;........ | ........&#10;..OO.... | ........&#10;..OO.... | ...OO...&#10;........ | ...OO...&#10;........ | ........&#10;........ | ...OO...&#10;I.OO.... | ...OOZ..&#10;ISOOZ... | S..ZZZ..&#10;ISSZZ.L. | SSZZZ.L.&#10;I.SZLLL. | .SZ.LLL.&#10;&#10;step=63, rand=3, actions=&lt;Down&gt;&#10;Want     | Got ✗   &#10;-------------------&#10;........ | ........&#10;........ | ........&#10;........ | ........&#10;..OO.... | ........&#10;..OO.... | ...OO...&#10;........ | ...OO...&#10;........ | ...OO...&#10;I.OO.... | ...OOZ..&#10;ISOOZ... | S..ZZZ..&#10;ISSZZ.L. | SSZZZ.L.&#10;I.SZLLL. | .SZ.LLL.&#10;&#10;step=64, rand=3, actions=&lt;Down&gt;&#10;Want     | Got ✗   &#10;-------------------&#10;........ | ....OO..&#10;........ | ....OO..&#10;........ | ........&#10;........ | ........&#10;..OO.... | ...OO...&#10;..OO.... | ...OO...&#10;........ | ...OO...&#10;I.OO.... | ...OOZ..&#10;ISOOZ... | S..ZZZ..&#10;ISSZZ.L. | SSZZZ.L.&#10;I.SZLLL. | .SZ.LLL.&#10;&#10;step=65, rand=3, actions=&lt;Down&gt;&#10;Want     | Got ✗   &#10;-------------------&#10;........ | ........&#10;........ | ....OO..&#10;........ | ....OO..&#10;........ | ........&#10;........ | ...OO...&#10;..OO.... | ...OO...&#10;..OO.... | ...OO...&#10;I.OO.... | ...OOZ..&#10;ISOOZ... | S..ZZZ..&#10;ISSZZ.L. | SSZZZ.L.&#10;I.SZLLL. | .SZ.LLL.&#10;&#10;step=66, rand=2, actions=&lt;Down&gt;&#10;Want     | Got ✗   &#10;-------------------&#10;....L... | ........&#10;..LLL... | ........&#10;........ | ....OO..&#10;........ | ....OO..&#10;........ | ...OO...&#10;..OO.... | ...OO...&#10;..OO.... | ...OO...&#10;I.OO.... | ...OOZ..&#10;ISOOZ... | S..ZZZ..&#10;ISSZZ.L. | SSZZZ.L.&#10;I.SZLLL. | .SZ.LLL.&#10;&#10;step=67, rand=2, actions=&lt;RotateRight&gt;&#10;Want     | Got ✗   &#10;-------------------&#10;...L.... | ........&#10;...L.... | ........&#10;...LL... | ....OO..&#10;........ | ....OO..&#10;........ | ...OO...&#10;..OO.... | ...OO...&#10;..OO.... | ...OO...&#10;I.OO.... | ...OOZ..&#10;ISOOZ... | S..ZZZ..&#10;ISSZZ.L. | SSZZZ.L.&#10;I.SZLLL. | .SZ.LLL.&#10;&#10;step=68, rand=2, actions=&lt;Right&gt;&#10;Want     | Got ✗   &#10;-------------------&#10;....L... | ........&#10;....L... | ........&#10;....LL.. | .....OO.&#10;........ | .....OO.&#10;........ | ...OO...&#10;..OO.... | ...OO...&#10;..OO.... | ...OO...&#10;I.OO.... | ...OOZ..&#10;ISOOZ... | S..ZZZ..&#10;ISSZZ.L. | SSZZZ.L.&#10;I.SZLLL. | .SZ.LLL.&#10;&#10;step=69, rand=2, actions=&lt;Right&gt;&#10;Want     | Got ✗   &#10;-------------------&#10;.....L.. | ........&#10;.....L.. | ........&#10;.....LL. | ......OO&#10;........ | ......OO&#10;........ | ...OO...&#10;..OO.... | ...OO...&#10;..OO.... | ...OO...&#10;I.OO.... | ...OOZ..&#10;ISOOZ... | S..ZZZ..&#10;ISSZZ.L. | SSZZZ.L.&#10;I.SZLLL. | .SZ.LLL.&#10;&#10;step=70, rand=2, actions=&lt;RotateRight&gt;&#10;Want     | Got ✗   &#10;-------------------&#10;........ | ........&#10;....LLL. | ........&#10;....L... | ......OO&#10;........ | ......OO&#10;........ | ...OO...&#10;..OO.... | ...OO...&#10;..OO.... | ...OO...&#10;I.OO.... | ...OOZ..&#10;ISOOZ... | S..ZZZ..&#10;ISSZZ.L. | SSZZZ.L.&#10;I.SZLLL. | .SZ.LLL.&#10;&#10;step=71, rand=2, actions=&lt;RotateRight&gt;&#10;Want     | Got ✗   &#10;-------------------&#10;....LL.. | ........&#10;.....L.. | ........&#10;.....L.. | ......OO&#10;........ | ......OO&#10;........ | ...OO...&#10;..OO.... | ...OO...&#10;..OO.... | ...OO...&#10;I.OO.... | ...OOZ..&#10;ISOOZ... | S..ZZZ..&#10;ISSZZ.L. | SSZZZ.L.&#10;I.SZLLL. | .SZ.LLL.&#10;&#10;step=72, rand=2, actions=&lt;Right&gt;&#10;Want     | Got ✗   &#10;-------------------&#10;.....LL. | ........&#10;......L. | ........&#10;......L. | ......OO&#10;........ | ......OO&#10;........ | ...OO...&#10;..OO.... | ...OO...&#10;..OO.... | ...OO...&#10;I.OO.... | ...OOZ..&#10;ISOOZ... | S..ZZZ..&#10;ISSZZ.L. | SSZZZ.L.&#10;I.SZLLL. | .SZ.LLL.&#10;&#10;step=73, rand=2, actions=&lt;Right&gt;&#10;Want     | Got ✗   &#10;-------------------&#10;......LL | ........&#10;.......L | ........&#10;.......L | ......OO&#10;........ | ......OO&#10;........ | ...OO...&#10;..OO.... | ...OO...&#10;..OO.... | ...OO...&#10;I.OO.... | ...OOZ..&#10;ISOOZ... | S..ZZZ..&#10;ISSZZ.L. | SSZZZ.L.&#10;I.SZLLL. | .SZ.LLL.&#10;&#10;step=74, rand=2, actions=&lt;Down&gt;&#10;Want     | Got ✗   &#10;-------------------&#10;........ | ........&#10;......LL | ........&#10;.......L | ........&#10;.......L | ......OO&#10;........ | ...OO.OO&#10;..OO.... | ...OO...&#10;..OO.... | ...OO...&#10;I.OO.... | ...OOZ..&#10;ISOOZ... | S..ZZZ..&#10;ISSZZ.L. | SSZZZ.L.&#10;I.SZLLL. | .SZ.LLL.&#10;&#10;step=75, rand=2, actions=&lt;Down&gt;&#10;Want     | Got ✗   &#10;-------------------&#10;........ | ........&#10;........ | ........&#10;......LL | ........&#10;.......L | ........&#10;.......L | ...OO.OO&#10;..OO.... | ...OO.OO&#10;..OO.... | ...OO...&#10;I.OO.... | ...OOZ..&#10;ISOOZ... | S..ZZZ..&#10;ISSZZ.L. | SSZZZ.L.&#10;I.SZLLL. | .SZ.LLL.&#10;&#10;step=76, rand=2, actions=&lt;Down&gt;&#10;Want     | Got ✗   &#10;-------------------&#10;........ | ........&#10;........ | ........&#10;........ | ........&#10;......LL | ........&#10;.......L | ...OO...&#10;..OO...L | ...OO.OO&#10;..OO.... | ...OO.OO&#10;I.OO.... | ...OOZ..&#10;ISOOZ... | S..ZZZ..&#10;ISSZZ.L. | SSZZZ.L.&#10;I.SZLLL. | .SZ.LLL.&#10;&#10;step=77, rand=2, actions=&lt;Down&gt;&#10;Want     | Got ✗   &#10;-------------------&#10;........ | ........&#10;........ | ........&#10;........ | ........&#10;........ | ........&#10;......LL | ...OO...&#10;..OO...L | ...OO...&#10;..OO...L | ...OO.OO&#10;I.OO.... | ...OOZOO&#10;ISOOZ... | S..ZZZ..&#10;ISSZZ.L. | SSZZZ.L.&#10;I.SZLLL. | .SZ.LLL.&#10;&#10;step=78, rand=2, actions=&lt;Down&gt;&#10;Want     | Got ✗   &#10;-------------------&#10;........ | ........&#10;........ | ........&#10;........ | ........&#10;........ | ........&#10;........ | ...OO...&#10;..OO..LL | ...OO...&#10;..OO...L | ...OO...&#10;I.OO...L | ...OOZOO&#10;ISOOZ... | S..ZZZOO&#10;ISSZZ.L. | SSZZZ.L.&#10;I.SZLLL. | .SZ.LLL.&#10;&#10;step=79, rand=2, actions=&lt;Down&gt;&#10;Want     | Got ✗   &#10;-------------------&#10;........ | .....L..&#10;........ | ...LLL..&#10;........ | ........&#10;........ | ........&#10;........ | ...OO...&#10;..OO.... | ...OO...&#10;..OO..LL | ...OO...&#10;I.OO...L | ...OOZOO&#10;ISOOZ..L | S..ZZZOO&#10;ISSZZ.L. | SSZZZ.L.&#10;I.SZLLL. | .SZ.LLL.&#10;&#10;step=80, rand=2, actions=&lt;Down&gt;&#10;Want     | Got ✗   &#10;-------------------&#10;........ | ........&#10;........ | .....L..&#10;........ | ...LLL..&#10;........ | ........&#10;........ | ...OO...&#10;..OO.... | ...OO...&#10;..OO.... | ...OO...&#10;I.OO..LL | ...OOZOO&#10;ISOOZ..L | S..ZZZOO&#10;ISSZZ.LL | SSZZZ.L.&#10;I.SZLLL. | .SZ.LLL.&#10;&#10;step=81, rand=2, actions=&lt;Down&gt;&#10;Want     | Got ✗   &#10;-------------------&#10;........ | ........&#10;........ | ........&#10;........ | .....L..&#10;........ | ...LLL..&#10;........ | ...OO...&#10;..OO.... | ...OO...&#10;..OO.... | ...OO...&#10;I.OO.... | ...OOZOO&#10;ISOOZ.LL | S..ZZZOO&#10;ISSZZ.LL | SSZZZ.L.&#10;I.SZLLLL | .SZ.LLL.&#10;&#10;step=82, rand=5, actions=&lt;Down&gt;&#10;Want     | Got ✗   &#10;-------------------&#10;...T.... | ....T...&#10;..TTT... | ...TTT..&#10;........ | .....L..&#10;........ | ...LLL..&#10;........ | ...OO...&#10;..OO.... | ...OO...&#10;..OO.... | ...OO...&#10;I.OO.... | ...OOZOO&#10;ISOOZ.LL | S..ZZZOO&#10;ISSZZ.LL | SSZZZ.L.&#10;I.SZLLLL | .SZ.LLL.&#10;&#10;step=83, rand=5, actions=&lt;Right&gt;&#10;Want     | Got ✗   &#10;-------------------&#10;....T... | .....T..&#10;...TTT.. | ....TTT.&#10;........ | .....L..&#10;........ | ...LLL..&#10;........ | ...OO...&#10;..OO.... | ...OO...&#10;..OO.... | ...OO...&#10;I.OO.... | ...OOZOO&#10;ISOOZ.LL | S..ZZZOO&#10;ISSZZ.LL | SSZZZ.L.&#10;I.SZLLLL | .SZ.LLL.&#10;&#10;step=84, rand=5, actions=&lt;Right&gt;&#10;Want     | Got ✗   &#10;-------------------&#10;.....T.. | ......T.&#10;....TTT. | .....TTT&#10;........ | .....L..&#10;........ | ...LLL..&#10;........ | ...OO...&#10;..OO.... | ...OO...&#10;..OO.... | ...OO...&#10;I.OO.... | ...OOZOO&#10;ISOOZ.LL | S..ZZZOO&#10;ISSZZ.LL | SSZZZ.L.&#10;I.SZLLLL | .SZ.LLL.&#10;&#10;step=85, rand=5, actions=&lt;RotateRight&gt;&#10;Want     | Got ✗   &#10;-------------------&#10;.....T.. | ......T.&#10;.....TT. | ......TT&#10;.....T.. | .....LT.&#10;........ | ...LLL..&#10;........ | ...OO...&#10;..OO.... | ...OO...&#10;..OO.... | ...OO...&#10;I.OO.... | ...OOZOO&#10;ISOOZ.LL | S..ZZZOO&#10;ISSZZ.LL | SSZZZ.L.&#10;I.SZLLLL | .SZ.LLL.&#10;&#10;step=86, rand=5, actions=&lt;RotateRight&gt;&#10;Want     | Got ✗   &#10;-------------------&#10;........ | ........&#10;....TTT. | .....TTT&#10;.....T.. | .....LT.&#10;........ | ...LLL..&#10;........ | ...OO...&#10;..OO.... | ...OO...&#10;..OO.... | ...OO...&#10;I.OO.... | ...OOZOO&#10;ISOOZ.LL | S..ZZZOO&#10;ISSZZ.LL | SSZZZ.L.&#10;I.SZLLLL | .SZ.LLL.&#10;&#10;step=87, rand=5, actions=&lt;Down&gt;&#10;Want     | Got ✗   &#10;-------------------&#10;........ | ....T...&#10;........ | ...TTTTT&#10;....TTT. | .....LT.&#10;.....T.. | ...LLL..&#10;........ | ...OO...&#10;..OO.... | ...OO...&#10;..OO.... | ...OO...&#10;I.OO.... | ...OOZOO&#10;ISOOZ.LL | S..ZZZOO&#10;ISSZZ.LL | SSZZZ.L.&#10;I.SZLLLL | .SZ.LLL.&#10;&#10;step=88, rand=5, actions=&lt;Down&gt;&#10;Want     | Got ✗   &#10;-------------------&#10;........ | ....T...&#10;........ | ...TTTTT&#10;........ | .....LT.&#10;....TTT. | ...LLL..&#10;.....T.. | ...OO...&#10;..OO.... | ...OO...&#10;..OO.... | ...OO...&#10;I.OO.... | ...OOZOO&#10;ISOOZ.LL | S..ZZZOO&#10;ISSZZ.LL | SSZZZ.L.&#10;I.SZLLLL | .SZ.LLL.&#10;&#10;step=89, rand=5, actions=&lt;Down&gt;&#10;Want     | Got ✗   &#10;-------------------&#10;........ | ....T...&#10;........ | ...TTTTT&#10;........ | .....LT.&#10;........ | ...LLL..&#10;....TTT. | ...OO...&#10;..OO.T.. | ...OO...&#10;..OO.... | ...OO...&#10;I.OO.... | ...OOZOO&#10;ISOOZ.LL | S..ZZZOO&#10;ISSZZ.LL | SSZZZ.L.&#10;I.SZLLLL | .SZ.LLL.&#10;&#10;step=90, rand=5, actions=&lt;Down&gt;&#10;Want     | Got ✗   &#10;-------------------&#10;........ | ....T...&#10;........ | ...TTTTT&#10;........ | .....LT.&#10;........ | ...LLL..&#10;........ | ...OO...&#10;..OOTTT. | ...OO...&#10;..OO.T.. | ...OO...&#10;I.OO.... | ...OOZOO&#10;ISOOZ.LL | S..ZZZOO&#10;ISSZZ.LL | SSZZZ.L.&#10;I.SZLLLL | .SZ.LLL.&#10;&#10;step=91, rand=5, actions=&lt;Down&gt;&#10;Want     | Got ✗   &#10;-------------------&#10;........ | ....T...&#10;........ | ...TTTTT&#10;........ | .....LT.&#10;........ | ...LLL..&#10;........ | ...OO...&#10;..OO.... | ...OO...&#10;..OOTTT. | ...OO...&#10;I.OO.T.. | ...OOZOO&#10;ISOOZ.LL | S..ZZZOO&#10;ISSZZ.LL | SSZZZ.L.&#10;I.SZLLLL | .SZ.LLL.&#10;&#10;step=92, rand=5, actions=&lt;Down&gt;&#10;Want     | Got ✗   &#10;-------------------&#10;........ | ....T...&#10;........ | ...TTTTT&#10;........ | .....LT.&#10;........ | ...LLL..&#10;........ | ...OO...&#10;..OO.... | ...OO...&#10;..OO.... | ...OO...&#10;I.OOTTT. | ...OOZOO&#10;ISOOZTLL | S..ZZZOO&#10;ISSZZ.LL | SSZZZ.L.&#10;I.SZLLLL | .SZ.LLL.&#10;&#10;step=93, rand=4, actions=&lt;Down&gt;&#10;Want     | Got ✗   &#10;-------------------&#10;...SS... | ....SS..&#10;..SS.... | ...SSTTT&#10;........ | .....LT.&#10;........ | ...LLL..&#10;........ | ...OO...&#10;........ | ...OO...&#10;..OO.... | ...OO...&#10;..OO.... | ...OOZOO&#10;I.OOTTT. | S..ZZZOO&#10;ISSZZ.LL | SSZZZ.L.&#10;I.SZLLLL | .SZ.LLL.&#10;&#10;step=94, rand=4, actions=&lt;Right&gt;&#10;Want     | Got ✗   &#10;-------------------&#10;....SS.. | ....SS..&#10;...SS... | ...SSTTT&#10;........ | .....LT.&#10;........ | ...LLL..&#10;........ | ...OO...&#10;........ | ...OO...&#10;..OO.... | ...OO...&#10;..OO.... | ...OOZOO&#10;I.OOTTT. | S..ZZZOO&#10;ISSZZ.LL | SSZZZ.L.&#10;I.SZLLLL | .SZ.LLL.&#10;&#10;step=95, rand=4, actions=&lt;RotateRight&gt;&#10;Want     | Got ✗   &#10;-------------------&#10;....S... | ....SS..&#10;....SS.. | ...SSTTT&#10;.....S.. | .....LT.&#10;........ | ...LLL..&#10;........ | ...OO...&#10;........ | ...OO...&#10;..OO.... | ...OO...&#10;..OO.... | ...OOZOO&#10;I.OOTTT. | S..ZZZOO&#10;ISSZZ.LL | SSZZZ.L.&#10;I.SZLLLL | .SZ.LLL.&#10;&#10;step=96, rand=4, actions=&lt;Right&gt;&#10;Want     | Got ✗   &#10;-------------------&#10;.....S.. | ....SS..&#10;.....SS. | ...SSTTT&#10;......S. | .....LT.&#10;........ | ...LLL..&#10;........ | ...OO...&#10;........ | ...OO...&#10;..OO.... | ...OO...&#10;..OO.... | ...OOZOO&#10;I.OOTTT. | S..ZZZOO&#10;ISSZZ.LL | SSZZZ.L.&#10;I.SZLLLL | .SZ.LLL.&#10;&#10;step=97, rand=4, actions=&lt;Right&gt;&#10;Want     | Got ✗   &#10;-------------------&#10;......S. | ....SS..&#10;......SS | ...SSTTT&#10;.......S | .....LT.&#10;........ | ...LLL..&#10;........ | ...OO...&#10;........ | ...OO...&#10;..OO.... | ...OO...&#10;..OO.... | ...OOZOO&#10;I.OOTTT. | S..ZZZOO&#10;ISSZZ.LL | SSZZZ.L.&#10;I.SZLLLL | .SZ.LLL.&#10;&#10;step=98, rand=4, actions=&lt;Down&gt;&#10;Want     | Got ✗   &#10;-------------------&#10;........ | ....SS..&#10;......S. | ...SSTTT&#10;......SS | .....LT.&#10;.......S | ...LLL..&#10;........ | ...OO...&#10;........ | ...OO...&#10;..OO.... | ...OO...&#10;..OO.... | ...OOZOO&#10;I.OOTTT. | S..ZZZOO&#10;ISSZZ.LL | SSZZZ.L.&#10;I.SZLLLL | .SZ.LLL.&#10;&#10;step=99, rand=4, actions=&lt;Down&gt;&#10;Want     | Got ✗   &#10;-------------------&#10;........ | ....SS..&#10;........ | ...SSTTT&#10;......S. | .....LT.&#10;......SS | ...LLL..&#10;.......S | ...OO...&#10;........ | ...OO...&#10;..OO.... | ...OO...&#10;..OO.... | ...OOZOO&#10;I.OOTTT. | S..ZZZOO&#10;ISSZZ.LL | SSZZZ.L.&#10;I.SZLLLL | .SZ.LLL.&#10;&#10;step=100, rand=4, actions=&lt;Down&gt;&#10;Want     | Got ✗   &#10;-------------------&#10;........ | ....SS..&#10;........ | ...SSTTT&#10;........ | .....LT.&#10;......S. | ...LLL..&#10;......SS | ...OO...&#10;.......S | ...OO...&#10;..OO.... | ...OO...&#10;..OO.... | ...OOZOO&#10;I.OOTTT. | S..ZZZOO&#10;ISSZZ.LL | SSZZZ.L.&#10;I.SZLLLL | .SZ.LLL.&#10;&#10;step=101, rand=4, actions=&lt;Down&gt;&#10;Want     | Got ✗   &#10;-------------------&#10;........ | ....SS..&#10;........ | ...SSTTT&#10;........ | .....LT.&#10;........ | ...LLL..&#10;......S. | ...OO...&#10;......SS | ...OO...&#10;..OO...S | ...OO...&#10;..OO.... | ...OOZOO&#10;I.OOTTT. | S..ZZZOO&#10;ISSZZ.LL | SSZZZ.L.&#10;I.SZLLLL | .SZ.LLL.&#10;&#10;step=102, rand=4, actions=&lt;Down&gt;&#10;Want     | Got ✗   &#10;-------------------&#10;........ | ....SS..&#10;........ | ...SSTTT&#10;........ | .....LT.&#10;........ | ...LLL..&#10;........ | ...OO...&#10;......S. | ...OO...&#10;..OO..SS | ...OO...&#10;..OO...S | ...OOZOO&#10;I.OOTTT. | S..ZZZOO&#10;ISSZZ.LL | SSZZZ.L.&#10;I.SZLLLL | .SZ.LLL.&#10;&#10;step=103, rand=4, actions=&lt;Down&gt;&#10;Want     | Got ✗   &#10;-------------------&#10;........ | ....SS..&#10;........ | ...SSTTT&#10;........ | .....LT.&#10;........ | ...LLL..&#10;........ | ...OO...&#10;........ | ...OO...&#10;..OO..S. | ...OO...&#10;..OO..SS | ...OOZOO&#10;I.OOTTTS | S..ZZZOO&#10;ISSZZ.LL | SSZZZ.L.&#10;I.SZLLLL | .SZ.LLL.&#10;&#10;step=104, rand=5, actions=&lt;Down&gt;&#10;Want     | Got ✗   &#10;-------------------&#10;...T.... | ....TS..&#10;..TTT... | ...TTTTT&#10;........ | .....LT.&#10;........ | ...LLL..&#10;........ | ...OO...&#10;........ | ...OO...&#10;..OO..S. | ...OO...&#10;..OO..SS | ...OOZOO&#10;I.OOTTTS | S..ZZZOO&#10;ISSZZ.LL | SSZZZ.L.&#10;I.SZLLLL | .SZ.LLL.&#10;&#10;step=105, rand=5, actions=&lt;Left&gt;&#10;Want     | Got ✗   &#10;-------------------&#10;..T..... | ....TS..&#10;.TTT.... | ...TTTTT&#10;........ | .....LT.&#10;........ | ...LLL..&#10;........ | ...OO...&#10;........ | ...OO...&#10;..OO..S. | ...OO...&#10;..OO..SS | ...OOZOO&#10;I.OOTTTS | S..ZZZOO&#10;ISSZZ.LL | SSZZZ.L.&#10;I.SZLLLL | .SZ.LLL.&#10;&#10;step=106, rand=5, actions=&lt;RotateRight&gt;&#10;Want     | Got ✗   &#10;-------------------&#10;..T..... | ....TS..&#10;..TT.... | ...TTTTT&#10;..T..... | .....LT.&#10;........ | ...LLL..&#10;........ | ...OO...&#10;........ | ...OO...&#10;..OO..S. | ...OO...&#10;..OO..SS | ...OOZOO&#10;I.OOTTTS | S..ZZZOO&#10;ISSZZ.LL | SSZZZ.L.&#10;I.SZLLLL | .SZ.LLL.&#10;&#10;step=107, rand=5, actions=&lt;Left&gt;&#10;Want     | Got ✗   &#10;-------------------&#10;.T...... | ....TS..&#10;.TT..... | ...TTTTT&#10;.T...... | .....LT.&#10;........ | ...LLL..&#10;........ | ...OO...&#10;........ | ...OO...&#10;..OO..S. | ...OO...&#10;..OO..SS | ...OOZOO&#10;I.OOTTTS | S..ZZZOO&#10;ISSZZ.LL | SSZZZ.L.&#10;I.SZLLLL | .SZ.LLL.&#10;&#10;step=108, rand=5, actions=&lt;RotateRight&gt;&#10;Want     | Got ✗   &#10;-------------------&#10;........ | ....TS..&#10;TTT..... | ...TTTTT&#10;.T...... | .....LT.&#10;........ | ...LLL..&#10;........ | ...OO...&#10;........ | ...OO...&#10;..OO..S. | ...OO...&#10;..OO..SS | ...OOZOO&#10;I.OOTTTS | S..ZZZOO&#10;ISSZZ.LL | SSZZZ.L.&#10;I.SZLLLL | .SZ.LLL.&#10;&#10;step=109, rand=5, actions=&lt;RotateRight&gt;&#10;Want     | Got ✗   &#10;-------------------&#10;.T...... | ....TS..&#10;TT...... | ...TTTTT&#10;.T...... | .....LT.&#10;........ | ...LLL..&#10;........ | ...OO...&#10;........ | ...OO...&#10;..OO..S. | ...OO...&#10;..OO..SS | ...OOZOO&#10;I.OOTTTS | S..ZZZOO&#10;ISSZZ.LL | SSZZZ.L.&#10;I.SZLLLL | .SZ.LLL.&#10;&#10;step=110, rand=5, actions=&lt;Down&gt;&#10;Want     | Got ✗   &#10;-------------------&#10;........ | ....TS..&#10;.T...... | ...TTTTT&#10;TT...... | .....LT.&#10;.T...... | ...LLL..&#10;........ | ...OO...&#10;........ | ...OO...&#10;..OO..S. | ...OO...&#10;..OO..SS | ...OOZOO&#10;I.OOTTTS | S..ZZZOO&#10;ISSZZ.LL | SSZZZ.L.&#10;I.SZLLLL | .SZ.LLL.&#10;&#10;step=111, rand=5, actions=&lt;Down&gt;&#10;Want     | Got ✗   &#10;-------------------&#10;........ | ....TS..&#10;........ | ...TTTTT&#10;.T...... | .....LT.&#10;TT...... | ...LLL..&#10;.T...... | ...OO...&#10;........ | ...OO...&#10;..OO..S. | ...OO...&#10;..OO..SS | ...OOZOO&#10;I.OOTTTS | S..ZZZOO&#10;ISSZZ.LL | SSZZZ.L.&#10;I.SZLLLL | .SZ.LLL.&#10;&#10;step=112, rand=5, actions=&lt;Down&gt;&#10;Want     | Got ✗   &#10;-------------------&#10;........ | ....TS..&#10;........ | ...TTTTT&#10;........ | .....LT.&#10;.T...... | ...LLL..&#10;TT...... | ...OO...&#10;.T...... | ...OO...&#10;..OO..S. | ...OO...&#10;..OO..SS | ...OOZOO&#10;I.OOTTTS | S..ZZZOO&#10;ISSZZ.LL | SSZZZ.L.&#10;I.SZLLLL | .SZ.LLL.&#10;&#10;step=113, rand=5, actions=&lt;Down&gt;&#10;Want     | Got ✗   &#10;-------------------&#10;........ | ....TS..&#10;........ | ...TTTTT&#10;........ | .....LT.&#10;........ | ...LLL..&#10;.T...... | ...OO...&#10;TT...... | ...OO...&#10;.TOO..S. | ...OO...&#10;..OO..SS | ...OOZOO&#10;I.OOTTTS | S..ZZZOO&#10;ISSZZ.LL | SSZZZ.L.&#10;I.SZLLLL | .SZ.LLL.&#10;&#10;step=114, rand=5, actions=&lt;Down&gt;&#10;Want     | Got ✗   &#10;-------------------&#10;........ | ....TS..&#10;........ | ...TTTTT&#10;........ | .....LT.&#10;........ | ...LLL..&#10;........ | ...OO...&#10;.T...... | ...OO...&#10;TTOO..S. | ...OO...&#10;.TOO..SS | ...OOZOO&#10;I.OOTTTS | S..ZZZOO&#10;ISSZZ.LL | SSZZZ.L.&#10;I.SZLLLL | .SZ.LLL.&#10;&#10;step=115, rand=5, actions=&lt;Down&gt;&#10;Want     | Got ✗   &#10;-------------------&#10;........ | ....TS..&#10;........ | ...TTTTT&#10;........ | .....LT.&#10;........ | ...LLL..&#10;........ | ...OO...&#10;........ | ...OO...&#10;.TOO..S. | ...OO...&#10;TTOO..SS | ...OOZOO&#10;ITOOTTTS | S..ZZZOO&#10;ISSZZ.LL | SSZZZ.L.&#10;I.SZLLLL | .SZ.LLL.&#10;&#10;step=116, rand=4, actions=&lt;Down&gt;&#10;Want     | Got ✗   &#10;-------------------&#10;...SS... | ....SS..&#10;..SS.... | ...SSTTT&#10;........ | .....LT.&#10;........ | ...LLL..&#10;........ | ...OO...&#10;........ | ...OO...&#10;........ | ...OO...&#10;.TOO..S. | ...OOZOO&#10;TTOO..SS | S..ZZZOO&#10;ISSZZ.LL | SSZZZ.L.&#10;I.SZLLLL | .SZ.LLL.&#10;&#10;step=117, rand=4, actions=&lt;RotateRight&gt;&#10;Want     | Got ✗   &#10;-------------------&#10;...S.... | ....SS..&#10;...SS... | ...SSTTT&#10;....S... | .....LT.&#10;........ | ...LLL..&#10;........ | ...OO...&#10;........ | ...OO...&#10;........ | ...OO...&#10;.TOO..S. | ...OOZOO&#10;TTOO..SS | S..ZZZOO&#10;ISSZZ.LL | SSZZZ.L.&#10;I.SZLLLL | .SZ.LLL.&#10;&#10;step=118, rand=4, actions=&lt;Right&gt;&#10;Want     | Got ✗   &#10;-------------------&#10;....S... | ....SS..&#10;....SS.. | ...SSTTT&#10;.....S.. | .....LT.&#10;........ | ...LLL..&#10;........ | ...OO...&#10;........ | ...OO...&#10;........ | ...OO...&#10;.TOO..S. | ...OOZOO&#10;TTOO..SS | S..ZZZOO&#10;ISSZZ.LL | SSZZZ.L.&#10;I.SZLLLL | .SZ.LLL.&#10;&#10;step=119, rand=4, actions=&lt;Down&gt;&#10;Want     | Got ✗   &#10;-------------------&#10;........ | ....SS..&#10;....S... | ...SSTTT&#10;....SS.. | .....LT.&#10;.....S.. | ...LLL..&#10;........ | ...OO...&#10;........ | ...OO...&#10;........ | ...OO...&#10;.TOO..S. | ...OOZOO&#10;TTOO..SS | S..ZZZOO&#10;ISSZZ.LL | SSZZZ.L.&#10;I.SZLLLL | .SZ.LLL.&#10;&#10;step=120, rand=4, actions=&lt;Down&gt;&#10;Want     | Got ✗   &#10;-------------------&#10;........ | ....SS..&#10;........ | ...SSTTT&#10;....S... | .....LT.&#10;....SS.. | ...LLL..&#10;.....S.. | ...OO...&#10;........ | ...OO...&#10;........ | ...OO...&#10;.TOO..S. | ...OOZOO&#10;TTOO..SS | S..ZZZOO&#10;ISSZZ.LL | SSZZZ.L.&#10;I.SZLLLL | .SZ.LLL.&#10;&#10;step=121, rand=4, actions=&lt;Down&gt;&#10;Want     | Got ✗   &#10;-------------------&#10;........ | ....SS..&#10;........ | ...SSTTT&#10;........ | .....LT.&#10;....S... | ...LLL..&#10;....SS.. | ...OO...&#10;.....S.. | ...OO...&#10;........ | ...OO...&#10;.TOO..S. | ...OOZOO&#10;TTOO..SS | S..ZZZOO&#10;ISSZZ.LL | SSZZZ.L.&#10;I.SZLLLL | .SZ.LLL.&#10;&#10;step=122, rand=4, actions=&lt;Down&gt;&#10;Want     | Got ✗   &#10;-------------------&#10;........ | ....SS..&#10;........ | ...SSTTT&#10;........ | .....LT.&#10;........ | ...LLL..&#10;....S... | ...OO...&#10;....SS.. | ...OO...&#10;.....S.. | ...OO...&#10;.TOO..S. | ...OOZOO&#10;TTOO..SS | S..ZZZOO&#10;ISSZZ.LL | SSZZZ.L.&#10;I.SZLLLL | .SZ.LLL.&#10;&#10;step=123, rand=4, actions=&lt;Down&gt;&#10;Want     | Got ✗   &#10;-------------------&#10;........ | ....SS..&#10;........ | ...SSTTT&#10;........ | .....LT.&#10;........ | ...LLL..&#10;........ | ...OO...&#10;....S... | ...OO...&#10;....SS.. | ...OO...&#10;.TOO.SS. | ...OOZOO&#10;TTOO..SS | S..ZZZOO&#10;ISSZZ.LL | SSZZZ.L.&#10;I.SZLLLL | .SZ.LLL.&#10;&#10;step=124, rand=4, actions=&lt;Down&gt;&#10;Want     | Got ✗   &#10;-------------------&#10;........ | ....SS..&#10;........ | ...SSTTT&#10;........ | .....LT.&#10;........ | ...LLL..&#10;........ | ...OO...&#10;........ | ...OO...&#10;....S... | ...OO...&#10;.TOOSSS. | ...OOZOO&#10;TTOO.SSS | S..ZZZOO&#10;ISSZZ.LL | SSZZZ.L.&#10;I.SZLLLL | .SZ.LLL.&#10;&#10;step=125, rand=4, actions=&lt;Down&gt;&#10;Want     | Got ✗   &#10;-------------------&#10;........ | ....SS..&#10;........ | ...SSTTT&#10;........ | .....LT.&#10;........ | ...LLL..&#10;........ | ...OO...&#10;........ | ...OO...&#10;........ | ...OO...&#10;.TOOS.S. | ...OOZOO&#10;TTOOSSSS | S..ZZZOO&#10;ISSZZSLL | SSZZZ.L.&#10;I.SZLLLL | .SZ.LLL.&#10;&#10;step=126, rand=3, actions=&lt;Down&gt;&#10;Want     | Got ✗   &#10;-------------------&#10;...OO... | ....OO..&#10;...OO... | ...SOOTT&#10;........ | .....LT.&#10;........ | ...LLL..&#10;........ | ...OO...&#10;........ | ...OO...&#10;........ | ...OO...&#10;........ | ...OOZOO&#10;........ | S..ZZZOO&#10;.TOOS.S. | SSZZZ.L.&#10;I.SZLLLL | .SZ.LLL.&#10;&#10;step=127, rand=3, actions=&lt;Left&gt;&#10;Want     | Got ✗   &#10;-------------------&#10;..OO.... | ....OO..&#10;..OO.... | ...SOOTT&#10;........ | .....LT.&#10;........ | ...LLL..&#10;........ | ...OO...&#10;........ | ...OO...&#10;........ | ...OO...&#10;........ | ...OOZOO&#10;........ | S..ZZZOO&#10;.TOOS.S. | SSZZZ.L.&#10;I.SZLLLL | .SZ.LLL.&#10;&#10;step=128, rand=3, actions=&lt;Left&gt;&#10;Want     | Got ✗   &#10;-------------------&#10;.OO..... | ....OO..&#10;.OO..... | ...SOOTT&#10;........ | .....LT.&#10;........ | ...LLL..&#10;........ | ...OO...&#10;........ | ...OO...&#10;........ | ...OO...&#10;........ | ...OOZOO&#10;........ | S..ZZZOO&#10;.TOOS.S. | SSZZZ.L.&#10;I.SZLLLL | .SZ.LLL.&#10;&#10;step=129, rand=3, actions=&lt;Down&gt;&#10;Want     | Got ✗   &#10;-------------------&#10;........ | ....OO..&#10;.OO..... | ...SOOTT&#10;.OO..... | .....LT.&#10;........ | ...LLL..&#10;........ | ...OO...&#10;........ | ...OO...&#10;........ | ...OO...&#10;........ | ...OOZOO&#10;........ | S..ZZZOO&#10;.TOOS.S. | SSZZZ.L.&#10;I.SZLLLL | .SZ.LLL.&#10;&#10;step=130, rand=3, actions=&lt;Right&gt;&#10;Want     | Got ✗   &#10;-------------------&#10;........ | ....OO..&#10;..OO.... | ...SOOTT&#10;..OO.... | .....LT.&#10;........ | ...LLL..&#10;........ | ...OO...&#10;........ | ...OO...&#10;........ | ...OO...&#10;........ | ...OOZOO&#10;........ | S..ZZZOO&#10;.TOOS.S. | SSZZZ.L.&#10;I.SZLLLL | .SZ.LLL.&#10;&#10;step=131, rand=3, actions=&lt;Down&gt;&#10;Want     | Got ✗   &#10;-------------------&#10;........ | ....OO..&#10;........ | ...SOOTT&#10;..OO.... | .....LT.&#10;..OO.... | ...LLL..&#10;........ | ...OO...&#10;........ | ...OO...&#10;........ | ...OO...&#10;........ | ...OOZOO&#10;........ | S..ZZZOO&#10;.TOOS.S. | SSZZZ.L.&#10;I.SZLLLL | .SZ.LLL.&#10;&#10;step=132, rand=3, actions=&lt;Down&gt;&#10;Want     | Got ✗   &#10;-------------------&#10;........ | ....OO..&#10;........ | ...SOOTT&#10;........ | .....LT.&#10;..OO.... | ...LLL..&#10;..OO.... | ...OO...&#10;........ | ...OO...&#10;........ | ...OO...&#10;........ | ...OOZOO&#10;........ | S..ZZZOO&#10;.TOOS.S. | SSZZZ.L.&#10;I.SZLLLL | .SZ.LLL.&#10;&#10;step=133, rand=3, actions=&lt;Down&gt;&#10;Want     | Got ✗   &#10;-------------------&#10;........ | ....OO..&#10;........ | ...SOOTT&#10;........ | .....LT.&#10;........ | ...LLL..&#10;..OO.... | ...OO...&#10;..OO.... | ...OO...&#10;........ | ...OO...&#10;........ | ...OOZOO&#10;........ | S..ZZZOO&#10;.TOOS.S. | SSZZZ.L.&#10;I.SZLLLL | .SZ.LLL.&#10;&#10;step=134, rand=3, actions=&lt;Down&gt;&#10;Want     | Got ✗   &#10;-------------------&#10;........ | ....OO..&#10;........ | ...SOOTT&#10;........ | .....LT.&#10;........ | ...LLL..&#10;........ | ...OO...&#10;..OO.... | ...OO...&#10;..OO.... | ...OO...&#10;........ | ...OOZOO&#10;........ | S..ZZZOO&#10;.TOOS.S. | SSZZZ.L.&#10;I.SZLLLL | .SZ.LLL.&#10;&#10;step=135, rand=3, actions=&lt;Down&gt;&#10;Want     | Got ✗   &#10;-------------------&#10;........ | ....OO..&#10;........ | ...SOOTT&#10;........ | .....LT.&#10;........ | ...LLL..&#10;........ | ...OO...&#10;........ | ...OO...&#10;..OO.... | ...OO...&#10;..OO.... | ...OOZOO&#10;........ | S..ZZZOO&#10;.TOOS.S. | SSZZZ.L.&#10;I.SZLLLL | .SZ.LLL.&#10;&#10;step=136, rand=3, actions=&lt;Down&gt;&#10;Want     | Got ✗   &#10;-------------------&#10;........ | ....OO..&#10;........ | ...SOOTT&#10;........ | .....LT.&#10;........ | ...LLL..&#10;........ | ...OO...&#10;........ | ...OO...&#10;........ | ...OO...&#10;..OO.... | ...OOZOO&#10;..OO.... | S..ZZZOO&#10;.TOOS.S. | SSZZZ.L.&#10;I.SZLLLL | .SZ.LLL.&#10;&#10;step=137, rand=2, actions=&lt;Down&gt;&#10;Want     | Got ✗   &#10;-------------------&#10;....L... | ....OL..&#10;..LLL... | ...LLLTT&#10;........ | .....LT.&#10;........ | ...LLL..&#10;........ | ...OO...&#10;........ | ...OO...&#10;........ | ...OO...&#10;..OO.... | ...OOZOO&#10;..OO.... | S..ZZZOO&#10;.TOOS.S. | SSZZZ.L.&#10;I.SZLLLL | .SZ.LLL.&#10;&#10;step=138, rand=2, actions=&lt;RotateRight&gt;&#10;Want     | Got ✗   &#10;-------------------&#10;...L.... | ....OL..&#10;...L.... | ...LLLTT&#10;...LL... | .....LT.&#10;........ | ...LLL..&#10;........ | ...OO...&#10;........ | ...OO...&#10;........ | ...OO...&#10;..OO.... | ...OOZOO&#10;..OO.... | S..ZZZOO&#10;.TOOS.S. | SSZZZ.L.&#10;I.SZLLLL | .SZ.LLL.&#10;&#10;step=139, rand=2, actions=&lt;RotateRight&gt;&#10;Want     | Got ✗   &#10;-------------------&#10;........ | ....OL..&#10;..LLL... | ...LLLTT&#10;..L..... | .....LT.&#10;........ | ...LLL..&#10;........ | ...OO...&#10;........ | ...OO...&#10;........ | ...OO...&#10;..OO.... | ...OOZOO&#10;..OO.... | S..ZZZOO&#10;.TOOS.S. | SSZZZ.L.&#10;I.SZLLLL | .SZ.LLL.&#10;&#10;step=140, rand=2, actions=&lt;RotateRight&gt;&#10;Want     | Got ✗   &#10;-------------------&#10;..LL.... | ....OL..&#10;...L.... | ...LLLTT&#10;...L.... | .....LT.&#10;........ | ...LLL..&#10;........ | ...OO...&#10;........ | ...OO...&#10;........ | ...OO...&#10;..OO.... | ...OOZOO&#10;..OO.... | S..ZZZOO&#10;.TOOS.S. | SSZZZ.L.&#10;I.SZLLLL | .SZ.LLL.&#10;&#10;step=141, rand=2, actions=&lt;Right&gt;&#10;Want     | Got ✗   &#10;-------------------&#10;...LL... | ....OL..&#10;....L... | ...LLLTT&#10;....L... | .....LT.&#10;........ | ...LLL..&#10;........ | ...OO...&#10;........ | ...OO...&#10;........ | ...OO...&#10;..OO.... | ...OOZOO&#10;..OO.... | S..ZZZOO&#10;.TOOS.S. | SSZZZ.L.&#10;I.SZLLLL | .SZ.LLL.&#10;&#10;step=142, rand=2, actions=&lt;Down&gt;&#10;Want     | Got ✗   &#10;-------------------&#10;........ | ....OL..&#10;...LL... | ...LLLTT&#10;....L... | .....LT.&#10;....L... | ...LLL..&#10;........ | ...OO...&#10;........ | ...OO...&#10;........ | ...OO...&#10;..OO.... | ...OOZOO&#10;..OO.... | S..ZZZOO&#10;.TOOS.S. | SSZZZ.L.&#10;I.SZLLLL | .SZ.LLL.&#10;&#10;step=143, rand=2, actions=&lt;Down&gt;&#10;Want     | Got ✗   &#10;-------------------&#10;........ | ....OL..&#10;........ | ...LLLTT&#10;...LL... | .....LT.&#10;....L... | ...LLL..&#10;....L... | ...OO...&#10;........ | ...OO...&#10;........ | ...OO...&#10;..OO.... | ...OOZOO&#10;..OO.... | S..ZZZOO&#10;.TOOS.S. | SSZZZ.L.&#10;I.SZLLLL | .SZ.LLL.&#10;&#10;step=144, rand=2, actions=&lt;Down&gt;&#10;Want     | Got ✗   &#10;-------------------&#10;........ | ....OL..&#10;........ | ...LLLTT&#10;........ | .....LT.&#10;...LL... | ...LLL..&#10;....L... | ...OO...&#10;....L... | ...OO...&#10;........ | ...OO...&#10;..OO.... | ...OOZOO&#10;..OO.... | S..ZZZOO&#10;.TOOS.S. | SSZZZ.L.&#10;I.SZLLLL | .SZ.LLL.&#10;&#10;step=145, rand=2, actions=&lt;Down&gt;&#10;Want     | Got ✗   &#10;-------------------&#10;........ | ....OL..&#10;........ | ...LLLTT&#10;........ | .....LT.&#10;........ | ...LLL..&#10;...LL... | ...OO...&#10;....L... | ...OO...&#10;....L... | ...OO...&#10;..OO.... | ...OOZOO&#10;..OO.... | S..ZZZOO&#10;.TOOS.S. | SSZZZ.L.&#10;I.SZLLLL | .SZ.LLL.&#10;&#10;step=146, rand=2, actions=&lt;Down&gt;&#10;Want     | Got ✗   &#10;-------------------&#10;........ | ....OL..&#10;........ | ...LLLTT&#10;........ | .....LT.&#10;........ | ...LLL..&#10;........ | ...OO...&#10;...LL... | ...OO...&#10;....L... | ...OO...&#10;..OOL... | ...OOZOO&#10;..OO.... | S..ZZZOO&#10;.TOOS.S. | SSZZZ.L.&#10;I.SZLLLL | .SZ.LLL.&#10;&#10;step=147, rand=2, actions=&lt;Down&gt;&#10;Want     | Got ✗   &#10;-------------------&#10;........ | ....OL..&#10;........ | ...LLLTT&#10;........ | .....LT.&#10;........ | ...LLL..&#10;........ | ...OO...&#10;........ | ...OO...&#10;...LL... | ...OO...&#10;..OOL... | ...OOZOO&#10;..OOL... | S..ZZZOO&#10;.TOOS.S. | SSZZZ.L.&#10;I.SZLLLL | .SZ.LLL.&#10;&#10;step=148, rand=1, actions=&lt;Down&gt;&#10;Want     | Got ✗   &#10;-------------------&#10;..J..... | ...JOL..&#10;..JJJ... | ...JJJTT&#10;........ | .....LT.&#10;........ | ...LLL..&#10;........ | ...OO...&#10;........ | ...OO...&#10;...LL... | ...OO...&#10;..OOL... | ...OOZOO&#10;..OOL... | S..ZZZOO&#10;.TOOS.S. | SSZZZ.L.&#10;I.SZLLLL | .SZ.LLL.&#10;&#10;step=149, rand=1, actions=&lt;RotateRight&gt;&#10;Want     | Got ✗   &#10;-------------------&#10;...JJ... | ...JOL..&#10;...J.... | ...JJJTT&#10;...J.... | .....LT.&#10;........ | ...LLL..&#10;........ | ...OO...&#10;........ | ...OO...&#10;...LL... | ...OO...&#10;..OOL... | ...OOZOO&#10;..OOL... | S..ZZZOO&#10;.TOOS.S. | SSZZZ.L.&#10;I.SZLLLL | .SZ.LLL.&#10;&#10;step=150, rand=1, actions=&lt;Right&gt;&#10;Want     | Got ✗   &#10;-------------------&#10;....JJ.. | ...JOL..&#10;....J... | ...JJJTT&#10;....J... | .....LT.&#10;........ | ...LLL..&#10;........ | ...OO...&#10;........ | ...OO...&#10;...LL... | ...OO...&#10;..OOL... | ...OOZOO&#10;..OOL... | S..ZZZOO&#10;.TOOS.S. | SSZZZ.L.&#10;I.SZLLLL | .SZ.LLL.&#10;&#10;step=151, rand=1, actions=&lt;RotateRight&gt;&#10;Want     | Got ✗   &#10;-------------------&#10;........ | ...JOL..&#10;...JJJ.. | ...JJJTT&#10;.....J.. | .....LT.&#10;........ | ...LLL..&#10;........ | ...OO...&#10;........ | ...OO...&#10;...LL... | ...OO...&#10;..OOL... | ...OOZOO&#10;..OOL... | S..ZZZOO&#10;.TOOS.S. | SSZZZ.L.&#10;I.SZLLLL | .SZ.LLL.&#10;&#10;step=152, rand=1, actions=&lt;Right&gt;&#10;Want     | Got ✗   &#10;-------------------&#10;........ | ...JOL..&#10;....JJJ. | ...JJJTT&#10;......J. | .....LT.&#10;........ | ...LLL..&#10;........ | ...OO...&#10;........ | ...OO...&#10;...LL... | ...OO...&#10;..OOL... | ...OOZOO&#10;..OOL... | S..ZZZOO&#10;.TOOS.S. | SSZZZ.L.&#10;I.SZLLLL | .SZ.LLL.&#10;&#10;step=153, rand=1, actions=&lt;Right&gt;&#10;Want     | Got ✗   &#10;-------------------&#10;........ | ...JOL..&#10;.....JJJ | ...JJJTT&#10;.......J | .....LT.&#10;........ | ...LLL..&#10;........ | ...OO...&#10;........ | ...OO...&#10;...LL... | ...OO...&#10;..OOL... | ...OOZOO&#10;..OOL... | S..ZZZOO&#10;.TOOS.S. | SSZZZ.L.&#10;I.SZLLLL | .SZ.LLL.&#10;&#10;step=154, rand=1, actions=&lt;Right&gt;&#10;Want     | Got ✗   &#10;-------------------&#10;........ | ...JOL..&#10;.....JJJ | ...JJJTT&#10;.......J | .....LT.&#10;........ | ...LLL..&#10;........ | ...OO...&#10;........ | ...OO...&#10;...LL... | ...OO...&#10;..OOL... | ...OOZOO&#10;..OOL... | S..ZZZOO&#10;.TOOS.S. | SSZZZ.L.&#10;I.SZLLLL | .SZ.LLL.&#10;&#10;step=155, rand=1, actions=&lt;Down&gt;&#10;Want     | Got ✗   &#10;-------------------&#10;........ | ...JOL..&#10;........ | ...JJJTT&#10;.....JJJ | .....LT.&#10;.......J | ...LLL..&#10;........ | ...OO...&#10;........ | ...OO...&#10;...LL... | ...OO...&#10;..OOL... | ...OOZOO&#10;..OOL... | S..ZZZOO&#10;.TOOS.S. | SSZZZ.L.&#10;I.SZLLLL | .SZ.LLL.&#10;&#10;step=156, rand=1, actions=&lt;Down&gt;&#10;Want     | Got ✗   &#10;-------------------&#10;........ | ...JOL..&#10;........ | ...JJJTT&#10;........ | .....LT.&#10;.....JJJ | ...LLL..&#10;.......J | ...OO...&#10;........ | ...OO...&#10;...LL... | ...OO...&#10;..OOL... | ...OOZOO&#10;..OOL... | S..ZZZOO&#10;.TOOS.S. | SSZZZ.L.&#10;I.SZLLLL | .SZ.LLL.&#10;&#10;step=157, rand=1, actions=&lt;Down&gt;&#10;Want     | Got ✗   &#10;-------------------&#10;........ | ...JOL..&#10;........ | ...JJJTT&#10;........ | .....LT.&#10;........ | ...LLL..&#10;.....JJJ | ...OO...&#10;.......J | ...OO...&#10;...LL... | ...OO...&#10;..OOL... | ...OOZOO&#10;..OOL... | S..ZZZOO&#10;.TOOS.S. | SSZZZ.L.&#10;I.SZLLLL | .SZ.LLL.&#10;&#10;step=158, rand=1, actions=&lt;Down&gt;&#10;Want     | Got ✗   &#10;-------------------&#10;........ | ...JOL..&#10;........ | ...JJJTT&#10;........ | .....LT.&#10;........ | ...LLL..&#10;........ | ...OO...&#10;.....JJJ | ...OO...&#10;...LL..J | ...OO...&#10;..OOL... | ...OOZOO&#10;..OOL... | S..ZZZOO&#10;.TOOS.S. | SSZZZ.L.&#10;I.SZLLLL | .SZ.LLL.&#10;&#10;step=159, rand=1, actions=&lt;Down&gt;&#10;Want     | Got ✗   &#10;-------------------&#10;........ | ...JOL..&#10;........ | ...JJJTT&#10;........ | .....LT.&#10;........ | ...LLL..&#10;........ | ...OO...&#10;........ | ...OO...&#10;...LLJJJ | ...OO...&#10;..OOL..J | ...OOZOO&#10;..OOL... | S..ZZZOO&#10;.TOOS.S. | SSZZZ.L.&#10;I.SZLLLL | .SZ.LLL.&#10;&#10;step=160, rand=1, actions=&lt;Down&gt;&#10;Want     | Got ✗   &#10;-------------------&#10;........ | ...JOL..&#10;........ | ...JJJTT&#10;........ | .....LT.&#10;........ | ...LLL..&#10;........ | ...OO...&#10;........ | ...OO...&#10;...LL... | ...OO...&#10;..OOLJJJ | ...OOZOO&#10;..OOL..J | S..ZZZOO&#10;.TOOS.S. | SSZZZ.L.&#10;I.SZLLLL | .SZ.LLL.&#10;&#10;step=161, rand=1, actions=&lt;Down&gt;&#10;Want     | Got ✗   &#10;-------------------&#10;........ | ...JOL..&#10;........ | ...JJJTT&#10;........ | .....LT.&#10;........ | ...LLL..&#10;........ | ...OO...&#10;........ | ...OO...&#10;...LL... | ...OO...&#10;..OOL... | ...OOZOO&#10;..OOLJJJ | S..ZZZOO&#10;.TOOS.SJ | SSZZZ.L.&#10;I.SZLLLL | .SZ.LLL.&#10;&#10;step=162, rand=5, actions=&lt;Down&gt;&#10;Want     | Got ✗   &#10;-------------------&#10;...T.... | ...JTL..&#10;..TTT... | ...TTTTT&#10;........ | .....LT.&#10;........ | ...LLL..&#10;........ | ...OO...&#10;........ | ...OO...&#10;...LL... | ...OO...&#10;..OOL... | ...OOZOO&#10;..OOLJJJ | S..ZZZOO&#10;.TOOS.SJ | SSZZZ.L.&#10;I.SZLLLL | .SZ.LLL.&#10;&#10;step=163, rand=5, actions=&lt;Left&gt;&#10;Want     | Got ✗   &#10;-------------------&#10;..T..... | ...JTL..&#10;.TTT.... | ...TTTTT&#10;........ | .....LT.&#10;........ | ...LLL..&#10;........ | ...OO...&#10;........ | ...OO...&#10;...LL... | ...OO...&#10;..OOL... | ...OOZOO&#10;..OOLJJJ | S..ZZZOO&#10;.TOOS.SJ | SSZZZ.L.&#10;I.SZLLLL | .SZ.LLL.&#10;&#10;step=164, rand=5, actions=&lt;RotateRight&gt;&#10;Want     | Got ✗   &#10;-------------------&#10;..T..... | ...JTL..&#10;..TT.... | ...TTTTT&#10;..T..... | .....LT.&#10;........ | ...LLL..&#10;........ | ...OO...&#10;........ | ...OO...&#10;...LL... | ...OO...&#10;..OOL... | ...OOZOO&#10;..OOLJJJ | S..ZZZOO&#10;.TOOS.SJ | SSZZZ.L.&#10;I.SZLLLL | .SZ.LLL.&#10;&#10;step=165, rand=5, actions=&lt;Left&gt;&#10;Want     | Got ✗   &#10;-------------------&#10;.T...... | ...JTL..&#10;.TT..... | ...TTTTT&#10;.T...... | .....LT.&#10;........ | ...LLL..&#10;........ | ...OO...&#10;........ | ...OO...&#10;...LL... | ...OO...&#10;..OOL... | ...OOZOO&#10;..OOLJJJ | S..ZZZOO&#10;.TOOS.SJ | SSZZZ.L.&#10;I.SZLLLL | .SZ.LLL.&#10;&#10;step=166, rand=5, actions=&lt;Left&gt;&#10;Want     | Got ✗   &#10;-------------------&#10;T....... | ...JTL..&#10;TT...... | ...TTTTT&#10;T....... | .....LT.&#10;........ | ...LLL..&#10;........ | ...OO...&#10;........ | ...OO...&#10;...LL... | ...OO...&#10;..OOL... | ...OOZOO&#10;..OOLJJJ | S..ZZZOO&#10;.TOOS.SJ | SSZZZ.L.&#10;I.SZLLLL | .SZ.LLL.&#10;&#10;step=167, rand=5, actions=&lt;Down&gt;&#10;Want     | Got ✗   &#10;-------------------&#10;........ | ...JTL..&#10;T....... | ...TTTTT&#10;TT...... | .....LT.&#10;T....... | ...LLL..&#10;........ | ...OO...&#10;........ | ...OO...&#10;...LL... | ...OO...&#10;..OOL... | ...OOZOO&#10;..OOLJJJ | S..ZZZOO&#10;.TOOS.SJ | SSZZZ.L.&#10;I.SZLLLL | .SZ.LLL.&#10;&#10;step=168, rand=5, actions=&lt;Down&gt;&#10;Want     | Got ✗   &#10;-------------------&#10;........ | ...JTL..&#10;........ | ...TTTTT&#10;T....... | .....LT.&#10;TT...... | ...LLL..&#10;T....... | ...OO...&#10;........ | ...OO...&#10;...LL... | ...OO...&#10;..OOL... | ...OOZOO&#10;..OOLJJJ | S..ZZZOO&#10;.TOOS.SJ | SSZZZ.L.&#10;I.SZLLLL | .SZ.LLL.&#10;&#10;step=169, rand=5, actions=&lt;Down&gt;&#10;Want     | Got ✗   &#10;-------------------&#10;........ | ...JTL..&#10;........ | ...TTTTT&#10;........ | .....LT.&#10;T....... | ...LLL..&#10;TT...... | ...OO...&#10;T....... | ...OO...&#10;...LL... | ...OO...&#10;..OOL... | ...OOZOO&#10;..OOLJJJ | S..ZZZOO&#10;.TOOS.SJ | SSZZZ.L.&#10;I.SZLLLL | .SZ.LLL.&#10;&#10;step=170, rand=5, actions=&lt;Down&gt;&#10;Want     | Got ✗   &#10;-------------------&#10;........ | ...JTL..&#10;........ | ...TTTTT&#10;........ | .....LT.&#10;........ | ...LLL..&#10;T....... | ...OO...&#10;TT...... | ...OO...&#10;T..LL... | ...OO...&#10;..OOL... | ...OOZOO&#10;..OOLJJJ | S..ZZZOO&#10;.TOOS.SJ | SSZZZ.L.&#10;I.SZLLLL | .SZ.LLL.&#10;&#10;step=171, rand=5, actions=&lt;Down&gt;&#10;Want     | Got ✗   &#10;-------------------&#10;........ | ...JTL..&#10;........ | ...TTTTT&#10;........ | .....LT.&#10;........ | ...LLL..&#10;........ | ...OO...&#10;T....... | ...OO...&#10;TT.LL... | ...OO...&#10;T.OOL... | ...OOZOO&#10;..OOLJJJ | S..ZZZOO&#10;.TOOS.SJ | SSZZZ.L.&#10;I.SZLLLL | .SZ.LLL.&#10;&#10;step=172, rand=5, actions=&lt;Down&gt;&#10;Want     | Got ✗   &#10;-------------------&#10;........ | ...JTL..&#10;........ | ...TTTTT&#10;........ | .....LT.&#10;........ | ...LLL..&#10;........ | ...OO...&#10;........ | ...OO...&#10;T..LL... | ...OO...&#10;TTOOL... | ...OOZOO&#10;T.OOLJJJ | S..ZZZOO&#10;.TOOS.SJ | SSZZZ.L.&#10;I.SZLLLL | .SZ.LLL.&#10;&#10;step=173, rand=5, actions=&lt;Down&gt;&#10;Want     | Got ✗   &#10;-------------------&#10;........ | ...JTL..&#10;........ | ...TTTTT&#10;........ | .....LT.&#10;........ | ...LLL..&#10;........ | ...OO...&#10;........ | ...OO...&#10;...LL... | ...OO...&#10;T.OOL... | ...OOZOO&#10;TTOOLJJJ | S..ZZZOO&#10;TTOOS.SJ | SSZZZ.L.&#10;I.SZLLLL | .SZ.LLL.&#10;&#10;step=174, rand=1, actions=&lt;Down&gt;&#10;Want     | Got ✗   &#10;-------------------&#10;..J..... | ...JTL..&#10;..JJJ... | ...JJJTT&#10;........ | .....LT.&#10;........ | ...LLL..&#10;........ | ...OO...&#10;........ | ...OO...&#10;........ | ...OO...&#10;...LL... | ...OOZOO&#10;T.OOL... | S..ZZZOO&#10;TTOOS.SJ | SSZZZ.L.&#10;I.SZLLLL | .SZ.LLL.&#10;&#10;step=175, rand=1, actions=&lt;RotateRight&gt;&#10;Want     | Got ✗   &#10;-------------------&#10;...JJ... | ...JTL..&#10;...J.... | ...JJJTT&#10;...J.... | .....LT.&#10;........ | ...LLL..&#10;........ | ...OO...&#10;........ | ...OO...&#10;........ | ...OO...&#10;...LL... | ...OOZOO&#10;T.OOL... | S..ZZZOO&#10;TTOOS.SJ | SSZZZ.L.&#10;I.SZLLLL | .SZ.LLL.&#10;&#10;step=176, rand=1, actions=&lt;RotateRight&gt;&#10;Want     | Got ✗   &#10;-------------------&#10;........ | ...JTL..&#10;..JJJ... | ...JJJTT&#10;....J... | .....LT.&#10;........ | ...LLL..&#10;........ | ...OO...&#10;........ | ...OO...&#10;........ | ...OO...&#10;...LL... | ...OOZOO&#10;T.OOL... | S..ZZZOO&#10;TTOOS.SJ | SSZZZ.L.&#10;I.SZLLLL | .SZ.LLL.&#10;&#10;step=177, rand=1, actions=&lt;RotateRight&gt;&#10;Want     | Got ✗   &#10;-------------------&#10;...J.... | ...JTL..&#10;...J.... | ...JJJTT&#10;..JJ.... | .....LT.&#10;........ | ...LLL..&#10;........ | ...OO...&#10;........ | ...OO...&#10;........ | ...OO...&#10;...LL... | ...OOZOO&#10;T.OOL... | S..ZZZOO&#10;TTOOS.SJ | SSZZZ.L.&#10;I.SZLLLL | .SZ.LLL.&#10;&#10;step=178, rand=1, actions=&lt;Right&gt;&#10;Want     | Got ✗   &#10;-------------------&#10;....J... | ...JTL..&#10;....J... | ...JJJTT&#10;...JJ... | .....LT.&#10;........ | ...LLL..&#10;........ | ...OO...&#10;........ | ...OO...&#10;........ | ...OO...&#10;...LL... | ...OOZOO&#10;T.OOL... | S..ZZZOO&#10;TTOOS.SJ | SSZZZ.L.&#10;I.SZLLLL | .SZ.LLL.&#10;&#10;step=179, rand=1, actions=&lt;Right&gt;&#10;Want     | Got ✗   &#10;-------------------&#10;.....J.. | ...JTL..&#10;.....J.. | ...JJJTT&#10;....JJ.. | .....LT.&#10;........ | ...LLL..&#10;........ | ...OO...&#10;........ | ...OO...&#10;........ | ...OO...&#10;...LL... | ...OOZOO&#10;T.OOL... | S..ZZZOO&#10;TTOOS.SJ | SSZZZ.L.&#10;I.SZLLLL | .SZ.LLL.&#10;&#10;step=180, rand=1, actions=&lt;Right&gt;&#10;Want     | Got ✗   &#10;-------------------&#10;......J. | ...JTL..&#10;......J. | ...JJJTT&#10;.....JJ. | .....LT.&#10;........ | ...LLL..&#10;........ | ...OO...&#10;........ | ...OO...&#10;........ | ...OO...&#10;...LL... | ...OOZOO&#10;T.OOL... | S..ZZZOO&#10;TTOOS.SJ | SSZZZ.L.&#10;I.SZLLLL | .SZ.LLL.&#10;&#10;step=181, rand=1, actions=&lt;Right&gt;&#10;Want     | Got ✗   &#10;-------------------&#10;.......J | ...JTL..&#10;.......J | ...JJJTT&#10;......JJ | .....LT.&#10;........ | ...LLL..&#10;........ | ...OO...&#10;........ | ...OO...&#10;........ | ...OO...&#10;...LL... | ...OOZOO&#10;T.OOL... | S..ZZZOO&#10;TTOOS.SJ | SSZZZ.L.&#10;I.SZLLLL | .SZ.LLL.&#10;&#10;step=182, rand=1, actions=&lt;Down&gt;&#10;Want     | Got ✗   &#10;-------------------&#10;........ | ...JTL..&#10;.......J | ...JJJTT&#10;.......J | .....LT.&#10;......JJ | ...LLL..&#10;........ | ...OO...&#10;........ | ...OO...&#10;........ | ...OO...&#10;...LL... | ...OOZOO&#10;T.OOL... | S..ZZZOO&#10;TTOOS.SJ | SSZZZ.L.&#10;I.SZLLLL | .SZ.LLL.&#10;&#10;step=183, rand=1, actions=&lt;Down&gt;&#10;Want     | Got ✗   &#10;-------------------&#10;........ | ...JTL..&#10;........ | ...JJJTT&#10;.......J | .....LT.&#10;.......J | ...LLL..&#10;......JJ | ...OO...&#10;........ | ...OO...&#10;........ | ...OO...&#10;...LL... | ...OOZOO&#10;T.OOL... | S..ZZZOO&#10;TTOOS.SJ | SSZZZ.L.&#10;I.SZLLLL | .SZ.LLL.&#10;&#10;step=184, rand=1, actions=&lt;Down&gt;&#10;Want     | Got ✗   &#10;-------------------&#10;........ | ...JTL..&#10;........ | ...JJJTT&#10;........ | .....LT.&#10;.......J | ...LLL..&#10;.......J | ...OO...&#10;......JJ | ...OO...&#10;........ | ...OO...&#10;...LL... | ...OOZOO&#10;T.OOL... | S..ZZZOO&#10;TTOOS.SJ | SSZZZ.L.&#10;I.SZLLLL | .SZ.LLL.&#10;&#10;step=185, rand=1, actions=&lt;Down&gt;&#10;Want     | Got ✗   &#10;-------------------&#10;........ | ...JTL..&#10;........ | ...JJJTT&#10;........ | .....LT.&#10;........ | ...LLL..&#10;.......J | ...OO...&#10;.......J | ...OO...&#10;......JJ | ...OO...&#10;...LL... | ...OOZOO&#10;T.OOL... | S..ZZZOO&#10;TTOOS.SJ | SSZZZ.L.&#10;I.SZLLLL | .SZ.LLL.&#10;&#10;step=186, rand=1, actions=&lt;Down&gt;&#10;Want     | Got ✗   &#10;-------------------&#10;........ | ...JTL..&#10;........ | ...JJJTT&#10;........ | .....LT.&#10;........ | ...LLL..&#10;........ | ...OO...&#10;.......J | ...OO...&#10;.......J | ...OO...&#10;...LL.JJ | ...OOZOO&#10;T.OOL... | S..ZZZOO&#10;TTOOS.SJ | SSZZZ.L.&#10;I.SZLLLL | .SZ.LLL.&#10;&#10;step=187, rand=1, actions=&lt;Down&gt;&#10;Want     | Got ✗   &#10;-------------------&#10;........ | ...JTL..&#10;........ | ...JJJTT&#10;........ | .....LT.&#10;........ | ...LLL..&#10;........ | ...OO...&#10;........ | ...OO...&#10;.......J | ...OO...&#10;...LL..J | ...OOZOO&#10;T.OOL.JJ | S..ZZZOO&#10;TTOOS.SJ | SSZZZ.L.&#10;I.SZLLLL | .SZ.LLL.&#10;&#10;step=188, rand=4, actions=&lt;Down&gt;&#10;Want     | Got ✗   &#10;-------------------&#10;...SS... | ...JSS..&#10;..SS.... | ...SSJTT&#10;........ | .....LT.&#10;........ | ...LLL..&#10;........ | ...OO...&#10;........ | ...OO...&#10;.......J | ...OO...&#10;...LL..J | ...OOZOO&#10;T.OOL.JJ | S..ZZZOO&#10;TTOOS.SJ | SSZZZ.L.&#10;I.SZLLLL | .SZ.LLL.&#10;&#10;step=189, rand=4, actions=&lt;RotateRight&gt;&#10;Want     | Got ✗   &#10;-------------------&#10;...S.... | ...JSS..&#10;...SS... | ...SSJTT&#10;....S... | .....LT.&#10;........ | ...LLL..&#10;........ | ...OO...&#10;........ | ...OO...&#10;.......J | ...OO...&#10;...LL..J | ...OOZOO&#10;T.OOL.JJ | S..ZZZOO&#10;TTOOS.SJ | SSZZZ.L.&#10;I.SZLLLL | .SZ.LLL.&#10;&#10;step=190, rand=4, actions=&lt;Left&gt;&#10;Want     | Got ✗   &#10;-------------------&#10;..S..... | ...JSS..&#10;..SS.... | ...SSJTT&#10;...S.... | .....LT.&#10;........ | ...LLL..&#10;........ | ...OO...&#10;........ | ...OO...&#10;.......J | ...OO...&#10;...LL..J | ...OOZOO&#10;T.OOL.JJ | S..ZZZOO&#10;TTOOS.SJ | SSZZZ.L.&#10;I.SZLLLL | .SZ.LLL.&#10;&#10;step=191, rand=4, actions=&lt;Left&gt;&#10;Want     | Got ✗   &#10;-------------------&#10;.S...... | ...JSS..&#10;.SS..... | ...SSJTT&#10;..S..... | .....LT.&#10;........ | ...LLL..&#10;........ | ...OO...&#10;........ | ...OO...&#10;.......J | ...OO...&#10;...LL..J | ...OOZOO&#10;T.OOL.JJ | S..ZZZOO&#10;TTOOS.SJ | SSZZZ.L.&#10;I.SZLLLL | .SZ.LLL.&#10;&#10;step=192, rand=4, actions=&lt;Left&gt;&#10;Want     | Got ✗   &#10;-------------------&#10;S....... | ...JSS..&#10;SS...... | ...SSJTT&#10;.S...... | .....LT.&#10;........ | ...LLL..&#10;........ | ...OO...&#10;........ | ...OO...&#10;.......J | ...OO...&#10;...LL..J | ...OOZOO&#10;T.OOL.JJ | S..ZZZOO&#10;TTOOS.SJ | SSZZZ.L.&#10;I.SZLLLL | .SZ.LLL.&#10;&#10;step=193, rand=4, actions=&lt;Down&gt;&#10;Want     | Got ✗   &#10;-------------------&#10;........ | ...JSS..&#10;S....... | ...SSJTT&#10;SS...... | .....LT.&#10;.S...... | ...LLL..&#10;........ | ...OO...&#10;........ | ...OO...&#10;.......J | ...OO...&#10;...LL..J | ...OOZOO&#10;T.OOL.JJ | S..ZZZOO&#10;TTOOS.SJ | SSZZZ.L.&#10;I.SZLLLL | .SZ.LLL.&#10;&#10;step=194, rand=4, actions=&lt;Down&gt;&#10;Want     | Got ✗   &#10;-------------------&#10;........ | ...JSS..&#10;........ | ...SSJTT&#10;S....... | .....LT.&#10;SS...... | ...LLL..&#10;.S...... | ...OO...&#10;........ | ...OO...&#10;.......J | ...OO...&#10;...LL..J | ...OOZOO&#10;T.OOL.JJ | S..ZZZOO&#10;TTOOS.SJ | SSZZZ.L.&#10;I.SZLLLL | .SZ.LLL.&#10;&#10;step=195, rand=4, actions=&lt;Down&gt;&#10;Want     | Got ✗   &#10;-------------------&#10;........ | ...JSS..&#10;........ | ...SSJTT&#10;........ | .....LT.&#10;S....... | ...LLL..&#10;SS...... | ...OO...&#10;.S...... | ...OO...&#10;.......J | ...OO...&#10;...LL..J | ...OOZOO&#10;T.OOL.JJ | S..ZZZOO&#10;TTOOS.SJ | SSZZZ.L.&#10;I.SZLLLL | .SZ.LLL.&#10;&#10;step=196, rand=4, actions=&lt;Down&gt;&#10;Want     | Got ✗   &#10;-------------------&#10;........ | ...JSS..&#10;........ | ...SSJTT&#10;........ | .....LT.&#10;........ | ...LLL..&#10;S....... | ...OO...&#10;SS...... | ...OO...&#10;.S.....J | ...OO...&#10;...LL..J | ...OOZOO&#10;T.OOL.JJ | S..ZZZOO&#10;TTOOS.SJ | SSZZZ.L.&#10;I.SZLLLL | .SZ.LLL.&#10;&#10;step=197, rand=4, actions=&lt;Down&gt;&#10;Want     | Got ✗   &#10;-------------------&#10;........ | ...JSS..&#10;........ | ...SSJTT&#10;........ | .....LT.&#10;........ | ...LLL..&#10;........ | ...OO...&#10;S....... | ...OO...&#10;SS.....J | ...OO...&#10;.S.LL..J | ...OOZOO&#10;T.OOL.JJ | S..ZZZOO&#10;TTOOS.SJ | SSZZZ.L.&#10;I.SZLLLL | .SZ.LLL.&#10;&#10;step=198, rand=4, actions=&lt;Down&gt;&#10;Want     | Got ✗   &#10;-------------------&#10;........ | ...JSS..&#10;........ | ...SSJTT&#10;........ | .....LT.&#10;........ | ...LLL..&#10;........ | ...OO...&#10;........ | ...OO...&#10;S......J | ...OO...&#10;SS.LL..J | ...OOZOO&#10;TSOOL.JJ | S..ZZZOO&#10;TTOOS.SJ | SSZZZ.L.&#10;I.SZLLLL | .SZ.LLL.&#10;&#10;step=199, rand=6, actions=&lt;Down&gt;&#10;Want     | Got ✗   &#10;-------------------&#10;..ZZ.... | ...ZZS..&#10;...ZZ... | ...SZZTT&#10;........ | .....LT.&#10;........ | ...LLL..&#10;........ | ...OO...&#10;........ | ...OO...&#10;S......J | ...OO...&#10;SS.LL..J | ...OOZOO&#10;TSOOL.JJ | S..ZZZOO&#10;TTOOS.SJ | SSZZZ.L.&#10;I.SZLLLL | .SZ.LLL.&#10;&#10;step=200, rand=6, actions=&lt;RotateRight&gt;&#10;Want     | Got ✗   &#10;-------------------&#10;....Z... | ...ZZS..&#10;...ZZ... | ...SZZTT&#10;...Z.... | .....LT.&#10;........ | ...LLL..&#10;........ | ...OO...&#10;........ | ...OO...&#10;S......J | ...OO...&#10;SS.LL..J | ...OOZOO&#10;TSOOL.JJ | S..ZZZOO&#10;TTOOS.SJ | SSZZZ.L.&#10;I.SZLLLL | .SZ.LLL.&#10;&#10;step=201, rand=6, actions=&lt;Left&gt;&#10;Want     | Got ✗   &#10;-------------------&#10;...Z.... | ...ZZS..&#10;..ZZ.... | ...SZZTT&#10;..Z..... | .....LT.&#10;........ | ...LLL..&#10;........ | ...OO...&#10;........ | ...OO...&#10;S......J | ...OO...&#10;SS.LL..J | ...OOZOO&#10;TSOOL.JJ | S..ZZZOO&#10;TTOOS.SJ | SSZZZ.L.&#10;I.SZLLLL | .SZ.LLL.&#10;&#10;step=202, rand=6, actions=&lt;Down&gt;&#10;Want     | Got ✗   &#10;-------------------&#10;........ | ...ZZS..&#10;...Z.... | ...SZZTT&#10;..ZZ.... | .....LT.&#10;..Z..... | ...LLL..&#10;........ | ...OO...&#10;........ | ...OO...&#10;S......J | ...OO...&#10;SS.LL..J | ...OOZOO&#10;TSOOL.JJ | S..ZZZOO&#10;TTOOS.SJ | SSZZZ.L.&#10;I.SZLLLL | .SZ.LLL.&#10;&#10;step=203, rand=6, actions=&lt;Down&gt;&#10;Want     | Got ✗   &#10;-------------------&#10;........ | ...ZZS..&#10;........ | ...SZZTT&#10;...Z.... | .....LT.&#10;..ZZ.... | ...LLL..&#10;..Z..... | ...OO...&#10;........ | ...OO...&#10;S......J | ...OO...&#10;SS.LL..J | ...OOZOO&#10;TSOOL.JJ | S..ZZZOO&#10;TTOOS.SJ | SSZZZ.L.&#10;I.SZLLLL | .SZ.LLL.&#10;&#10;step=204, rand=6, actions=&lt;Down&gt;&#10;Want     | Got ✗   &#10;-------------------&#10;........ | ...ZZS..&#10;........ | ...SZZTT&#10;........ | .....LT.&#10;...Z.... | ...LLL..&#10;..ZZ.... | ...OO...&#10;..Z..... | ...OO...&#10;S......J | ...OO...&#10;SS.LL..J | ...OOZOO&#10;TSOOL.JJ | S..ZZZOO&#10;TTOOS.SJ | SSZZZ.L.&#10;I.SZLLLL | .SZ.LLL.&#10;&#10;step=205, rand=6, actions=&lt;Down&gt;&#10;Want     | Got ✗   &#10;-------------------&#10;........ | ...ZZS..&#10;........ | ...SZZTT&#10;........ | .....LT.&#10;........ | ...LLL..&#10;...Z.... | ...OO...&#10;..ZZ.... | ...OO...&#10;S.Z....J | ...OO...&#10;SS.LL..J | ...OOZOO&#10;TSOOL.JJ | S..ZZZOO&#10;TTOOS.SJ | SSZZZ.L.&#10;I.SZLLLL | .SZ.LLL.&#10;&#10;step=206, rand=6, actions=&lt;Down&gt;&#10;Want     | Got ✗   &#10;-------------------&#10;........ | ...ZZS..&#10;........ | ...SZZTT&#10;........ | .....LT.&#10;........ | ...LLL..&#10;........ | ...OO...&#10;...Z.... | ...OO...&#10;S.ZZ...J | ...OO...&#10;SSZLL..J | ...OOZOO&#10;TSOOL.JJ | S..ZZZOO&#10;TTOOS.SJ | SSZZZ.L.&#10;I.SZLLLL | .SZ.LLL.&#10;&#10;step=207, rand=6, actions=&lt;Down&gt;&#10;Want     | Got ✗   &#10;-------------------&#10;..ZZ.... | ...ZZS..&#10;...ZZ... | ...SZZTT&#10;........ | .....LT.&#10;........ | ...LLL..&#10;........ | ...OO...&#10;...Z.... | ...OO...&#10;S.ZZ...J | ...OO...&#10;SSZLL..J | ...OOZOO&#10;TSOOL.JJ | S..ZZZOO&#10;TTOOS.SJ | SSZZZ.L.&#10;I.SZLLLL | .SZ.LLL.&#10;&#10;step=208, rand=6, actions=&lt;RotateRight&gt;&#10;Want     | Got ✗   &#10;-------------------&#10;....Z... | ...ZZS..&#10;...ZZ... | ...SZZTT&#10;...Z.... | .....LT.&#10;........ | ...LLL..&#10;........ | ...OO...&#10;...Z.... | ...OO...&#10;S.ZZ...J | ...OO...&#10;SSZLL..J | ...OOZOO&#10;TSOOL.JJ | S..ZZZOO&#10;TTOOS.SJ | SSZZZ.L.&#10;I.SZLLLL | .SZ.LLL.&#10;&#10;step=209, rand=6, actions=&lt;Left&gt;&#10;Want     | Got ✗   &#10;-------------------&#10;...Z.... | ...ZZS..&#10;..ZZ.... | ...SZZTT&#10;..Z..... | .....LT.&#10;........ | ...LLL..&#10;........ | ...OO...&#10;...Z.... | ...OO...&#10;S.ZZ...J | ...OO...&#10;SSZLL..J | ...OOZOO&#10;TSOOL.JJ | S..ZZZOO&#10;TTOOS.SJ | SSZZZ.L.&#10;I.SZLLLL | .SZ.LLL.&#10;&#10;step=210, rand=6, actions=&lt;Left&gt;&#10;Want     | Got ✗   &#10;-------------------&#10;..Z..... | ...ZZS..&#10;.ZZ..... | ...SZZTT&#10;.Z...... | .....LT.&#10;........ | ...LLL..&#10;........ | ...OO...&#10;...Z.... | ...OO...&#10;S.ZZ...J | ...OO...&#10;SSZLL..J | ...OOZOO&#10;TSOOL.JJ | S..ZZZOO&#10;TTOOS.SJ | SSZZZ.L.&#10;I.SZLLLL | .SZ.LLL.&#10;&#10;step=211, rand=6, actions=&lt;Down&gt;&#10;Want     | Got ✗   &#10;-------------------&#10;........ | ...ZZS..&#10;..Z..... | ...SZZTT&#10;.ZZ..... | .....LT.&#10;.Z...... | ...LLL..&#10;........ | ...OO...&#10;...Z.... | ...OO...&#10;S.ZZ...J | ...OO...&#10;SSZLL..J | ...OOZOO&#10;TSOOL.JJ | S..ZZZOO&#10;TTOOS.SJ | SSZZZ.L.&#10;I.SZLLLL | .SZ.LLL.&#10;&#10;step=212, rand=6, actions=&lt;Down&gt;&#10;Want     | Got ✗   &#10;-------------------&#10;........ | ...ZZS..&#10;........ | ...SZZTT&#10;..Z..... | .....LT.&#10;.ZZ..... | ...LLL..&#10;.Z...... | ...OO...&#10;...Z.... | ...OO...&#10;S.ZZ...J | ...OO...&#10;SSZLL..J | ...OOZOO&#10;TSOOL.JJ | S..ZZZOO&#10;TTOOS.SJ | SSZZZ.L.&#10;I.SZLLLL | .SZ.LLL.&#10;&#10;step=213, rand=6, actions=&lt;Down&gt;&#10;Want     | Got ✗   &#10;-------------------&#10;........ | ...ZZS..&#10;........ | ...SZZTT&#10;........ | .....LT.&#10;..Z..... | ...LLL..&#10;.ZZ..... | ...OO...&#10;.Z.Z.... | ...OO...&#10;S.ZZ...J | ...OO...&#10;SSZLL..J | ...OOZOO&#10;TSOOL.JJ | S..ZZZOO&#10;TTOOS.SJ | SSZZZ.L.&#10;I.SZLLLL | .SZ.LLL.&#10;&#10;step=214, rand=6, actions=&lt;Down&gt;&#10;Want     | Got ✗   &#10;-------------------&#10;........ | ...ZZS..&#10;........ | ...SZZTT&#10;........ | .....LT.&#10;........ | ...LLL..&#10;..Z..... | ...OO...&#10;.ZZZ.... | ...OO...&#10;SZZZ...J | ...OO...&#10;SSZLL..J | ...OOZOO&#10;TSOOL.JJ | S..ZZZOO&#10;TTOOS.SJ | SSZZZ.L.&#10;I.SZLLLL | .SZ.LLL.&#10;&#10;step=215, rand=5, actions=&lt;Down&gt;&#10;Want     | Got ✗   &#10;-------------------&#10;...T.... | ...ZTS..&#10;..TTT... | ...TTTTT&#10;........ | .....LT.&#10;........ | ...LLL..&#10;..Z..... | ...OO...&#10;.ZZZ.... | ...OO...&#10;SZZZ...J | ...OO...&#10;SSZLL..J | ...OOZOO&#10;TSOOL.JJ | S..ZZZOO&#10;TTOOS.SJ | SSZZZ.L.&#10;I.SZLLLL | .SZ.LLL.&#10;&#10;step=216, rand=5, actions=&lt;Right&gt;&#10;Want     | Got ✗   &#10;-------------------&#10;....T... | ...ZTS..&#10;...TTT.. | ...TTTTT&#10;........ | .....LT.&#10;........ | ...LLL..&#10;..Z..... | ...OO...&#10;.ZZZ.... | ...OO...&#10;SZZZ...J | ...OO...&#10;SSZLL..J | ...OOZOO&#10;TSOOL.JJ | S..ZZZOO&#10;TTOOS.SJ | SSZZZ.L.&#10;I.SZLLLL | .SZ.LLL.&#10;&#10;step=217, rand=5, actions=&lt;Left&gt;&#10;Want     | Got ✗   &#10;-------------------&#10;...T.... | ...ZTS..&#10;..TTT... | ...TTTTT&#10;........ | .....LT.&#10;........ | ...LLL..&#10;..Z..... | ...OO...&#10;.ZZZ.... | ...OO...&#10;SZZZ...J | ...OO...&#10;SSZLL..J | ...OOZOO&#10;TSOOL.JJ | S..ZZZOO&#10;TTOOS.SJ | SSZZZ.L.&#10;I.SZLLLL | .SZ.LLL.&#10;&#10;step=218, rand=5, actions=&lt;RotateRight&gt;&#10;Want     | Got ✗   &#10;-------------------&#10;...T.... | ...ZTS..&#10;...TT... | ...TTTTT&#10;...T.... | .....LT.&#10;........ | ...LLL..&#10;..Z..... | ...OO...&#10;.ZZZ.... | ...OO...&#10;SZZZ...J | ...OO...&#10;SSZLL..J | ...OOZOO&#10;TSOOL.JJ | S..ZZZOO&#10;TTOOS.SJ | SSZZZ.L.&#10;I.SZLLLL | .SZ.LLL.&#10;&#10;step=219, rand=5, actions=&lt;Left&gt;&#10;Want     | Got ✗   &#10;-------------------&#10;..T..... | ...ZTS..&#10;..TT.... | ...TTTTT&#10;..T..... | .....LT.&#10;........ | ...LLL..&#10;..Z..... | ...OO...&#10;.ZZZ.... | ...OO...&#10;SZZZ...J | ...OO...&#10;SSZLL..J | ...OOZOO&#10;TSOOL.JJ | S..ZZZOO&#10;TTOOS.SJ | SSZZZ.L.&#10;I.SZLLLL | .SZ.LLL.&#10;&#10;step=220, rand=5, actions=&lt;Left&gt;&#10;Want     | Got ✗   &#10;-------------------&#10;.T...... | ...ZTS..&#10;.TT..... | ...TTTTT&#10;.T...... | .....LT.&#10;........ | ...LLL..&#10;..Z..... | ...OO...&#10;.ZZZ.... | ...OO...&#10;SZZZ...J | ...OO...&#10;SSZLL..J | ...OOZOO&#10;TSOOL.JJ | S..ZZZOO&#10;TTOOS.SJ | SSZZZ.L.&#10;I.SZLLLL | .SZ.LLL.&#10;&#10;step=221, rand=5, actions=&lt;Left&gt;&#10;Want     | Got ✗   &#10;-------------------&#10;T....... | ...ZTS..&#10;TT...... | ...TTTTT&#10;T....... | .....LT.&#10;........ | ...LLL..&#10;..Z..... | ...OO...&#10;.ZZZ.... | ...OO...&#10;SZZZ...J | ...OO...&#10;SSZLL..J | ...OOZOO&#10;TSOOL.JJ | S..ZZZOO&#10;TTOOS.SJ | SSZZZ.L.&#10;I.SZLLLL | .SZ.LLL.&#10;&#10;step=222, rand=5, actions=&lt;Down&gt;&#10;Want     | Got ✗   &#10;-------------------&#10;........ | ...ZTS..&#10;T....... | ...TTTTT&#10;TT...... | .....LT.&#10;T....... | ...LLL..&#10;..Z..... | ...OO...&#10;.ZZZ.... | ...OO...&#10;SZZZ...J | ...OO...&#10;SSZLL..J | ...OOZOO&#10;TSOOL.JJ | S..ZZZOO&#10;TTOOS.SJ | SSZZZ.L.&#10;I.SZLLLL | .SZ.LLL.&#10;&#10;step=223, rand=5, actions=&lt;Down&gt;&#10;Want     | Got ✗   &#10;-------------------&#10;........ | ...ZTS..&#10;........ | ...TTTTT&#10;T....... | .....LT.&#10;TT...... | ...LLL..&#10;T.Z..... | ...OO...&#10;.ZZZ.... | ...OO...&#10;SZZZ...J | ...OO...&#10;SSZLL..J | ...OOZOO&#10;TSOOL.JJ | S..ZZZOO&#10;TTOOS.SJ | SSZZZ.L.&#10;I.SZLLLL | .SZ.LLL.&#10;&#10;step=224, rand=5, actions=&lt;Down&gt;&#10;Want     | Got ✗   &#10;-------------------&#10;........ | ...ZTS..&#10;........ | ...TTTTT&#10;........ | .....LT.&#10;T....... | ...LLL..&#10;TTZ..... | ...OO...&#10;TZZZ.... | ...OO...&#10;SZZZ...J | ...OO...&#10;SSZLL..J | ...OOZOO&#10;TSOOL.JJ | S..ZZZOO&#10;TTOOS.SJ | SSZZZ.L.&#10;I.SZLLLL | .SZ.LLL.&#10;&#10;step=225, rand=3, actions=&lt;Down&gt;&#10;Want     | Got ✗   &#10;-------------------&#10;...OO... | ...ZOO..&#10;...OO... | ...TOOTT&#10;........ | .....LT.&#10;T....... | ...LLL..&#10;TTZ..... | ...OO...&#10;TZZZ.... | ...OO...&#10;SZZZ...J | ...OO...&#10;SSZLL..J | ...OOZOO&#10;TSOOL.JJ | S..ZZZOO&#10;TTOOS.SJ | SSZZZ.L.&#10;I.SZLLLL | .SZ.LLL.&#10;&#10;step=226, rand=3, actions=&lt;Right&gt;&#10;Want     | Got ✗   &#10;-------------------&#10;....OO.. | ...ZOO..&#10;....OO.. | ...TOOTT&#10;........ | .....LT.&#10;T....... | ...LLL..&#10;TTZ..... | ...OO...&#10;TZZZ.... | ...OO...&#10;SZZZ...J | ...OO...&#10;SSZLL..J | ...OOZOO&#10;TSOOL.JJ | S..ZZZOO&#10;TTOOS.SJ | SSZZZ.L.&#10;I.SZLLLL | .SZ.LLL.&#10;&#10;step=227, rand=3, actions=&lt;Right&gt;&#10;Want     | Got ✗   &#10;-------------------&#10;.....OO. | ...ZOO..&#10;.....OO. | ...TOOTT&#10;........ | .....LT.&#10;T....... | ...LLL..&#10;TTZ..... | ...OO...&#10;TZZZ.... | ...OO...&#10;SZZZ...J | ...OO...&#10;SSZLL..J | ...OOZOO&#10;TSOOL.JJ | S..ZZZOO&#10;TTOOS.SJ | SSZZZ.L.&#10;I.SZLLLL | .SZ.LLL.&#10;&#10;step=228, rand=3, actions=&lt;Left&gt;&#10;Want     | Got ✗   &#10;-------------------&#10;....OO.. | ...ZOO..&#10;....OO.. | ...TOOTT&#10;........ | .....LT.&#10;T....... | ...LLL..&#10;TTZ..... | ...OO...&#10;TZZZ.... | ...OO...&#10;SZZZ...J | ...OO...&#10;SSZLL..J | ...OOZOO&#10;TSOOL.JJ | S..ZZZOO&#10;TTOOS.SJ | SSZZZ.L.&#10;I.SZLLLL | .SZ.LLL.&#10;&#10;step=229, rand=3, actions=&lt;Right&gt;&#10;Want     | Got ✗   &#10;-------------------&#10;.....OO. | ...ZOO..&#10;.....OO. | ...TOOTT&#10;........ | .....LT.&#10;T....... | ...LLL..&#10;TTZ..... | ...OO...&#10;TZZZ.... | ...OO...&#10;SZZZ...J | ...OO...&#10;SSZLL..J | ...OOZOO&#10;TSOOL.JJ | S..ZZZOO&#10;TTOOS.SJ | SSZZZ.L.&#10;I.SZLLLL | .SZ.LLL.&#10;&#10;step=230, rand=3, actions=&lt;Down&gt;&#10;Want     | Got ✗   &#10;-------------------&#10;........ | ...ZOO..&#10;.....OO. | ...TOOTT&#10;.....OO. | .....LT.&#10;T....... | ...LLL..&#10;TTZ..... | ...OO...&#10;TZZZ.... | ...OO...&#10;SZZZ...J | ...OO...&#10;SSZLL..J | ...OOZOO&#10;TSOOL.JJ | S..ZZZOO&#10;TTOOS.SJ | SSZZZ.L.&#10;I.SZLLLL | .SZ.LLL.&#10;&#10;step=231, rand=3, actions=&lt;Down&gt;&#10;Want     | Got ✗   &#10;-------------------&#10;........ | ...ZOO..&#10;........ | ...TOOTT&#10;.....OO. | .....LT.&#10;T....OO. | ...LLL..&#10;TTZ..... | ...OO...&#10;TZZZ.... | ...OO...&#10;SZZZ...J | ...OO...&#10;SSZLL..J | ...OOZOO&#10;TSOOL.JJ | S..ZZZOO&#10;TTOOS.SJ | SSZZZ.L.&#10;I.SZLLLL | .SZ.LLL.&#10;&#10;step=232, rand=3, actions=&lt;Down&gt;&#10;Want     | Got ✗   &#10;-------------------&#10;........ | ...ZOO..&#10;........ | ...TOOTT&#10;........ | .....LT.&#10;T....OO. | ...LLL..&#10;TTZ..OO. | ...OO...&#10;TZZZ.... | ...OO...&#10;SZZZ...J | ...OO...&#10;SSZLL..J | ...OOZOO&#10;TSOOL.JJ | S..ZZZOO&#10;TTOOS.SJ | SSZZZ.L.&#10;I.SZLLLL | .SZ.LLL.&#10;&#10;step=233, rand=3, actions=&lt;Down&gt;&#10;Want     | Got ✗   &#10;-------------------&#10;........ | ...ZOO..&#10;........ | ...TOOTT&#10;........ | .....LT.&#10;T....... | ...LLL..&#10;TTZ..OO. | ...OO...&#10;TZZZ.OO. | ...OO...&#10;SZZZ...J | ...OO...&#10;SSZLL..J | ...OOZOO&#10;TSOOL.JJ | S..ZZZOO&#10;TTOOS.SJ | SSZZZ.L.&#10;I.SZLLLL | .SZ.LLL.&#10;&#10;step=234, rand=3, actions=&lt;Down&gt;&#10;Want     | Got ✗   &#10;-------------------&#10;........ | ...ZOO..&#10;........ | ...TOOTT&#10;........ | .....LT.&#10;T....... | ...LLL..&#10;TTZ..... | ...OO...&#10;TZZZ.OO. | ...OO...&#10;SZZZ.OOJ | ...OO...&#10;SSZLL..J | ...OOZOO&#10;TSOOL.JJ | S..ZZZOO&#10;TTOOS.SJ | SSZZZ.L.&#10;I.SZLLLL | .SZ.LLL.&#10;&#10;step=235, rand=3, actions=&lt;Down&gt;&#10;Want     | Got ✗   &#10;-------------------&#10;........ | ...ZOO..&#10;........ | ...TOOTT&#10;........ | .....LT.&#10;T....... | ...LLL..&#10;TTZ..... | ...OO...&#10;TZZZ.... | ...OO...&#10;SZZZ.OOJ | ...OO...&#10;SSZLLOOJ | ...OOZOO&#10;TSOOL.JJ | S..ZZZOO&#10;TTOOS.SJ | SSZZZ.L.&#10;I.SZLLLL | .SZ.LLL.&#10;&#10;step=236, rand=3, actions=&lt;Right&gt;&#10;Want     | Got ✗   &#10;-------------------&#10;........ | ...ZOO..&#10;........ | ...TOOTT&#10;........ | .....LT.&#10;T....... | ...LLL..&#10;TTZ..... | ...OO...&#10;TZZZ.... | ...OO...&#10;SZZZ.OOJ | ...OO...&#10;SSZLLOOJ | ...OOZOO&#10;TSOOL.JJ | S..ZZZOO&#10;TTOOS.SJ | SSZZZ.L.&#10;I.SZLLLL | .SZ.LLL.&#10;&#10;step=237, rand=6, actions=&lt;Down&gt;&#10;Want     | Got ✗   &#10;-------------------&#10;..ZZ.... | ...ZZO..&#10;...ZZ... | ...TZZTT&#10;........ | .....LT.&#10;........ | ...LLL..&#10;T....... | ...OO...&#10;TTZ..... | ...OO...&#10;TZZZ.... | ...OO...&#10;SZZZ.OOJ | ...OOZOO&#10;TSOOL.JJ | S..ZZZOO&#10;TTOOS.SJ | SSZZZ.L.&#10;I.SZLLLL | .SZ.LLL.&#10;&#10;step=238, rand=6, actions=&lt;RotateRight&gt;&#10;Want     | Got ✗   &#10;-------------------&#10;....Z... | ...ZZO..&#10;...ZZ... | ...TZZTT&#10;...Z.... | .....LT.&#10;........ | ...LLL..&#10;T....... | ...OO...&#10;TTZ..... | ...OO...&#10;TZZZ.... | ...OO...&#10;SZZZ.OOJ | ...OOZOO&#10;TSOOL.JJ | S..ZZZOO&#10;TTOOS.SJ | SSZZZ.L.&#10;I.SZLLLL | .SZ.LLL.&#10;&#10;step=239, rand=6, actions=&lt;Right&gt;&#10;Want     | Got ✗   &#10;-------------------&#10;.....Z.. | ...ZZO..&#10;....ZZ.. | ...TZZTT&#10;....Z... | .....LT.&#10;........ | ...LLL..&#10;T....... | ...OO...&#10;TTZ..... | ...OO...&#10;TZZZ.... | ...OO...&#10;SZZZ.OOJ | ...OOZOO&#10;TSOOL.JJ | S..ZZZOO&#10;TTOOS.SJ | SSZZZ.L.&#10;I.SZLLLL | .SZ.LLL.&#10;&#10;step=240, rand=6, actions=&lt;Right&gt;&#10;Want     | Got ✗   &#10;-------------------&#10;......Z. | ...ZZO..&#10;.....ZZ. | ...TZZTT&#10;.....Z.. | .....LT.&#10;........ | ...LLL..&#10;T....... | ...OO...&#10;TTZ..... | ...OO...&#10;TZZZ.... | ...OO...&#10;SZZZ.OOJ | ...OOZOO&#10;TSOOL.JJ | S..ZZZOO&#10;TTOOS.SJ | SSZZZ.L.&#10;I.SZLLLL | .SZ.LLL.&#10;&#10;step=241, rand=6, actions=&lt;Left&gt;&#10;Want     | Got ✗   &#10;-------------------&#10;.....Z.. | ...ZZO..&#10;....ZZ.. | ...TZZTT&#10;....Z... | .....LT.&#10;........ | ...LLL..&#10;T....... | ...OO...&#10;TTZ..... | ...OO...&#10;TZZZ.... | ...OO...&#10;SZZZ.OOJ | ...OOZOO&#10;TSOOL.JJ | S..ZZZOO&#10;TTOOS.SJ | SSZZZ.L.&#10;I.SZLLLL | .SZ.LLL.&#10;&#10;step=242, rand=6, actions=&lt;Down&gt;&#10;Want     | Got ✗   &#10;-------------------&#10;........ | ...ZZO..&#10;.....Z.. | ...TZZTT&#10;....ZZ.. | .....LT.&#10;....Z... | ...LLL..&#10;T....... | ...OO...&#10;TTZ..... | ...OO...&#10;TZZZ.... | ...OO...&#10;SZZZ.OOJ | ...OOZOO&#10;TSOOL.JJ | S..ZZZOO&#10;TTOOS.SJ | SSZZZ.L.&#10;I.SZLLLL | .SZ.LLL.&#10;&#10;step=243, rand=6, actions=&lt;Down&gt;&#10;Want     | Got ✗   &#10;-------------------&#10;........ | ...ZZO..&#10;........ | ...TZZTT&#10;.....Z.. | .....LT.&#10;....ZZ.. | ...LLL..&#10;T...Z... | ...OO...&#10;TTZ..... | ...OO...&#10;TZZZ.... | ...OO...&#10;SZZZ.OOJ | ...OOZOO&#10;TSOOL.JJ | S..ZZZOO&#10;TTOOS.SJ | SSZZZ.L.&#10;I.SZLLLL | .SZ.LLL.&#10;&#10;step=244, rand=6, actions=&lt;Down&gt;&#10;Want     | Got ✗   &#10;-------------------&#10;........ | ...ZZO..&#10;........ | ...TZZTT&#10;........ | .....LT.&#10;.....Z.. | ...LLL..&#10;T...ZZ.. | ...OO...&#10;TTZ.Z... | ...OO...&#10;TZZZ.... | ...OO...&#10;SZZZ.OOJ | ...OOZOO&#10;TSOOL.JJ | S..ZZZOO&#10;TTOOS.SJ | SSZZZ.L.&#10;I.SZLLLL | .SZ.LLL.&#10;&#10;step=245, rand=6, actions=&lt;Down&gt;&#10;Want     | Got ✗   &#10;-------------------&#10;........ | ...ZZO..&#10;........ | ...TZZTT&#10;........ | .....LT.&#10;........ | ...LLL..&#10;T....Z.. | ...OO...&#10;TTZ.ZZ.. | ...OO...&#10;TZZZZ... | ...OO...&#10;SZZZ.OOJ | ...OOZOO&#10;TSOOL.JJ | S..ZZZOO&#10;TTOOS.SJ | SSZZZ.L.&#10;I.SZLLLL | .SZ.LLL.&#10;&#10;step=246, rand=6, actions=&lt;Down&gt;&#10;Want     | Got ✗   &#10;-------------------&#10;........ | ...ZZO..&#10;........ | ...TZZTT&#10;........ | .....LT.&#10;........ | ...LLL..&#10;T....... | ...OO...&#10;TTZ..Z.. | ...OO...&#10;TZZZZZ.. | ...OO...&#10;SZZZZOOJ | ...OOZOO&#10;TSOOL.JJ | S..ZZZOO&#10;TTOOS.SJ | SSZZZ.L.&#10;I.SZLLLL | .SZ.LLL.&#10;&#10;step=247, rand=5, actions=&lt;Down&gt;&#10;Want     | Got ✗   &#10;-------------------&#10;...T.... | ...ZTO..&#10;..TTT... | ...TTTTT&#10;........ | .....LT.&#10;........ | ...LLL..&#10;........ | ...OO...&#10;T....... | ...OO...&#10;TTZ..Z.. | ...OO...&#10;TZZZZZ.. | ...OOZOO&#10;TSOOL.JJ | S..ZZZOO&#10;TTOOS.SJ | SSZZZ.L.&#10;I.SZLLLL | .SZ.LLL.&#10;&#10;step=248, rand=5, actions=&lt;RotateRight&gt;&#10;Want     | Got ✗   &#10;-------------------&#10;...T.... | ...ZTO..&#10;...TT... | ...TTTTT&#10;...T.... | .....LT.&#10;........ | ...LLL..&#10;........ | ...OO...&#10;T....... | ...OO...&#10;TTZ..Z.. | ...OO...&#10;TZZZZZ.. | ...OOZOO&#10;TSOOL.JJ | S..ZZZOO&#10;TTOOS.SJ | SSZZZ.L.&#10;I.SZLLLL | .SZ.LLL.&#10;&#10;step=249, rand=5, actions=&lt;RotateRight&gt;&#10;Want     | Got ✗   &#10;-------------------&#10;........ | ...ZTO..&#10;..TTT... | ...TTTTT&#10;...T.... | .....LT.&#10;........ | ...LLL..&#10;........ | ...OO...&#10;T....... | ...OO...&#10;TTZ..Z.. | ...OO...&#10;TZZZZZ.. | ...OOZOO&#10;TSOOL.JJ | S..ZZZOO&#10;TTOOS.SJ | SSZZZ.L.&#10;I.SZLLLL | .SZ.LLL.&#10;&#10;step=250, rand=5, actions=&lt;RotateRight&gt;&#10;Want     | Got ✗   &#10;-------------------&#10;...T.... | ...ZTO..&#10;..TT.... | ...TTTTT&#10;...T.... | .....LT.&#10;........ | ...LLL..&#10;........ | ...OO...&#10;T....... | ...OO...&#10;TTZ..Z.. | ...OO...&#10;TZZZZZ.. | ...OOZOO&#10;TSOOL.JJ | S..ZZZOO&#10;TTOOS.SJ | SSZZZ.L.&#10;I.SZLLLL | .SZ.LLL.&#10;&#10;step=251, rand=5, actions=&lt;RotateRight&gt;&#10;Want     | Got ✗   &#10;-------------------&#10;...T.... | ...ZTO..&#10;..TTT... | ...TTTTT&#10;........ | .....LT.&#10;........ | ...LLL..&#10;........ | ...OO...&#10;T....... | ...OO...&#10;TTZ..Z.. | ...OO...&#10;TZZZZZ.. | ...OOZOO&#10;TSOOL.JJ | S..ZZZOO&#10;TTOOS.SJ | SSZZZ.L.&#10;I.SZLLLL | .SZ.LLL.&#10;&#10;step=252, rand=5, actions=&lt;RotateRight&gt;&#10;Want     | Got ✗   &#10;-------------------&#10;...T.... | ...ZTO..&#10;...TT... | ...TTTTT&#10;...T.... | .....LT.&#10;........ | ...LLL..&#10;........ | ...OO...&#10;T....... | ...OO...&#10;TTZ..Z.. | ...OO...&#10;TZZZZZ.. | ...OOZOO&#10;TSOOL.JJ | S..ZZZOO&#10;TTOOS.SJ | SSZZZ.L.&#10;I.SZLLLL | .SZ.LLL.&#10;&#10;step=253, rand=5, actions=&lt;Right&gt;&#10;Want     | Got ✗   &#10;-------------------&#10;....T... | ...ZTO..&#10;....TT.. | ...TTTTT&#10;....T... | .....LT.&#10;........ | ...LLL..&#10;........ | ...OO...&#10;T....... | ...OO...&#10;TTZ..Z.. | ...OO...&#10;TZZZZZ.. | ...OOZOO&#10;TSOOL.JJ | S..ZZZOO&#10;TTOOS.SJ | SSZZZ.L.&#10;I.SZLLLL | .SZ.LLL.&#10;&#10;step=254, rand=5, actions=&lt;Down&gt;&#10;Want     | Got ✗   &#10;-------------------&#10;........ | ...ZTO..&#10;....T... | ...TTTTT&#10;....TT.. | .....LT.&#10;....T... | ...LLL..&#10;........ | ...OO...&#10;T....... | ...OO...&#10;TTZ..Z.. | ...OO...&#10;TZZZZZ.. | ...OOZOO&#10;TSOOL.JJ | S..ZZZOO&#10;TTOOS.SJ | SSZZZ.L.&#10;I.SZLLLL | .SZ.LLL.&#10;&#10;step=255, rand=5, actions=&lt;Down&gt;&#10;Want     | Got ✗   &#10;-------------------&#10;........ | ...ZTO..&#10;........ | ...TTTTT&#10;....T... | .....LT.&#10;....TT.. | ...LLL..&#10;....T... | ...OO...&#10;T....... | ...OO...&#10;TTZ..Z.. | ...OO...&#10;TZZZZZ.. | ...OOZOO&#10;TSOOL.JJ | S..ZZZOO&#10;TTOOS.SJ | SSZZZ.L.&#10;I.SZLLLL | .SZ.LLL.&#10;&#10;step=256, rand=5, actions=&lt;Down&gt;&#10;Want     | Got ✗   &#10;-------------------&#10;........ | ...ZTO..&#10;........ | ...TTTTT&#10;........ | .....LT.&#10;....T... | ...LLL..&#10;....TT.. | ...OO...&#10;T...T... | ...OO...&#10;TTZ..Z.. | ...OO...&#10;TZZZZZ.. | ...OOZOO&#10;TSOOL.JJ | S..ZZZOO&#10;TTOOS.SJ | SSZZZ.L.&#10;I.SZLLLL | .SZ.LLL.&#10;&#10;step=257, rand=5, actions=&lt;Down&gt;&#10;Want     | Got ✗   &#10;-------------------&#10;........ | ...ZTO..&#10;........ | ...TTTTT&#10;........ | .....LT.&#10;........ | ...LLL..&#10;....T... | ...OO...&#10;T...TT.. | ...OO...&#10;TTZ.TZ.. | ...OO...&#10;TZZZZZ.. | ...OOZOO&#10;TSOOL.JJ | S..ZZZOO&#10;TTOOS.SJ | SSZZZ.L.&#10;I.SZLLLL | .SZ.LLL.&#10;&#10;step=258, rand=5, actions=&lt;Down&gt;&#10;Want     | Got ✗   &#10;-------------------&#10;...T.... | ...ZTO..&#10;..TTT... | ...TTTTT&#10;........ | .....LT.&#10;........ | ...LLL..&#10;....T... | ...OO...&#10;T...TT.. | ...OO...&#10;TTZ.TZ.. | ...OO...&#10;TZZZZZ.. | ...OOZOO&#10;TSOOL.JJ | S..ZZZOO&#10;TTOOS.SJ | SSZZZ.L.&#10;I.SZLLLL | .SZ.LLL.&#10;&#10;step=259, rand=5, actions=&lt;RotateRight&gt;&#10;Want     | Got ✗   &#10;-------------------&#10;...T.... | ...ZTO..&#10;...TT... | ...TTTTT&#10;...T.... | .....LT.&#10;........ | ...LLL..&#10;....T... | ...OO...&#10;T...TT.. | ...OO...&#10;TTZ.TZ.. | ...OO...&#10;TZZZZZ.. | ...OOZOO&#10;TSOOL.JJ | S..ZZZOO&#10;TTOOS.SJ | SSZZZ.L.&#10;I.SZLLLL | .SZ.LLL.&#10;&#10;step=260, rand=5, actions=&lt;RotateRight&gt;&#10;Want     | Got ✗   &#10;-------------------&#10;........ | ...ZTO..&#10;..TTT... | ...TTTTT&#10;...T.... | .....LT.&#10;........ | ...LLL..&#10;....T... | ...OO...&#10;T...TT.. | ...OO...&#10;TTZ.TZ.. | ...OO...&#10;TZZZZZ.. | ...OOZOO&#10;TSOOL.JJ | S..ZZZOO&#10;TTOOS.SJ | SSZZZ.L.&#10;I.SZLLLL | .SZ.LLL.&#10;&#10;step=261, rand=5, actions=&lt;RotateRight&gt;&#10;Want     | Got ✗   &#10;-------------------&#10;...T.... | ...ZTO..&#10;..TT.... | ...TTTTT&#10;...T.... | .....LT.&#10;........ | ...LLL..&#10;....T... | ...OO...&#10;T...TT.. | ...OO...&#10;TTZ.TZ.. | ...OO...&#10;TZZZZZ.. | ...OOZOO&#10;TSOOL.JJ | S..ZZZOO&#10;TTOOS.SJ | SSZZZ.L.&#10;I.SZLLLL | .SZ.LLL.&#10;&#10;step=262, rand=5, actions=&lt;Down&gt;&#10;Want     | Got ✗   &#10;-------------------&#10;........ | ...ZTO..&#10;...T.... | ...TTTTT&#10;..TT.... | .....LT.&#10;...T.... | ...LLL..&#10;....T... | ...OO...&#10;T...TT.. | ...OO...&#10;TTZ.TZ.. | ...OO...&#10;TZZZZZ.. | ...OOZOO&#10;TSOOL.JJ | S..ZZZOO&#10;TTOOS.SJ | SSZZZ.L.&#10;I.SZLLLL | .SZ.LLL.&#10;&#10;step=263, rand=5, actions=&lt;Down&gt;&#10;Want     | Got ✗   &#10;-------------------&#10;........ | ...ZTO..&#10;........ | ...TTTTT&#10;...T.... | .....LT.&#10;..TT.... | ...LLL..&#10;...TT... | ...OO...&#10;T...TT.. | ...OO...&#10;TTZ.TZ.. | ...OO...&#10;TZZZZZ.. | ...OOZOO&#10;TSOOL.JJ | S..ZZZOO&#10;TTOOS.SJ | SSZZZ.L.&#10;I.SZLLLL | .SZ.LLL.&#10;&#10;step=264, rand=5, actions=&lt;Down&gt;&#10;Want     | Got ✗   &#10;-------------------&#10;........ | ...ZTO..&#10;........ | ...TTTTT&#10;........ | .....LT.&#10;...T.... | ...LLL..&#10;..TTT... | ...OO...&#10;T..TTT.. | ...OO...&#10;TTZ.TZ.. | ...OO...&#10;TZZZZZ.. | ...OOZOO&#10;TSOOL.JJ | S..ZZZOO&#10;TTOOS.SJ | SSZZZ.L.&#10;I.SZLLLL | .SZ.LLL.&#10;&#10;step=265, rand=5, actions=&lt;Down&gt;&#10;Want     | Got ✗   &#10;-------------------&#10;........ | ...ZTO..&#10;........ | ...TTTTT&#10;........ | .....LT.&#10;........ | ...LLL..&#10;...TT... | ...OO...&#10;T.TTTT.. | ...OO...&#10;TTZTTZ.. | ...OO...&#10;TZZZZZ.. | ...OOZOO&#10;TSOOL.JJ | S..ZZZOO&#10;TTOOS.SJ | SSZZZ.L.&#10;I.SZLLLL | .SZ.LLL.&#10;&#10;step=266, rand=6, actions=&lt;Down&gt;&#10;Want     | Got ✗   &#10;-------------------&#10;..ZZ.... | ...ZZO..&#10;...ZZ... | ...TZZTT&#10;........ | .....LT.&#10;........ | ...LLL..&#10;...TT... | ...OO...&#10;T.TTTT.. | ...OO...&#10;TTZTTZ.. | ...OO...&#10;TZZZZZ.. | ...OOZOO&#10;TSOOL.JJ | S..ZZZOO&#10;TTOOS.SJ | SSZZZ.L.&#10;I.SZLLLL | .SZ.LLL.&#10;&#10;step=267, rand=6, actions=&lt;RotateRight&gt;&#10;Want     | Got ✗   &#10;-------------------&#10;....Z... | ...ZZO..&#10;...ZZ... | ...TZZTT&#10;...Z.... | .....LT.&#10;........ | ...LLL..&#10;...TT... | ...OO...&#10;T.TTTT.. | ...OO...&#10;TTZTTZ.. | ...OO...&#10;TZZZZZ.. | ...OOZOO&#10;TSOOL.JJ | S..ZZZOO&#10;TTOOS.SJ | SSZZZ.L.&#10;I.SZLLLL | .SZ.LLL.&#10;&#10;step=268, rand=6, actions=&lt;Left&gt;&#10;Want     | Got ✗   &#10;-------------------&#10;...Z.... | ...ZZO..&#10;..ZZ.... | ...TZZTT&#10;..Z..... | .....LT.&#10;........ | ...LLL..&#10;...TT... | ...OO...&#10;T.TTTT.. | ...OO...&#10;TTZTTZ.. | ...OO...&#10;TZZZZZ.. | ...OOZOO&#10;TSOOL.JJ | S..ZZZOO&#10;TTOOS.SJ | SSZZZ.L.&#10;I.SZLLLL | .SZ.LLL.&#10;&#10;step=269, rand=6, actions=&lt;Left&gt;&#10;Want     | Got ✗   &#10;-------------------&#10;..Z..... | ...ZZO..&#10;.ZZ..... | ...TZZTT&#10;.Z...... | .....LT.&#10;........ | ...LLL..&#10;...TT... | ...OO...&#10;T.TTTT.. | ...OO...&#10;TTZTTZ.. | ...OO...&#10;TZZZZZ.. | ...OOZOO&#10;TSOOL.JJ | S..ZZZOO&#10;TTOOS.SJ | SSZZZ.L.&#10;I.SZLLLL | .SZ.LLL.&#10;&#10;step=270, rand=6, actions=&lt;Down&gt;&#10;Want     | Got ✗   &#10;-------------------&#10;........ | ...ZZO..&#10;..Z..... | ...TZZTT&#10;.ZZ..... | .....LT.&#10;.Z...... | ...LLL..&#10;...TT... | ...OO...&#10;T.TTTT.. | ...OO...&#10;TTZTTZ.. | ...OO...&#10;TZZZZZ.. | ...OOZOO&#10;TSOOL.JJ | S..ZZZOO&#10;TTOOS.SJ | SSZZZ.L.&#10;I.SZLLLL | .SZ.LLL.&#10;&#10;step=271, rand=6, actions=&lt;Down&gt;&#10;Want     | Got ✗   &#10;-------------------&#10;........ | ...ZZO..&#10;........ | ...TZZTT&#10;..Z..... | .....LT.&#10;.ZZ..... | ...LLL..&#10;.Z.TT... | ...OO...&#10;T.TTTT.. | ...OO...&#10;TTZTTZ.. | ...OO...&#10;TZZZZZ.. | ...OOZOO&#10;TSOOL.JJ | S..ZZZOO&#10;TTOOS.SJ | SSZZZ.L.&#10;I.SZLLLL | .SZ.LLL.&#10;&#10;step=272, rand=6, actions=&lt;Down&gt;&#10;Want     | Got ✗   &#10;-------------------&#10;........ | ...ZZO..&#10;........ | ...TZZTT&#10;........ | .....LT.&#10;..Z..... | ...LLL..&#10;.ZZTT... | ...OO...&#10;TZTTTT.. | ...OO...&#10;TTZTTZ.. | ...OO...&#10;TZZZZZ.. | ...OOZOO&#10;TSOOL.JJ | S..ZZZOO&#10;TTOOS.SJ | SSZZZ.L.&#10;I.SZLLLL | .SZ.LLL.&#10;&#10;step=273, rand=0, actions=&lt;Down&gt;&#10;Want     | Got ✗   &#10;-------------------&#10;........ | ...ZZO..&#10;..IIII.. | ...IIIIT&#10;........ | .....LT.&#10;..Z..... | ...LLL..&#10;.ZZTT... | ...OO...&#10;TZTTTT.. | ...OO...&#10;TTZTTZ.. | ...OO...&#10;TZZZZZ.. | ...OOZOO&#10;TSOOL.JJ | S..ZZZOO&#10;TTOOS.SJ | SSZZZ.L.&#10;I.SZLLLL | .SZ.LLL.&#10;&#10;step=274, rand=0, actions=&lt;RotateRight&gt;&#10;Want     | Got ✗   &#10;-------------------&#10;....I... | ...ZZO..&#10;....I... | ...IIIIT&#10;....I... | .....LT.&#10;..Z.I... | ...LLL..&#10;.ZZTT... | ...OO...&#10;TZTTTT.. | ...OO...&#10;TTZTTZ.. | ...OO...&#10;TZZZZZ.. | ...OOZOO&#10;TSOOL.JJ | S..ZZZOO&#10;TTOOS.SJ | SSZZZ.L.&#10;I.SZLLLL | .SZ.LLL.&#10;&#10;step=275, rand=0, actions=&lt;Right&gt;&#10;Want     | Got ✗   &#10;-------------------&#10;.....I.. | ...ZZO..&#10;.....I.. | ...IIIIT&#10;.....I.. | .....LT.&#10;..Z..I.. | ...LLL..&#10;.ZZTT... | ...OO...&#10;TZTTTT.. | ...OO...&#10;TTZTTZ.. | ...OO...&#10;TZZZZZ.. | ...OOZOO&#10;TSOOL.JJ | S..ZZZOO&#10;TTOOS.SJ | SSZZZ.L.&#10;I.SZLLLL | .SZ.LLL.&#10;&#10;step=276, rand=0, actions=&lt;Right&gt;&#10;Want     | Got ✗   &#10;-------------------&#10;......I. | ...ZZO..&#10;......I. | ...IIIIT&#10;......I. | .....LT.&#10;..Z...I. | ...LLL..&#10;.ZZTT... | ...OO...&#10;TZTTTT.. | ...OO...&#10;TTZTTZ.. | ...OO...&#10;TZZZZZ.. | ...OOZOO&#10;TSOOL.JJ | S..ZZZOO&#10;TTOOS.SJ | SSZZZ.L.&#10;I.SZLLLL | .SZ.LLL.&#10;&#10;step=277, rand=0, actions=&lt;Right&gt;&#10;Want     | Got ✗   &#10;-------------------&#10;.......I | ...ZZO..&#10;.......I | ...IIIIT&#10;.......I | .....LT.&#10;..Z....I | ...LLL..&#10;.ZZTT... | ...OO...&#10;TZTTTT.. | ...OO...&#10;TTZTTZ.. | ...OO...&#10;TZZZZZ.. | ...OOZOO&#10;TSOOL.JJ | S..ZZZOO&#10;TTOOS.SJ | SSZZZ.L.&#10;I.SZLLLL | .SZ.LLL.&#10;&#10;step=278, rand=0, actions=&lt;Left&gt;&#10;Want     | Got ✗   &#10;-------------------&#10;......I. | ...ZZO..&#10;......I. | ...IIIIT&#10;......I. | .....LT.&#10;..Z...I. | ...LLL..&#10;.ZZTT... | ...OO...&#10;TZTTTT.. | ...OO...&#10;TTZTTZ.. | ...OO...&#10;TZZZZZ.. | ...OOZOO&#10;TSOOL.JJ | S..ZZZOO&#10;TTOOS.SJ | SSZZZ.L.&#10;I.SZLLLL | .SZ.LLL.&#10;&#10;step=279, rand=0, actions=&lt;Down&gt;&#10;Want     | Got ✗   &#10;-------------------&#10;........ | ...ZZO..&#10;......I. | ...IIIIT&#10;......I. | .....LT.&#10;..Z...I. | ...LLL..&#10;.ZZTT.I. | ...OO...&#10;TZTTTT.. | ...OO...&#10;TTZTTZ.. | ...OO...&#10;TZZZZZ.. | ...OOZOO&#10;TSOOL.JJ | S..ZZZOO&#10;TTOOS.SJ | SSZZZ.L.&#10;I.SZLLLL | .SZ.LLL.&#10;&#10;step=280, rand=0, actions=&lt;Down&gt;&#10;Want     | Got ✗   &#10;-------------------&#10;........ | ...ZZO..&#10;........ | ...IIIIT&#10;......I. | .....LT.&#10;..Z...I. | ...LLL..&#10;.ZZTT.I. | ...OO...&#10;TZTTTTI. | ...OO...&#10;TTZTTZ.. | ...OO...&#10;TZZZZZ.. | ...OOZOO&#10;TSOOL.JJ | S..ZZZOO&#10;TTOOS.SJ | SSZZZ.L.&#10;I.SZLLLL | .SZ.LLL.&#10;&#10;step=281, rand=0, actions=&lt;Down&gt;&#10;Want     | Got ✗   &#10;-------------------&#10;........ | ...ZZO..&#10;........ | ...IIIIT&#10;........ | .....LT.&#10;..Z...I. | ...LLL..&#10;.ZZTT.I. | ...OO...&#10;TZTTTTI. | ...OO...&#10;TTZTTZI. | ...OO...&#10;TZZZZZ.. | ...OOZOO&#10;TSOOL.JJ | S..ZZZOO&#10;TTOOS.SJ | SSZZZ.L.&#10;I.SZLLLL | .SZ.LLL.&#10;&#10;step=282, rand=0, actions=&lt;Down&gt;&#10;Want     | Got ✗   &#10;-------------------&#10;........ | ...ZZO..&#10;........ | ...IIIIT&#10;........ | .....LT.&#10;..Z..... | ...LLL..&#10;.ZZTT.I. | ...OO...&#10;TZTTTTI. | ...OO...&#10;TTZTTZI. | ...OO...&#10;TZZZZZI. | ...OOZOO&#10;TSOOL.JJ | S..ZZZOO&#10;TTOOS.SJ | SSZZZ.L.&#10;I.SZLLLL | .SZ.LLL.&#10;&#10;step=283, rand=6, actions=&lt;Down&gt;&#10;Want     | Got ✗   &#10;-------------------&#10;..ZZ.... | ...ZZO..&#10;...ZZ... | ...IZZIT&#10;........ | .....LT.&#10;..Z..... | ...LLL..&#10;.ZZTT.I. | ...OO...&#10;TZTTTTI. | ...OO...&#10;TTZTTZI. | ...OO...&#10;TZZZZZI. | ...OOZOO&#10;TSOOL.JJ | S..ZZZOO&#10;TTOOS.SJ | SSZZZ.L.&#10;I.SZLLLL | .SZ.LLL.&#10;&#10;step=284, rand=6, actions=&lt;Right&gt;&#10;Want     | Got ✗   &#10;-------------------&#10;...ZZ... | ...ZZO..&#10;....ZZ.. | ...IZZIT&#10;........ | .....LT.&#10;..Z..... | ...LLL..&#10;.ZZTT.I. | ...OO...&#10;TZTTTTI. | ...OO...&#10;TTZTTZI. | ...OO...&#10;TZZZZZI. | ...OOZOO&#10;TSOOL.JJ | S..ZZZOO&#10;TTOOS.SJ | SSZZZ.L.&#10;I.SZLLLL | .SZ.LLL.&#10;&#10;step=285, rand=6, actions=&lt;Right&gt;&#10;Want     | Got ✗   &#10;-------------------&#10;....ZZ.. | ...ZZO..&#10;.....ZZ. | ...IZZIT&#10;........ | .....LT.&#10;..Z..... | ...LLL..&#10;.ZZTT.I. | ...OO...&#10;TZTTTTI. | ...OO...&#10;TTZTTZI. | ...OO...&#10;TZZZZZI. | ...OOZOO&#10;TSOOL.JJ | S..ZZZOO&#10;TTOOS.SJ | SSZZZ.L.&#10;I.SZLLLL | .SZ.LLL.&#10;&#10;step=286, rand=6, actions=&lt;Left&gt;&#10;Want     | Got ✗   &#10;-------------------&#10;...ZZ... | ...ZZO..&#10;....ZZ.. | ...IZZIT&#10;........ | .....LT.&#10;..Z..... | ...LLL..&#10;.ZZTT.I. | ...OO...&#10;TZTTTTI. | ...OO...&#10;TTZTTZI. | ...OO...&#10;TZZZZZI. | ...OOZOO&#10;TSOOL.JJ | S..ZZZOO&#10;TTOOS.SJ | SSZZZ.L.&#10;I.SZLLLL | .SZ.LLL.&#10;&#10;step=287, rand=6, actions=&lt;Left&gt;&#10;Want     | Got ✗   &#10;-------------------&#10;..ZZ.... | ...ZZO..&#10;...ZZ... | ...IZZIT&#10;........ | .....LT.&#10;..Z..... | ...LLL..&#10;.ZZTT.I. | ...OO...&#10;TZTTTTI. | ...OO...&#10;TTZTTZI. | ...OO...&#10;TZZZZZI. | ...OOZOO&#10;TSOOL.JJ | S..ZZZOO&#10;TTOOS.SJ | SSZZZ.L.&#10;I.SZLLLL | .SZ.LLL.&#10;&#10;step=288, rand=6, actions=&lt;Left&gt;&#10;Want     | Got ✗   &#10;-------------------&#10;.ZZ..... | ...ZZO..&#10;..ZZ.... | ...IZZIT&#10;........ | .....LT.&#10;..Z..... | ...LLL..&#10;.ZZTT.I. | ...OO...&#10;TZTTTTI. | ...OO...&#10;TTZTTZI. | ...OO...&#10;TZZZZZI. | ...OOZOO&#10;TSOOL.JJ | S..ZZZOO&#10;TTOOS.SJ | SSZZZ.L.&#10;I.SZLLLL | .SZ.LLL.&#10;&#10;step=289, rand=6, actions=&lt;Left&gt;&#10;Want     | Got ✗   &#10;-------------------&#10;ZZ...... | ...ZZO..&#10;.ZZ..... | ...IZZIT&#10;........ | .....LT.&#10;..Z..... | ...LLL..&#10;.ZZTT.I. | ...OO...&#10;TZTTTTI. | ...OO...&#10;TTZTTZI. | ...OO...&#10;TZZZZZI. | ...OOZOO&#10;TSOOL.JJ | S..ZZZOO&#10;TTOOS.SJ | SSZZZ.L.&#10;I.SZLLLL | .SZ.LLL.&#10;&#10;step=290, rand=6, actions=&lt;RotateRight&gt;&#10;Want     | Got ✗   &#10;-------------------&#10;..Z..... | ...ZZO..&#10;.ZZ..... | ...IZZIT&#10;.Z...... | .....LT.&#10;..Z..... | ...LLL..&#10;.ZZTT.I. | ...OO...&#10;TZTTTTI. | ...OO...&#10;TTZTTZI. | ...OO...&#10;TZZZZZI. | ...OOZOO&#10;TSOOL.JJ | S..ZZZOO&#10;TTOOS.SJ | SSZZZ.L.&#10;I.SZLLLL | .SZ.LLL.&#10;&#10;step=291, rand=6, actions=&lt;Left&gt;&#10;Want     | Got ✗   &#10;-------------------&#10;.Z...... | ...ZZO..&#10;ZZ...... | ...IZZIT&#10;Z....... | .....LT.&#10;..Z..... | ...LLL..&#10;.ZZTT.I. | ...OO...&#10;TZTTTTI. | ...OO...&#10;TTZTTZI. | ...OO...&#10;TZZZZZI. | ...OOZOO&#10;TSOOL.JJ | S..ZZZOO&#10;TTOOS.SJ | SSZZZ.L.&#10;I.SZLLLL | .SZ.LLL.&#10;&#10;step=292, rand=6, actions=&lt;Left&gt;&#10;Want     | Got ✗   &#10;-------------------&#10;.Z...... | ...ZZO..&#10;ZZ...... | ...IZZIT&#10;Z....... | .....LT.&#10;..Z..... | ...LLL..&#10;.ZZTT.I. | ...OO...&#10;TZTTTTI. | ...OO...&#10;TTZTTZI. | ...OO...&#10;TZZZZZI. | ...OOZOO&#10;TSOOL.JJ | S..ZZZOO&#10;TTOOS.SJ | SSZZZ.L.&#10;I.SZLLLL | .SZ.LLL.&#10;&#10;step=293, rand=6, actions=&lt;Down&gt;&#10;Want     | Got ✗   &#10;-------------------&#10;........ | ...ZZO..&#10;.Z...... | ...IZZIT&#10;ZZ...... | .....LT.&#10;Z.Z..... | ...LLL..&#10;.ZZTT.I. | ...OO...&#10;TZTTTTI. | ...OO...&#10;TTZTTZI. | ...OO...&#10;TZZZZZI. | ...OOZOO&#10;TSOOL.JJ | S..ZZZOO&#10;TTOOS.SJ | SSZZZ.L.&#10;I.SZLLLL | .SZ.LLL.&#10;&#10;step=294, rand=6, actions=&lt;Down&gt;&#10;Want     | Got ✗   &#10;-------------------&#10;........ | ...ZZO..&#10;........ | ...IZZIT&#10;.Z...... | .....LT.&#10;ZZZ..... | ...LLL..&#10;ZZZTT.I. | ...OO...&#10;TZTTTTI. | ...OO...&#10;TTZTTZI. | ...OO...&#10;TZZZZZI. | ...OOZOO&#10;TSOOL.JJ | S..ZZZOO&#10;TTOOS.SJ | SSZZZ.L.&#10;I.SZLLLL | .SZ.LLL.&#10;&#10;step=295, rand=4, actions=&lt;Down&gt;&#10;Want     | Got ✗   &#10;-------------------&#10;...SS... | ...ZSS..&#10;..SS.... | ...SSZIT&#10;.Z...... | .....LT.&#10;ZZZ..... | ...LLL..&#10;ZZZTT.I. | ...OO...&#10;TZTTTTI. | ...OO...&#10;TTZTTZI. | ...OO...&#10;TZZZZZI. | ...OOZOO&#10;TSOOL.JJ | S..ZZZOO&#10;TTOOS.SJ | SSZZZ.L.&#10;I.SZLLLL | .SZ.LLL.&#10;&#10;step=296, rand=4, actions=&lt;RotateRight&gt;&#10;Want     | Got ✗   &#10;-------------------&#10;...S.... | ...ZSS..&#10;...SS... | ...SSZIT&#10;.Z..S... | .....LT.&#10;ZZZ..... | ...LLL..&#10;ZZZTT.I. | ...OO...&#10;TZTTTTI. | ...OO...&#10;TTZTTZI. | ...OO...&#10;TZZZZZI. | ...OOZOO&#10;TSOOL.JJ | S..ZZZOO&#10;TTOOS.SJ | SSZZZ.L.&#10;I.SZLLLL | .SZ.LLL.&#10;&#10;step=297, rand=4, actions=&lt;Right&gt;&#10;Want     | Got ✗   &#10;-------------------&#10;....S... | ...ZSS..&#10;....SS.. | ...SSZIT&#10;.Z...S.. | .....LT.&#10;ZZZ..... | ...LLL..&#10;ZZZTT.I. | ...OO...&#10;TZTTTTI. | ...OO...&#10;TTZTTZI. | ...OO...&#10;TZZZZZI. | ...OOZOO&#10;TSOOL.JJ | S..ZZZOO&#10;TTOOS.SJ | SSZZZ.L.&#10;I.SZLLLL | .SZ.LLL.&#10;&#10;step=298, rand=4, actions=&lt;Down&gt;&#10;Want     | Got ✗   &#10;-------------------&#10;........ | ...ZSS..&#10;....S... | ...SSZIT&#10;.Z..SS.. | .....LT.&#10;ZZZ..S.. | ...LLL..&#10;ZZZTT.I. | ...OO...&#10;TZTTTTI. | ...OO...&#10;TTZTTZI. | ...OO...&#10;TZZZZZI. | ...OOZOO&#10;TSOOL.JJ | S..ZZZOO&#10;TTOOS.SJ | SSZZZ.L.&#10;I.SZLLLL | .SZ.LLL.&#10;&#10;step=299, rand=4, actions=&lt;Down&gt;&#10;Want     | Got ✗   &#10;-------------------&#10;........ | ...ZSS..&#10;........ | ...SSZIT&#10;.Z..S... | .....LT.&#10;ZZZ.SS.. | ...LLL..&#10;ZZZTTSI. | ...OO...&#10;TZTTTTI. | ...OO...&#10;TTZTTZI. | ...OO...&#10;TZZZZZI. | ...OOZOO&#10;TSOOL.JJ | S..ZZZOO&#10;TTOOS.SJ | SSZZZ.L.&#10;I.SZLLLL | .SZ.LLL.&#10;&#10;step=300, rand=3, actions=&lt;Down&gt;&#10;Want     | Got ✗   &#10;-------------------&#10;...OO... | ...ZOO..&#10;...OO... | ...SOOIT&#10;.Z..S... | .....LT.&#10;ZZZ.SS.. | ...LLL..&#10;ZZZTTSI. | ...OO...&#10;TZTTTTI. | ...OO...&#10;TTZTTZI. | ...OO...&#10;TZZZZZI. | ...OOZOO&#10;TSOOL.JJ | S..ZZZOO&#10;TTOOS.SJ | SSZZZ.L.&#10;I.SZLLLL | .SZ.LLL.&#10;&#10;step=301, rand=3, actions=&lt;Right&gt;&#10;Want     | Got ✗   &#10;-------------------&#10;....OO.. | ...ZOO..&#10;....OO.. | ...SOOIT&#10;.Z..S... | .....LT.&#10;ZZZ.SS.. | ...LLL..&#10;ZZZTTSI. | ...OO...&#10;TZTTTTI. | ...OO...&#10;TTZTTZI. | ...OO...&#10;TZZZZZI. | ...OOZOO&#10;TSOOL.JJ | S..ZZZOO&#10;TTOOS.SJ | SSZZZ.L.&#10;I.SZLLLL | .SZ.LLL.&#10;&#10;step=302, rand=3, actions=&lt;Right&gt;&#10;Want     | Got ✗   &#10;-------------------&#10;.....OO. | ...ZOO..&#10;.....OO. | ...SOOIT&#10;.Z..S... | .....LT.&#10;ZZZ.SS.. | ...LLL..&#10;ZZZTTSI. | ...OO...&#10;TZTTTTI. | ...OO...&#10;TTZTTZI. | ...OO...&#10;TZZZZZI. | ...OOZOO&#10;TSOOL.JJ | S..ZZZOO&#10;TTOOS.SJ | SSZZZ.L.&#10;I.SZLLLL | .SZ.LLL.&#10;&#10;step=303, rand=3, actions=&lt;Right&gt;&#10;Want     | Got ✗   &#10;-------------------&#10;......OO | ...ZOO..&#10;......OO | ...SOOIT&#10;.Z..S... | .....LT.&#10;ZZZ.SS.. | ...LLL..&#10;ZZZTTSI. | ...OO...&#10;TZTTTTI. | ...OO...&#10;TTZTTZI. | ...OO...&#10;TZZZZZI. | ...OOZOO&#10;TSOOL.JJ | S..ZZZOO&#10;TTOOS.SJ | SSZZZ.L.&#10;I.SZLLLL | .SZ.LLL.&#10;&#10;step=304, rand=3, actions=&lt;Down&gt;&#10;Want     | Got ✗   &#10;-------------------&#10;........ | ...ZOO..&#10;......OO | ...SOOIT&#10;.Z..S.OO | .....LT.&#10;ZZZ.SS.. | ...LLL..&#10;ZZZTTSI. | ...OO...&#10;TZTTTTI. | ...OO...&#10;TTZTTZI. | ...OO...&#10;TZZZZZI. | ...OOZOO&#10;TSOOL.JJ | S..ZZZOO&#10;TTOOS.SJ | SSZZZ.L.&#10;I.SZLLLL | .SZ.LLL.&#10;&#10;step=305, rand=3, actions=&lt;Down&gt;&#10;Want     | Got ✗   &#10;-------------------&#10;........ | ...ZOO..&#10;........ | ...SOOIT&#10;.Z..S.OO | .....LT.&#10;ZZZ.SSOO | ...LLL..&#10;ZZZTTSI. | ...OO...&#10;TZTTTTI. | ...OO...&#10;TTZTTZI. | ...OO...&#10;TZZZZZI. | ...OOZOO&#10;TSOOL.JJ | S..ZZZOO&#10;TTOOS.SJ | SSZZZ.L.&#10;I.SZLLLL | .SZ.LLL.&#10;&#10;step=306, rand=3, actions=&lt;Down&gt;&#10;Want     | Got ✗   &#10;-------------------&#10;...OO... | ...ZOO..&#10;...OO... | ...SOOIT&#10;.Z..S.OO | .....LT.&#10;ZZZ.SSOO | ...LLL..&#10;ZZZTTSI. | ...OO...&#10;TZTTTTI. | ...OO...&#10;TTZTTZI. | ...OO...&#10;TZZZZZI. | ...OOZOO&#10;TSOOL.JJ | S..ZZZOO&#10;TTOOS.SJ | SSZZZ.L.&#10;I.SZLLLL | .SZ.LLL.&#10;&#10;step=307, rand=3, actions=&lt;Left&gt;&#10;Want     | Got ✗   &#10;-------------------&#10;..OO.... | ...ZOO..&#10;..OO.... | ...SOOIT&#10;.Z..S.OO | .....LT.&#10;ZZZ.SSOO | ...LLL..&#10;ZZZTTSI. | ...OO...&#10;TZTTTTI. | ...OO...&#10;TTZTTZI. | ...OO...&#10;TZZZZZI. | ...OOZOO&#10;TSOOL.JJ | S..ZZZOO&#10;TTOOS.SJ | SSZZZ.L.&#10;I.SZLLLL | .SZ.LLL.&#10;&#10;step=308, rand=3, actions=&lt;Left&gt;&#10;Want     | Got ✗   &#10;-------------------&#10;.OO..... | ...ZOO..&#10;.OO..... | ...SOOIT&#10;.Z..S.OO | .....LT.&#10;ZZZ.SSOO | ...LLL..&#10;ZZZTTSI. | ...OO...&#10;TZTTTTI. | ...OO...&#10;TTZTTZI. | ...OO...&#10;TZZZZZI. | ...OOZOO&#10;TSOOL.JJ | S..ZZZOO&#10;TTOOS.SJ | SSZZZ.L.&#10;I.SZLLLL | .SZ.LLL.&#10;&#10;step=309, rand=3, actions=&lt;Right&gt;&#10;Want     | Got ✗   &#10;-------------------&#10;..OO.... | ...ZOO..&#10;..OO.... | ...SOOIT&#10;.Z..S.OO | .....LT.&#10;ZZZ.SSOO | ...LLL..&#10;ZZZTTSI. | ...OO...&#10;TZTTTTI. | ...OO...&#10;TTZTTZI. | ...OO...&#10;TZZZZZI. | ...OOZOO&#10;TSOOL.JJ | S..ZZZOO&#10;TTOOS.SJ | SSZZZ.L.&#10;I.SZLLLL | .SZ.LLL.&#10;&#10;step=310, rand=3, actions=&lt;Down&gt;&#10;Want     | Got ✗   &#10;-------------------&#10;........ | ...ZOO..&#10;..OO.... | ...SOOIT&#10;.ZOOS.OO | .....LT.&#10;ZZZ.SSOO | ...LLL..&#10;ZZZTTSI. | ...OO...&#10;TZTTTTI. | ...OO...&#10;TTZTTZI. | ...OO...&#10;TZZZZZI. | ...OOZOO&#10;TSOOL.JJ | S..ZZZOO&#10;TTOOS.SJ | SSZZZ.L.&#10;I.SZLLLL | .SZ.LLL.&#10;&#10;step=311, rand=1, actions=&lt;Down&gt;&#10;Want              | Got ✗   &#10;----------------------------&#10;GameOverDisplay() | ...JOO..&#10;                  | ...JJJIT&#10;                  | .....LT.&#10;                  | ...LLL..&#10;                  | ...OO...&#10;                  | ...OO...&#10;                  | ...OO...&#10;                  | ...OOZOO&#10;                  | S..ZZZOO&#10;                  | SSZZZ.L.&#10;                  | .SZ.LLL.&#10;&#10;" type="org.scalatest.exceptions.TestFailedException">org.scalatest.exceptions.TestFailedException: didPass was false
--------------------------------------------------------------------------------
This is what went wrong:

step=0, rand=2, actions=&lt;&gt;
Want     | Got ✓   
-------------------
....L... | ....L...
..LLL... | ..LLL...
........ | ........
........ | ........
........ | ........
........ | ........
........ | ........
........ | ........
........ | ........
........ | ........
........ | ........

step=1, rand=2, actions=&lt;Right&gt;
Want     | Got ✓   
-------------------
.....L.. | .....L..
...LLL.. | ...LLL..
........ | ........
........ | ........
........ | ........
........ | ........
........ | ........
........ | ........
........ | ........
........ | ........
........ | ........

step=2, rand=2, actions=&lt;Right&gt;
Want     | Got ✓   
-------------------
......L. | ......L.
....LLL. | ....LLL.
........ | ........
........ | ........
........ | ........
........ | ........
........ | ........
........ | ........
........ | ........
........ | ........
........ | ........

step=3, rand=2, actions=&lt;Down&gt;
Want     | Got ✓   
-------------------
........ | ........
......L. | ......L.
....LLL. | ....LLL.
........ | ........
........ | ........
........ | ........
........ | ........
........ | ........
........ | ........
........ | ........
........ | ........

step=4, rand=2, actions=&lt;Down&gt;
Want     | Got ✓   
-------------------
........ | ........
........ | ........
......L. | ......L.
....LLL. | ....LLL.
........ | ........
........ | ........
........ | ........
........ | ........
........ | ........
........ | ........
........ | ........

step=5, rand=2, actions=&lt;Down&gt;
Want     | Got ✓   
-------------------
........ | ........
........ | ........
........ | ........
......L. | ......L.
....LLL. | ....LLL.
........ | ........
........ | ........
........ | ........
........ | ........
........ | ........
........ | ........

step=6, rand=2, actions=&lt;Down&gt;
Want     | Got ✓   
-------------------
........ | ........
........ | ........
........ | ........
........ | ........
......L. | ......L.
....LLL. | ....LLL.
........ | ........
........ | ........
........ | ........
........ | ........
........ | ........

step=7, rand=2, actions=&lt;Down&gt;
Want     | Got ✓   
-------------------
........ | ........
........ | ........
........ | ........
........ | ........
........ | ........
......L. | ......L.
....LLL. | ....LLL.
........ | ........
........ | ........
........ | ........
........ | ........

step=8, rand=2, actions=&lt;Down&gt;
Want     | Got ✓   
-------------------
........ | ........
........ | ........
........ | ........
........ | ........
........ | ........
........ | ........
......L. | ......L.
....LLL. | ....LLL.
........ | ........
........ | ........
........ | ........

step=9, rand=2, actions=&lt;Down&gt;
Want     | Got ✓   
-------------------
........ | ........
........ | ........
........ | ........
........ | ........
........ | ........
........ | ........
........ | ........
......L. | ......L.
....LLL. | ....LLL.
........ | ........
........ | ........

step=10, rand=2, actions=&lt;Down&gt;
Want     | Got ✓   
-------------------
........ | ........
........ | ........
........ | ........
........ | ........
........ | ........
........ | ........
........ | ........
........ | ........
......L. | ......L.
....LLL. | ....LLL.
........ | ........

step=11, rand=2, actions=&lt;Down&gt;
Want     | Got ✓   
-------------------
........ | ........
........ | ........
........ | ........
........ | ........
........ | ........
........ | ........
........ | ........
........ | ........
........ | ........
......L. | ......L.
....LLL. | ....LLL.

step=12, rand=6, actions=&lt;Down&gt;
Want     | Got ✗   
-------------------
..ZZ.... | ...ZZ...
...ZZ... | ....ZZ..
........ | ........
........ | ........
........ | ........
........ | ........
........ | ........
........ | ........
........ | ........
......L. | ......L.
....LLL. | ....LLL.

step=13, rand=6, actions=&lt;RotateRight&gt;
Want     | Got ✗   
-------------------
....Z... | .....Z..
...ZZ... | ....ZZ..
...Z.... | ....Z...
........ | ........
........ | ........
........ | ........
........ | ........
........ | ........
........ | ........
......L. | ......L.
....LLL. | ....LLL.

step=14, rand=6, actions=&lt;Down&gt;
Want     | Got ✗   
-------------------
........ | ........
....Z... | .....Z..
...ZZ... | ....ZZ..
...Z.... | ....Z...
........ | ........
........ | ........
........ | ........
........ | ........
........ | ........
......L. | ......L.
....LLL. | ....LLL.

step=15, rand=6, actions=&lt;Down&gt;
Want     | Got ✗   
-------------------
........ | ........
........ | ........
....Z... | .....Z..
...ZZ... | ....ZZ..
...Z.... | ....Z...
........ | ........
........ | ........
........ | ........
........ | ........
......L. | ......L.
....LLL. | ....LLL.

step=16, rand=6, actions=&lt;Down&gt;
Want     | Got ✗   
-------------------
........ | ........
........ | ........
........ | ........
....Z... | .....Z..
...ZZ... | ....ZZ..
...Z.... | ....Z...
........ | ........
........ | ........
........ | ........
......L. | ......L.
....LLL. | ....LLL.

step=17, rand=6, actions=&lt;Down&gt;
Want     | Got ✗   
-------------------
........ | ........
........ | ........
........ | ........
........ | ........
....Z... | .....Z..
...ZZ... | ....ZZ..
...Z.... | ....Z...
........ | ........
........ | ........
......L. | ......L.
....LLL. | ....LLL.

step=18, rand=6, actions=&lt;Down&gt;
Want     | Got ✗   
-------------------
........ | ........
........ | ........
........ | ........
........ | ........
........ | ........
....Z... | .....Z..
...ZZ... | ....ZZ..
...Z.... | ....Z...
........ | ........
......L. | ......L.
....LLL. | ....LLL.

step=19, rand=6, actions=&lt;Down&gt;
Want     | Got ✗   
-------------------
........ | ........
........ | ........
........ | ........
........ | ........
........ | ........
........ | ........
....Z... | .....Z..
...ZZ... | ....ZZ..
...Z.... | ....Z...
......L. | ......L.
....LLL. | ....LLL.

step=20, rand=6, actions=&lt;Down&gt;
Want     | Got ✗   
-------------------
........ | ........
........ | ........
........ | ........
........ | ........
........ | ........
........ | ........
........ | ........
....Z... | .....Z..
...ZZ... | ....ZZ..
...Z..L. | ....Z.L.
....LLL. | ....LLL.

step=21, rand=6, actions=&lt;Down&gt;
Want     | Got ✗   
-------------------
........ | ...ZZ...
........ | ....ZZ..
........ | ........
........ | ........
........ | ........
........ | ........
........ | ........
........ | .....Z..
....Z... | ....ZZ..
...ZZ.L. | ....Z.L.
...ZLLL. | ....LLL.

step=22, rand=4, actions=&lt;Down&gt;
Want     | Got ✗   
-------------------
...SS... | ........
..SS.... | ...ZZ...
........ | ....ZZ..
........ | ........
........ | ........
........ | ........
........ | ........
........ | .....Z..
....Z... | ....ZZ..
...ZZ.L. | ....Z.L.
...ZLLL. | ....LLL.

step=23, rand=4, actions=&lt;Left&gt;
Want     | Got ✗   
-------------------
..SS.... | ........
.SS..... | ..ZZ....
........ | ...ZZ...
........ | ........
........ | ........
........ | ........
........ | ........
........ | .....Z..
....Z... | ....ZZ..
...ZZ.L. | ....Z.L.
...ZLLL. | ....LLL.

step=24, rand=4, actions=&lt;RotateRight&gt;
Want     | Got ✗   
-------------------
..S..... | ........
..SS.... | ....Z...
...S.... | ...ZZ...
........ | ...Z....
........ | ........
........ | ........
........ | ........
........ | .....Z..
....Z... | ....ZZ..
...ZZ.L. | ....Z.L.
...ZLLL. | ....LLL.

step=25, rand=4, actions=&lt;Left&gt;
Want     | Got ✗   
-------------------
.S...... | ........
.SS..... | ...Z....
..S..... | ..ZZ....
........ | ..Z.....
........ | ........
........ | ........
........ | ........
........ | .....Z..
....Z... | ....ZZ..
...ZZ.L. | ....Z.L.
...ZLLL. | ....LLL.

step=26, rand=4, actions=&lt;Down&gt;
Want     | Got ✗   
-------------------
........ | ........
.S...... | ........
.SS..... | ...Z....
..S..... | ..ZZ....
........ | ..Z.....
........ | ........
........ | ........
........ | .....Z..
....Z... | ....ZZ..
...ZZ.L. | ....Z.L.
...ZLLL. | ....LLL.

step=27, rand=4, actions=&lt;Down&gt;
Want     | Got ✗   
-------------------
........ | ........
........ | ........
.S...... | ........
.SS..... | ...Z....
..S..... | ..ZZ....
........ | ..Z.....
........ | ........
........ | .....Z..
....Z... | ....ZZ..
...ZZ.L. | ....Z.L.
...ZLLL. | ....LLL.

step=28, rand=4, actions=&lt;Down&gt;
Want     | Got ✗   
-------------------
........ | ........
........ | ........
........ | ........
.S...... | ........
.SS..... | ...Z....
..S..... | ..ZZ....
........ | ..Z.....
........ | .....Z..
....Z... | ....ZZ..
...ZZ.L. | ....Z.L.
...ZLLL. | ....LLL.

step=29, rand=4, actions=&lt;Down&gt;
Want     | Got ✗   
-------------------
........ | ........
........ | ........
........ | ........
........ | ........
.S...... | ........
.SS..... | ...Z....
..S..... | ..ZZ....
........ | ..Z..Z..
....Z... | ....ZZ..
...ZZ.L. | ....Z.L.
...ZLLL. | ....LLL.

step=30, rand=4, actions=&lt;Down&gt;
Want     | Got ✗   
-------------------
........ | ........
........ | ........
........ | ........
........ | ........
........ | ........
.S...... | ........
.SS..... | ...Z....
..S..... | ..ZZ.Z..
....Z... | ..Z.ZZ..
...ZZ.L. | ....Z.L.
...ZLLL. | ....LLL.

step=31, rand=4, actions=&lt;Down&gt;
Want     | Got ✗   
-------------------
........ | ........
........ | ........
........ | ........
........ | ........
........ | ........
........ | ........
.S...... | ........
.SS..... | ...Z.Z..
..S.Z... | ..ZZZZ..
...ZZ.L. | ..Z.Z.L.
...ZLLL. | ....LLL.

step=32, rand=4, actions=&lt;Down&gt;
Want     | Got ✗   
-------------------
........ | ........
........ | ........
........ | ........
........ | ........
........ | ........
........ | ........
........ | ........
.S...... | .....Z..
.SS.Z... | ...ZZZ..
..SZZ.L. | ..ZZZ.L.
...ZLLL. | ..Z.LLL.

step=33, rand=4, actions=&lt;Down&gt;
Want     | Got ✗   
-------------------
........ | ....SS..
........ | ...SS...
........ | ........
........ | ........
........ | ........
........ | ........
........ | ........
........ | .....Z..
.S..Z... | ...ZZZ..
.SSZZ.L. | ..ZZZ.L.
..SZLLL. | ..Z.LLL.

step=34, rand=0, actions=&lt;Down&gt;
Want     | Got ✗   
-------------------
........ | ........
..IIII.. | ....SS..
........ | ...SS...
........ | ........
........ | ........
........ | ........
........ | ........
........ | .....Z..
.S..Z... | ...ZZZ..
.SSZZ.L. | ..ZZZ.L.
..SZLLL. | ..Z.LLL.

step=35, rand=0, actions=&lt;RotateRight&gt;
Want     | Got ✗   
-------------------
....I... | ........
....I... | ....S...
....I... | ....SS..
....I... | .....S..
........ | ........
........ | ........
........ | ........
........ | .....Z..
.S..Z... | ...ZZZ..
.SSZZ.L. | ..ZZZ.L.
..SZLLL. | ..Z.LLL.

step=36, rand=0, actions=&lt;Left&gt;
Want     | Got ✗   
-------------------
...I.... | ........
...I.... | ...S....
...I.... | ...SS...
...I.... | ....S...
........ | ........
........ | ........
........ | ........
........ | .....Z..
.S..Z... | ...ZZZ..
.SSZZ.L. | ..ZZZ.L.
..SZLLL. | ..Z.LLL.

step=37, rand=0, actions=&lt;Left&gt;
Want     | Got ✗   
-------------------
..I..... | ........
..I..... | ..S.....
..I..... | ..SS....
..I..... | ...S....
........ | ........
........ | ........
........ | ........
........ | .....Z..
.S..Z... | ...ZZZ..
.SSZZ.L. | ..ZZZ.L.
..SZLLL. | ..Z.LLL.

step=38, rand=0, actions=&lt;Left&gt;
Want     | Got ✗   
-------------------
.I...... | ........
.I...... | .S......
.I...... | .SS.....
.I...... | ..S.....
........ | ........
........ | ........
........ | ........
........ | .....Z..
.S..Z... | ...ZZZ..
.SSZZ.L. | ..ZZZ.L.
..SZLLL. | ..Z.LLL.

step=39, rand=0, actions=&lt;Left&gt;
Want     | Got ✗   
-------------------
I....... | ........
I....... | S.......
I....... | SS......
I....... | .S......
........ | ........
........ | ........
........ | ........
........ | .....Z..
.S..Z... | ...ZZZ..
.SSZZ.L. | ..ZZZ.L.
..SZLLL. | ..Z.LLL.

step=40, rand=0, actions=&lt;Left&gt;
Want     | Got ✗   
-------------------
I....... | ........
I....... | S.......
I....... | SS......
I....... | .S......
........ | ........
........ | ........
........ | ........
........ | .....Z..
.S..Z... | ...ZZZ..
.SSZZ.L. | ..ZZZ.L.
..SZLLL. | ..Z.LLL.

step=41, rand=0, actions=&lt;Down&gt;
Want     | Got ✗   
-------------------
........ | ........
I....... | ........
I....... | S.......
I....... | SS......
I....... | .S......
........ | ........
........ | ........
........ | .....Z..
.S..Z... | ...ZZZ..
.SSZZ.L. | ..ZZZ.L.
..SZLLL. | ..Z.LLL.

step=42, rand=0, actions=&lt;Down&gt;
Want     | Got ✗   
-------------------
........ | ........
........ | ........
I....... | ........
I....... | S.......
I....... | SS......
I....... | .S......
........ | ........
........ | .....Z..
.S..Z... | ...ZZZ..
.SSZZ.L. | ..ZZZ.L.
..SZLLL. | ..Z.LLL.

step=43, rand=0, actions=&lt;Down&gt;
Want     | Got ✗   
-------------------
........ | ........
........ | ........
........ | ........
I....... | ........
I....... | S.......
I....... | SS......
I....... | .S......
........ | .....Z..
.S..Z... | ...ZZZ..
.SSZZ.L. | ..ZZZ.L.
..SZLLL. | ..Z.LLL.

step=44, rand=0, actions=&lt;Down&gt;
Want     | Got ✗   
-------------------
........ | ........
........ | ........
........ | ........
........ | ........
I....... | ........
I....... | S.......
I....... | SS......
I....... | .S...Z..
.S..Z... | ...ZZZ..
.SSZZ.L. | ..ZZZ.L.
..SZLLL. | ..Z.LLL.

step=45, rand=0, actions=&lt;Down&gt;
Want     | Got ✗   
-------------------
........ | ........
........ | ........
........ | ........
........ | ........
........ | ........
I....... | ........
I....... | S.......
I....... | SS...Z..
IS..Z... | .S.ZZZ..
.SSZZ.L. | ..ZZZ.L.
..SZLLL. | ..Z.LLL.

step=46, rand=0, actions=&lt;Down&gt;
Want     | Got ✗   
-------------------
........ | ........
........ | ........
........ | ........
........ | ........
........ | ........
........ | ........
I....... | ........
I....... | S....Z..
IS..Z... | SS.ZZZ..
ISSZZ.L. | .SZZZ.L.
..SZLLL. | ..Z.LLL.

step=47, rand=0, actions=&lt;Down&gt;
Want     | Got ✗   
-------------------
........ | ........
........ | ........
........ | ........
........ | ........
........ | ........
........ | ........
........ | ........
I....... | .....Z..
IS..Z... | S..ZZZ..
ISSZZ.L. | SSZZZ.L.
I.SZLLL. | .SZ.LLL.

step=48, rand=3, actions=&lt;Down&gt;
Want     | Got ✗   
-------------------
...OO... | ....OO..
...OO... | ....OO..
........ | ........
........ | ........
........ | ........
........ | ........
........ | ........
I....... | .....Z..
IS..Z... | S..ZZZ..
ISSZZ.L. | SSZZZ.L.
I.SZLLL. | .SZ.LLL.

step=49, rand=3, actions=&lt;Left&gt;
Want     | Got ✗   
-------------------
..OO.... | ...OO...
..OO.... | ...OO...
........ | ........
........ | ........
........ | ........
........ | ........
........ | ........
I....... | .....Z..
IS..Z... | S..ZZZ..
ISSZZ.L. | SSZZZ.L.
I.SZLLL. | .SZ.LLL.

step=50, rand=3, actions=&lt;Down&gt;
Want     | Got ✗   
-------------------
........ | ........
..OO.... | ...OO...
..OO.... | ...OO...
........ | ........
........ | ........
........ | ........
........ | ........
I....... | .....Z..
IS..Z... | S..ZZZ..
ISSZZ.L. | SSZZZ.L.
I.SZLLL. | .SZ.LLL.

step=51, rand=3, actions=&lt;Left&gt;
Want     | Got ✗   
-------------------
........ | ........
.OO..... | ..OO....
.OO..... | ..OO....
........ | ........
........ | ........
........ | ........
........ | ........
I....... | .....Z..
IS..Z... | S..ZZZ..
ISSZZ.L. | SSZZZ.L.
I.SZLLL. | .SZ.LLL.

step=52, rand=3, actions=&lt;Down&gt;
Want     | Got ✗   
-------------------
........ | ........
........ | ........
.OO..... | ..OO....
.OO..... | ..OO....
........ | ........
........ | ........
........ | ........
I....... | .....Z..
IS..Z... | S..ZZZ..
ISSZZ.L. | SSZZZ.L.
I.SZLLL. | .SZ.LLL.

step=53, rand=3, actions=&lt;Down&gt;
Want     | Got ✗   
-------------------
........ | ........
........ | ........
........ | ........
.OO..... | ..OO....
.OO..... | ..OO....
........ | ........
........ | ........
I....... | .....Z..
IS..Z... | S..ZZZ..
ISSZZ.L. | SSZZZ.L.
I.SZLLL. | .SZ.LLL.

step=54, rand=3, actions=&lt;Down&gt;
Want     | Got ✗   
-------------------
........ | ........
........ | ........
........ | ........
........ | ........
.OO..... | ..OO....
.OO..... | ..OO....
........ | ........
I....... | .....Z..
IS..Z... | S..ZZZ..
ISSZZ.L. | SSZZZ.L.
I.SZLLL. | .SZ.LLL.

step=55, rand=3, actions=&lt;Down&gt;
Want     | Got ✗   
-------------------
........ | ........
........ | ........
........ | ........
........ | ........
........ | ........
.OO..... | ..OO....
.OO..... | ..OO....
I....... | .....Z..
IS..Z... | S..ZZZ..
ISSZZ.L. | SSZZZ.L.
I.SZLLL. | .SZ.LLL.

step=56, rand=3, actions=&lt;Right&gt;
Want     | Got ✗   
-------------------
........ | ........
........ | ........
........ | ........
........ | ........
........ | ........
..OO.... | ...OO...
..OO.... | ...OO...
I....... | .....Z..
IS..Z... | S..ZZZ..
ISSZZ.L. | SSZZZ.L.
I.SZLLL. | .SZ.LLL.

step=57, rand=3, actions=&lt;Down&gt;
Want     | Got ✗   
-------------------
........ | ........
........ | ........
........ | ........
........ | ........
........ | ........
........ | ........
..OO.... | ...OO...
I.OO.... | ...OOZ..
IS..Z... | S..ZZZ..
ISSZZ.L. | SSZZZ.L.
I.SZLLL. | .SZ.LLL.

step=58, rand=3, actions=&lt;Down&gt;
Want     | Got ✗   
-------------------
........ | ....OO..
........ | ....OO..
........ | ........
........ | ........
........ | ........
........ | ........
........ | ...OO...
I.OO.... | ...OOZ..
ISOOZ... | S..ZZZ..
ISSZZ.L. | SSZZZ.L.
I.SZLLL. | .SZ.LLL.

step=59, rand=3, actions=&lt;Down&gt;
Want     | Got ✗   
-------------------
...OO... | ........
...OO... | ....OO..
........ | ....OO..
........ | ........
........ | ........
........ | ........
........ | ...OO...
I.OO.... | ...OOZ..
ISOOZ... | S..ZZZ..
ISSZZ.L. | SSZZZ.L.
I.SZLLL. | .SZ.LLL.

step=60, rand=3, actions=&lt;Left&gt;
Want     | Got ✗   
-------------------
..OO.... | ........
..OO.... | ...OO...
........ | ...OO...
........ | ........
........ | ........
........ | ........
........ | ...OO...
I.OO.... | ...OOZ..
ISOOZ... | S..ZZZ..
ISSZZ.L. | SSZZZ.L.
I.SZLLL. | .SZ.LLL.

step=61, rand=3, actions=&lt;Down&gt;
Want     | Got ✗   
-------------------
........ | ........
..OO.... | ........
..OO.... | ...OO...
........ | ...OO...
........ | ........
........ | ........
........ | ...OO...
I.OO.... | ...OOZ..
ISOOZ... | S..ZZZ..
ISSZZ.L. | SSZZZ.L.
I.SZLLL. | .SZ.LLL.

step=62, rand=3, actions=&lt;Down&gt;
Want     | Got ✗   
-------------------
........ | ........
........ | ........
..OO.... | ........
..OO.... | ...OO...
........ | ...OO...
........ | ........
........ | ...OO...
I.OO.... | ...OOZ..
ISOOZ... | S..ZZZ..
ISSZZ.L. | SSZZZ.L.
I.SZLLL. | .SZ.LLL.

step=63, rand=3, actions=&lt;Down&gt;
Want     | Got ✗   
-------------------
........ | ........
........ | ........
........ | ........
..OO.... | ........
..OO.... | ...OO...
........ | ...OO...
........ | ...OO...
I.OO.... | ...OOZ..
ISOOZ... | S..ZZZ..
ISSZZ.L. | SSZZZ.L.
I.SZLLL. | .SZ.LLL.

step=64, rand=3, actions=&lt;Down&gt;
Want     | Got ✗   
-------------------
........ | ....OO..
........ | ....OO..
........ | ........
........ | ........
..OO.... | ...OO...
..OO.... | ...OO...
........ | ...OO...
I.OO.... | ...OOZ..
ISOOZ... | S..ZZZ..
ISSZZ.L. | SSZZZ.L.
I.SZLLL. | .SZ.LLL.

step=65, rand=3, actions=&lt;Down&gt;
Want     | Got ✗   
-------------------
........ | ........
........ | ....OO..
........ | ....OO..
........ | ........
........ | ...OO...
..OO.... | ...OO...
..OO.... | ...OO...
I.OO.... | ...OOZ..
ISOOZ... | S..ZZZ..
ISSZZ.L. | SSZZZ.L.
I.SZLLL. | .SZ.LLL.

step=66, rand=2, actions=&lt;Down&gt;
Want     | Got ✗   
-------------------
....L... | ........
..LLL... | ........
........ | ....OO..
........ | ....OO..
........ | ...OO...
..OO.... | ...OO...
..OO.... | ...OO...
I.OO.... | ...OOZ..
ISOOZ... | S..ZZZ..
ISSZZ.L. | SSZZZ.L.
I.SZLLL. | .SZ.LLL.

step=67, rand=2, actions=&lt;RotateRight&gt;
Want     | Got ✗   
-------------------
...L.... | ........
...L.... | ........
...LL... | ....OO..
........ | ....OO..
........ | ...OO...
..OO.... | ...OO...
..OO.... | ...OO...
I.OO.... | ...OOZ..
ISOOZ... | S..ZZZ..
ISSZZ.L. | SSZZZ.L.
I.SZLLL. | .SZ.LLL.

step=68, rand=2, actions=&lt;Right&gt;
Want     | Got ✗   
-------------------
....L... | ........
....L... | ........
....LL.. | .....OO.
........ | .....OO.
........ | ...OO...
..OO.... | ...OO...
..OO.... | ...OO...
I.OO.... | ...OOZ..
ISOOZ... | S..ZZZ..
ISSZZ.L. | SSZZZ.L.
I.SZLLL. | .SZ.LLL.

step=69, rand=2, actions=&lt;Right&gt;
Want     | Got ✗   
-------------------
.....L.. | ........
.....L.. | ........
.....LL. | ......OO
........ | ......OO
........ | ...OO...
..OO.... | ...OO...
..OO.... | ...OO...
I.OO.... | ...OOZ..
ISOOZ... | S..ZZZ..
ISSZZ.L. | SSZZZ.L.
I.SZLLL. | .SZ.LLL.

step=70, rand=2, actions=&lt;RotateRight&gt;
Want     | Got ✗   
-------------------
........ | ........
....LLL. | ........
....L... | ......OO
........ | ......OO
........ | ...OO...
..OO.... | ...OO...
..OO.... | ...OO...
I.OO.... | ...OOZ..
ISOOZ... | S..ZZZ..
ISSZZ.L. | SSZZZ.L.
I.SZLLL. | .SZ.LLL.

step=71, rand=2, actions=&lt;RotateRight&gt;
Want     | Got ✗   
-------------------
....LL.. | ........
.....L.. | ........
.....L.. | ......OO
........ | ......OO
........ | ...OO...
..OO.... | ...OO...
..OO.... | ...OO...
I.OO.... | ...OOZ..
ISOOZ... | S..ZZZ..
ISSZZ.L. | SSZZZ.L.
I.SZLLL. | .SZ.LLL.

step=72, rand=2, actions=&lt;Right&gt;
Want     | Got ✗   
-------------------
.....LL. | ........
......L. | ........
......L. | ......OO
........ | ......OO
........ | ...OO...
..OO.... | ...OO...
..OO.... | ...OO...
I.OO.... | ...OOZ..
ISOOZ... | S..ZZZ..
ISSZZ.L. | SSZZZ.L.
I.SZLLL. | .SZ.LLL.

step=73, rand=2, actions=&lt;Right&gt;
Want     | Got ✗   
-------------------
......LL | ........
.......L | ........
.......L | ......OO
........ | ......OO
........ | ...OO...
..OO.... | ...OO...
..OO.... | ...OO...
I.OO.... | ...OOZ..
ISOOZ... | S..ZZZ..
ISSZZ.L. | SSZZZ.L.
I.SZLLL. | .SZ.LLL.

step=74, rand=2, actions=&lt;Down&gt;
Want     | Got ✗   
-------------------
........ | ........
......LL | ........
.......L | ........
.......L | ......OO
........ | ...OO.OO
..OO.... | ...OO...
..OO.... | ...OO...
I.OO.... | ...OOZ..
ISOOZ... | S..ZZZ..
ISSZZ.L. | SSZZZ.L.
I.SZLLL. | .SZ.LLL.

step=75, rand=2, actions=&lt;Down&gt;
Want     | Got ✗   
-------------------
........ | ........
........ | ........
......LL | ........
.......L | ........
.......L | ...OO.OO
..OO.... | ...OO.OO
..OO.... | ...OO...
I.OO.... | ...OOZ..
ISOOZ... | S..ZZZ..
ISSZZ.L. | SSZZZ.L.
I.SZLLL. | .SZ.LLL.

step=76, rand=2, actions=&lt;Down&gt;
Want     | Got ✗   
-------------------
........ | ........
........ | ........
........ | ........
......LL | ........
.......L | ...OO...
..OO...L | ...OO.OO
..OO.... | ...OO.OO
I.OO.... | ...OOZ..
ISOOZ... | S..ZZZ..
ISSZZ.L. | SSZZZ.L.
I.SZLLL. | .SZ.LLL.

step=77, rand=2, actions=&lt;Down&gt;
Want     | Got ✗   
-------------------
........ | ........
........ | ........
........ | ........
........ | ........
......LL | ...OO...
..OO...L | ...OO...
..OO...L | ...OO.OO
I.OO.... | ...OOZOO
ISOOZ... | S..ZZZ..
ISSZZ.L. | SSZZZ.L.
I.SZLLL. | .SZ.LLL.

step=78, rand=2, actions=&lt;Down&gt;
Want     | Got ✗   
-------------------
........ | ........
........ | ........
........ | ........
........ | ........
........ | ...OO...
..OO..LL | ...OO...
..OO...L | ...OO...
I.OO...L | ...OOZOO
ISOOZ... | S..ZZZOO
ISSZZ.L. | SSZZZ.L.
I.SZLLL. | .SZ.LLL.

step=79, rand=2, actions=&lt;Down&gt;
Want     | Got ✗   
-------------------
........ | .....L..
........ | ...LLL..
........ | ........
........ | ........
........ | ...OO...
..OO.... | ...OO...
..OO..LL | ...OO...
I.OO...L | ...OOZOO
ISOOZ..L | S..ZZZOO
ISSZZ.L. | SSZZZ.L.
I.SZLLL. | .SZ.LLL.

step=80, rand=2, actions=&lt;Down&gt;
Want     | Got ✗   
-------------------
........ | ........
........ | .....L..
........ | ...LLL..
........ | ........
........ | ...OO...
..OO.... | ...OO...
..OO.... | ...OO...
I.OO..LL | ...OOZOO
ISOOZ..L | S..ZZZOO
ISSZZ.LL | SSZZZ.L.
I.SZLLL. | .SZ.LLL.

step=81, rand=2, actions=&lt;Down&gt;
Want     | Got ✗   
-------------------
........ | ........
........ | ........
........ | .....L..
........ | ...LLL..
........ | ...OO...
..OO.... | ...OO...
..OO.... | ...OO...
I.OO.... | ...OOZOO
ISOOZ.LL | S..ZZZOO
ISSZZ.LL | SSZZZ.L.
I.SZLLLL | .SZ.LLL.

step=82, rand=5, actions=&lt;Down&gt;
Want     | Got ✗   
-------------------
...T.... | ....T...
..TTT... | ...TTT..
........ | .....L..
........ | ...LLL..
........ | ...OO...
..OO.... | ...OO...
..OO.... | ...OO...
I.OO.... | ...OOZOO
ISOOZ.LL | S..ZZZOO
ISSZZ.LL | SSZZZ.L.
I.SZLLLL | .SZ.LLL.

step=83, rand=5, actions=&lt;Right&gt;
Want     | Got ✗   
-------------------
....T... | .....T..
...TTT.. | ....TTT.
........ | .....L..
........ | ...LLL..
........ | ...OO...
..OO.... | ...OO...
..OO.... | ...OO...
I.OO.... | ...OOZOO
ISOOZ.LL | S..ZZZOO
ISSZZ.LL | SSZZZ.L.
I.SZLLLL | .SZ.LLL.

step=84, rand=5, actions=&lt;Right&gt;
Want     | Got ✗   
-------------------
.....T.. | ......T.
....TTT. | .....TTT
........ | .....L..
........ | ...LLL..
........ | ...OO...
..OO.... | ...OO...
..OO.... | ...OO...
I.OO.... | ...OOZOO
ISOOZ.LL | S..ZZZOO
ISSZZ.LL | SSZZZ.L.
I.SZLLLL | .SZ.LLL.

step=85, rand=5, actions=&lt;RotateRight&gt;
Want     | Got ✗   
-------------------
.....T.. | ......T.
.....TT. | ......TT
.....T.. | .....LT.
........ | ...LLL..
........ | ...OO...
..OO.... | ...OO...
..OO.... | ...OO...
I.OO.... | ...OOZOO
ISOOZ.LL | S..ZZZOO
ISSZZ.LL | SSZZZ.L.
I.SZLLLL | .SZ.LLL.

step=86, rand=5, actions=&lt;RotateRight&gt;
Want     | Got ✗   
-------------------
........ | ........
....TTT. | .....TTT
.....T.. | .....LT.
........ | ...LLL..
........ | ...OO...
..OO.... | ...OO...
..OO.... | ...OO...
I.OO.... | ...OOZOO
ISOOZ.LL | S..ZZZOO
ISSZZ.LL | SSZZZ.L.
I.SZLLLL | .SZ.LLL.

step=87, rand=5, actions=&lt;Down&gt;
Want     | Got ✗   
-------------------
........ | ....T...
........ | ...TTTTT
....TTT. | .....LT.
.....T.. | ...LLL..
........ | ...OO...
..OO.... | ...OO...
..OO.... | ...OO...
I.OO.... | ...OOZOO
ISOOZ.LL | S..ZZZOO
ISSZZ.LL | SSZZZ.L.
I.SZLLLL | .SZ.LLL.

step=88, rand=5, actions=&lt;Down&gt;
Want     | Got ✗   
-------------------
........ | ....T...
........ | ...TTTTT
........ | .....LT.
....TTT. | ...LLL..
.....T.. | ...OO...
..OO.... | ...OO...
..OO.... | ...OO...
I.OO.... | ...OOZOO
ISOOZ.LL | S..ZZZOO
ISSZZ.LL | SSZZZ.L.
I.SZLLLL | .SZ.LLL.

step=89, rand=5, actions=&lt;Down&gt;
Want     | Got ✗   
-------------------
........ | ....T...
........ | ...TTTTT
........ | .....LT.
........ | ...LLL..
....TTT. | ...OO...
..OO.T.. | ...OO...
..OO.... | ...OO...
I.OO.... | ...OOZOO
ISOOZ.LL | S..ZZZOO
ISSZZ.LL | SSZZZ.L.
I.SZLLLL | .SZ.LLL.

step=90, rand=5, actions=&lt;Down&gt;
Want     | Got ✗   
-------------------
........ | ....T...
........ | ...TTTTT
........ | .....LT.
........ | ...LLL..
........ | ...OO...
..OOTTT. | ...OO...
..OO.T.. | ...OO...
I.OO.... | ...OOZOO
ISOOZ.LL | S..ZZZOO
ISSZZ.LL | SSZZZ.L.
I.SZLLLL | .SZ.LLL.

step=91, rand=5, actions=&lt;Down&gt;
Want     | Got ✗   
-------------------
........ | ....T...
........ | ...TTTTT
........ | .....LT.
........ | ...LLL..
........ | ...OO...
..OO.... | ...OO...
..OOTTT. | ...OO...
I.OO.T.. | ...OOZOO
ISOOZ.LL | S..ZZZOO
ISSZZ.LL | SSZZZ.L.
I.SZLLLL | .SZ.LLL.

step=92, rand=5, actions=&lt;Down&gt;
Want     | Got ✗   
-------------------
........ | ....T...
........ | ...TTTTT
........ | .....LT.
........ | ...LLL..
........ | ...OO...
..OO.... | ...OO...
..OO.... | ...OO...
I.OOTTT. | ...OOZOO
ISOOZTLL | S..ZZZOO
ISSZZ.LL | SSZZZ.L.
I.SZLLLL | .SZ.LLL.

step=93, rand=4, actions=&lt;Down&gt;
Want     | Got ✗   
-------------------
...SS... | ....SS..
..SS.... | ...SSTTT
........ | .....LT.
........ | ...LLL..
........ | ...OO...
........ | ...OO...
..OO.... | ...OO...
..OO.... | ...OOZOO
I.OOTTT. | S..ZZZOO
ISSZZ.LL | SSZZZ.L.
I.SZLLLL | .SZ.LLL.

step=94, rand=4, actions=&lt;Right&gt;
Want     | Got ✗   
-------------------
....SS.. | ....SS..
...SS... | ...SSTTT
........ | .....LT.
........ | ...LLL..
........ | ...OO...
........ | ...OO...
..OO.... | ...OO...
..OO.... | ...OOZOO
I.OOTTT. | S..ZZZOO
ISSZZ.LL | SSZZZ.L.
I.SZLLLL | .SZ.LLL.

step=95, rand=4, actions=&lt;RotateRight&gt;
Want     | Got ✗   
-------------------
....S... | ....SS..
....SS.. | ...SSTTT
.....S.. | .....LT.
........ | ...LLL..
........ | ...OO...
........ | ...OO...
..OO.... | ...OO...
..OO.... | ...OOZOO
I.OOTTT. | S..ZZZOO
ISSZZ.LL | SSZZZ.L.
I.SZLLLL | .SZ.LLL.

step=96, rand=4, actions=&lt;Right&gt;
Want     | Got ✗   
-------------------
.....S.. | ....SS..
.....SS. | ...SSTTT
......S. | .....LT.
........ | ...LLL..
........ | ...OO...
........ | ...OO...
..OO.... | ...OO...
..OO.... | ...OOZOO
I.OOTTT. | S..ZZZOO
ISSZZ.LL | SSZZZ.L.
I.SZLLLL | .SZ.LLL.

step=97, rand=4, actions=&lt;Right&gt;
Want     | Got ✗   
-------------------
......S. | ....SS..
......SS | ...SSTTT
.......S | .....LT.
........ | ...LLL..
........ | ...OO...
........ | ...OO...
..OO.... | ...OO...
..OO.... | ...OOZOO
I.OOTTT. | S..ZZZOO
ISSZZ.LL | SSZZZ.L.
I.SZLLLL | .SZ.LLL.

step=98, rand=4, actions=&lt;Down&gt;
Want     | Got ✗   
-------------------
........ | ....SS..
......S. | ...SSTTT
......SS | .....LT.
.......S | ...LLL..
........ | ...OO...
........ | ...OO...
..OO.... | ...OO...
..OO.... | ...OOZOO
I.OOTTT. | S..ZZZOO
ISSZZ.LL | SSZZZ.L.
I.SZLLLL | .SZ.LLL.

step=99, rand=4, actions=&lt;Down&gt;
Want     | Got ✗   
-------------------
........ | ....SS..
........ | ...SSTTT
......S. | .....LT.
......SS | ...LLL..
.......S | ...OO...
........ | ...OO...
..OO.... | ...OO...
..OO.... | ...OOZOO
I.OOTTT. | S..ZZZOO
ISSZZ.LL | SSZZZ.L.
I.SZLLLL | .SZ.LLL.

step=100, rand=4, actions=&lt;Down&gt;
Want     | Got ✗   
-------------------
........ | ....SS..
........ | ...SSTTT
........ | .....LT.
......S. | ...LLL..
......SS | ...OO...
.......S | ...OO...
..OO.... | ...OO...
..OO.... | ...OOZOO
I.OOTTT. | S..ZZZOO
ISSZZ.LL | SSZZZ.L.
I.SZLLLL | .SZ.LLL.

step=101, rand=4, actions=&lt;Down&gt;
Want     | Got ✗   
-------------------
........ | ....SS..
........ | ...SSTTT
........ | .....LT.
........ | ...LLL..
......S. | ...OO...
......SS | ...OO...
..OO...S | ...OO...
..OO.... | ...OOZOO
I.OOTTT. | S..ZZZOO
ISSZZ.LL | SSZZZ.L.
I.SZLLLL | .SZ.LLL.

step=102, rand=4, actions=&lt;Down&gt;
Want     | Got ✗   
-------------------
........ | ....SS..
........ | ...SSTTT
........ | .....LT.
........ | ...LLL..
........ | ...OO...
......S. | ...OO...
..OO..SS | ...OO...
..OO...S | ...OOZOO
I.OOTTT. | S..ZZZOO
ISSZZ.LL | SSZZZ.L.
I.SZLLLL | .SZ.LLL.

step=103, rand=4, actions=&lt;Down&gt;
Want     | Got ✗   
-------------------
........ | ....SS..
........ | ...SSTTT
........ | .....LT.
........ | ...LLL..
........ | ...OO...
........ | ...OO...
..OO..S. | ...OO...
..OO..SS | ...OOZOO
I.OOTTTS | S..ZZZOO
ISSZZ.LL | SSZZZ.L.
I.SZLLLL | .SZ.LLL.

step=104, rand=5, actions=&lt;Down&gt;
Want     | Got ✗   
-------------------
...T.... | ....TS..
..TTT... | ...TTTTT
........ | .....LT.
........ | ...LLL..
........ | ...OO...
........ | ...OO...
..OO..S. | ...OO...
..OO..SS | ...OOZOO
I.OOTTTS | S..ZZZOO
ISSZZ.LL | SSZZZ.L.
I.SZLLLL | .SZ.LLL.

step=105, rand=5, actions=&lt;Left&gt;
Want     | Got ✗   
-------------------
..T..... | ....TS..
.TTT.... | ...TTTTT
........ | .....LT.
........ | ...LLL..
........ | ...OO...
........ | ...OO...
..OO..S. | ...OO...
..OO..SS | ...OOZOO
I.OOTTTS | S..ZZZOO
ISSZZ.LL | SSZZZ.L.
I.SZLLLL | .SZ.LLL.

step=106, rand=5, actions=&lt;RotateRight&gt;
Want     | Got ✗   
-------------------
..T..... | ....TS..
..TT.... | ...TTTTT
..T..... | .....LT.
........ | ...LLL..
........ | ...OO...
........ | ...OO...
..OO..S. | ...OO...
..OO..SS | ...OOZOO
I.OOTTTS | S..ZZZOO
ISSZZ.LL | SSZZZ.L.
I.SZLLLL | .SZ.LLL.

step=107, rand=5, actions=&lt;Left&gt;
Want     | Got ✗   
-------------------
.T...... | ....TS..
.TT..... | ...TTTTT
.T...... | .....LT.
........ | ...LLL..
........ | ...OO...
........ | ...OO...
..OO..S. | ...OO...
..OO..SS | ...OOZOO
I.OOTTTS | S..ZZZOO
ISSZZ.LL | SSZZZ.L.
I.SZLLLL | .SZ.LLL.

step=108, rand=5, actions=&lt;RotateRight&gt;
Want     | Got ✗   
-------------------
........ | ....TS..
TTT..... | ...TTTTT
.T...... | .....LT.
........ | ...LLL..
........ | ...OO...
........ | ...OO...
..OO..S. | ...OO...
..OO..SS | ...OOZOO
I.OOTTTS | S..ZZZOO
ISSZZ.LL | SSZZZ.L.
I.SZLLLL | .SZ.LLL.

step=109, rand=5, actions=&lt;RotateRight&gt;
Want     | Got ✗   
-------------------
.T...... | ....TS..
TT...... | ...TTTTT
.T...... | .....LT.
........ | ...LLL..
........ | ...OO...
........ | ...OO...
..OO..S. | ...OO...
..OO..SS | ...OOZOO
I.OOTTTS | S..ZZZOO
ISSZZ.LL | SSZZZ.L.
I.SZLLLL | .SZ.LLL.

step=110, rand=5, actions=&lt;Down&gt;
Want     | Got ✗   
-------------------
........ | ....TS..
.T...... | ...TTTTT
TT...... | .....LT.
.T...... | ...LLL..
........ | ...OO...
........ | ...OO...
..OO..S. | ...OO...
..OO..SS | ...OOZOO
I.OOTTTS | S..ZZZOO
ISSZZ.LL | SSZZZ.L.
I.SZLLLL | .SZ.LLL.

step=111, rand=5, actions=&lt;Down&gt;
Want     | Got ✗   
-------------------
........ | ....TS..
........ | ...TTTTT
.T...... | .....LT.
TT...... | ...LLL..
.T...... | ...OO...
........ | ...OO...
..OO..S. | ...OO...
..OO..SS | ...OOZOO
I.OOTTTS | S..ZZZOO
ISSZZ.LL | SSZZZ.L.
I.SZLLLL | .SZ.LLL.

step=112, rand=5, actions=&lt;Down&gt;
Want     | Got ✗   
-------------------
........ | ....TS..
........ | ...TTTTT
........ | .....LT.
.T...... | ...LLL..
TT...... | ...OO...
.T...... | ...OO...
..OO..S. | ...OO...
..OO..SS | ...OOZOO
I.OOTTTS | S..ZZZOO
ISSZZ.LL | SSZZZ.L.
I.SZLLLL | .SZ.LLL.

step=113, rand=5, actions=&lt;Down&gt;
Want     | Got ✗   
-------------------
........ | ....TS..
........ | ...TTTTT
........ | .....LT.
........ | ...LLL..
.T...... | ...OO...
TT...... | ...OO...
.TOO..S. | ...OO...
..OO..SS | ...OOZOO
I.OOTTTS | S..ZZZOO
ISSZZ.LL | SSZZZ.L.
I.SZLLLL | .SZ.LLL.

step=114, rand=5, actions=&lt;Down&gt;
Want     | Got ✗   
-------------------
........ | ....TS..
........ | ...TTTTT
........ | .....LT.
........ | ...LLL..
........ | ...OO...
.T...... | ...OO...
TTOO..S. | ...OO...
.TOO..SS | ...OOZOO
I.OOTTTS | S..ZZZOO
ISSZZ.LL | SSZZZ.L.
I.SZLLLL | .SZ.LLL.

step=115, rand=5, actions=&lt;Down&gt;
Want     | Got ✗   
-------------------
........ | ....TS..
........ | ...TTTTT
........ | .....LT.
........ | ...LLL..
........ | ...OO...
........ | ...OO...
.TOO..S. | ...OO...
TTOO..SS | ...OOZOO
ITOOTTTS | S..ZZZOO
ISSZZ.LL | SSZZZ.L.
I.SZLLLL | .SZ.LLL.

step=116, rand=4, actions=&lt;Down&gt;
Want     | Got ✗   
-------------------
...SS... | ....SS..
..SS.... | ...SSTTT
........ | .....LT.
........ | ...LLL..
........ | ...OO...
........ | ...OO...
........ | ...OO...
.TOO..S. | ...OOZOO
TTOO..SS | S..ZZZOO
ISSZZ.LL | SSZZZ.L.
I.SZLLLL | .SZ.LLL.

step=117, rand=4, actions=&lt;RotateRight&gt;
Want     | Got ✗   
-------------------
...S.... | ....SS..
...SS... | ...SSTTT
....S... | .....LT.
........ | ...LLL..
........ | ...OO...
........ | ...OO...
........ | ...OO...
.TOO..S. | ...OOZOO
TTOO..SS | S..ZZZOO
ISSZZ.LL | SSZZZ.L.
I.SZLLLL | .SZ.LLL.

step=118, rand=4, actions=&lt;Right&gt;
Want     | Got ✗   
-------------------
....S... | ....SS..
....SS.. | ...SSTTT
.....S.. | .....LT.
........ | ...LLL..
........ | ...OO...
........ | ...OO...
........ | ...OO...
.TOO..S. | ...OOZOO
TTOO..SS | S..ZZZOO
ISSZZ.LL | SSZZZ.L.
I.SZLLLL | .SZ.LLL.

step=119, rand=4, actions=&lt;Down&gt;
Want     | Got ✗   
-------------------
........ | ....SS..
....S... | ...SSTTT
....SS.. | .....LT.
.....S.. | ...LLL..
........ | ...OO...
........ | ...OO...
........ | ...OO...
.TOO..S. | ...OOZOO
TTOO..SS | S..ZZZOO
ISSZZ.LL | SSZZZ.L.
I.SZLLLL | .SZ.LLL.

step=120, rand=4, actions=&lt;Down&gt;
Want     | Got ✗   
-------------------
........ | ....SS..
........ | ...SSTTT
....S... | .....LT.
....SS.. | ...LLL..
.....S.. | ...OO...
........ | ...OO...
........ | ...OO...
.TOO..S. | ...OOZOO
TTOO..SS | S..ZZZOO
ISSZZ.LL | SSZZZ.L.
I.SZLLLL | .SZ.LLL.

step=121, rand=4, actions=&lt;Down&gt;
Want     | Got ✗   
-------------------
........ | ....SS..
........ | ...SSTTT
........ | .....LT.
....S... | ...LLL..
....SS.. | ...OO...
.....S.. | ...OO...
........ | ...OO...
.TOO..S. | ...OOZOO
TTOO..SS | S..ZZZOO
ISSZZ.LL | SSZZZ.L.
I.SZLLLL | .SZ.LLL.

step=122, rand=4, actions=&lt;Down&gt;
Want     | Got ✗   
-------------------
........ | ....SS..
........ | ...SSTTT
........ | .....LT.
........ | ...LLL..
....S... | ...OO...
....SS.. | ...OO...
.....S.. | ...OO...
.TOO..S. | ...OOZOO
TTOO..SS | S..ZZZOO
ISSZZ.LL | SSZZZ.L.
I.SZLLLL | .SZ.LLL.

step=123, rand=4, actions=&lt;Down&gt;
Want     | Got ✗   
-------------------
........ | ....SS..
........ | ...SSTTT
........ | .....LT.
........ | ...LLL..
........ | ...OO...
....S... | ...OO...
....SS.. | ...OO...
.TOO.SS. | ...OOZOO
TTOO..SS | S..ZZZOO
ISSZZ.LL | SSZZZ.L.
I.SZLLLL | .SZ.LLL.

step=124, rand=4, actions=&lt;Down&gt;
Want     | Got ✗   
-------------------
........ | ....SS..
........ | ...SSTTT
........ | .....LT.
........ | ...LLL..
........ | ...OO...
........ | ...OO...
....S... | ...OO...
.TOOSSS. | ...OOZOO
TTOO.SSS | S..ZZZOO
ISSZZ.LL | SSZZZ.L.
I.SZLLLL | .SZ.LLL.

step=125, rand=4, actions=&lt;Down&gt;
Want     | Got ✗   
-------------------
........ | ....SS..
........ | ...SSTTT
........ | .....LT.
........ | ...LLL..
........ | ...OO...
........ | ...OO...
........ | ...OO...
.TOOS.S. | ...OOZOO
TTOOSSSS | S..ZZZOO
ISSZZSLL | SSZZZ.L.
I.SZLLLL | .SZ.LLL.

step=126, rand=3, actions=&lt;Down&gt;
Want     | Got ✗   
-------------------
...OO... | ....OO..
...OO... | ...SOOTT
........ | .....LT.
........ | ...LLL..
........ | ...OO...
........ | ...OO...
........ | ...OO...
........ | ...OOZOO
........ | S..ZZZOO
.TOOS.S. | SSZZZ.L.
I.SZLLLL | .SZ.LLL.

step=127, rand=3, actions=&lt;Left&gt;
Want     | Got ✗   
-------------------
..OO.... | ....OO..
..OO.... | ...SOOTT
........ | .....LT.
........ | ...LLL..
........ | ...OO...
........ | ...OO...
........ | ...OO...
........ | ...OOZOO
........ | S..ZZZOO
.TOOS.S. | SSZZZ.L.
I.SZLLLL | .SZ.LLL.

step=128, rand=3, actions=&lt;Left&gt;
Want     | Got ✗   
-------------------
.OO..... | ....OO..
.OO..... | ...SOOTT
........ | .....LT.
........ | ...LLL..
........ | ...OO...
........ | ...OO...
........ | ...OO...
........ | ...OOZOO
........ | S..ZZZOO
.TOOS.S. | SSZZZ.L.
I.SZLLLL | .SZ.LLL.

step=129, rand=3, actions=&lt;Down&gt;
Want     | Got ✗   
-------------------
........ | ....OO..
.OO..... | ...SOOTT
.OO..... | .....LT.
........ | ...LLL..
........ | ...OO...
........ | ...OO...
........ | ...OO...
........ | ...OOZOO
........ | S..ZZZOO
.TOOS.S. | SSZZZ.L.
I.SZLLLL | .SZ.LLL.

step=130, rand=3, actions=&lt;Right&gt;
Want     | Got ✗   
-------------------
........ | ....OO..
..OO.... | ...SOOTT
..OO.... | .....LT.
........ | ...LLL..
........ | ...OO...
........ | ...OO...
........ | ...OO...
........ | ...OOZOO
........ | S..ZZZOO
.TOOS.S. | SSZZZ.L.
I.SZLLLL | .SZ.LLL.

step=131, rand=3, actions=&lt;Down&gt;
Want     | Got ✗   
-------------------
........ | ....OO..
........ | ...SOOTT
..OO.... | .....LT.
..OO.... | ...LLL..
........ | ...OO...
........ | ...OO...
........ | ...OO...
........ | ...OOZOO
........ | S..ZZZOO
.TOOS.S. | SSZZZ.L.
I.SZLLLL | .SZ.LLL.

step=132, rand=3, actions=&lt;Down&gt;
Want     | Got ✗   
-------------------
........ | ....OO..
........ | ...SOOTT
........ | .....LT.
..OO.... | ...LLL..
..OO.... | ...OO...
........ | ...OO...
........ | ...OO...
........ | ...OOZOO
........ | S..ZZZOO
.TOOS.S. | SSZZZ.L.
I.SZLLLL | .SZ.LLL.

step=133, rand=3, actions=&lt;Down&gt;
Want     | Got ✗   
-------------------
........ | ....OO..
........ | ...SOOTT
........ | .....LT.
........ | ...LLL..
..OO.... | ...OO...
..OO.... | ...OO...
........ | ...OO...
........ | ...OOZOO
........ | S..ZZZOO
.TOOS.S. | SSZZZ.L.
I.SZLLLL | .SZ.LLL.

step=134, rand=3, actions=&lt;Down&gt;
Want     | Got ✗   
-------------------
........ | ....OO..
........ | ...SOOTT
........ | .....LT.
........ | ...LLL..
........ | ...OO...
..OO.... | ...OO...
..OO.... | ...OO...
........ | ...OOZOO
........ | S..ZZZOO
.TOOS.S. | SSZZZ.L.
I.SZLLLL | .SZ.LLL.

step=135, rand=3, actions=&lt;Down&gt;
Want     | Got ✗   
-------------------
........ | ....OO..
........ | ...SOOTT
........ | .....LT.
........ | ...LLL..
........ | ...OO...
........ | ...OO...
..OO.... | ...OO...
..OO.... | ...OOZOO
........ | S..ZZZOO
.TOOS.S. | SSZZZ.L.
I.SZLLLL | .SZ.LLL.

step=136, rand=3, actions=&lt;Down&gt;
Want     | Got ✗   
-------------------
........ | ....OO..
........ | ...SOOTT
........ | .....LT.
........ | ...LLL..
........ | ...OO...
........ | ...OO...
........ | ...OO...
..OO.... | ...OOZOO
..OO.... | S..ZZZOO
.TOOS.S. | SSZZZ.L.
I.SZLLLL | .SZ.LLL.

step=137, rand=2, actions=&lt;Down&gt;
Want     | Got ✗   
-------------------
....L... | ....OL..
..LLL... | ...LLLTT
........ | .....LT.
........ | ...LLL..
........ | ...OO...
........ | ...OO...
........ | ...OO...
..OO.... | ...OOZOO
..OO.... | S..ZZZOO
.TOOS.S. | SSZZZ.L.
I.SZLLLL | .SZ.LLL.

step=138, rand=2, actions=&lt;RotateRight&gt;
Want     | Got ✗   
-------------------
...L.... | ....OL..
...L.... | ...LLLTT
...LL... | .....LT.
........ | ...LLL..
........ | ...OO...
........ | ...OO...
........ | ...OO...
..OO.... | ...OOZOO
..OO.... | S..ZZZOO
.TOOS.S. | SSZZZ.L.
I.SZLLLL | .SZ.LLL.

step=139, rand=2, actions=&lt;RotateRight&gt;
Want     | Got ✗   
-------------------
........ | ....OL..
..LLL... | ...LLLTT
..L..... | .....LT.
........ | ...LLL..
........ | ...OO...
........ | ...OO...
........ | ...OO...
..OO.... | ...OOZOO
..OO.... | S..ZZZOO
.TOOS.S. | SSZZZ.L.
I.SZLLLL | .SZ.LLL.

step=140, rand=2, actions=&lt;RotateRight&gt;
Want     | Got ✗   
-------------------
..LL.... | ....OL..
...L.... | ...LLLTT
...L.... | .....LT.
........ | ...LLL..
........ | ...OO...
........ | ...OO...
........ | ...OO...
..OO.... | ...OOZOO
..OO.... | S..ZZZOO
.TOOS.S. | SSZZZ.L.
I.SZLLLL | .SZ.LLL.

step=141, rand=2, actions=&lt;Right&gt;
Want     | Got ✗   
-------------------
...LL... | ....OL..
....L... | ...LLLTT
....L... | .....LT.
........ | ...LLL..
........ | ...OO...
........ | ...OO...
........ | ...OO...
..OO.... | ...OOZOO
..OO.... | S..ZZZOO
.TOOS.S. | SSZZZ.L.
I.SZLLLL | .SZ.LLL.

step=142, rand=2, actions=&lt;Down&gt;
Want     | Got ✗   
-------------------
........ | ....OL..
...LL... | ...LLLTT
....L... | .....LT.
....L... | ...LLL..
........ | ...OO...
........ | ...OO...
........ | ...OO...
..OO.... | ...OOZOO
..OO.... | S..ZZZOO
.TOOS.S. | SSZZZ.L.
I.SZLLLL | .SZ.LLL.

step=143, rand=2, actions=&lt;Down&gt;
Want     | Got ✗   
-------------------
........ | ....OL..
........ | ...LLLTT
...LL... | .....LT.
....L... | ...LLL..
....L... | ...OO...
........ | ...OO...
........ | ...OO...
..OO.... | ...OOZOO
..OO.... | S..ZZZOO
.TOOS.S. | SSZZZ.L.
I.SZLLLL | .SZ.LLL.

step=144, rand=2, actions=&lt;Down&gt;
Want     | Got ✗   
-------------------
........ | ....OL..
........ | ...LLLTT
........ | .....LT.
...LL... | ...LLL..
....L... | ...OO...
....L... | ...OO...
........ | ...OO...
..OO.... | ...OOZOO
..OO.... | S..ZZZOO
.TOOS.S. | SSZZZ.L.
I.SZLLLL | .SZ.LLL.

step=145, rand=2, actions=&lt;Down&gt;
Want     | Got ✗   
-------------------
........ | ....OL..
........ | ...LLLTT
........ | .....LT.
........ | ...LLL..
...LL... | ...OO...
....L... | ...OO...
....L... | ...OO...
..OO.... | ...OOZOO
..OO.... | S..ZZZOO
.TOOS.S. | SSZZZ.L.
I.SZLLLL | .SZ.LLL.

step=146, rand=2, actions=&lt;Down&gt;
Want     | Got ✗   
-------------------
........ | ....OL..
........ | ...LLLTT
........ | .....LT.
........ | ...LLL..
........ | ...OO...
...LL... | ...OO...
....L... | ...OO...
..OOL... | ...OOZOO
..OO.... | S..ZZZOO
.TOOS.S. | SSZZZ.L.
I.SZLLLL | .SZ.LLL.

step=147, rand=2, actions=&lt;Down&gt;
Want     | Got ✗   
-------------------
........ | ....OL..
........ | ...LLLTT
........ | .....LT.
........ | ...LLL..
........ | ...OO...
........ | ...OO...
...LL... | ...OO...
..OOL... | ...OOZOO
..OOL... | S..ZZZOO
.TOOS.S. | SSZZZ.L.
I.SZLLLL | .SZ.LLL.

step=148, rand=1, actions=&lt;Down&gt;
Want     | Got ✗   
-------------------
..J..... | ...JOL..
..JJJ... | ...JJJTT
........ | .....LT.
........ | ...LLL..
........ | ...OO...
........ | ...OO...
...LL... | ...OO...
..OOL... | ...OOZOO
..OOL... | S..ZZZOO
.TOOS.S. | SSZZZ.L.
I.SZLLLL | .SZ.LLL.

step=149, rand=1, actions=&lt;RotateRight&gt;
Want     | Got ✗   
-------------------
...JJ... | ...JOL..
...J.... | ...JJJTT
...J.... | .....LT.
........ | ...LLL..
........ | ...OO...
........ | ...OO...
...LL... | ...OO...
..OOL... | ...OOZOO
..OOL... | S..ZZZOO
.TOOS.S. | SSZZZ.L.
I.SZLLLL | .SZ.LLL.

step=150, rand=1, actions=&lt;Right&gt;
Want     | Got ✗   
-------------------
....JJ.. | ...JOL..
....J... | ...JJJTT
....J... | .....LT.
........ | ...LLL..
........ | ...OO...
........ | ...OO...
...LL... | ...OO...
..OOL... | ...OOZOO
..OOL... | S..ZZZOO
.TOOS.S. | SSZZZ.L.
I.SZLLLL | .SZ.LLL.

step=151, rand=1, actions=&lt;RotateRight&gt;
Want     | Got ✗   
-------------------
........ | ...JOL..
...JJJ.. | ...JJJTT
.....J.. | .....LT.
........ | ...LLL..
........ | ...OO...
........ | ...OO...
...LL... | ...OO...
..OOL... | ...OOZOO
..OOL... | S..ZZZOO
.TOOS.S. | SSZZZ.L.
I.SZLLLL | .SZ.LLL.

step=152, rand=1, actions=&lt;Right&gt;
Want     | Got ✗   
-------------------
........ | ...JOL..
....JJJ. | ...JJJTT
......J. | .....LT.
........ | ...LLL..
........ | ...OO...
........ | ...OO...
...LL... | ...OO...
..OOL... | ...OOZOO
..OOL... | S..ZZZOO
.TOOS.S. | SSZZZ.L.
I.SZLLLL | .SZ.LLL.

step=153, rand=1, actions=&lt;Right&gt;
Want     | Got ✗   
-------------------
........ | ...JOL..
.....JJJ | ...JJJTT
.......J | .....LT.
........ | ...LLL..
........ | ...OO...
........ | ...OO...
...LL... | ...OO...
..OOL... | ...OOZOO
..OOL... | S..ZZZOO
.TOOS.S. | SSZZZ.L.
I.SZLLLL | .SZ.LLL.

step=154, rand=1, actions=&lt;Right&gt;
Want     | Got ✗   
-------------------
........ | ...JOL..
.....JJJ | ...JJJTT
.......J | .....LT.
........ | ...LLL..
........ | ...OO...
........ | ...OO...
...LL... | ...OO...
..OOL... | ...OOZOO
..OOL... | S..ZZZOO
.TOOS.S. | SSZZZ.L.
I.SZLLLL | .SZ.LLL.

step=155, rand=1, actions=&lt;Down&gt;
Want     | Got ✗   
-------------------
........ | ...JOL..
........ | ...JJJTT
.....JJJ | .....LT.
.......J | ...LLL..
........ | ...OO...
........ | ...OO...
...LL... | ...OO...
..OOL... | ...OOZOO
..OOL... | S..ZZZOO
.TOOS.S. | SSZZZ.L.
I.SZLLLL | .SZ.LLL.

step=156, rand=1, actions=&lt;Down&gt;
Want     | Got ✗   
-------------------
........ | ...JOL..
........ | ...JJJTT
........ | .....LT.
.....JJJ | ...LLL..
.......J | ...OO...
........ | ...OO...
...LL... | ...OO...
..OOL... | ...OOZOO
..OOL... | S..ZZZOO
.TOOS.S. | SSZZZ.L.
I.SZLLLL | .SZ.LLL.

step=157, rand=1, actions=&lt;Down&gt;
Want     | Got ✗   
-------------------
........ | ...JOL..
........ | ...JJJTT
........ | .....LT.
........ | ...LLL..
.....JJJ | ...OO...
.......J | ...OO...
...LL... | ...OO...
..OOL... | ...OOZOO
..OOL... | S..ZZZOO
.TOOS.S. | SSZZZ.L.
I.SZLLLL | .SZ.LLL.

step=158, rand=1, actions=&lt;Down&gt;
Want     | Got ✗   
-------------------
........ | ...JOL..
........ | ...JJJTT
........ | .....LT.
........ | ...LLL..
........ | ...OO...
.....JJJ | ...OO...
...LL..J | ...OO...
..OOL... | ...OOZOO
..OOL... | S..ZZZOO
.TOOS.S. | SSZZZ.L.
I.SZLLLL | .SZ.LLL.

step=159, rand=1, actions=&lt;Down&gt;
Want     | Got ✗   
-------------------
........ | ...JOL..
........ | ...JJJTT
........ | .....LT.
........ | ...LLL..
........ | ...OO...
........ | ...OO...
...LLJJJ | ...OO...
..OOL..J | ...OOZOO
..OOL... | S..ZZZOO
.TOOS.S. | SSZZZ.L.
I.SZLLLL | .SZ.LLL.

step=160, rand=1, actions=&lt;Down&gt;
Want     | Got ✗   
-------------------
........ | ...JOL..
........ | ...JJJTT
........ | .....LT.
........ | ...LLL..
........ | ...OO...
........ | ...OO...
...LL... | ...OO...
..OOLJJJ | ...OOZOO
..OOL..J | S..ZZZOO
.TOOS.S. | SSZZZ.L.
I.SZLLLL | .SZ.LLL.

step=161, rand=1, actions=&lt;Down&gt;
Want     | Got ✗   
-------------------
........ | ...JOL..
........ | ...JJJTT
........ | .....LT.
........ | ...LLL..
........ | ...OO...
........ | ...OO...
...LL... | ...OO...
..OOL... | ...OOZOO
..OOLJJJ | S..ZZZOO
.TOOS.SJ | SSZZZ.L.
I.SZLLLL | .SZ.LLL.

step=162, rand=5, actions=&lt;Down&gt;
Want     | Got ✗   
-------------------
...T.... | ...JTL..
..TTT... | ...TTTTT
........ | .....LT.
........ | ...LLL..
........ | ...OO...
........ | ...OO...
...LL... | ...OO...
..OOL... | ...OOZOO
..OOLJJJ | S..ZZZOO
.TOOS.SJ | SSZZZ.L.
I.SZLLLL | .SZ.LLL.

step=163, rand=5, actions=&lt;Left&gt;
Want     | Got ✗   
-------------------
..T..... | ...JTL..
.TTT.... | ...TTTTT
........ | .....LT.
........ | ...LLL..
........ | ...OO...
........ | ...OO...
...LL... | ...OO...
..OOL... | ...OOZOO
..OOLJJJ | S..ZZZOO
.TOOS.SJ | SSZZZ.L.
I.SZLLLL | .SZ.LLL.

step=164, rand=5, actions=&lt;RotateRight&gt;
Want     | Got ✗   
-------------------
..T..... | ...JTL..
..TT.... | ...TTTTT
..T..... | .....LT.
........ | ...LLL..
........ | ...OO...
........ | ...OO...
...LL... | ...OO...
..OOL... | ...OOZOO
..OOLJJJ | S..ZZZOO
.TOOS.SJ | SSZZZ.L.
I.SZLLLL | .SZ.LLL.

step=165, rand=5, actions=&lt;Left&gt;
Want     | Got ✗   
-------------------
.T...... | ...JTL..
.TT..... | ...TTTTT
.T...... | .....LT.
........ | ...LLL..
........ | ...OO...
........ | ...OO...
...LL... | ...OO...
..OOL... | ...OOZOO
..OOLJJJ | S..ZZZOO
.TOOS.SJ | SSZZZ.L.
I.SZLLLL | .SZ.LLL.

step=166, rand=5, actions=&lt;Left&gt;
Want     | Got ✗   
-------------------
T....... | ...JTL..
TT...... | ...TTTTT
T....... | .....LT.
........ | ...LLL..
........ | ...OO...
........ | ...OO...
...LL... | ...OO...
..OOL... | ...OOZOO
..OOLJJJ | S..ZZZOO
.TOOS.SJ | SSZZZ.L.
I.SZLLLL | .SZ.LLL.

step=167, rand=5, actions=&lt;Down&gt;
Want     | Got ✗   
-------------------
........ | ...JTL..
T....... | ...TTTTT
TT...... | .....LT.
T....... | ...LLL..
........ | ...OO...
........ | ...OO...
...LL... | ...OO...
..OOL... | ...OOZOO
..OOLJJJ | S..ZZZOO
.TOOS.SJ | SSZZZ.L.
I.SZLLLL | .SZ.LLL.

step=168, rand=5, actions=&lt;Down&gt;
Want     | Got ✗   
-------------------
........ | ...JTL..
........ | ...TTTTT
T....... | .....LT.
TT...... | ...LLL..
T....... | ...OO...
........ | ...OO...
...LL... | ...OO...
..OOL... | ...OOZOO
..OOLJJJ | S..ZZZOO
.TOOS.SJ | SSZZZ.L.
I.SZLLLL | .SZ.LLL.

step=169, rand=5, actions=&lt;Down&gt;
Want     | Got ✗   
-------------------
........ | ...JTL..
........ | ...TTTTT
........ | .....LT.
T....... | ...LLL..
TT...... | ...OO...
T....... | ...OO...
...LL... | ...OO...
..OOL... | ...OOZOO
..OOLJJJ | S..ZZZOO
.TOOS.SJ | SSZZZ.L.
I.SZLLLL | .SZ.LLL.

step=170, rand=5, actions=&lt;Down&gt;
Want     | Got ✗   
-------------------
........ | ...JTL..
........ | ...TTTTT
........ | .....LT.
........ | ...LLL..
T....... | ...OO...
TT...... | ...OO...
T..LL... | ...OO...
..OOL... | ...OOZOO
..OOLJJJ | S..ZZZOO
.TOOS.SJ | SSZZZ.L.
I.SZLLLL | .SZ.LLL.

step=171, rand=5, actions=&lt;Down&gt;
Want     | Got ✗   
-------------------
........ | ...JTL..
........ | ...TTTTT
........ | .....LT.
........ | ...LLL..
........ | ...OO...
T....... | ...OO...
TT.LL... | ...OO...
T.OOL... | ...OOZOO
..OOLJJJ | S..ZZZOO
.TOOS.SJ | SSZZZ.L.
I.SZLLLL | .SZ.LLL.

step=172, rand=5, actions=&lt;Down&gt;
Want     | Got ✗   
-------------------
........ | ...JTL..
........ | ...TTTTT
........ | .....LT.
........ | ...LLL..
........ | ...OO...
........ | ...OO...
T..LL... | ...OO...
TTOOL... | ...OOZOO
T.OOLJJJ | S..ZZZOO
.TOOS.SJ | SSZZZ.L.
I.SZLLLL | .SZ.LLL.

step=173, rand=5, actions=&lt;Down&gt;
Want     | Got ✗   
-------------------
........ | ...JTL..
........ | ...TTTTT
........ | .....LT.
........ | ...LLL..
........ | ...OO...
........ | ...OO...
...LL... | ...OO...
T.OOL... | ...OOZOO
TTOOLJJJ | S..ZZZOO
TTOOS.SJ | SSZZZ.L.
I.SZLLLL | .SZ.LLL.

step=174, rand=1, actions=&lt;Down&gt;
Want     | Got ✗   
-------------------
..J..... | ...JTL..
..JJJ... | ...JJJTT
........ | .....LT.
........ | ...LLL..
........ | ...OO...
........ | ...OO...
........ | ...OO...
...LL... | ...OOZOO
T.OOL... | S..ZZZOO
TTOOS.SJ | SSZZZ.L.
I.SZLLLL | .SZ.LLL.

step=175, rand=1, actions=&lt;RotateRight&gt;
Want     | Got ✗   
-------------------
...JJ... | ...JTL..
...J.... | ...JJJTT
...J.... | .....LT.
........ | ...LLL..
........ | ...OO...
........ | ...OO...
........ | ...OO...
...LL... | ...OOZOO
T.OOL... | S..ZZZOO
TTOOS.SJ | SSZZZ.L.
I.SZLLLL | .SZ.LLL.

step=176, rand=1, actions=&lt;RotateRight&gt;
Want     | Got ✗   
-------------------
........ | ...JTL..
..JJJ... | ...JJJTT
....J... | .....LT.
........ | ...LLL..
........ | ...OO...
........ | ...OO...
........ | ...OO...
...LL... | ...OOZOO
T.OOL... | S..ZZZOO
TTOOS.SJ | SSZZZ.L.
I.SZLLLL | .SZ.LLL.

step=177, rand=1, actions=&lt;RotateRight&gt;
Want     | Got ✗   
-------------------
...J.... | ...JTL..
...J.... | ...JJJTT
..JJ.... | .....LT.
........ | ...LLL..
........ | ...OO...
........ | ...OO...
........ | ...OO...
...LL... | ...OOZOO
T.OOL... | S..ZZZOO
TTOOS.SJ | SSZZZ.L.
I.SZLLLL | .SZ.LLL.

step=178, rand=1, actions=&lt;Right&gt;
Want     | Got ✗   
-------------------
....J... | ...JTL..
....J... | ...JJJTT
...JJ... | .....LT.
........ | ...LLL..
........ | ...OO...
........ | ...OO...
........ | ...OO...
...LL... | ...OOZOO
T.OOL... | S..ZZZOO
TTOOS.SJ | SSZZZ.L.
I.SZLLLL | .SZ.LLL.

step=179, rand=1, actions=&lt;Right&gt;
Want     | Got ✗   
-------------------
.....J.. | ...JTL..
.....J.. | ...JJJTT
....JJ.. | .....LT.
........ | ...LLL..
........ | ...OO...
........ | ...OO...
........ | ...OO...
...LL... | ...OOZOO
T.OOL... | S..ZZZOO
TTOOS.SJ | SSZZZ.L.
I.SZLLLL | .SZ.LLL.

step=180, rand=1, actions=&lt;Right&gt;
Want     | Got ✗   
-------------------
......J. | ...JTL..
......J. | ...JJJTT
.....JJ. | .....LT.
........ | ...LLL..
........ | ...OO...
........ | ...OO...
........ | ...OO...
...LL... | ...OOZOO
T.OOL... | S..ZZZOO
TTOOS.SJ | SSZZZ.L.
I.SZLLLL | .SZ.LLL.

step=181, rand=1, actions=&lt;Right&gt;
Want     | Got ✗   
-------------------
.......J | ...JTL..
.......J | ...JJJTT
......JJ | .....LT.
........ | ...LLL..
........ | ...OO...
........ | ...OO...
........ | ...OO...
...LL... | ...OOZOO
T.OOL... | S..ZZZOO
TTOOS.SJ | SSZZZ.L.
I.SZLLLL | .SZ.LLL.

step=182, rand=1, actions=&lt;Down&gt;
Want     | Got ✗   
-------------------
........ | ...JTL..
.......J | ...JJJTT
.......J | .....LT.
......JJ | ...LLL..
........ | ...OO...
........ | ...OO...
........ | ...OO...
...LL... | ...OOZOO
T.OOL... | S..ZZZOO
TTOOS.SJ | SSZZZ.L.
I.SZLLLL | .SZ.LLL.

step=183, rand=1, actions=&lt;Down&gt;
Want     | Got ✗   
-------------------
........ | ...JTL..
........ | ...JJJTT
.......J | .....LT.
.......J | ...LLL..
......JJ | ...OO...
........ | ...OO...
........ | ...OO...
...LL... | ...OOZOO
T.OOL... | S..ZZZOO
TTOOS.SJ | SSZZZ.L.
I.SZLLLL | .SZ.LLL.

step=184, rand=1, actions=&lt;Down&gt;
Want     | Got ✗   
-------------------
........ | ...JTL..
........ | ...JJJTT
........ | .....LT.
.......J | ...LLL..
.......J | ...OO...
......JJ | ...OO...
........ | ...OO...
...LL... | ...OOZOO
T.OOL... | S..ZZZOO
TTOOS.SJ | SSZZZ.L.
I.SZLLLL | .SZ.LLL.

step=185, rand=1, actions=&lt;Down&gt;
Want     | Got ✗   
-------------------
........ | ...JTL..
........ | ...JJJTT
........ | .....LT.
........ | ...LLL..
.......J | ...OO...
.......J | ...OO...
......JJ | ...OO...
...LL... | ...OOZOO
T.OOL... | S..ZZZOO
TTOOS.SJ | SSZZZ.L.
I.SZLLLL | .SZ.LLL.

step=186, rand=1, actions=&lt;Down&gt;
Want     | Got ✗   
-------------------
........ | ...JTL..
........ | ...JJJTT
........ | .....LT.
........ | ...LLL..
........ | ...OO...
.......J | ...OO...
.......J | ...OO...
...LL.JJ | ...OOZOO
T.OOL... | S..ZZZOO
TTOOS.SJ | SSZZZ.L.
I.SZLLLL | .SZ.LLL.

step=187, rand=1, actions=&lt;Down&gt;
Want     | Got ✗   
-------------------
........ | ...JTL..
........ | ...JJJTT
........ | .....LT.
........ | ...LLL..
........ | ...OO...
........ | ...OO...
.......J | ...OO...
...LL..J | ...OOZOO
T.OOL.JJ | S..ZZZOO
TTOOS.SJ | SSZZZ.L.
I.SZLLLL | .SZ.LLL.

step=188, rand=4, actions=&lt;Down&gt;
Want     | Got ✗   
-------------------
...SS... | ...JSS..
..SS.... | ...SSJTT
........ | .....LT.
........ | ...LLL..
........ | ...OO...
........ | ...OO...
.......J | ...OO...
...LL..J | ...OOZOO
T.OOL.JJ | S..ZZZOO
TTOOS.SJ | SSZZZ.L.
I.SZLLLL | .SZ.LLL.

step=189, rand=4, actions=&lt;RotateRight&gt;
Want     | Got ✗   
-------------------
...S.... | ...JSS..
...SS... | ...SSJTT
....S... | .....LT.
........ | ...LLL..
........ | ...OO...
........ | ...OO...
.......J | ...OO...
...LL..J | ...OOZOO
T.OOL.JJ | S..ZZZOO
TTOOS.SJ | SSZZZ.L.
I.SZLLLL | .SZ.LLL.

step=190, rand=4, actions=&lt;Left&gt;
Want     | Got ✗   
-------------------
..S..... | ...JSS..
..SS.... | ...SSJTT
...S.... | .....LT.
........ | ...LLL..
........ | ...OO...
........ | ...OO...
.......J | ...OO...
...LL..J | ...OOZOO
T.OOL.JJ | S..ZZZOO
TTOOS.SJ | SSZZZ.L.
I.SZLLLL | .SZ.LLL.

step=191, rand=4, actions=&lt;Left&gt;
Want     | Got ✗   
-------------------
.S...... | ...JSS..
.SS..... | ...SSJTT
..S..... | .....LT.
........ | ...LLL..
........ | ...OO...
........ | ...OO...
.......J | ...OO...
...LL..J | ...OOZOO
T.OOL.JJ | S..ZZZOO
TTOOS.SJ | SSZZZ.L.
I.SZLLLL | .SZ.LLL.

step=192, rand=4, actions=&lt;Left&gt;
Want     | Got ✗   
-------------------
S....... | ...JSS..
SS...... | ...SSJTT
.S...... | .....LT.
........ | ...LLL..
........ | ...OO...
........ | ...OO...
.......J | ...OO...
...LL..J | ...OOZOO
T.OOL.JJ | S..ZZZOO
TTOOS.SJ | SSZZZ.L.
I.SZLLLL | .SZ.LLL.

step=193, rand=4, actions=&lt;Down&gt;
Want     | Got ✗   
-------------------
........ | ...JSS..
S....... | ...SSJTT
SS...... | .....LT.
.S...... | ...LLL..
........ | ...OO...
........ | ...OO...
.......J | ...OO...
...LL..J | ...OOZOO
T.OOL.JJ | S..ZZZOO
TTOOS.SJ | SSZZZ.L.
I.SZLLLL | .SZ.LLL.

step=194, rand=4, actions=&lt;Down&gt;
Want     | Got ✗   
-------------------
........ | ...JSS..
........ | ...SSJTT
S....... | .....LT.
SS...... | ...LLL..
.S...... | ...OO...
........ | ...OO...
.......J | ...OO...
...LL..J | ...OOZOO
T.OOL.JJ | S..ZZZOO
TTOOS.SJ | SSZZZ.L.
I.SZLLLL | .SZ.LLL.

step=195, rand=4, actions=&lt;Down&gt;
Want     | Got ✗   
-------------------
........ | ...JSS..
........ | ...SSJTT
........ | .....LT.
S....... | ...LLL..
SS...... | ...OO...
.S...... | ...OO...
.......J | ...OO...
...LL..J | ...OOZOO
T.OOL.JJ | S..ZZZOO
TTOOS.SJ | SSZZZ.L.
I.SZLLLL | .SZ.LLL.

step=196, rand=4, actions=&lt;Down&gt;
Want     | Got ✗   
-------------------
........ | ...JSS..
........ | ...SSJTT
........ | .....LT.
........ | ...LLL..
S....... | ...OO...
SS...... | ...OO...
.S.....J | ...OO...
...LL..J | ...OOZOO
T.OOL.JJ | S..ZZZOO
TTOOS.SJ | SSZZZ.L.
I.SZLLLL | .SZ.LLL.

step=197, rand=4, actions=&lt;Down&gt;
Want     | Got ✗   
-------------------
........ | ...JSS..
........ | ...SSJTT
........ | .....LT.
........ | ...LLL..
........ | ...OO...
S....... | ...OO...
SS.....J | ...OO...
.S.LL..J | ...OOZOO
T.OOL.JJ | S..ZZZOO
TTOOS.SJ | SSZZZ.L.
I.SZLLLL | .SZ.LLL.

step=198, rand=4, actions=&lt;Down&gt;
Want     | Got ✗   
-------------------
........ | ...JSS..
........ | ...SSJTT
........ | .....LT.
........ | ...LLL..
........ | ...OO...
........ | ...OO...
S......J | ...OO...
SS.LL..J | ...OOZOO
TSOOL.JJ | S..ZZZOO
TTOOS.SJ | SSZZZ.L.
I.SZLLLL | .SZ.LLL.

step=199, rand=6, actions=&lt;Down&gt;
Want     | Got ✗   
-------------------
..ZZ.... | ...ZZS..
...ZZ... | ...SZZTT
........ | .....LT.
........ | ...LLL..
........ | ...OO...
........ | ...OO...
S......J | ...OO...
SS.LL..J | ...OOZOO
TSOOL.JJ | S..ZZZOO
TTOOS.SJ | SSZZZ.L.
I.SZLLLL | .SZ.LLL.

step=200, rand=6, actions=&lt;RotateRight&gt;
Want     | Got ✗   
-------------------
....Z... | ...ZZS..
...ZZ... | ...SZZTT
...Z.... | .....LT.
........ | ...LLL..
........ | ...OO...
........ | ...OO...
S......J | ...OO...
SS.LL..J | ...OOZOO
TSOOL.JJ | S..ZZZOO
TTOOS.SJ | SSZZZ.L.
I.SZLLLL | .SZ.LLL.

step=201, rand=6, actions=&lt;Left&gt;
Want     | Got ✗   
-------------------
...Z.... | ...ZZS..
..ZZ.... | ...SZZTT
..Z..... | .....LT.
........ | ...LLL..
........ | ...OO...
........ | ...OO...
S......J | ...OO...
SS.LL..J | ...OOZOO
TSOOL.JJ | S..ZZZOO
TTOOS.SJ | SSZZZ.L.
I.SZLLLL | .SZ.LLL.

step=202, rand=6, actions=&lt;Down&gt;
Want     | Got ✗   
-------------------
........ | ...ZZS..
...Z.... | ...SZZTT
..ZZ.... | .....LT.
..Z..... | ...LLL..
........ | ...OO...
........ | ...OO...
S......J | ...OO...
SS.LL..J | ...OOZOO
TSOOL.JJ | S..ZZZOO
TTOOS.SJ | SSZZZ.L.
I.SZLLLL | .SZ.LLL.

step=203, rand=6, actions=&lt;Down&gt;
Want     | Got ✗   
-------------------
........ | ...ZZS..
........ | ...SZZTT
...Z.... | .....LT.
..ZZ.... | ...LLL..
..Z..... | ...OO...
........ | ...OO...
S......J | ...OO...
SS.LL..J | ...OOZOO
TSOOL.JJ | S..ZZZOO
TTOOS.SJ | SSZZZ.L.
I.SZLLLL | .SZ.LLL.

step=204, rand=6, actions=&lt;Down&gt;
Want     | Got ✗   
-------------------
........ | ...ZZS..
........ | ...SZZTT
........ | .....LT.
...Z.... | ...LLL..
..ZZ.... | ...OO...
..Z..... | ...OO...
S......J | ...OO...
SS.LL..J | ...OOZOO
TSOOL.JJ | S..ZZZOO
TTOOS.SJ | SSZZZ.L.
I.SZLLLL | .SZ.LLL.

step=205, rand=6, actions=&lt;Down&gt;
Want     | Got ✗   
-------------------
........ | ...ZZS..
........ | ...SZZTT
........ | .....LT.
........ | ...LLL..
...Z.... | ...OO...
..ZZ.... | ...OO...
S.Z....J | ...OO...
SS.LL..J | ...OOZOO
TSOOL.JJ | S..ZZZOO
TTOOS.SJ | SSZZZ.L.
I.SZLLLL | .SZ.LLL.

step=206, rand=6, actions=&lt;Down&gt;
Want     | Got ✗   
-------------------
........ | ...ZZS..
........ | ...SZZTT
........ | .....LT.
........ | ...LLL..
........ | ...OO...
...Z.... | ...OO...
S.ZZ...J | ...OO...
SSZLL..J | ...OOZOO
TSOOL.JJ | S..ZZZOO
TTOOS.SJ | SSZZZ.L.
I.SZLLLL | .SZ.LLL.

step=207, rand=6, actions=&lt;Down&gt;
Want     | Got ✗   
-------------------
..ZZ.... | ...ZZS..
...ZZ... | ...SZZTT
........ | .....LT.
........ | ...LLL..
........ | ...OO...
...Z.... | ...OO...
S.ZZ...J | ...OO...
SSZLL..J | ...OOZOO
TSOOL.JJ | S..ZZZOO
TTOOS.SJ | SSZZZ.L.
I.SZLLLL | .SZ.LLL.

step=208, rand=6, actions=&lt;RotateRight&gt;
Want     | Got ✗   
-------------------
....Z... | ...ZZS..
...ZZ... | ...SZZTT
...Z.... | .....LT.
........ | ...LLL..
........ | ...OO...
...Z.... | ...OO...
S.ZZ...J | ...OO...
SSZLL..J | ...OOZOO
TSOOL.JJ | S..ZZZOO
TTOOS.SJ | SSZZZ.L.
I.SZLLLL | .SZ.LLL.

step=209, rand=6, actions=&lt;Left&gt;
Want     | Got ✗   
-------------------
...Z.... | ...ZZS..
..ZZ.... | ...SZZTT
..Z..... | .....LT.
........ | ...LLL..
........ | ...OO...
...Z.... | ...OO...
S.ZZ...J | ...OO...
SSZLL..J | ...OOZOO
TSOOL.JJ | S..ZZZOO
TTOOS.SJ | SSZZZ.L.
I.SZLLLL | .SZ.LLL.

step=210, rand=6, actions=&lt;Left&gt;
Want     | Got ✗   
-------------------
..Z..... | ...ZZS..
.ZZ..... | ...SZZTT
.Z...... | .....LT.
........ | ...LLL..
........ | ...OO...
...Z.... | ...OO...
S.ZZ...J | ...OO...
SSZLL..J | ...OOZOO
TSOOL.JJ | S..ZZZOO
TTOOS.SJ | SSZZZ.L.
I.SZLLLL | .SZ.LLL.

step=211, rand=6, actions=&lt;Down&gt;
Want     | Got ✗   
-------------------
........ | ...ZZS..
..Z..... | ...SZZTT
.ZZ..... | .....LT.
.Z...... | ...LLL..
........ | ...OO...
...Z.... | ...OO...
S.ZZ...J | ...OO...
SSZLL..J | ...OOZOO
TSOOL.JJ | S..ZZZOO
TTOOS.SJ | SSZZZ.L.
I.SZLLLL | .SZ.LLL.

step=212, rand=6, actions=&lt;Down&gt;
Want     | Got ✗   
-------------------
........ | ...ZZS..
........ | ...SZZTT
..Z..... | .....LT.
.ZZ..... | ...LLL..
.Z...... | ...OO...
...Z.... | ...OO...
S.ZZ...J | ...OO...
SSZLL..J | ...OOZOO
TSOOL.JJ | S..ZZZOO
TTOOS.SJ | SSZZZ.L.
I.SZLLLL | .SZ.LLL.

step=213, rand=6, actions=&lt;Down&gt;
Want     | Got ✗   
-------------------
........ | ...ZZS..
........ | ...SZZTT
........ | .....LT.
..Z..... | ...LLL..
.ZZ..... | ...OO...
.Z.Z.... | ...OO...
S.ZZ...J | ...OO...
SSZLL..J | ...OOZOO
TSOOL.JJ | S..ZZZOO
TTOOS.SJ | SSZZZ.L.
I.SZLLLL | .SZ.LLL.

step=214, rand=6, actions=&lt;Down&gt;
Want     | Got ✗   
-------------------
........ | ...ZZS..
........ | ...SZZTT
........ | .....LT.
........ | ...LLL..
..Z..... | ...OO...
.ZZZ.... | ...OO...
SZZZ...J | ...OO...
SSZLL..J | ...OOZOO
TSOOL.JJ | S..ZZZOO
TTOOS.SJ | SSZZZ.L.
I.SZLLLL | .SZ.LLL.

step=215, rand=5, actions=&lt;Down&gt;
Want     | Got ✗   
-------------------
...T.... | ...ZTS..
..TTT... | ...TTTTT
........ | .....LT.
........ | ...LLL..
..Z..... | ...OO...
.ZZZ.... | ...OO...
SZZZ...J | ...OO...
SSZLL..J | ...OOZOO
TSOOL.JJ | S..ZZZOO
TTOOS.SJ | SSZZZ.L.
I.SZLLLL | .SZ.LLL.

step=216, rand=5, actions=&lt;Right&gt;
Want     | Got ✗   
-------------------
....T... | ...ZTS..
...TTT.. | ...TTTTT
........ | .....LT.
........ | ...LLL..
..Z..... | ...OO...
.ZZZ.... | ...OO...
SZZZ...J | ...OO...
SSZLL..J | ...OOZOO
TSOOL.JJ | S..ZZZOO
TTOOS.SJ | SSZZZ.L.
I.SZLLLL | .SZ.LLL.

step=217, rand=5, actions=&lt;Left&gt;
Want     | Got ✗   
-------------------
...T.... | ...ZTS..
..TTT... | ...TTTTT
........ | .....LT.
........ | ...LLL..
..Z..... | ...OO...
.ZZZ.... | ...OO...
SZZZ...J | ...OO...
SSZLL..J | ...OOZOO
TSOOL.JJ | S..ZZZOO
TTOOS.SJ | SSZZZ.L.
I.SZLLLL | .SZ.LLL.

step=218, rand=5, actions=&lt;RotateRight&gt;
Want     | Got ✗   
-------------------
...T.... | ...ZTS..
...TT... | ...TTTTT
...T.... | .....LT.
........ | ...LLL..
..Z..... | ...OO...
.ZZZ.... | ...OO...
SZZZ...J | ...OO...
SSZLL..J | ...OOZOO
TSOOL.JJ | S..ZZZOO
TTOOS.SJ | SSZZZ.L.
I.SZLLLL | .SZ.LLL.

step=219, rand=5, actions=&lt;Left&gt;
Want     | Got ✗   
-------------------
..T..... | ...ZTS..
..TT.... | ...TTTTT
..T..... | .....LT.
........ | ...LLL..
..Z..... | ...OO...
.ZZZ.... | ...OO...
SZZZ...J | ...OO...
SSZLL..J | ...OOZOO
TSOOL.JJ | S..ZZZOO
TTOOS.SJ | SSZZZ.L.
I.SZLLLL | .SZ.LLL.

step=220, rand=5, actions=&lt;Left&gt;
Want     | Got ✗   
-------------------
.T...... | ...ZTS..
.TT..... | ...TTTTT
.T...... | .....LT.
........ | ...LLL..
..Z..... | ...OO...
.ZZZ.... | ...OO...
SZZZ...J | ...OO...
SSZLL..J | ...OOZOO
TSOOL.JJ | S..ZZZOO
TTOOS.SJ | SSZZZ.L.
I.SZLLLL | .SZ.LLL.

step=221, rand=5, actions=&lt;Left&gt;
Want     | Got ✗   
-------------------
T....... | ...ZTS..
TT...... | ...TTTTT
T....... | .....LT.
........ | ...LLL..
..Z..... | ...OO...
.ZZZ.... | ...OO...
SZZZ...J | ...OO...
SSZLL..J | ...OOZOO
TSOOL.JJ | S..ZZZOO
TTOOS.SJ | SSZZZ.L.
I.SZLLLL | .SZ.LLL.

step=222, rand=5, actions=&lt;Down&gt;
Want     | Got ✗   
-------------------
........ | ...ZTS..
T....... | ...TTTTT
TT...... | .....LT.
T....... | ...LLL..
..Z..... | ...OO...
.ZZZ.... | ...OO...
SZZZ...J | ...OO...
SSZLL..J | ...OOZOO
TSOOL.JJ | S..ZZZOO
TTOOS.SJ | SSZZZ.L.
I.SZLLLL | .SZ.LLL.

step=223, rand=5, actions=&lt;Down&gt;
Want     | Got ✗   
-------------------
........ | ...ZTS..
........ | ...TTTTT
T....... | .....LT.
TT...... | ...LLL..
T.Z..... | ...OO...
.ZZZ.... | ...OO...
SZZZ...J | ...OO...
SSZLL..J | ...OOZOO
TSOOL.JJ | S..ZZZOO
TTOOS.SJ | SSZZZ.L.
I.SZLLLL | .SZ.LLL.

step=224, rand=5, actions=&lt;Down&gt;
Want     | Got ✗   
-------------------
........ | ...ZTS..
........ | ...TTTTT
........ | .....LT.
T....... | ...LLL..
TTZ..... | ...OO...
TZZZ.... | ...OO...
SZZZ...J | ...OO...
SSZLL..J | ...OOZOO
TSOOL.JJ | S..ZZZOO
TTOOS.SJ | SSZZZ.L.
I.SZLLLL | .SZ.LLL.

step=225, rand=3, actions=&lt;Down&gt;
Want     | Got ✗   
-------------------
...OO... | ...ZOO..
...OO... | ...TOOTT
........ | .....LT.
T....... | ...LLL..
TTZ..... | ...OO...
TZZZ.... | ...OO...
SZZZ...J | ...OO...
SSZLL..J | ...OOZOO
TSOOL.JJ | S..ZZZOO
TTOOS.SJ | SSZZZ.L.
I.SZLLLL | .SZ.LLL.

step=226, rand=3, actions=&lt;Right&gt;
Want     | Got ✗   
-------------------
....OO.. | ...ZOO..
....OO.. | ...TOOTT
........ | .....LT.
T....... | ...LLL..
TTZ..... | ...OO...
TZZZ.... | ...OO...
SZZZ...J | ...OO...
SSZLL..J | ...OOZOO
TSOOL.JJ | S..ZZZOO
TTOOS.SJ | SSZZZ.L.
I.SZLLLL | .SZ.LLL.

step=227, rand=3, actions=&lt;Right&gt;
Want     | Got ✗   
-------------------
.....OO. | ...ZOO..
.....OO. | ...TOOTT
........ | .....LT.
T....... | ...LLL..
TTZ..... | ...OO...
TZZZ.... | ...OO...
SZZZ...J | ...OO...
SSZLL..J | ...OOZOO
TSOOL.JJ | S..ZZZOO
TTOOS.SJ | SSZZZ.L.
I.SZLLLL | .SZ.LLL.

step=228, rand=3, actions=&lt;Left&gt;
Want     | Got ✗   
-------------------
....OO.. | ...ZOO..
....OO.. | ...TOOTT
........ | .....LT.
T....... | ...LLL..
TTZ..... | ...OO...
TZZZ.... | ...OO...
SZZZ...J | ...OO...
SSZLL..J | ...OOZOO
TSOOL.JJ | S..ZZZOO
TTOOS.SJ | SSZZZ.L.
I.SZLLLL | .SZ.LLL.

step=229, rand=3, actions=&lt;Right&gt;
Want     | Got ✗   
-------------------
.....OO. | ...ZOO..
.....OO. | ...TOOTT
........ | .....LT.
T....... | ...LLL..
TTZ..... | ...OO...
TZZZ.... | ...OO...
SZZZ...J | ...OO...
SSZLL..J | ...OOZOO
TSOOL.JJ | S..ZZZOO
TTOOS.SJ | SSZZZ.L.
I.SZLLLL | .SZ.LLL.

step=230, rand=3, actions=&lt;Down&gt;
Want     | Got ✗   
-------------------
........ | ...ZOO..
.....OO. | ...TOOTT
.....OO. | .....LT.
T....... | ...LLL..
TTZ..... | ...OO...
TZZZ.... | ...OO...
SZZZ...J | ...OO...
SSZLL..J | ...OOZOO
TSOOL.JJ | S..ZZZOO
TTOOS.SJ | SSZZZ.L.
I.SZLLLL | .SZ.LLL.

step=231, rand=3, actions=&lt;Down&gt;
Want     | Got ✗   
-------------------
........ | ...ZOO..
........ | ...TOOTT
.....OO. | .....LT.
T....OO. | ...LLL..
TTZ..... | ...OO...
TZZZ.... | ...OO...
SZZZ...J | ...OO...
SSZLL..J | ...OOZOO
TSOOL.JJ | S..ZZZOO
TTOOS.SJ | SSZZZ.L.
I.SZLLLL | .SZ.LLL.

step=232, rand=3, actions=&lt;Down&gt;
Want     | Got ✗   
-------------------
........ | ...ZOO..
........ | ...TOOTT
........ | .....LT.
T....OO. | ...LLL..
TTZ..OO. | ...OO...
TZZZ.... | ...OO...
SZZZ...J | ...OO...
SSZLL..J | ...OOZOO
TSOOL.JJ | S..ZZZOO
TTOOS.SJ | SSZZZ.L.
I.SZLLLL | .SZ.LLL.

step=233, rand=3, actions=&lt;Down&gt;
Want     | Got ✗   
-------------------
........ | ...ZOO..
........ | ...TOOTT
........ | .....LT.
T....... | ...LLL..
TTZ..OO. | ...OO...
TZZZ.OO. | ...OO...
SZZZ...J | ...OO...
SSZLL..J | ...OOZOO
TSOOL.JJ | S..ZZZOO
TTOOS.SJ | SSZZZ.L.
I.SZLLLL | .SZ.LLL.

step=234, rand=3, actions=&lt;Down&gt;
Want     | Got ✗   
-------------------
........ | ...ZOO..
........ | ...TOOTT
........ | .....LT.
T....... | ...LLL..
TTZ..... | ...OO...
TZZZ.OO. | ...OO...
SZZZ.OOJ | ...OO...
SSZLL..J | ...OOZOO
TSOOL.JJ | S..ZZZOO
TTOOS.SJ | SSZZZ.L.
I.SZLLLL | .SZ.LLL.

step=235, rand=3, actions=&lt;Down&gt;
Want     | Got ✗   
-------------------
........ | ...ZOO..
........ | ...TOOTT
........ | .....LT.
T....... | ...LLL..
TTZ..... | ...OO...
TZZZ.... | ...OO...
SZZZ.OOJ | ...OO...
SSZLLOOJ | ...OOZOO
TSOOL.JJ | S..ZZZOO
TTOOS.SJ | SSZZZ.L.
I.SZLLLL | .SZ.LLL.

step=236, rand=3, actions=&lt;Right&gt;
Want     | Got ✗   
-------------------
........ | ...ZOO..
........ | ...TOOTT
........ | .....LT.
T....... | ...LLL..
TTZ..... | ...OO...
TZZZ.... | ...OO...
SZZZ.OOJ | ...OO...
SSZLLOOJ | ...OOZOO
TSOOL.JJ | S..ZZZOO
TTOOS.SJ | SSZZZ.L.
I.SZLLLL | .SZ.LLL.

step=237, rand=6, actions=&lt;Down&gt;
Want     | Got ✗   
-------------------
..ZZ.... | ...ZZO..
...ZZ... | ...TZZTT
........ | .....LT.
........ | ...LLL..
T....... | ...OO...
TTZ..... | ...OO...
TZZZ.... | ...OO...
SZZZ.OOJ | ...OOZOO
TSOOL.JJ | S..ZZZOO
TTOOS.SJ | SSZZZ.L.
I.SZLLLL | .SZ.LLL.

step=238, rand=6, actions=&lt;RotateRight&gt;
Want     | Got ✗   
-------------------
....Z... | ...ZZO..
...ZZ... | ...TZZTT
...Z.... | .....LT.
........ | ...LLL..
T....... | ...OO...
TTZ..... | ...OO...
TZZZ.... | ...OO...
SZZZ.OOJ | ...OOZOO
TSOOL.JJ | S..ZZZOO
TTOOS.SJ | SSZZZ.L.
I.SZLLLL | .SZ.LLL.

step=239, rand=6, actions=&lt;Right&gt;
Want     | Got ✗   
-------------------
.....Z.. | ...ZZO..
....ZZ.. | ...TZZTT
....Z... | .....LT.
........ | ...LLL..
T....... | ...OO...
TTZ..... | ...OO...
TZZZ.... | ...OO...
SZZZ.OOJ | ...OOZOO
TSOOL.JJ | S..ZZZOO
TTOOS.SJ | SSZZZ.L.
I.SZLLLL | .SZ.LLL.

step=240, rand=6, actions=&lt;Right&gt;
Want     | Got ✗   
-------------------
......Z. | ...ZZO..
.....ZZ. | ...TZZTT
.....Z.. | .....LT.
........ | ...LLL..
T....... | ...OO...
TTZ..... | ...OO...
TZZZ.... | ...OO...
SZZZ.OOJ | ...OOZOO
TSOOL.JJ | S..ZZZOO
TTOOS.SJ | SSZZZ.L.
I.SZLLLL | .SZ.LLL.

step=241, rand=6, actions=&lt;Left&gt;
Want     | Got ✗   
-------------------
.....Z.. | ...ZZO..
....ZZ.. | ...TZZTT
....Z... | .....LT.
........ | ...LLL..
T....... | ...OO...
TTZ..... | ...OO...
TZZZ.... | ...OO...
SZZZ.OOJ | ...OOZOO
TSOOL.JJ | S..ZZZOO
TTOOS.SJ | SSZZZ.L.
I.SZLLLL | .SZ.LLL.

step=242, rand=6, actions=&lt;Down&gt;
Want     | Got ✗   
-------------------
........ | ...ZZO..
.....Z.. | ...TZZTT
....ZZ.. | .....LT.
....Z... | ...LLL..
T....... | ...OO...
TTZ..... | ...OO...
TZZZ.... | ...OO...
SZZZ.OOJ | ...OOZOO
TSOOL.JJ | S..ZZZOO
TTOOS.SJ | SSZZZ.L.
I.SZLLLL | .SZ.LLL.

step=243, rand=6, actions=&lt;Down&gt;
Want     | Got ✗   
-------------------
........ | ...ZZO..
........ | ...TZZTT
.....Z.. | .....LT.
....ZZ.. | ...LLL..
T...Z... | ...OO...
TTZ..... | ...OO...
TZZZ.... | ...OO...
SZZZ.OOJ | ...OOZOO
TSOOL.JJ | S..ZZZOO
TTOOS.SJ | SSZZZ.L.
I.SZLLLL | .SZ.LLL.

step=244, rand=6, actions=&lt;Down&gt;
Want     | Got ✗   
-------------------
........ | ...ZZO..
........ | ...TZZTT
........ | .....LT.
.....Z.. | ...LLL..
T...ZZ.. | ...OO...
TTZ.Z... | ...OO...
TZZZ.... | ...OO...
SZZZ.OOJ | ...OOZOO
TSOOL.JJ | S..ZZZOO
TTOOS.SJ | SSZZZ.L.
I.SZLLLL | .SZ.LLL.

step=245, rand=6, actions=&lt;Down&gt;
Want     | Got ✗   
-------------------
........ | ...ZZO..
........ | ...TZZTT
........ | .....LT.
........ | ...LLL..
T....Z.. | ...OO...
TTZ.ZZ.. | ...OO...
TZZZZ... | ...OO...
SZZZ.OOJ | ...OOZOO
TSOOL.JJ | S..ZZZOO
TTOOS.SJ | SSZZZ.L.
I.SZLLLL | .SZ.LLL.

step=246, rand=6, actions=&lt;Down&gt;
Want     | Got ✗   
-------------------
........ | ...ZZO..
........ | ...TZZTT
........ | .....LT.
........ | ...LLL..
T....... | ...OO...
TTZ..Z.. | ...OO...
TZZZZZ.. | ...OO...
SZZZZOOJ | ...OOZOO
TSOOL.JJ | S..ZZZOO
TTOOS.SJ | SSZZZ.L.
I.SZLLLL | .SZ.LLL.

step=247, rand=5, actions=&lt;Down&gt;
Want     | Got ✗   
-------------------
...T.... | ...ZTO..
..TTT... | ...TTTTT
........ | .....LT.
........ | ...LLL..
........ | ...OO...
T....... | ...OO...
TTZ..Z.. | ...OO...
TZZZZZ.. | ...OOZOO
TSOOL.JJ | S..ZZZOO
TTOOS.SJ | SSZZZ.L.
I.SZLLLL | .SZ.LLL.

step=248, rand=5, actions=&lt;RotateRight&gt;
Want     | Got ✗   
-------------------
...T.... | ...ZTO..
...TT... | ...TTTTT
...T.... | .....LT.
........ | ...LLL..
........ | ...OO...
T....... | ...OO...
TTZ..Z.. | ...OO...
TZZZZZ.. | ...OOZOO
TSOOL.JJ | S..ZZZOO
TTOOS.SJ | SSZZZ.L.
I.SZLLLL | .SZ.LLL.

step=249, rand=5, actions=&lt;RotateRight&gt;
Want     | Got ✗   
-------------------
........ | ...ZTO..
..TTT... | ...TTTTT
...T.... | .....LT.
........ | ...LLL..
........ | ...OO...
T....... | ...OO...
TTZ..Z.. | ...OO...
TZZZZZ.. | ...OOZOO
TSOOL.JJ | S..ZZZOO
TTOOS.SJ | SSZZZ.L.
I.SZLLLL | .SZ.LLL.

step=250, rand=5, actions=&lt;RotateRight&gt;
Want     | Got ✗   
-------------------
...T.... | ...ZTO..
..TT.... | ...TTTTT
...T.... | .....LT.
........ | ...LLL..
........ | ...OO...
T....... | ...OO...
TTZ..Z.. | ...OO...
TZZZZZ.. | ...OOZOO
TSOOL.JJ | S..ZZZOO
TTOOS.SJ | SSZZZ.L.
I.SZLLLL | .SZ.LLL.

step=251, rand=5, actions=&lt;RotateRight&gt;
Want     | Got ✗   
-------------------
...T.... | ...ZTO..
..TTT... | ...TTTTT
........ | .....LT.
........ | ...LLL..
........ | ...OO...
T....... | ...OO...
TTZ..Z.. | ...OO...
TZZZZZ.. | ...OOZOO
TSOOL.JJ | S..ZZZOO
TTOOS.SJ | SSZZZ.L.
I.SZLLLL | .SZ.LLL.

step=252, rand=5, actions=&lt;RotateRight&gt;
Want     | Got ✗   
-------------------
...T.... | ...ZTO..
...TT... | ...TTTTT
...T.... | .....LT.
........ | ...LLL..
........ | ...OO...
T....... | ...OO...
TTZ..Z.. | ...OO...
TZZZZZ.. | ...OOZOO
TSOOL.JJ | S..ZZZOO
TTOOS.SJ | SSZZZ.L.
I.SZLLLL | .SZ.LLL.

step=253, rand=5, actions=&lt;Right&gt;
Want     | Got ✗   
-------------------
....T... | ...ZTO..
....TT.. | ...TTTTT
....T... | .....LT.
........ | ...LLL..
........ | ...OO...
T....... | ...OO...
TTZ..Z.. | ...OO...
TZZZZZ.. | ...OOZOO
TSOOL.JJ | S..ZZZOO
TTOOS.SJ | SSZZZ.L.
I.SZLLLL | .SZ.LLL.

step=254, rand=5, actions=&lt;Down&gt;
Want     | Got ✗   
-------------------
........ | ...ZTO..
....T... | ...TTTTT
....TT.. | .....LT.
....T... | ...LLL..
........ | ...OO...
T....... | ...OO...
TTZ..Z.. | ...OO...
TZZZZZ.. | ...OOZOO
TSOOL.JJ | S..ZZZOO
TTOOS.SJ | SSZZZ.L.
I.SZLLLL | .SZ.LLL.

step=255, rand=5, actions=&lt;Down&gt;
Want     | Got ✗   
-------------------
........ | ...ZTO..
........ | ...TTTTT
....T... | .....LT.
....TT.. | ...LLL..
....T... | ...OO...
T....... | ...OO...
TTZ..Z.. | ...OO...
TZZZZZ.. | ...OOZOO
TSOOL.JJ | S..ZZZOO
TTOOS.SJ | SSZZZ.L.
I.SZLLLL | .SZ.LLL.

step=256, rand=5, actions=&lt;Down&gt;
Want     | Got ✗   
-------------------
........ | ...ZTO..
........ | ...TTTTT
........ | .....LT.
....T... | ...LLL..
....TT.. | ...OO...
T...T... | ...OO...
TTZ..Z.. | ...OO...
TZZZZZ.. | ...OOZOO
TSOOL.JJ | S..ZZZOO
TTOOS.SJ | SSZZZ.L.
I.SZLLLL | .SZ.LLL.

step=257, rand=5, actions=&lt;Down&gt;
Want     | Got ✗   
-------------------
........ | ...ZTO..
........ | ...TTTTT
........ | .....LT.
........ | ...LLL..
....T... | ...OO...
T...TT.. | ...OO...
TTZ.TZ.. | ...OO...
TZZZZZ.. | ...OOZOO
TSOOL.JJ | S..ZZZOO
TTOOS.SJ | SSZZZ.L.
I.SZLLLL | .SZ.LLL.

step=258, rand=5, actions=&lt;Down&gt;
Want     | Got ✗   
-------------------
...T.... | ...ZTO..
..TTT... | ...TTTTT
........ | .....LT.
........ | ...LLL..
....T... | ...OO...
T...TT.. | ...OO...
TTZ.TZ.. | ...OO...
TZZZZZ.. | ...OOZOO
TSOOL.JJ | S..ZZZOO
TTOOS.SJ | SSZZZ.L.
I.SZLLLL | .SZ.LLL.

step=259, rand=5, actions=&lt;RotateRight&gt;
Want     | Got ✗   
-------------------
...T.... | ...ZTO..
...TT... | ...TTTTT
...T.... | .....LT.
........ | ...LLL..
....T... | ...OO...
T...TT.. | ...OO...
TTZ.TZ.. | ...OO...
TZZZZZ.. | ...OOZOO
TSOOL.JJ | S..ZZZOO
TTOOS.SJ | SSZZZ.L.
I.SZLLLL | .SZ.LLL.

step=260, rand=5, actions=&lt;RotateRight&gt;
Want     | Got ✗   
-------------------
........ | ...ZTO..
..TTT... | ...TTTTT
...T.... | .....LT.
........ | ...LLL..
....T... | ...OO...
T...TT.. | ...OO...
TTZ.TZ.. | ...OO...
TZZZZZ.. | ...OOZOO
TSOOL.JJ | S..ZZZOO
TTOOS.SJ | SSZZZ.L.
I.SZLLLL | .SZ.LLL.

step=261, rand=5, actions=&lt;RotateRight&gt;
Want     | Got ✗   
-------------------
...T.... | ...ZTO..
..TT.... | ...TTTTT
...T.... | .....LT.
........ | ...LLL..
....T... | ...OO...
T...TT.. | ...OO...
TTZ.TZ.. | ...OO...
TZZZZZ.. | ...OOZOO
TSOOL.JJ | S..ZZZOO
TTOOS.SJ | SSZZZ.L.
I.SZLLLL | .SZ.LLL.

step=262, rand=5, actions=&lt;Down&gt;
Want     | Got ✗   
-------------------
........ | ...ZTO..
...T.... | ...TTTTT
..TT.... | .....LT.
...T.... | ...LLL..
....T... | ...OO...
T...TT.. | ...OO...
TTZ.TZ.. | ...OO...
TZZZZZ.. | ...OOZOO
TSOOL.JJ | S..ZZZOO
TTOOS.SJ | SSZZZ.L.
I.SZLLLL | .SZ.LLL.

step=263, rand=5, actions=&lt;Down&gt;
Want     | Got ✗   
-------------------
........ | ...ZTO..
........ | ...TTTTT
...T.... | .....LT.
..TT.... | ...LLL..
...TT... | ...OO...
T...TT.. | ...OO...
TTZ.TZ.. | ...OO...
TZZZZZ.. | ...OOZOO
TSOOL.JJ | S..ZZZOO
TTOOS.SJ | SSZZZ.L.
I.SZLLLL | .SZ.LLL.

step=264, rand=5, actions=&lt;Down&gt;
Want     | Got ✗   
-------------------
........ | ...ZTO..
........ | ...TTTTT
........ | .....LT.
...T.... | ...LLL..
..TTT... | ...OO...
T..TTT.. | ...OO...
TTZ.TZ.. | ...OO...
TZZZZZ.. | ...OOZOO
TSOOL.JJ | S..ZZZOO
TTOOS.SJ | SSZZZ.L.
I.SZLLLL | .SZ.LLL.

step=265, rand=5, actions=&lt;Down&gt;
Want     | Got ✗   
-------------------
........ | ...ZTO..
........ | ...TTTTT
........ | .....LT.
........ | ...LLL..
...TT... | ...OO...
T.TTTT.. | ...OO...
TTZTTZ.. | ...OO...
TZZZZZ.. | ...OOZOO
TSOOL.JJ | S..ZZZOO
TTOOS.SJ | SSZZZ.L.
I.SZLLLL | .SZ.LLL.

step=266, rand=6, actions=&lt;Down&gt;
Want     | Got ✗   
-------------------
..ZZ.... | ...ZZO..
...ZZ... | ...TZZTT
........ | .....LT.
........ | ...LLL..
...TT... | ...OO...
T.TTTT.. | ...OO...
TTZTTZ.. | ...OO...
TZZZZZ.. | ...OOZOO
TSOOL.JJ | S..ZZZOO
TTOOS.SJ | SSZZZ.L.
I.SZLLLL | .SZ.LLL.

step=267, rand=6, actions=&lt;RotateRight&gt;
Want     | Got ✗   
-------------------
....Z... | ...ZZO..
...ZZ... | ...TZZTT
...Z.... | .....LT.
........ | ...LLL..
...TT... | ...OO...
T.TTTT.. | ...OO...
TTZTTZ.. | ...OO...
TZZZZZ.. | ...OOZOO
TSOOL.JJ | S..ZZZOO
TTOOS.SJ | SSZZZ.L.
I.SZLLLL | .SZ.LLL.

step=268, rand=6, actions=&lt;Left&gt;
Want     | Got ✗   
-------------------
...Z.... | ...ZZO..
..ZZ.... | ...TZZTT
..Z..... | .....LT.
........ | ...LLL..
...TT... | ...OO...
T.TTTT.. | ...OO...
TTZTTZ.. | ...OO...
TZZZZZ.. | ...OOZOO
TSOOL.JJ | S..ZZZOO
TTOOS.SJ | SSZZZ.L.
I.SZLLLL | .SZ.LLL.

step=269, rand=6, actions=&lt;Left&gt;
Want     | Got ✗   
-------------------
..Z..... | ...ZZO..
.ZZ..... | ...TZZTT
.Z...... | .....LT.
........ | ...LLL..
...TT... | ...OO...
T.TTTT.. | ...OO...
TTZTTZ.. | ...OO...
TZZZZZ.. | ...OOZOO
TSOOL.JJ | S..ZZZOO
TTOOS.SJ | SSZZZ.L.
I.SZLLLL | .SZ.LLL.

step=270, rand=6, actions=&lt;Down&gt;
Want     | Got ✗   
-------------------
........ | ...ZZO..
..Z..... | ...TZZTT
.ZZ..... | .....LT.
.Z...... | ...LLL..
...TT... | ...OO...
T.TTTT.. | ...OO...
TTZTTZ.. | ...OO...
TZZZZZ.. | ...OOZOO
TSOOL.JJ | S..ZZZOO
TTOOS.SJ | SSZZZ.L.
I.SZLLLL | .SZ.LLL.

step=271, rand=6, actions=&lt;Down&gt;
Want     | Got ✗   
-------------------
........ | ...ZZO..
........ | ...TZZTT
..Z..... | .....LT.
.ZZ..... | ...LLL..
.Z.TT... | ...OO...
T.TTTT.. | ...OO...
TTZTTZ.. | ...OO...
TZZZZZ.. | ...OOZOO
TSOOL.JJ | S..ZZZOO
TTOOS.SJ | SSZZZ.L.
I.SZLLLL | .SZ.LLL.

step=272, rand=6, actions=&lt;Down&gt;
Want     | Got ✗   
-------------------
........ | ...ZZO..
........ | ...TZZTT
........ | .....LT.
..Z..... | ...LLL..
.ZZTT... | ...OO...
TZTTTT.. | ...OO...
TTZTTZ.. | ...OO...
TZZZZZ.. | ...OOZOO
TSOOL.JJ | S..ZZZOO
TTOOS.SJ | SSZZZ.L.
I.SZLLLL | .SZ.LLL.

step=273, rand=0, actions=&lt;Down&gt;
Want     | Got ✗   
-------------------
........ | ...ZZO..
..IIII.. | ...IIIIT
........ | .....LT.
..Z..... | ...LLL..
.ZZTT... | ...OO...
TZTTTT.. | ...OO...
TTZTTZ.. | ...OO...
TZZZZZ.. | ...OOZOO
TSOOL.JJ | S..ZZZOO
TTOOS.SJ | SSZZZ.L.
I.SZLLLL | .SZ.LLL.

step=274, rand=0, actions=&lt;RotateRight&gt;
Want     | Got ✗   
-------------------
....I... | ...ZZO..
....I... | ...IIIIT
....I... | .....LT.
..Z.I... | ...LLL..
.ZZTT... | ...OO...
TZTTTT.. | ...OO...
TTZTTZ.. | ...OO...
TZZZZZ.. | ...OOZOO
TSOOL.JJ | S..ZZZOO
TTOOS.SJ | SSZZZ.L.
I.SZLLLL | .SZ.LLL.

step=275, rand=0, actions=&lt;Right&gt;
Want     | Got ✗   
-------------------
.....I.. | ...ZZO..
.....I.. | ...IIIIT
.....I.. | .....LT.
..Z..I.. | ...LLL..
.ZZTT... | ...OO...
TZTTTT.. | ...OO...
TTZTTZ.. | ...OO...
TZZZZZ.. | ...OOZOO
TSOOL.JJ | S..ZZZOO
TTOOS.SJ | SSZZZ.L.
I.SZLLLL | .SZ.LLL.

step=276, rand=0, actions=&lt;Right&gt;
Want     | Got ✗   
-------------------
......I. | ...ZZO..
......I. | ...IIIIT
......I. | .....LT.
..Z...I. | ...LLL..
.ZZTT... | ...OO...
TZTTTT.. | ...OO...
TTZTTZ.. | ...OO...
TZZZZZ.. | ...OOZOO
TSOOL.JJ | S..ZZZOO
TTOOS.SJ | SSZZZ.L.
I.SZLLLL | .SZ.LLL.

step=277, rand=0, actions=&lt;Right&gt;
Want     | Got ✗   
-------------------
.......I | ...ZZO..
.......I | ...IIIIT
.......I | .....LT.
..Z....I | ...LLL..
.ZZTT... | ...OO...
TZTTTT.. | ...OO...
TTZTTZ.. | ...OO...
TZZZZZ.. | ...OOZOO
TSOOL.JJ | S..ZZZOO
TTOOS.SJ | SSZZZ.L.
I.SZLLLL | .SZ.LLL.

step=278, rand=0, actions=&lt;Left&gt;
Want     | Got ✗   
-------------------
......I. | ...ZZO..
......I. | ...IIIIT
......I. | .....LT.
..Z...I. | ...LLL..
.ZZTT... | ...OO...
TZTTTT.. | ...OO...
TTZTTZ.. | ...OO...
TZZZZZ.. | ...OOZOO
TSOOL.JJ | S..ZZZOO
TTOOS.SJ | SSZZZ.L.
I.SZLLLL | .SZ.LLL.

step=279, rand=0, actions=&lt;Down&gt;
Want     | Got ✗   
-------------------
........ | ...ZZO..
......I. | ...IIIIT
......I. | .....LT.
..Z...I. | ...LLL..
.ZZTT.I. | ...OO...
TZTTTT.. | ...OO...
TTZTTZ.. | ...OO...
TZZZZZ.. | ...OOZOO
TSOOL.JJ | S..ZZZOO
TTOOS.SJ | SSZZZ.L.
I.SZLLLL | .SZ.LLL.

step=280, rand=0, actions=&lt;Down&gt;
Want     | Got ✗   
-------------------
........ | ...ZZO..
........ | ...IIIIT
......I. | .....LT.
..Z...I. | ...LLL..
.ZZTT.I. | ...OO...
TZTTTTI. | ...OO...
TTZTTZ.. | ...OO...
TZZZZZ.. | ...OOZOO
TSOOL.JJ | S..ZZZOO
TTOOS.SJ | SSZZZ.L.
I.SZLLLL | .SZ.LLL.

step=281, rand=0, actions=&lt;Down&gt;
Want     | Got ✗   
-------------------
........ | ...ZZO..
........ | ...IIIIT
........ | .....LT.
..Z...I. | ...LLL..
.ZZTT.I. | ...OO...
TZTTTTI. | ...OO...
TTZTTZI. | ...OO...
TZZZZZ.. | ...OOZOO
TSOOL.JJ | S..ZZZOO
TTOOS.SJ | SSZZZ.L.
I.SZLLLL | .SZ.LLL.

step=282, rand=0, actions=&lt;Down&gt;
Want     | Got ✗   
-------------------
........ | ...ZZO..
........ | ...IIIIT
........ | .....LT.
..Z..... | ...LLL..
.ZZTT.I. | ...OO...
TZTTTTI. | ...OO...
TTZTTZI. | ...OO...
TZZZZZI. | ...OOZOO
TSOOL.JJ | S..ZZZOO
TTOOS.SJ | SSZZZ.L.
I.SZLLLL | .SZ.LLL.

step=283, rand=6, actions=&lt;Down&gt;
Want     | Got ✗   
-------------------
..ZZ.... | ...ZZO..
...ZZ... | ...IZZIT
........ | .....LT.
..Z..... | ...LLL..
.ZZTT.I. | ...OO...
TZTTTTI. | ...OO...
TTZTTZI. | ...OO...
TZZZZZI. | ...OOZOO
TSOOL.JJ | S..ZZZOO
TTOOS.SJ | SSZZZ.L.
I.SZLLLL | .SZ.LLL.

step=284, rand=6, actions=&lt;Right&gt;
Want     | Got ✗   
-------------------
...ZZ... | ...ZZO..
....ZZ.. | ...IZZIT
........ | .....LT.
..Z..... | ...LLL..
.ZZTT.I. | ...OO...
TZTTTTI. | ...OO...
TTZTTZI. | ...OO...
TZZZZZI. | ...OOZOO
TSOOL.JJ | S..ZZZOO
TTOOS.SJ | SSZZZ.L.
I.SZLLLL | .SZ.LLL.

step=285, rand=6, actions=&lt;Right&gt;
Want     | Got ✗   
-------------------
....ZZ.. | ...ZZO..
.....ZZ. | ...IZZIT
........ | .....LT.
..Z..... | ...LLL..
.ZZTT.I. | ...OO...
TZTTTTI. | ...OO...
TTZTTZI. | ...OO...
TZZZZZI. | ...OOZOO
TSOOL.JJ | S..ZZZOO
TTOOS.SJ | SSZZZ.L.
I.SZLLLL | .SZ.LLL.

step=286, rand=6, actions=&lt;Left&gt;
Want     | Got ✗   
-------------------
...ZZ... | ...ZZO..
....ZZ.. | ...IZZIT
........ | .....LT.
..Z..... | ...LLL..
.ZZTT.I. | ...OO...
TZTTTTI. | ...OO...
TTZTTZI. | ...OO...
TZZZZZI. | ...OOZOO
TSOOL.JJ | S..ZZZOO
TTOOS.SJ | SSZZZ.L.
I.SZLLLL | .SZ.LLL.

step=287, rand=6, actions=&lt;Left&gt;
Want     | Got ✗   
-------------------
..ZZ.... | ...ZZO..
...ZZ... | ...IZZIT
........ | .....LT.
..Z..... | ...LLL..
.ZZTT.I. | ...OO...
TZTTTTI. | ...OO...
TTZTTZI. | ...OO...
TZZZZZI. | ...OOZOO
TSOOL.JJ | S..ZZZOO
TTOOS.SJ | SSZZZ.L.
I.SZLLLL | .SZ.LLL.

step=288, rand=6, actions=&lt;Left&gt;
Want     | Got ✗   
-------------------
.ZZ..... | ...ZZO..
..ZZ.... | ...IZZIT
........ | .....LT.
..Z..... | ...LLL..
.ZZTT.I. | ...OO...
TZTTTTI. | ...OO...
TTZTTZI. | ...OO...
TZZZZZI. | ...OOZOO
TSOOL.JJ | S..ZZZOO
TTOOS.SJ | SSZZZ.L.
I.SZLLLL | .SZ.LLL.

step=289, rand=6, actions=&lt;Left&gt;
Want     | Got ✗   
-------------------
ZZ...... | ...ZZO..
.ZZ..... | ...IZZIT
........ | .....LT.
..Z..... | ...LLL..
.ZZTT.I. | ...OO...
TZTTTTI. | ...OO...
TTZTTZI. | ...OO...
TZZZZZI. | ...OOZOO
TSOOL.JJ | S..ZZZOO
TTOOS.SJ | SSZZZ.L.
I.SZLLLL | .SZ.LLL.

step=290, rand=6, actions=&lt;RotateRight&gt;
Want     | Got ✗   
-------------------
..Z..... | ...ZZO..
.ZZ..... | ...IZZIT
.Z...... | .....LT.
..Z..... | ...LLL..
.ZZTT.I. | ...OO...
TZTTTTI. | ...OO...
TTZTTZI. | ...OO...
TZZZZZI. | ...OOZOO
TSOOL.JJ | S..ZZZOO
TTOOS.SJ | SSZZZ.L.
I.SZLLLL | .SZ.LLL.

step=291, rand=6, actions=&lt;Left&gt;
Want     | Got ✗   
-------------------
.Z...... | ...ZZO..
ZZ...... | ...IZZIT
Z....... | .....LT.
..Z..... | ...LLL..
.ZZTT.I. | ...OO...
TZTTTTI. | ...OO...
TTZTTZI. | ...OO...
TZZZZZI. | ...OOZOO
TSOOL.JJ | S..ZZZOO
TTOOS.SJ | SSZZZ.L.
I.SZLLLL | .SZ.LLL.

step=292, rand=6, actions=&lt;Left&gt;
Want     | Got ✗   
-------------------
.Z...... | ...ZZO..
ZZ...... | ...IZZIT
Z....... | .....LT.
..Z..... | ...LLL..
.ZZTT.I. | ...OO...
TZTTTTI. | ...OO...
TTZTTZI. | ...OO...
TZZZZZI. | ...OOZOO
TSOOL.JJ | S..ZZZOO
TTOOS.SJ | SSZZZ.L.
I.SZLLLL | .SZ.LLL.

step=293, rand=6, actions=&lt;Down&gt;
Want     | Got ✗   
-------------------
........ | ...ZZO..
.Z...... | ...IZZIT
ZZ...... | .....LT.
Z.Z..... | ...LLL..
.ZZTT.I. | ...OO...
TZTTTTI. | ...OO...
TTZTTZI. | ...OO...
TZZZZZI. | ...OOZOO
TSOOL.JJ | S..ZZZOO
TTOOS.SJ | SSZZZ.L.
I.SZLLLL | .SZ.LLL.

step=294, rand=6, actions=&lt;Down&gt;
Want     | Got ✗   
-------------------
........ | ...ZZO..
........ | ...IZZIT
.Z...... | .....LT.
ZZZ..... | ...LLL..
ZZZTT.I. | ...OO...
TZTTTTI. | ...OO...
TTZTTZI. | ...OO...
TZZZZZI. | ...OOZOO
TSOOL.JJ | S..ZZZOO
TTOOS.SJ | SSZZZ.L.
I.SZLLLL | .SZ.LLL.

step=295, rand=4, actions=&lt;Down&gt;
Want     | Got ✗   
-------------------
...SS... | ...ZSS..
..SS.... | ...SSZIT
.Z...... | .....LT.
ZZZ..... | ...LLL..
ZZZTT.I. | ...OO...
TZTTTTI. | ...OO...
TTZTTZI. | ...OO...
TZZZZZI. | ...OOZOO
TSOOL.JJ | S..ZZZOO
TTOOS.SJ | SSZZZ.L.
I.SZLLLL | .SZ.LLL.

step=296, rand=4, actions=&lt;RotateRight&gt;
Want     | Got ✗   
-------------------
...S.... | ...ZSS..
...SS... | ...SSZIT
.Z..S... | .....LT.
ZZZ..... | ...LLL..
ZZZTT.I. | ...OO...
TZTTTTI. | ...OO...
TTZTTZI. | ...OO...
TZZZZZI. | ...OOZOO
TSOOL.JJ | S..ZZZOO
TTOOS.SJ | SSZZZ.L.
I.SZLLLL | .SZ.LLL.

step=297, rand=4, actions=&lt;Right&gt;
Want     | Got ✗   
-------------------
....S... | ...ZSS..
....SS.. | ...SSZIT
.Z...S.. | .....LT.
ZZZ..... | ...LLL..
ZZZTT.I. | ...OO...
TZTTTTI. | ...OO...
TTZTTZI. | ...OO...
TZZZZZI. | ...OOZOO
TSOOL.JJ | S..ZZZOO
TTOOS.SJ | SSZZZ.L.
I.SZLLLL | .SZ.LLL.

step=298, rand=4, actions=&lt;Down&gt;
Want     | Got ✗   
-------------------
........ | ...ZSS..
....S... | ...SSZIT
.Z..SS.. | .....LT.
ZZZ..S.. | ...LLL..
ZZZTT.I. | ...OO...
TZTTTTI. | ...OO...
TTZTTZI. | ...OO...
TZZZZZI. | ...OOZOO
TSOOL.JJ | S..ZZZOO
TTOOS.SJ | SSZZZ.L.
I.SZLLLL | .SZ.LLL.

step=299, rand=4, actions=&lt;Down&gt;
Want     | Got ✗   
-------------------
........ | ...ZSS..
........ | ...SSZIT
.Z..S... | .....LT.
ZZZ.SS.. | ...LLL..
ZZZTTSI. | ...OO...
TZTTTTI. | ...OO...
TTZTTZI. | ...OO...
TZZZZZI. | ...OOZOO
TSOOL.JJ | S..ZZZOO
TTOOS.SJ | SSZZZ.L.
I.SZLLLL | .SZ.LLL.

step=300, rand=3, actions=&lt;Down&gt;
Want     | Got ✗   
-------------------
...OO... | ...ZOO..
...OO... | ...SOOIT
.Z..S... | .....LT.
ZZZ.SS.. | ...LLL..
ZZZTTSI. | ...OO...
TZTTTTI. | ...OO...
TTZTTZI. | ...OO...
TZZZZZI. | ...OOZOO
TSOOL.JJ | S..ZZZOO
TTOOS.SJ | SSZZZ.L.
I.SZLLLL | .SZ.LLL.

step=301, rand=3, actions=&lt;Right&gt;
Want     | Got ✗   
-------------------
....OO.. | ...ZOO..
....OO.. | ...SOOIT
.Z..S... | .....LT.
ZZZ.SS.. | ...LLL..
ZZZTTSI. | ...OO...
TZTTTTI. | ...OO...
TTZTTZI. | ...OO...
TZZZZZI. | ...OOZOO
TSOOL.JJ | S..ZZZOO
TTOOS.SJ | SSZZZ.L.
I.SZLLLL | .SZ.LLL.

step=302, rand=3, actions=&lt;Right&gt;
Want     | Got ✗   
-------------------
.....OO. | ...ZOO..
.....OO. | ...SOOIT
.Z..S... | .....LT.
ZZZ.SS.. | ...LLL..
ZZZTTSI. | ...OO...
TZTTTTI. | ...OO...
TTZTTZI. | ...OO...
TZZZZZI. | ...OOZOO
TSOOL.JJ | S..ZZZOO
TTOOS.SJ | SSZZZ.L.
I.SZLLLL | .SZ.LLL.

step=303, rand=3, actions=&lt;Right&gt;
Want     | Got ✗   
-------------------
......OO | ...ZOO..
......OO | ...SOOIT
.Z..S... | .....LT.
ZZZ.SS.. | ...LLL..
ZZZTTSI. | ...OO...
TZTTTTI. | ...OO...
TTZTTZI. | ...OO...
TZZZZZI. | ...OOZOO
TSOOL.JJ | S..ZZZOO
TTOOS.SJ | SSZZZ.L.
I.SZLLLL | .SZ.LLL.

step=304, rand=3, actions=&lt;Down&gt;
Want     | Got ✗   
-------------------
........ | ...ZOO..
......OO | ...SOOIT
.Z..S.OO | .....LT.
ZZZ.SS.. | ...LLL..
ZZZTTSI. | ...OO...
TZTTTTI. | ...OO...
TTZTTZI. | ...OO...
TZZZZZI. | ...OOZOO
TSOOL.JJ | S..ZZZOO
TTOOS.SJ | SSZZZ.L.
I.SZLLLL | .SZ.LLL.

step=305, rand=3, actions=&lt;Down&gt;
Want     | Got ✗   
-------------------
........ | ...ZOO..
........ | ...SOOIT
.Z..S.OO | .....LT.
ZZZ.SSOO | ...LLL..
ZZZTTSI. | ...OO...
TZTTTTI. | ...OO...
TTZTTZI. | ...OO...
TZZZZZI. | ...OOZOO
TSOOL.JJ | S..ZZZOO
TTOOS.SJ | SSZZZ.L.
I.SZLLLL | .SZ.LLL.

step=306, rand=3, actions=&lt;Down&gt;
Want     | Got ✗   
-------------------
...OO... | ...ZOO..
...OO... | ...SOOIT
.Z..S.OO | .....LT.
ZZZ.SSOO | ...LLL..
ZZZTTSI. | ...OO...
TZTTTTI. | ...OO...
TTZTTZI. | ...OO...
TZZZZZI. | ...OOZOO
TSOOL.JJ | S..ZZZOO
TTOOS.SJ | SSZZZ.L.
I.SZLLLL | .SZ.LLL.

step=307, rand=3, actions=&lt;Left&gt;
Want     | Got ✗   
-------------------
..OO.... | ...ZOO..
..OO.... | ...SOOIT
.Z..S.OO | .....LT.
ZZZ.SSOO | ...LLL..
ZZZTTSI. | ...OO...
TZTTTTI. | ...OO...
TTZTTZI. | ...OO...
TZZZZZI. | ...OOZOO
TSOOL.JJ | S..ZZZOO
TTOOS.SJ | SSZZZ.L.
I.SZLLLL | .SZ.LLL.

step=308, rand=3, actions=&lt;Left&gt;
Want     | Got ✗   
-------------------
.OO..... | ...ZOO..
.OO..... | ...SOOIT
.Z..S.OO | .....LT.
ZZZ.SSOO | ...LLL..
ZZZTTSI. | ...OO...
TZTTTTI. | ...OO...
TTZTTZI. | ...OO...
TZZZZZI. | ...OOZOO
TSOOL.JJ | S..ZZZOO
TTOOS.SJ | SSZZZ.L.
I.SZLLLL | .SZ.LLL.

step=309, rand=3, actions=&lt;Right&gt;
Want     | Got ✗   
-------------------
..OO.... | ...ZOO..
..OO.... | ...SOOIT
.Z..S.OO | .....LT.
ZZZ.SSOO | ...LLL..
ZZZTTSI. | ...OO...
TZTTTTI. | ...OO...
TTZTTZI. | ...OO...
TZZZZZI. | ...OOZOO
TSOOL.JJ | S..ZZZOO
TTOOS.SJ | SSZZZ.L.
I.SZLLLL | .SZ.LLL.

step=310, rand=3, actions=&lt;Down&gt;
Want     | Got ✗   
-------------------
........ | ...ZOO..
..OO.... | ...SOOIT
.ZOOS.OO | .....LT.
ZZZ.SSOO | ...LLL..
ZZZTTSI. | ...OO...
TZTTTTI. | ...OO...
TTZTTZI. | ...OO...
TZZZZZI. | ...OOZOO
TSOOL.JJ | S..ZZZOO
TTOOS.SJ | SSZZZ.L.
I.SZLLLL | .SZ.LLL.

step=311, rand=1, actions=&lt;Down&gt;
Want              | Got ✗   
----------------------------
GameOverDisplay() | ...JOO..
                  | ...JJJIT
                  | .....LT.
                  | ...LLL..
                  | ...OO...
                  | ...OO...
                  | ...OO...
                  | ...OOZOO
                  | S..ZZZOO
                  | SSZZZ.L.
                  | .SZ.LLL.


	at app//org.scalatest.Assertions.newAssertionFailedException(Assertions.scala:530)
	at app//org.scalatest.Assertions.newAssertionFailedException$(Assertions.scala:529)
	at app//org.scalatest.FunSuite.newAssertionFailedException(FunSuite.scala:1560)
	at app//org.scalatest.Assertions$AssertionsHelper.macroAssert(Assertions.scala:503)
	at app//generic.GameTestSuite.checkGame(GameTestSuite.scala:298)
	at app//tetris.TetrisTestSuiteBase.checkGame(TetrisTestSuiteBase.scala:103)
	at app//tetris.FullGameTests.$anonfun$new$2(FullGameTests.scala:5744)
	at app//scala.runtime.java8.JFunction0$mcV$sp.apply(JFunction0$mcV$sp.scala:18)
	at app//infrastructure.TestBase.$anonfun$test$1(TestBase.scala:36)
	at app//org.scalatest.OutcomeOf.outcomeOf(OutcomeOf.scala:85)
	at app//org.scalatest.OutcomeOf.outcomeOf$(OutcomeOf.scala:83)
	at app//org.scalatest.OutcomeOf$.outcomeOf(OutcomeOf.scala:104)
	at app//org.scalatest.Transformer.apply(Transformer.scala:22)
	at app//org.scalatest.Transformer.apply(Transformer.scala:20)
	at app//org.scalatest.FunSuiteLike$$anon$1.apply(FunSuiteLike.scala:186)
	at app//org.scalatest.TestSuite.withFixture(TestSuite.scala:196)
	at app//org.scalatest.TestSuite.withFixture$(TestSuite.scala:195)
	at app//infrastructure.TestBase.org$scalatest$concurrent$TimeLimitedTests$$super$withFixture(TestBase.scala:9)
	at app//org.scalatest.concurrent.TimeLimitedTests.$anonfun$withFixture$3(TimeLimitedTests.scala:154)
	at app//org.scalatest.enablers.Timed$$anon$1.timeoutAfter(Timed.scala:127)
	at app//org.scalatest.concurrent.TimeLimits.failAfterImpl(TimeLimits.scala:239)
	at app//org.scalatest.concurrent.TimeLimits.failAfterImpl$(TimeLimits.scala:233)
	at app//org.scalatest.concurrent.TimeLimits$.failAfterImpl(TimeLimits.scala:305)
	at app//org.scalatest.concurrent.TimeLimitedTests.withFixture(TimeLimitedTests.scala:153)
	at app//org.scalatest.concurrent.TimeLimitedTests.withFixture$(TimeLimitedTests.scala:150)
	at app//infrastructure.TestBase.withFixture(TestBase.scala:9)
	at app//org.scalatest.FunSuiteLike.invokeWithFixture$1(FunSuiteLike.scala:184)
	at app//org.scalatest.FunSuiteLike.$anonfun$runTest$1(FunSuiteLike.scala:196)
	at app//org.scalatest.SuperEngine.runTestImpl(Engine.scala:286)
	at app//org.scalatest.FunSuiteLike.runTest(FunSuiteLike.scala:196)
	at app//org.scalatest.FunSuiteLike.runTest$(FunSuiteLike.scala:178)
	at app//org.scalatest.FunSuite.runTest(FunSuite.scala:1560)
	at app//org.scalatest.FunSuiteLike.$anonfun$runTests$1(FunSuiteLike.scala:229)
	at app//org.scalatest.SuperEngine.$anonfun$runTestsInBranch$1(Engine.scala:393)
	at app//scala.collection.immutable.List.foreach(List.scala:333)
	at app//org.scalatest.SuperEngine.traverseSubNodes$1(Engine.scala:381)
	at app//org.scalatest.SuperEngine.runTestsInBranch(Engine.scala:376)
	at app//org.scalatest.SuperEngine.runTestsImpl(Engine.scala:458)
	at app//org.scalatest.FunSuiteLike.runTests(FunSuiteLike.scala:229)
	at app//org.scalatest.FunSuiteLike.runTests$(FunSuiteLike.scala:228)
	at app//org.scalatest.FunSuite.runTests(FunSuite.scala:1560)
	at app//org.scalatest.Suite.run(Suite.scala:1124)
	at app//org.scalatest.Suite.run$(Suite.scala:1106)
	at app//org.scalatest.FunSuite.org$scalatest$FunSuiteLike$$super$run(FunSuite.scala:1560)
	at app//org.scalatest.FunSuiteLike.$anonfun$run$1(FunSuiteLike.scala:233)
	at app//org.scalatest.SuperEngine.runImpl(Engine.scala:518)
	at app//org.scalatest.FunSuiteLike.run(FunSuiteLike.scala:233)
	at app//org.scalatest.FunSuiteLike.run$(FunSuiteLike.scala:232)
	at app//infrastructure.TestBase.run(TestBase.scala:26)
	at app//org.scalatest.Suite.callExecuteOnSuite$1(Suite.scala:1187)
	at app//org.scalatest.Suite.$anonfun$runNestedSuites$1(Suite.scala:1234)
	at app//scala.collection.ArrayOps$.foreach$extension(ArrayOps.scala:1323)
	at app//org.scalatest.Suite.runNestedSuites(Suite.scala:1232)
	at app//org.scalatest.Suite.runNestedSuites$(Suite.scala:1166)
	at app//org.scalatest.Suites.runNestedSuites(Suites.scala:56)
	at app//org.scalatest.Suite.run(Suite.scala:1121)
	at app//org.scalatest.Suite.run$(Suite.scala:1106)
	at app//tetris.TetrisTestSuitesBase.runDirect(TetrisTestSuitesBase.scala:20)
	at app//tetris.TetrisTestSuitesBase.runWithScoreCounter(TetrisTestSuitesBase.scala:14)
	at app//tetris.TetrisTestSuite3_2.run(TetrisTestSuite3_2.scala:25)
	at app//org.scalatestplus.junit.JUnitRunner.run(JUnitRunner.scala:99)
	at org.gradle.api.internal.tasks.testing.junit.JUnitTestClassExecutor.runTestClass(JUnitTestClassExecutor.java:110)
	at org.gradle.api.internal.tasks.testing.junit.JUnitTestClassExecutor.execute(JUnitTestClassExecutor.java:58)
	at org.gradle.api.internal.tasks.testing.junit.JUnitTestClassExecutor.execute(JUnitTestClassExecutor.java:38)
	at org.gradle.api.internal.tasks.testing.junit.AbstractJUnitTestClassProcessor.processTestClass(AbstractJUnitTestClassProcessor.java:62)
	at org.gradle.api.internal.tasks.testing.SuiteTestClassProcessor.processTestClass(SuiteTestClassProcessor.java:51)
	at java.base@18.0.2.1/jdk.internal.reflect.DirectMethodHandleAccessor.invoke(DirectMethodHandleAccessor.java:104)
	at java.base@18.0.2.1/java.lang.reflect.Method.invoke(Method.java:577)
	at org.gradle.internal.dispatch.ReflectionDispatch.dispatch(ReflectionDispatch.java:36)
	at org.gradle.internal.dispatch.ReflectionDispatch.dispatch(ReflectionDispatch.java:24)
	at org.gradle.internal.dispatch.ContextClassLoaderDispatch.dispatch(ContextClassLoaderDispatch.java:33)
	at org.gradle.internal.dispatch.ProxyDispatchAdapter$DispatchingInvocationHandler.invoke(ProxyDispatchAdapter.java:94)
	at jdk.proxy1/jdk.proxy1.$Proxy2.processTestClass(Unknown Source)
	at org.gradle.api.internal.tasks.testing.worker.TestWorker$2.run(TestWorker.java:176)
	at org.gradle.api.internal.tasks.testing.worker.TestWorker.executeAndMaintainThreadName(TestWorker.java:129)
	at org.gradle.api.internal.tasks.testing.worker.TestWorker.execute(TestWorker.java:100)
	at org.gradle.api.internal.tasks.testing.worker.TestWorker.execute(TestWorker.java:60)
	at org.gradle.process.internal.worker.child.ActionExecutionWorker.execute(ActionExecutionWorker.java:56)
	at org.gradle.process.internal.worker.child.SystemApplicationClassLoaderWorker.call(SystemApplicationClassLoaderWorker.java:133)
	at org.gradle.process.internal.worker.child.SystemApplicationClassLoaderWorker.call(SystemApplicationClassLoaderWorker.java:71)
	at app//worker.org.gradle.process.internal.worker.GradleWorkerMain.run(GradleWorkerMain.java:69)
	at app//worker.org.gradle.process.internal.worker.GradleWorkerMain.main(GradleWorkerMain.java:74)
</failure>
  </testcase>
  <testcase name="testGame6x10" classname="tetris.FullGameTests" time="0.053">
    <failure message="org.scalatest.exceptions.TestFailedException: didPass was false&#10;--------------------------------------------------------------------------------&#10;This is what went wrong:&#10;&#10;step=0, rand=1, actions=&lt;&gt;&#10;Want   | Got ✓ &#10;---------------&#10;.J.... | .J....&#10;.JJJ.. | .JJJ..&#10;...... | ......&#10;...... | ......&#10;...... | ......&#10;...... | ......&#10;...... | ......&#10;...... | ......&#10;...... | ......&#10;...... | ......&#10;&#10;step=1, rand=1, actions=&lt;RotateRight&gt;&#10;Want   | Got ✓ &#10;---------------&#10;..JJ.. | ..JJ..&#10;..J... | ..J...&#10;..J... | ..J...&#10;...... | ......&#10;...... | ......&#10;...... | ......&#10;...... | ......&#10;...... | ......&#10;...... | ......&#10;...... | ......&#10;&#10;step=2, rand=1, actions=&lt;RotateRight&gt;&#10;Want   | Got ✓ &#10;---------------&#10;...... | ......&#10;.JJJ.. | .JJJ..&#10;...J.. | ...J..&#10;...... | ......&#10;...... | ......&#10;...... | ......&#10;...... | ......&#10;...... | ......&#10;...... | ......&#10;...... | ......&#10;&#10;step=3, rand=1, actions=&lt;RotateRight&gt;&#10;Want   | Got ✓ &#10;---------------&#10;..J... | ..J...&#10;..J... | ..J...&#10;.JJ... | .JJ...&#10;...... | ......&#10;...... | ......&#10;...... | ......&#10;...... | ......&#10;...... | ......&#10;...... | ......&#10;...... | ......&#10;&#10;step=4, rand=1, actions=&lt;Right&gt;&#10;Want   | Got ✓ &#10;---------------&#10;...J.. | ...J..&#10;...J.. | ...J..&#10;..JJ.. | ..JJ..&#10;...... | ......&#10;...... | ......&#10;...... | ......&#10;...... | ......&#10;...... | ......&#10;...... | ......&#10;...... | ......&#10;&#10;step=5, rand=1, actions=&lt;Right&gt;&#10;Want   | Got ✓ &#10;---------------&#10;....J. | ....J.&#10;....J. | ....J.&#10;...JJ. | ...JJ.&#10;...... | ......&#10;...... | ......&#10;...... | ......&#10;...... | ......&#10;...... | ......&#10;...... | ......&#10;...... | ......&#10;&#10;step=6, rand=1, actions=&lt;Down&gt;&#10;Want   | Got ✓ &#10;---------------&#10;...... | ......&#10;....J. | ....J.&#10;....J. | ....J.&#10;...JJ. | ...JJ.&#10;...... | ......&#10;...... | ......&#10;...... | ......&#10;...... | ......&#10;...... | ......&#10;...... | ......&#10;&#10;step=7, rand=1, actions=&lt;Down&gt;&#10;Want   | Got ✓ &#10;---------------&#10;...... | ......&#10;...... | ......&#10;....J. | ....J.&#10;....J. | ....J.&#10;...JJ. | ...JJ.&#10;...... | ......&#10;...... | ......&#10;...... | ......&#10;...... | ......&#10;...... | ......&#10;&#10;step=8, rand=1, actions=&lt;Down&gt;&#10;Want   | Got ✓ &#10;---------------&#10;...... | ......&#10;...... | ......&#10;...... | ......&#10;....J. | ....J.&#10;....J. | ....J.&#10;...JJ. | ...JJ.&#10;...... | ......&#10;...... | ......&#10;...... | ......&#10;...... | ......&#10;&#10;step=9, rand=1, actions=&lt;Down&gt;&#10;Want   | Got ✓ &#10;---------------&#10;...... | ......&#10;...... | ......&#10;...... | ......&#10;...... | ......&#10;....J. | ....J.&#10;....J. | ....J.&#10;...JJ. | ...JJ.&#10;...... | ......&#10;...... | ......&#10;...... | ......&#10;&#10;step=10, rand=1, actions=&lt;Down&gt;&#10;Want   | Got ✓ &#10;---------------&#10;...... | ......&#10;...... | ......&#10;...... | ......&#10;...... | ......&#10;...... | ......&#10;....J. | ....J.&#10;....J. | ....J.&#10;...JJ. | ...JJ.&#10;...... | ......&#10;...... | ......&#10;&#10;step=11, rand=1, actions=&lt;Down&gt;&#10;Want   | Got ✓ &#10;---------------&#10;...... | ......&#10;...... | ......&#10;...... | ......&#10;...... | ......&#10;...... | ......&#10;...... | ......&#10;....J. | ....J.&#10;....J. | ....J.&#10;...JJ. | ...JJ.&#10;...... | ......&#10;&#10;step=12, rand=1, actions=&lt;Down&gt;&#10;Want   | Got ✓ &#10;---------------&#10;...... | ......&#10;...... | ......&#10;...... | ......&#10;...... | ......&#10;...... | ......&#10;...... | ......&#10;...... | ......&#10;....J. | ....J.&#10;....J. | ....J.&#10;...JJ. | ...JJ.&#10;&#10;step=13, rand=4, actions=&lt;Down&gt;&#10;Want   | Got ✗ &#10;---------------&#10;..SS.. | ...SS.&#10;.SS... | ..SS..&#10;...... | ......&#10;...... | ......&#10;...... | ......&#10;...... | ......&#10;...... | ......&#10;....J. | ....J.&#10;....J. | ....J.&#10;...JJ. | ...JJ.&#10;&#10;step=14, rand=4, actions=&lt;Right&gt;&#10;Want   | Got ✗ &#10;---------------&#10;...SS. | ....SS&#10;..SS.. | ...SS.&#10;...... | ......&#10;...... | ......&#10;...... | ......&#10;...... | ......&#10;...... | ......&#10;....J. | ....J.&#10;....J. | ....J.&#10;...JJ. | ...JJ.&#10;&#10;step=15, rand=4, actions=&lt;Down&gt;&#10;Want   | Got ✗ &#10;---------------&#10;...... | ......&#10;...SS. | ....SS&#10;..SS.. | ...SS.&#10;...... | ......&#10;...... | ......&#10;...... | ......&#10;...... | ......&#10;....J. | ....J.&#10;....J. | ....J.&#10;...JJ. | ...JJ.&#10;&#10;step=16, rand=4, actions=&lt;Down&gt;&#10;Want   | Got ✗ &#10;---------------&#10;...... | ......&#10;...... | ......&#10;...SS. | ....SS&#10;..SS.. | ...SS.&#10;...... | ......&#10;...... | ......&#10;...... | ......&#10;....J. | ....J.&#10;....J. | ....J.&#10;...JJ. | ...JJ.&#10;&#10;step=17, rand=4, actions=&lt;Down&gt;&#10;Want   | Got ✗ &#10;---------------&#10;...... | ......&#10;...... | ......&#10;...... | ......&#10;...SS. | ....SS&#10;..SS.. | ...SS.&#10;...... | ......&#10;...... | ......&#10;....J. | ....J.&#10;....J. | ....J.&#10;...JJ. | ...JJ.&#10;&#10;step=18, rand=4, actions=&lt;Left&gt;&#10;Want   | Got ✗ &#10;---------------&#10;...... | ......&#10;...... | ......&#10;...... | ......&#10;..SS.. | ...SS.&#10;.SS... | ..SS..&#10;...... | ......&#10;...... | ......&#10;....J. | ....J.&#10;....J. | ....J.&#10;...JJ. | ...JJ.&#10;&#10;step=19, rand=4, actions=&lt;Down&gt;&#10;Want   | Got ✗ &#10;---------------&#10;...... | ......&#10;...... | ......&#10;...... | ......&#10;...... | ......&#10;..SS.. | ...SS.&#10;.SS... | ..SS..&#10;...... | ......&#10;....J. | ....J.&#10;....J. | ....J.&#10;...JJ. | ...JJ.&#10;&#10;step=20, rand=4, actions=&lt;Down&gt;&#10;Want   | Got ✗ &#10;---------------&#10;...... | ......&#10;...... | ......&#10;...... | ......&#10;...... | ......&#10;...... | ......&#10;..SS.. | ...SS.&#10;.SS... | ..SS..&#10;....J. | ....J.&#10;....J. | ....J.&#10;...JJ. | ...JJ.&#10;&#10;step=21, rand=4, actions=&lt;Down&gt;&#10;Want   | Got ✗ &#10;---------------&#10;...... | ......&#10;...... | ......&#10;...... | ......&#10;...... | ......&#10;...... | ......&#10;...... | ......&#10;..SS.. | ...SS.&#10;.SS.J. | ..SSJ.&#10;....J. | ....J.&#10;...JJ. | ...JJ.&#10;&#10;step=22, rand=4, actions=&lt;Down&gt;&#10;Want   | Got ✗ &#10;---------------&#10;...... | ...SS.&#10;...... | ..SS..&#10;...... | ......&#10;...... | ......&#10;...... | ......&#10;...... | ......&#10;...... | ...SS.&#10;..SSJ. | ..SSJ.&#10;.SS.J. | ....J.&#10;...JJ. | ...JJ.&#10;&#10;step=23, rand=4, actions=&lt;Down&gt;&#10;Want   | Got ✗ &#10;---------------&#10;...... | ......&#10;...... | ...SS.&#10;...... | ..SS..&#10;...... | ......&#10;...... | ......&#10;...... | ......&#10;...... | ...SS.&#10;....J. | ..SSJ.&#10;..SSJ. | ....J.&#10;.SSJJ. | ...JJ.&#10;&#10;step=24, rand=4, actions=&lt;RotateRight&gt;&#10;Want   | Got ✗ &#10;---------------&#10;...... | ......&#10;...... | ...S..&#10;...... | ...SS.&#10;...... | ....S.&#10;...... | ......&#10;...... | ......&#10;...... | ...SS.&#10;....J. | ..SSJ.&#10;..SSJ. | ....J.&#10;.SSJJ. | ...JJ.&#10;&#10;step=25, rand=1, actions=&lt;Down&gt;&#10;Want   | Got ✗ &#10;---------------&#10;.J.... | ......&#10;.JJJ.. | ......&#10;...... | ...S..&#10;...... | ...SS.&#10;...... | ....S.&#10;...... | ......&#10;...... | ...SS.&#10;....J. | ..SSJ.&#10;..SSJ. | ....J.&#10;.SSJJ. | ...JJ.&#10;&#10;step=26, rand=1, actions=&lt;RotateRight&gt;&#10;Want   | Got ✗ &#10;---------------&#10;..JJ.. | ......&#10;..J... | ......&#10;..J... | ......&#10;...... | ...SS.&#10;...... | ..SS..&#10;...... | ......&#10;...... | ...SS.&#10;....J. | ..SSJ.&#10;..SSJ. | ....J.&#10;.SSJJ. | ...JJ.&#10;&#10;step=27, rand=1, actions=&lt;RotateRight&gt;&#10;Want   | Got ✗ &#10;---------------&#10;...... | ......&#10;.JJJ.. | ......&#10;...J.. | ..S...&#10;...... | ..SS..&#10;...... | ...S..&#10;...... | ......&#10;...... | ...SS.&#10;....J. | ..SSJ.&#10;..SSJ. | ....J.&#10;.SSJJ. | ...JJ.&#10;&#10;step=28, rand=1, actions=&lt;RotateRight&gt;&#10;Want   | Got ✗ &#10;---------------&#10;..J... | ......&#10;..J... | ......&#10;.JJ... | ...SS.&#10;...... | ..SS..&#10;...... | ......&#10;...... | ......&#10;...... | ...SS.&#10;....J. | ..SSJ.&#10;..SSJ. | ....J.&#10;.SSJJ. | ...JJ.&#10;&#10;step=29, rand=1, actions=&lt;Right&gt;&#10;Want   | Got ✗ &#10;---------------&#10;...J.. | ......&#10;...J.. | ......&#10;..JJ.. | ....SS&#10;...... | ...SS.&#10;...... | ......&#10;...... | ......&#10;...... | ...SS.&#10;....J. | ..SSJ.&#10;..SSJ. | ....J.&#10;.SSJJ. | ...JJ.&#10;&#10;step=30, rand=1, actions=&lt;Down&gt;&#10;Want   | Got ✗ &#10;---------------&#10;...... | ......&#10;...J.. | ......&#10;...J.. | ......&#10;..JJ.. | ....SS&#10;...... | ...SS.&#10;...... | ......&#10;...... | ...SS.&#10;....J. | ..SSJ.&#10;..SSJ. | ....J.&#10;.SSJJ. | ...JJ.&#10;&#10;step=31, rand=1, actions=&lt;Down&gt;&#10;Want   | Got ✗ &#10;---------------&#10;...... | ......&#10;...... | ......&#10;...J.. | ......&#10;...J.. | ......&#10;..JJ.. | ....SS&#10;...... | ...SS.&#10;...... | ...SS.&#10;....J. | ..SSJ.&#10;..SSJ. | ....J.&#10;.SSJJ. | ...JJ.&#10;&#10;step=32, rand=1, actions=&lt;Down&gt;&#10;Want   | Got ✗ &#10;---------------&#10;...... | ..J...&#10;...... | ..JJJ.&#10;...... | ......&#10;...J.. | ......&#10;...J.. | ....SS&#10;..JJ.. | ...SS.&#10;...... | ...SS.&#10;....J. | ..SSJ.&#10;..SSJ. | ....J.&#10;.SSJJ. | ...JJ.&#10;&#10;step=33, rand=1, actions=&lt;Down&gt;&#10;Want   | Got ✗ &#10;---------------&#10;...... | ......&#10;...... | ..J...&#10;...... | ..JJJ.&#10;...... | ......&#10;...J.. | ....SS&#10;...J.. | ...SS.&#10;..JJ.. | ...SS.&#10;....J. | ..SSJ.&#10;..SSJ. | ....J.&#10;.SSJJ. | ...JJ.&#10;&#10;step=34, rand=1, actions=&lt;Down&gt;&#10;Want   | Got ✗ &#10;---------------&#10;...... | ......&#10;...... | ......&#10;...... | ..J...&#10;...... | ..JJJ.&#10;...... | ....SS&#10;...J.. | ...SS.&#10;...J.. | ...SS.&#10;..JJJ. | ..SSJ.&#10;..SSJ. | ....J.&#10;.SSJJ. | ...JJ.&#10;&#10;step=35, rand=1, actions=&lt;Down&gt;&#10;Want   | Got ✗ &#10;---------------&#10;.J.... | ..J...&#10;.JJJ.. | ..JJJ.&#10;...... | ..J...&#10;...... | ..JJJ.&#10;...... | ....SS&#10;...J.. | ...SS.&#10;...J.. | ...SS.&#10;..JJJ. | ..SSJ.&#10;..SSJ. | ....J.&#10;.SSJJ. | ...JJ.&#10;&#10;step=36, rand=1, actions=&lt;RotateRight&gt;&#10;Want   | Got ✗ &#10;---------------&#10;..JJ.. | ...JJ.&#10;..J... | ...J..&#10;..J... | ..JJ..&#10;...... | ..JJJ.&#10;...... | ....SS&#10;...J.. | ...SS.&#10;...J.. | ...SS.&#10;..JJJ. | ..SSJ.&#10;..SSJ. | ....J.&#10;.SSJJ. | ...JJ.&#10;&#10;step=37, rand=1, actions=&lt;Down&gt;&#10;Want   | Got ✗ &#10;---------------&#10;...... | ..JJJ.&#10;..JJ.. | ..JJJ.&#10;..J... | ..JJ..&#10;..J... | ..JJJ.&#10;...... | ....SS&#10;...J.. | ...SS.&#10;...J.. | ...SS.&#10;..JJJ. | ..SSJ.&#10;..SSJ. | ....J.&#10;.SSJJ. | ...JJ.&#10;&#10;step=38, rand=1, actions=&lt;Down&gt;&#10;Want   | Got ✗ &#10;---------------&#10;...... | ..JJJ.&#10;...... | ..JJJ.&#10;..JJ.. | ..JJ..&#10;..J... | ..JJJ.&#10;..J... | ....SS&#10;...J.. | ...SS.&#10;...J.. | ...SS.&#10;..JJJ. | ..SSJ.&#10;..SSJ. | ....J.&#10;.SSJJ. | ...JJ.&#10;&#10;step=39, rand=1, actions=&lt;Down&gt;&#10;Want   | Got ✗ &#10;---------------&#10;...... | ..JJJ.&#10;...... | ..JJJ.&#10;...... | ..JJ..&#10;..JJ.. | ..JJJ.&#10;..J... | ....SS&#10;..JJ.. | ...SS.&#10;...J.. | ...SS.&#10;..JJJ. | ..SSJ.&#10;..SSJ. | ....J.&#10;.SSJJ. | ...JJ.&#10;&#10;step=40, rand=1, actions=&lt;Down&gt;&#10;Want   | Got ✗ &#10;---------------&#10;...... | ..JJJ.&#10;...... | ..JJJ.&#10;...... | ..JJ..&#10;...... | ..JJJ.&#10;..JJ.. | ....SS&#10;..JJ.. | ...SS.&#10;..JJ.. | ...SS.&#10;..JJJ. | ..SSJ.&#10;..SSJ. | ....J.&#10;.SSJJ. | ...JJ.&#10;&#10;step=41, rand=5, actions=&lt;Down&gt;&#10;Want   | Got ✗ &#10;---------------&#10;..T... | ..JTJ.&#10;.TTT.. | ..TTT.&#10;...... | ..JJ..&#10;...... | ..JJJ.&#10;..JJ.. | ....SS&#10;..JJ.. | ...SS.&#10;..JJ.. | ...SS.&#10;..JJJ. | ..SSJ.&#10;..SSJ. | ....J.&#10;.SSJJ. | ...JJ.&#10;&#10;step=42, rand=5, actions=&lt;RotateRight&gt;&#10;Want   | Got ✗ &#10;---------------&#10;..T... | ..JTJ.&#10;..TT.. | ..TTT.&#10;..T... | ..JJ..&#10;...... | ..JJJ.&#10;..JJ.. | ....SS&#10;..JJ.. | ...SS.&#10;..JJ.. | ...SS.&#10;..JJJ. | ..SSJ.&#10;..SSJ. | ....J.&#10;.SSJJ. | ...JJ.&#10;&#10;step=43, rand=5, actions=&lt;Left&gt;&#10;Want   | Got ✗ &#10;---------------&#10;.T.... | ..JTJ.&#10;.TT... | ..TTT.&#10;.T.... | ..JJ..&#10;...... | ..JJJ.&#10;..JJ.. | ....SS&#10;..JJ.. | ...SS.&#10;..JJ.. | ...SS.&#10;..JJJ. | ..SSJ.&#10;..SSJ. | ....J.&#10;.SSJJ. | ...JJ.&#10;&#10;step=44, rand=5, actions=&lt;Left&gt;&#10;Want   | Got ✗ &#10;---------------&#10;T..... | ..JTJ.&#10;TT.... | ..TTT.&#10;T..... | ..JJ..&#10;...... | ..JJJ.&#10;..JJ.. | ....SS&#10;..JJ.. | ...SS.&#10;..JJ.. | ...SS.&#10;..JJJ. | ..SSJ.&#10;..SSJ. | ....J.&#10;.SSJJ. | ...JJ.&#10;&#10;step=45, rand=5, actions=&lt;Down&gt;&#10;Want   | Got ✗ &#10;---------------&#10;...... | ..JTJ.&#10;T..... | ..TTT.&#10;TT.... | ..JJ..&#10;T..... | ..JJJ.&#10;..JJ.. | ....SS&#10;..JJ.. | ...SS.&#10;..JJ.. | ...SS.&#10;..JJJ. | ..SSJ.&#10;..SSJ. | ....J.&#10;.SSJJ. | ...JJ.&#10;&#10;step=46, rand=5, actions=&lt;Down&gt;&#10;Want   | Got ✗ &#10;---------------&#10;...... | ..JTJ.&#10;...... | ..TTT.&#10;T..... | ..JJ..&#10;TT.... | ..JJJ.&#10;T.JJ.. | ....SS&#10;..JJ.. | ...SS.&#10;..JJ.. | ...SS.&#10;..JJJ. | ..SSJ.&#10;..SSJ. | ....J.&#10;.SSJJ. | ...JJ.&#10;&#10;step=47, rand=5, actions=&lt;Down&gt;&#10;Want   | Got ✗ &#10;---------------&#10;...... | ..JTJ.&#10;...... | ..TTT.&#10;...... | ..JJ..&#10;T..... | ..JJJ.&#10;TTJJ.. | ....SS&#10;T.JJ.. | ...SS.&#10;..JJ.. | ...SS.&#10;..JJJ. | ..SSJ.&#10;..SSJ. | ....J.&#10;.SSJJ. | ...JJ.&#10;&#10;step=48, rand=5, actions=&lt;Down&gt;&#10;Want   | Got ✗ &#10;---------------&#10;...... | ..JTJ.&#10;...... | ..TTT.&#10;...... | ..JJ..&#10;...... | ..JJJ.&#10;T.JJ.. | ....SS&#10;TTJJ.. | ...SS.&#10;T.JJ.. | ...SS.&#10;..JJJ. | ..SSJ.&#10;..SSJ. | ....J.&#10;.SSJJ. | ...JJ.&#10;&#10;step=49, rand=5, actions=&lt;Down&gt;&#10;Want   | Got ✗ &#10;---------------&#10;...... | ..JTJ.&#10;...... | ..TTT.&#10;...... | ..JJ..&#10;...... | ..JJJ.&#10;..JJ.. | ....SS&#10;T.JJ.. | ...SS.&#10;TTJJ.. | ...SS.&#10;T.JJJ. | ..SSJ.&#10;..SSJ. | ....J.&#10;.SSJJ. | ...JJ.&#10;&#10;step=50, rand=5, actions=&lt;Down&gt;&#10;Want   | Got ✗ &#10;---------------&#10;...... | ..JTJ.&#10;...... | ..TTT.&#10;...... | ..JJ..&#10;...... | ..JJJ.&#10;..JJ.. | ....SS&#10;..JJ.. | ...SS.&#10;T.JJ.. | ...SS.&#10;TTJJJ. | ..SSJ.&#10;T.SSJ. | ....J.&#10;.SSJJ. | ...JJ.&#10;&#10;step=51, rand=5, actions=&lt;Down&gt;&#10;Want   | Got ✗ &#10;---------------&#10;...... | ..JTJ.&#10;...... | ..TTT.&#10;...... | ..JJ..&#10;...... | ..JJJ.&#10;..JJ.. | ....SS&#10;..JJ.. | ...SS.&#10;..JJ.. | ...SS.&#10;T.JJJ. | ..SSJ.&#10;TTSSJ. | ....J.&#10;TSSJJ. | ...JJ.&#10;&#10;step=52, rand=5, actions=&lt;Left&gt;&#10;Want   | Got ✗ &#10;---------------&#10;...... | ..JTJ.&#10;...... | ..TTT.&#10;...... | ..JJ..&#10;...... | ..JJJ.&#10;..JJ.. | ....SS&#10;..JJ.. | ...SS.&#10;..JJ.. | ...SS.&#10;T.JJJ. | ..SSJ.&#10;TTSSJ. | ....J.&#10;TSSJJ. | ...JJ.&#10;&#10;step=53, rand=3, actions=&lt;Down&gt;&#10;Want   | Got ✗ &#10;---------------&#10;..OO.. | ..JOO.&#10;..OO.. | ..TOO.&#10;...... | ..JJ..&#10;...... | ..JJJ.&#10;..JJ.. | ....SS&#10;..JJ.. | ...SS.&#10;..JJ.. | ...SS.&#10;T.JJJ. | ..SSJ.&#10;TTSSJ. | ....J.&#10;TSSJJ. | ...JJ.&#10;&#10;step=54, rand=3, actions=&lt;Left&gt;&#10;Want   | Got ✗ &#10;---------------&#10;.OO... | ..JOO.&#10;.OO... | ..TOO.&#10;...... | ..JJ..&#10;...... | ..JJJ.&#10;..JJ.. | ....SS&#10;..JJ.. | ...SS.&#10;..JJ.. | ...SS.&#10;T.JJJ. | ..SSJ.&#10;TTSSJ. | ....J.&#10;TSSJJ. | ...JJ.&#10;&#10;step=55, rand=3, actions=&lt;Left&gt;&#10;Want   | Got ✗ &#10;---------------&#10;OO.... | ..JOO.&#10;OO.... | ..TOO.&#10;...... | ..JJ..&#10;...... | ..JJJ.&#10;..JJ.. | ....SS&#10;..JJ.. | ...SS.&#10;..JJ.. | ...SS.&#10;T.JJJ. | ..SSJ.&#10;TTSSJ. | ....J.&#10;TSSJJ. | ...JJ.&#10;&#10;step=56, rand=3, actions=&lt;Down&gt;&#10;Want   | Got ✗ &#10;---------------&#10;...... | ..JOO.&#10;OO.... | ..TOO.&#10;OO.... | ..JJ..&#10;...... | ..JJJ.&#10;..JJ.. | ....SS&#10;..JJ.. | ...SS.&#10;..JJ.. | ...SS.&#10;T.JJJ. | ..SSJ.&#10;TTSSJ. | ....J.&#10;TSSJJ. | ...JJ.&#10;&#10;step=57, rand=3, actions=&lt;Down&gt;&#10;Want   | Got ✗ &#10;---------------&#10;...... | ..JOO.&#10;...... | ..TOO.&#10;OO.... | ..JJ..&#10;OO.... | ..JJJ.&#10;..JJ.. | ....SS&#10;..JJ.. | ...SS.&#10;..JJ.. | ...SS.&#10;T.JJJ. | ..SSJ.&#10;TTSSJ. | ....J.&#10;TSSJJ. | ...JJ.&#10;&#10;step=58, rand=3, actions=&lt;Down&gt;&#10;Want   | Got ✗ &#10;---------------&#10;...... | ..JOO.&#10;...... | ..TOO.&#10;...... | ..JJ..&#10;OO.... | ..JJJ.&#10;OOJJ.. | ....SS&#10;..JJ.. | ...SS.&#10;..JJ.. | ...SS.&#10;T.JJJ. | ..SSJ.&#10;TTSSJ. | ....J.&#10;TSSJJ. | ...JJ.&#10;&#10;step=59, rand=3, actions=&lt;Down&gt;&#10;Want   | Got ✗ &#10;---------------&#10;...... | ..JOO.&#10;...... | ..TOO.&#10;...... | ..JJ..&#10;...... | ..JJJ.&#10;OOJJ.. | ....SS&#10;OOJJ.. | ...SS.&#10;..JJ.. | ...SS.&#10;T.JJJ. | ..SSJ.&#10;TTSSJ. | ....J.&#10;TSSJJ. | ...JJ.&#10;&#10;step=60, rand=3, actions=&lt;Down&gt;&#10;Want   | Got ✗ &#10;---------------&#10;...... | ..JOO.&#10;...... | ..TOO.&#10;...... | ..JJ..&#10;...... | ..JJJ.&#10;..JJ.. | ....SS&#10;OOJJ.. | ...SS.&#10;OOJJ.. | ...SS.&#10;T.JJJ. | ..SSJ.&#10;TTSSJ. | ....J.&#10;TSSJJ. | ...JJ.&#10;&#10;step=61, rand=1, actions=&lt;Down&gt;&#10;Want   | Got ✗ &#10;---------------&#10;.J.... | ..JOO.&#10;.JJJ.. | ..JJJ.&#10;...... | ..JJ..&#10;...... | ..JJJ.&#10;..JJ.. | ....SS&#10;OOJJ.. | ...SS.&#10;OOJJ.. | ...SS.&#10;T.JJJ. | ..SSJ.&#10;TTSSJ. | ....J.&#10;TSSJJ. | ...JJ.&#10;&#10;step=62, rand=1, actions=&lt;RotateRight&gt;&#10;Want   | Got ✗ &#10;---------------&#10;..JJ.. | ..JOO.&#10;..J... | ..JJJ.&#10;..J... | ..JJ..&#10;...... | ..JJJ.&#10;..JJ.. | ....SS&#10;OOJJ.. | ...SS.&#10;OOJJ.. | ...SS.&#10;T.JJJ. | ..SSJ.&#10;TTSSJ. | ....J.&#10;TSSJJ. | ...JJ.&#10;&#10;step=63, rand=1, actions=&lt;RotateRight&gt;&#10;Want   | Got ✗ &#10;---------------&#10;...... | ..JOO.&#10;.JJJ.. | ..JJJ.&#10;...J.. | ..JJ..&#10;...... | ..JJJ.&#10;..JJ.. | ....SS&#10;OOJJ.. | ...SS.&#10;OOJJ.. | ...SS.&#10;T.JJJ. | ..SSJ.&#10;TTSSJ. | ....J.&#10;TSSJJ. | ...JJ.&#10;&#10;step=64, rand=1, actions=&lt;RotateRight&gt;&#10;Want   | Got ✗ &#10;---------------&#10;..J... | ..JOO.&#10;..J... | ..JJJ.&#10;.JJ... | ..JJ..&#10;...... | ..JJJ.&#10;..JJ.. | ....SS&#10;OOJJ.. | ...SS.&#10;OOJJ.. | ...SS.&#10;T.JJJ. | ..SSJ.&#10;TTSSJ. | ....J.&#10;TSSJJ. | ...JJ.&#10;&#10;step=65, rand=1, actions=&lt;Left&gt;&#10;Want   | Got ✗ &#10;---------------&#10;.J.... | ..JOO.&#10;.J.... | ..JJJ.&#10;JJ.... | ..JJ..&#10;...... | ..JJJ.&#10;..JJ.. | ....SS&#10;OOJJ.. | ...SS.&#10;OOJJ.. | ...SS.&#10;T.JJJ. | ..SSJ.&#10;TTSSJ. | ....J.&#10;TSSJJ. | ...JJ.&#10;&#10;step=66, rand=1, actions=&lt;Down&gt;&#10;Want   | Got ✗ &#10;---------------&#10;...... | ..JOO.&#10;.J.... | ..JJJ.&#10;.J.... | ..JJ..&#10;JJ.... | ..JJJ.&#10;..JJ.. | ....SS&#10;OOJJ.. | ...SS.&#10;OOJJ.. | ...SS.&#10;T.JJJ. | ..SSJ.&#10;TTSSJ. | ....J.&#10;TSSJJ. | ...JJ.&#10;&#10;step=67, rand=1, actions=&lt;Down&gt;&#10;Want   | Got ✗ &#10;---------------&#10;...... | ..JOO.&#10;...... | ..JJJ.&#10;.J.... | ..JJ..&#10;.J.... | ..JJJ.&#10;JJJJ.. | ....SS&#10;OOJJ.. | ...SS.&#10;OOJJ.. | ...SS.&#10;T.JJJ. | ..SSJ.&#10;TTSSJ. | ....J.&#10;TSSJJ. | ...JJ.&#10;&#10;step=68, rand=1, actions=&lt;Down&gt;&#10;Want   | Got ✗ &#10;---------------&#10;.J.... | ..JOO.&#10;.JJJ.. | ..JJJ.&#10;.J.... | ..JJ..&#10;.J.... | ..JJJ.&#10;JJJJ.. | ....SS&#10;OOJJ.. | ...SS.&#10;OOJJ.. | ...SS.&#10;T.JJJ. | ..SSJ.&#10;TTSSJ. | ....J.&#10;TSSJJ. | ...JJ.&#10;&#10;step=69, rand=1, actions=&lt;RotateRight&gt;&#10;Want   | Got ✗ &#10;---------------&#10;..JJ.. | ..JOO.&#10;..J... | ..JJJ.&#10;.JJ... | ..JJ..&#10;.J.... | ..JJJ.&#10;JJJJ.. | ....SS&#10;OOJJ.. | ...SS.&#10;OOJJ.. | ...SS.&#10;T.JJJ. | ..SSJ.&#10;TTSSJ. | ....J.&#10;TSSJJ. | ...JJ.&#10;&#10;step=70, rand=1, actions=&lt;RotateRight&gt;&#10;Want   | Got ✗ &#10;---------------&#10;...... | ..JOO.&#10;.JJJ.. | ..JJJ.&#10;.J.J.. | ..JJ..&#10;.J.... | ..JJJ.&#10;JJJJ.. | ....SS&#10;OOJJ.. | ...SS.&#10;OOJJ.. | ...SS.&#10;T.JJJ. | ..SSJ.&#10;TTSSJ. | ....J.&#10;TSSJJ. | ...JJ.&#10;&#10;step=71, rand=1, actions=&lt;RotateRight&gt;&#10;Want   | Got ✗ &#10;---------------&#10;...... | ..JOO.&#10;.JJJ.. | ..JJJ.&#10;.J.J.. | ..JJ..&#10;.J.... | ..JJJ.&#10;JJJJ.. | ....SS&#10;OOJJ.. | ...SS.&#10;OOJJ.. | ...SS.&#10;T.JJJ. | ..SSJ.&#10;TTSSJ. | ....J.&#10;TSSJJ. | ...JJ.&#10;&#10;step=72, rand=1, actions=&lt;Right&gt;&#10;Want   | Got ✗ &#10;---------------&#10;...... | ..JOO.&#10;..JJJ. | ..JJJ.&#10;.J..J. | ..JJ..&#10;.J.... | ..JJJ.&#10;JJJJ.. | ....SS&#10;OOJJ.. | ...SS.&#10;OOJJ.. | ...SS.&#10;T.JJJ. | ..SSJ.&#10;TTSSJ. | ....J.&#10;TSSJJ. | ...JJ.&#10;&#10;step=73, rand=1, actions=&lt;RotateRight&gt;&#10;Want   | Got ✗ &#10;---------------&#10;...J.. | ..JOO.&#10;...J.. | ..JJJ.&#10;.JJJ.. | ..JJ..&#10;.J.... | ..JJJ.&#10;JJJJ.. | ....SS&#10;OOJJ.. | ...SS.&#10;OOJJ.. | ...SS.&#10;T.JJJ. | ..SSJ.&#10;TTSSJ. | ....J.&#10;TSSJJ. | ...JJ.&#10;&#10;step=74, rand=1, actions=&lt;Right&gt;&#10;Want   | Got ✗ &#10;---------------&#10;....J. | ..JOO.&#10;....J. | ..JJJ.&#10;.J.JJ. | ..JJ..&#10;.J.... | ..JJJ.&#10;JJJJ.. | ....SS&#10;OOJJ.. | ...SS.&#10;OOJJ.. | ...SS.&#10;T.JJJ. | ..SSJ.&#10;TTSSJ. | ....J.&#10;TSSJJ. | ...JJ.&#10;&#10;step=75, rand=1, actions=&lt;Right&gt;&#10;Want   | Got ✗ &#10;---------------&#10;.....J | ..JOO.&#10;.....J | ..JJJ.&#10;.J..JJ | ..JJ..&#10;.J.... | ..JJJ.&#10;JJJJ.. | ....SS&#10;OOJJ.. | ...SS.&#10;OOJJ.. | ...SS.&#10;T.JJJ. | ..SSJ.&#10;TTSSJ. | ....J.&#10;TSSJJ. | ...JJ.&#10;&#10;step=76, rand=1, actions=&lt;Down&gt;&#10;Want   | Got ✗ &#10;---------------&#10;...... | ..JOO.&#10;.....J | ..JJJ.&#10;.J...J | ..JJ..&#10;.J..JJ | ..JJJ.&#10;JJJJ.. | ....SS&#10;OOJJ.. | ...SS.&#10;OOJJ.. | ...SS.&#10;T.JJJ. | ..SSJ.&#10;TTSSJ. | ....J.&#10;TSSJJ. | ...JJ.&#10;&#10;step=77, rand=1, actions=&lt;Down&gt;&#10;Want   | Got ✗ &#10;---------------&#10;...... | ..JOO.&#10;...... | ..JJJ.&#10;.J...J | ..JJ..&#10;.J...J | ..JJJ.&#10;JJJJJJ | ....SS&#10;OOJJ.. | ...SS.&#10;OOJJ.. | ...SS.&#10;T.JJJ. | ..SSJ.&#10;TTSSJ. | ....J.&#10;TSSJJ. | ...JJ.&#10;&#10;step=78, rand=1, actions=&lt;Down&gt;&#10;Want   | Got ✗ &#10;---------------&#10;...... | ..JOO.&#10;...... | ..JJJ.&#10;.J.... | ..JJ..&#10;.J...J | ..JJJ.&#10;JJJJ.J | ....SS&#10;OOJJJJ | ...SS.&#10;OOJJ.. | ...SS.&#10;T.JJJ. | ..SSJ.&#10;TTSSJ. | ....J.&#10;TSSJJ. | ...JJ.&#10;&#10;step=79, rand=1, actions=&lt;Down&gt;&#10;Want   | Got ✗ &#10;---------------&#10;...... | ..JOO.&#10;...... | ..JJJ.&#10;.J.... | ..JJ..&#10;.J.... | ..JJJ.&#10;JJJJ.J | ....SS&#10;OOJJ.J | ...SS.&#10;OOJJJJ | ...SS.&#10;T.JJJ. | ..SSJ.&#10;TTSSJ. | ....J.&#10;TSSJJ. | ...JJ.&#10;&#10;step=80, rand=5, actions=&lt;Down&gt;&#10;Want   | Got ✗ &#10;---------------&#10;..T... | ..JTO.&#10;.TTT.. | ..TTT.&#10;...... | ..JJ..&#10;.J.... | ..JJJ.&#10;.J.... | ....SS&#10;JJJJ.J | ...SS.&#10;OOJJ.J | ...SS.&#10;T.JJJ. | ..SSJ.&#10;TTSSJ. | ....J.&#10;TSSJJ. | ...JJ.&#10;&#10;step=81, rand=5, actions=&lt;Right&gt;&#10;Want   | Got ✗ &#10;---------------&#10;...T.. | ..JTO.&#10;..TTT. | ..TTT.&#10;...... | ..JJ..&#10;.J.... | ..JJJ.&#10;.J.... | ....SS&#10;JJJJ.J | ...SS.&#10;OOJJ.J | ...SS.&#10;T.JJJ. | ..SSJ.&#10;TTSSJ. | ....J.&#10;TSSJJ. | ...JJ.&#10;&#10;step=82, rand=5, actions=&lt;RotateRight&gt;&#10;Want   | Got ✗ &#10;---------------&#10;...T.. | ..JTO.&#10;...TT. | ..TTT.&#10;...T.. | ..JJ..&#10;.J.... | ..JJJ.&#10;.J.... | ....SS&#10;JJJJ.J | ...SS.&#10;OOJJ.J | ...SS.&#10;T.JJJ. | ..SSJ.&#10;TTSSJ. | ....J.&#10;TSSJJ. | ...JJ.&#10;&#10;step=83, rand=5, actions=&lt;RotateRight&gt;&#10;Want   | Got ✗ &#10;---------------&#10;...... | ..JTO.&#10;..TTT. | ..TTT.&#10;...T.. | ..JJ..&#10;.J.... | ..JJJ.&#10;.J.... | ....SS&#10;JJJJ.J | ...SS.&#10;OOJJ.J | ...SS.&#10;T.JJJ. | ..SSJ.&#10;TTSSJ. | ....J.&#10;TSSJJ. | ...JJ.&#10;&#10;step=84, rand=5, actions=&lt;Right&gt;&#10;Want   | Got ✗ &#10;---------------&#10;...... | ..JTO.&#10;...TTT | ..TTT.&#10;....T. | ..JJ..&#10;.J.... | ..JJJ.&#10;.J.... | ....SS&#10;JJJJ.J | ...SS.&#10;OOJJ.J | ...SS.&#10;T.JJJ. | ..SSJ.&#10;TTSSJ. | ....J.&#10;TSSJJ. | ...JJ.&#10;&#10;step=85, rand=5, actions=&lt;Down&gt;&#10;Want   | Got ✗ &#10;---------------&#10;...... | ..JTO.&#10;...... | ..TTT.&#10;...TTT | ..JJ..&#10;.J..T. | ..JJJ.&#10;.J.... | ....SS&#10;JJJJ.J | ...SS.&#10;OOJJ.J | ...SS.&#10;T.JJJ. | ..SSJ.&#10;TTSSJ. | ....J.&#10;TSSJJ. | ...JJ.&#10;&#10;step=86, rand=5, actions=&lt;Down&gt;&#10;Want   | Got ✗ &#10;---------------&#10;...... | ..JTO.&#10;...... | ..TTT.&#10;...... | ..JJ..&#10;.J.TTT | ..JJJ.&#10;.J..T. | ....SS&#10;JJJJ.J | ...SS.&#10;OOJJ.J | ...SS.&#10;T.JJJ. | ..SSJ.&#10;TTSSJ. | ....J.&#10;TSSJJ. | ...JJ.&#10;&#10;step=87, rand=5, actions=&lt;Down&gt;&#10;Want   | Got ✗ &#10;---------------&#10;...... | ..JTO.&#10;...... | ..TTT.&#10;...... | ..JJ..&#10;.J.... | ..JJJ.&#10;.J.TTT | ....SS&#10;JJJJTJ | ...SS.&#10;OOJJ.J | ...SS.&#10;T.JJJ. | ..SSJ.&#10;TTSSJ. | ....J.&#10;TSSJJ. | ...JJ.&#10;&#10;step=88, rand=3, actions=&lt;Down&gt;&#10;Want   | Got ✗ &#10;---------------&#10;..OO.. | ..JOO.&#10;..OO.. | ..TOO.&#10;...... | ..JJ..&#10;...... | ..JJJ.&#10;.J.... | ....SS&#10;.J.TTT | ...SS.&#10;OOJJ.J | ...SS.&#10;T.JJJ. | ..SSJ.&#10;TTSSJ. | ....J.&#10;TSSJJ. | ...JJ.&#10;&#10;step=89, rand=3, actions=&lt;Right&gt;&#10;Want   | Got ✗ &#10;---------------&#10;...OO. | ..JOO.&#10;...OO. | ..TOO.&#10;...... | ..JJ..&#10;...... | ..JJJ.&#10;.J.... | ....SS&#10;.J.TTT | ...SS.&#10;OOJJ.J | ...SS.&#10;T.JJJ. | ..SSJ.&#10;TTSSJ. | ....J.&#10;TSSJJ. | ...JJ.&#10;&#10;step=90, rand=3, actions=&lt;Right&gt;&#10;Want   | Got ✗ &#10;---------------&#10;....OO | ..JOO.&#10;....OO | ..TOO.&#10;...... | ..JJ..&#10;...... | ..JJJ.&#10;.J.... | ....SS&#10;.J.TTT | ...SS.&#10;OOJJ.J | ...SS.&#10;T.JJJ. | ..SSJ.&#10;TTSSJ. | ....J.&#10;TSSJJ. | ...JJ.&#10;&#10;step=91, rand=3, actions=&lt;Left&gt;&#10;Want   | Got ✗ &#10;---------------&#10;...OO. | ..JOO.&#10;...OO. | ..TOO.&#10;...... | ..JJ..&#10;...... | ..JJJ.&#10;.J.... | ....SS&#10;.J.TTT | ...SS.&#10;OOJJ.J | ...SS.&#10;T.JJJ. | ..SSJ.&#10;TTSSJ. | ....J.&#10;TSSJJ. | ...JJ.&#10;&#10;step=92, rand=3, actions=&lt;Down&gt;&#10;Want   | Got ✗ &#10;---------------&#10;...... | ..JOO.&#10;...OO. | ..TOO.&#10;...OO. | ..JJ..&#10;...... | ..JJJ.&#10;.J.... | ....SS&#10;.J.TTT | ...SS.&#10;OOJJ.J | ...SS.&#10;T.JJJ. | ..SSJ.&#10;TTSSJ. | ....J.&#10;TSSJJ. | ...JJ.&#10;&#10;step=93, rand=3, actions=&lt;Right&gt;&#10;Want   | Got ✗ &#10;---------------&#10;...... | ..JOO.&#10;....OO | ..TOO.&#10;....OO | ..JJ..&#10;...... | ..JJJ.&#10;.J.... | ....SS&#10;.J.TTT | ...SS.&#10;OOJJ.J | ...SS.&#10;T.JJJ. | ..SSJ.&#10;TTSSJ. | ....J.&#10;TSSJJ. | ...JJ.&#10;&#10;step=94, rand=3, actions=&lt;Down&gt;&#10;Want   | Got ✗ &#10;---------------&#10;...... | ..JOO.&#10;...... | ..TOO.&#10;....OO | ..JJ..&#10;....OO | ..JJJ.&#10;.J.... | ....SS&#10;.J.TTT | ...SS.&#10;OOJJ.J | ...SS.&#10;T.JJJ. | ..SSJ.&#10;TTSSJ. | ....J.&#10;TSSJJ. | ...JJ.&#10;&#10;step=95, rand=3, actions=&lt;Down&gt;&#10;Want   | Got ✗ &#10;---------------&#10;...... | ..JOO.&#10;...... | ..TOO.&#10;...... | ..JJ..&#10;....OO | ..JJJ.&#10;.J..OO | ....SS&#10;.J.TTT | ...SS.&#10;OOJJ.J | ...SS.&#10;T.JJJ. | ..SSJ.&#10;TTSSJ. | ....J.&#10;TSSJJ. | ...JJ.&#10;&#10;step=96, rand=4, actions=&lt;Down&gt;&#10;Want   | Got ✗ &#10;---------------&#10;..SS.. | ..JSS.&#10;.SS... | ..SSO.&#10;...... | ..JJ..&#10;....OO | ..JJJ.&#10;.J..OO | ....SS&#10;.J.TTT | ...SS.&#10;OOJJ.J | ...SS.&#10;T.JJJ. | ..SSJ.&#10;TTSSJ. | ....J.&#10;TSSJJ. | ...JJ.&#10;&#10;step=97, rand=4, actions=&lt;RotateRight&gt;&#10;Want   | Got ✗ &#10;---------------&#10;..S... | ..JSS.&#10;..SS.. | ..SSO.&#10;...S.. | ..JJ..&#10;....OO | ..JJJ.&#10;.J..OO | ....SS&#10;.J.TTT | ...SS.&#10;OOJJ.J | ...SS.&#10;T.JJJ. | ..SSJ.&#10;TTSSJ. | ....J.&#10;TSSJJ. | ...JJ.&#10;&#10;step=98, rand=4, actions=&lt;Left&gt;&#10;Want   | Got ✗ &#10;---------------&#10;.S.... | ..JSS.&#10;.SS... | ..SSO.&#10;..S... | ..JJ..&#10;....OO | ..JJJ.&#10;.J..OO | ....SS&#10;.J.TTT | ...SS.&#10;OOJJ.J | ...SS.&#10;T.JJJ. | ..SSJ.&#10;TTSSJ. | ....J.&#10;TSSJJ. | ...JJ.&#10;&#10;step=99, rand=4, actions=&lt;Down&gt;&#10;Want   | Got ✗ &#10;---------------&#10;...... | ..JSS.&#10;.S.... | ..SSO.&#10;.SS... | ..JJ..&#10;..S.OO | ..JJJ.&#10;.J..OO | ....SS&#10;.J.TTT | ...SS.&#10;OOJJ.J | ...SS.&#10;T.JJJ. | ..SSJ.&#10;TTSSJ. | ....J.&#10;TSSJJ. | ...JJ.&#10;&#10;step=100, rand=4, actions=&lt;Down&gt;&#10;Want   | Got ✗ &#10;---------------&#10;...... | ..JSS.&#10;...... | ..SSO.&#10;.S.... | ..JJ..&#10;.SS.OO | ..JJJ.&#10;.JS.OO | ....SS&#10;.J.TTT | ...SS.&#10;OOJJ.J | ...SS.&#10;T.JJJ. | ..SSJ.&#10;TTSSJ. | ....J.&#10;TSSJJ. | ...JJ.&#10;&#10;step=101, rand=1, actions=&lt;Down&gt;&#10;Want   | Got ✗ &#10;---------------&#10;.J.... | ..JSS.&#10;.JJJ.. | ..JJJ.&#10;.S.... | ..JJ..&#10;.SS.OO | ..JJJ.&#10;.JS.OO | ....SS&#10;.J.TTT | ...SS.&#10;OOJJ.J | ...SS.&#10;T.JJJ. | ..SSJ.&#10;TTSSJ. | ....J.&#10;TSSJJ. | ...JJ.&#10;&#10;step=102, rand=1, actions=&lt;Right&gt;&#10;Want   | Got ✗ &#10;---------------&#10;..J... | ..JSS.&#10;..JJJ. | ..JJJ.&#10;.S.... | ..JJ..&#10;.SS.OO | ..JJJ.&#10;.JS.OO | ....SS&#10;.J.TTT | ...SS.&#10;OOJJ.J | ...SS.&#10;T.JJJ. | ..SSJ.&#10;TTSSJ. | ....J.&#10;TSSJJ. | ...JJ.&#10;&#10;step=103, rand=1, actions=&lt;RotateRight&gt;&#10;Want   | Got ✗ &#10;---------------&#10;...JJ. | ..JSS.&#10;...J.. | ..JJJ.&#10;.S.J.. | ..JJ..&#10;.SS.OO | ..JJJ.&#10;.JS.OO | ....SS&#10;.J.TTT | ...SS.&#10;OOJJ.J | ...SS.&#10;T.JJJ. | ..SSJ.&#10;TTSSJ. | ....J.&#10;TSSJJ. | ...JJ.&#10;&#10;step=104, rand=1, actions=&lt;Down&gt;&#10;Want   | Got ✗ &#10;---------------&#10;...... | ..JSS.&#10;...JJ. | ..JJJ.&#10;.S.J.. | ..JJ..&#10;.SSJOO | ..JJJ.&#10;.JS.OO | ....SS&#10;.J.TTT | ...SS.&#10;OOJJ.J | ...SS.&#10;T.JJJ. | ..SSJ.&#10;TTSSJ. | ....J.&#10;TSSJJ. | ...JJ.&#10;&#10;step=105, rand=1, actions=&lt;Down&gt;&#10;Want   | Got ✗ &#10;---------------&#10;...... | ..JSS.&#10;...... | ..JJJ.&#10;.S.JJ. | ..JJ..&#10;.SSJOO | ..JJJ.&#10;.JSJOO | ....SS&#10;.J.TTT | ...SS.&#10;OOJJ.J | ...SS.&#10;T.JJJ. | ..SSJ.&#10;TTSSJ. | ....J.&#10;TSSJJ. | ...JJ.&#10;&#10;step=106, rand=3, actions=&lt;Down&gt;&#10;Want   | Got ✗ &#10;---------------&#10;..OO.. | ..JOO.&#10;..OO.. | ..JOO.&#10;.S.JJ. | ..JJ..&#10;.SSJOO | ..JJJ.&#10;.JSJOO | ....SS&#10;.J.TTT | ...SS.&#10;OOJJ.J | ...SS.&#10;T.JJJ. | ..SSJ.&#10;TTSSJ. | ....J.&#10;TSSJJ. | ...JJ.&#10;&#10;step=107, rand=3, actions=&lt;Right&gt;&#10;Want   | Got ✗ &#10;---------------&#10;...OO. | ..JOO.&#10;...OO. | ..JOO.&#10;.S.JJ. | ..JJ..&#10;.SSJOO | ..JJJ.&#10;.JSJOO | ....SS&#10;.J.TTT | ...SS.&#10;OOJJ.J | ...SS.&#10;T.JJJ. | ..SSJ.&#10;TTSSJ. | ....J.&#10;TSSJJ. | ...JJ.&#10;&#10;step=108, rand=3, actions=&lt;Right&gt;&#10;Want   | Got ✗ &#10;---------------&#10;....OO | ..JOO.&#10;....OO | ..JOO.&#10;.S.JJ. | ..JJ..&#10;.SSJOO | ..JJJ.&#10;.JSJOO | ....SS&#10;.J.TTT | ...SS.&#10;OOJJ.J | ...SS.&#10;T.JJJ. | ..SSJ.&#10;TTSSJ. | ....J.&#10;TSSJJ. | ...JJ.&#10;&#10;step=109, rand=3, actions=&lt;Right&gt;&#10;Want   | Got ✗ &#10;---------------&#10;....OO | ..JOO.&#10;....OO | ..JOO.&#10;.S.JJ. | ..JJ..&#10;.SSJOO | ..JJJ.&#10;.JSJOO | ....SS&#10;.J.TTT | ...SS.&#10;OOJJ.J | ...SS.&#10;T.JJJ. | ..SSJ.&#10;TTSSJ. | ....J.&#10;TSSJJ. | ...JJ.&#10;&#10;step=110, rand=3, actions=&lt;Down&gt;&#10;Want   | Got ✗ &#10;---------------&#10;..OOOO | ..JOO.&#10;..OOOO | ..JOO.&#10;.S.JJ. | ..JJ..&#10;.SSJOO | ..JJJ.&#10;.JSJOO | ....SS&#10;.J.TTT | ...SS.&#10;OOJJ.J | ...SS.&#10;T.JJJ. | ..SSJ.&#10;TTSSJ. | ....J.&#10;TSSJJ. | ...JJ.&#10;&#10;step=111, rand=3, actions=&lt;Left&gt;&#10;Want   | Got ✗ &#10;---------------&#10;.OO.OO | ..JOO.&#10;.OO.OO | ..JOO.&#10;.S.JJ. | ..JJ..&#10;.SSJOO | ..JJJ.&#10;.JSJOO | ....SS&#10;.J.TTT | ...SS.&#10;OOJJ.J | ...SS.&#10;T.JJJ. | ..SSJ.&#10;TTSSJ. | ....J.&#10;TSSJJ. | ...JJ.&#10;&#10;step=112, rand=3, actions=&lt;Left&gt;&#10;Want   | Got ✗ &#10;---------------&#10;OO..OO | ..JOO.&#10;OO..OO | ..JOO.&#10;.S.JJ. | ..JJ..&#10;.SSJOO | ..JJJ.&#10;.JSJOO | ....SS&#10;.J.TTT | ...SS.&#10;OOJJ.J | ...SS.&#10;T.JJJ. | ..SSJ.&#10;TTSSJ. | ....J.&#10;TSSJJ. | ...JJ.&#10;&#10;step=113, rand=3, actions=&lt;Left&gt;&#10;Want   | Got ✗ &#10;---------------&#10;OO..OO | ..JOO.&#10;OO..OO | ..JOO.&#10;.S.JJ. | ..JJ..&#10;.SSJOO | ..JJJ.&#10;.JSJOO | ....SS&#10;.J.TTT | ...SS.&#10;OOJJ.J | ...SS.&#10;T.JJJ. | ..SSJ.&#10;TTSSJ. | ....J.&#10;TSSJJ. | ...JJ.&#10;&#10;step=114, rand=5, actions=&lt;Down&gt;&#10;Want              | Got ✗ &#10;--------------------------&#10;GameOverDisplay() | ..JTO.&#10;                  | ..TTT.&#10;                  | ..JJ..&#10;                  | ..JJJ.&#10;                  | ....SS&#10;                  | ...SS.&#10;                  | ...SS.&#10;                  | ..SSJ.&#10;                  | ....J.&#10;                  | ...JJ.&#10;&#10;" type="org.scalatest.exceptions.TestFailedException">org.scalatest.exceptions.TestFailedException: didPass was false
--------------------------------------------------------------------------------
This is what went wrong:

step=0, rand=1, actions=&lt;&gt;
Want   | Got ✓ 
---------------
.J.... | .J....
.JJJ.. | .JJJ..
...... | ......
...... | ......
...... | ......
...... | ......
...... | ......
...... | ......
...... | ......
...... | ......

step=1, rand=1, actions=&lt;RotateRight&gt;
Want   | Got ✓ 
---------------
..JJ.. | ..JJ..
..J... | ..J...
..J... | ..J...
...... | ......
...... | ......
...... | ......
...... | ......
...... | ......
...... | ......
...... | ......

step=2, rand=1, actions=&lt;RotateRight&gt;
Want   | Got ✓ 
---------------
...... | ......
.JJJ.. | .JJJ..
...J.. | ...J..
...... | ......
...... | ......
...... | ......
...... | ......
...... | ......
...... | ......
...... | ......

step=3, rand=1, actions=&lt;RotateRight&gt;
Want   | Got ✓ 
---------------
..J... | ..J...
..J... | ..J...
.JJ... | .JJ...
...... | ......
...... | ......
...... | ......
...... | ......
...... | ......
...... | ......
...... | ......

step=4, rand=1, actions=&lt;Right&gt;
Want   | Got ✓ 
---------------
...J.. | ...J..
...J.. | ...J..
..JJ.. | ..JJ..
...... | ......
...... | ......
...... | ......
...... | ......
...... | ......
...... | ......
...... | ......

step=5, rand=1, actions=&lt;Right&gt;
Want   | Got ✓ 
---------------
....J. | ....J.
....J. | ....J.
...JJ. | ...JJ.
...... | ......
...... | ......
...... | ......
...... | ......
...... | ......
...... | ......
...... | ......

step=6, rand=1, actions=&lt;Down&gt;
Want   | Got ✓ 
---------------
...... | ......
....J. | ....J.
....J. | ....J.
...JJ. | ...JJ.
...... | ......
...... | ......
...... | ......
...... | ......
...... | ......
...... | ......

step=7, rand=1, actions=&lt;Down&gt;
Want   | Got ✓ 
---------------
...... | ......
...... | ......
....J. | ....J.
....J. | ....J.
...JJ. | ...JJ.
...... | ......
...... | ......
...... | ......
...... | ......
...... | ......

step=8, rand=1, actions=&lt;Down&gt;
Want   | Got ✓ 
---------------
...... | ......
...... | ......
...... | ......
....J. | ....J.
....J. | ....J.
...JJ. | ...JJ.
...... | ......
...... | ......
...... | ......
...... | ......

step=9, rand=1, actions=&lt;Down&gt;
Want   | Got ✓ 
---------------
...... | ......
...... | ......
...... | ......
...... | ......
....J. | ....J.
....J. | ....J.
...JJ. | ...JJ.
...... | ......
...... | ......
...... | ......

step=10, rand=1, actions=&lt;Down&gt;
Want   | Got ✓ 
---------------
...... | ......
...... | ......
...... | ......
...... | ......
...... | ......
....J. | ....J.
....J. | ....J.
...JJ. | ...JJ.
...... | ......
...... | ......

step=11, rand=1, actions=&lt;Down&gt;
Want   | Got ✓ 
---------------
...... | ......
...... | ......
...... | ......
...... | ......
...... | ......
...... | ......
....J. | ....J.
....J. | ....J.
...JJ. | ...JJ.
...... | ......

step=12, rand=1, actions=&lt;Down&gt;
Want   | Got ✓ 
---------------
...... | ......
...... | ......
...... | ......
...... | ......
...... | ......
...... | ......
...... | ......
....J. | ....J.
....J. | ....J.
...JJ. | ...JJ.

step=13, rand=4, actions=&lt;Down&gt;
Want   | Got ✗ 
---------------
..SS.. | ...SS.
.SS... | ..SS..
...... | ......
...... | ......
...... | ......
...... | ......
...... | ......
....J. | ....J.
....J. | ....J.
...JJ. | ...JJ.

step=14, rand=4, actions=&lt;Right&gt;
Want   | Got ✗ 
---------------
...SS. | ....SS
..SS.. | ...SS.
...... | ......
...... | ......
...... | ......
...... | ......
...... | ......
....J. | ....J.
....J. | ....J.
...JJ. | ...JJ.

step=15, rand=4, actions=&lt;Down&gt;
Want   | Got ✗ 
---------------
...... | ......
...SS. | ....SS
..SS.. | ...SS.
...... | ......
...... | ......
...... | ......
...... | ......
....J. | ....J.
....J. | ....J.
...JJ. | ...JJ.

step=16, rand=4, actions=&lt;Down&gt;
Want   | Got ✗ 
---------------
...... | ......
...... | ......
...SS. | ....SS
..SS.. | ...SS.
...... | ......
...... | ......
...... | ......
....J. | ....J.
....J. | ....J.
...JJ. | ...JJ.

step=17, rand=4, actions=&lt;Down&gt;
Want   | Got ✗ 
---------------
...... | ......
...... | ......
...... | ......
...SS. | ....SS
..SS.. | ...SS.
...... | ......
...... | ......
....J. | ....J.
....J. | ....J.
...JJ. | ...JJ.

step=18, rand=4, actions=&lt;Left&gt;
Want   | Got ✗ 
---------------
...... | ......
...... | ......
...... | ......
..SS.. | ...SS.
.SS... | ..SS..
...... | ......
...... | ......
....J. | ....J.
....J. | ....J.
...JJ. | ...JJ.

step=19, rand=4, actions=&lt;Down&gt;
Want   | Got ✗ 
---------------
...... | ......
...... | ......
...... | ......
...... | ......
..SS.. | ...SS.
.SS... | ..SS..
...... | ......
....J. | ....J.
....J. | ....J.
...JJ. | ...JJ.

step=20, rand=4, actions=&lt;Down&gt;
Want   | Got ✗ 
---------------
...... | ......
...... | ......
...... | ......
...... | ......
...... | ......
..SS.. | ...SS.
.SS... | ..SS..
....J. | ....J.
....J. | ....J.
...JJ. | ...JJ.

step=21, rand=4, actions=&lt;Down&gt;
Want   | Got ✗ 
---------------
...... | ......
...... | ......
...... | ......
...... | ......
...... | ......
...... | ......
..SS.. | ...SS.
.SS.J. | ..SSJ.
....J. | ....J.
...JJ. | ...JJ.

step=22, rand=4, actions=&lt;Down&gt;
Want   | Got ✗ 
---------------
...... | ...SS.
...... | ..SS..
...... | ......
...... | ......
...... | ......
...... | ......
...... | ...SS.
..SSJ. | ..SSJ.
.SS.J. | ....J.
...JJ. | ...JJ.

step=23, rand=4, actions=&lt;Down&gt;
Want   | Got ✗ 
---------------
...... | ......
...... | ...SS.
...... | ..SS..
...... | ......
...... | ......
...... | ......
...... | ...SS.
....J. | ..SSJ.
..SSJ. | ....J.
.SSJJ. | ...JJ.

step=24, rand=4, actions=&lt;RotateRight&gt;
Want   | Got ✗ 
---------------
...... | ......
...... | ...S..
...... | ...SS.
...... | ....S.
...... | ......
...... | ......
...... | ...SS.
....J. | ..SSJ.
..SSJ. | ....J.
.SSJJ. | ...JJ.

step=25, rand=1, actions=&lt;Down&gt;
Want   | Got ✗ 
---------------
.J.... | ......
.JJJ.. | ......
...... | ...S..
...... | ...SS.
...... | ....S.
...... | ......
...... | ...SS.
....J. | ..SSJ.
..SSJ. | ....J.
.SSJJ. | ...JJ.

step=26, rand=1, actions=&lt;RotateRight&gt;
Want   | Got ✗ 
---------------
..JJ.. | ......
..J... | ......
..J... | ......
...... | ...SS.
...... | ..SS..
...... | ......
...... | ...SS.
....J. | ..SSJ.
..SSJ. | ....J.
.SSJJ. | ...JJ.

step=27, rand=1, actions=&lt;RotateRight&gt;
Want   | Got ✗ 
---------------
...... | ......
.JJJ.. | ......
...J.. | ..S...
...... | ..SS..
...... | ...S..
...... | ......
...... | ...SS.
....J. | ..SSJ.
..SSJ. | ....J.
.SSJJ. | ...JJ.

step=28, rand=1, actions=&lt;RotateRight&gt;
Want   | Got ✗ 
---------------
..J... | ......
..J... | ......
.JJ... | ...SS.
...... | ..SS..
...... | ......
...... | ......
...... | ...SS.
....J. | ..SSJ.
..SSJ. | ....J.
.SSJJ. | ...JJ.

step=29, rand=1, actions=&lt;Right&gt;
Want   | Got ✗ 
---------------
...J.. | ......
...J.. | ......
..JJ.. | ....SS
...... | ...SS.
...... | ......
...... | ......
...... | ...SS.
....J. | ..SSJ.
..SSJ. | ....J.
.SSJJ. | ...JJ.

step=30, rand=1, actions=&lt;Down&gt;
Want   | Got ✗ 
---------------
...... | ......
...J.. | ......
...J.. | ......
..JJ.. | ....SS
...... | ...SS.
...... | ......
...... | ...SS.
....J. | ..SSJ.
..SSJ. | ....J.
.SSJJ. | ...JJ.

step=31, rand=1, actions=&lt;Down&gt;
Want   | Got ✗ 
---------------
...... | ......
...... | ......
...J.. | ......
...J.. | ......
..JJ.. | ....SS
...... | ...SS.
...... | ...SS.
....J. | ..SSJ.
..SSJ. | ....J.
.SSJJ. | ...JJ.

step=32, rand=1, actions=&lt;Down&gt;
Want   | Got ✗ 
---------------
...... | ..J...
...... | ..JJJ.
...... | ......
...J.. | ......
...J.. | ....SS
..JJ.. | ...SS.
...... | ...SS.
....J. | ..SSJ.
..SSJ. | ....J.
.SSJJ. | ...JJ.

step=33, rand=1, actions=&lt;Down&gt;
Want   | Got ✗ 
---------------
...... | ......
...... | ..J...
...... | ..JJJ.
...... | ......
...J.. | ....SS
...J.. | ...SS.
..JJ.. | ...SS.
....J. | ..SSJ.
..SSJ. | ....J.
.SSJJ. | ...JJ.

step=34, rand=1, actions=&lt;Down&gt;
Want   | Got ✗ 
---------------
...... | ......
...... | ......
...... | ..J...
...... | ..JJJ.
...... | ....SS
...J.. | ...SS.
...J.. | ...SS.
..JJJ. | ..SSJ.
..SSJ. | ....J.
.SSJJ. | ...JJ.

step=35, rand=1, actions=&lt;Down&gt;
Want   | Got ✗ 
---------------
.J.... | ..J...
.JJJ.. | ..JJJ.
...... | ..J...
...... | ..JJJ.
...... | ....SS
...J.. | ...SS.
...J.. | ...SS.
..JJJ. | ..SSJ.
..SSJ. | ....J.
.SSJJ. | ...JJ.

step=36, rand=1, actions=&lt;RotateRight&gt;
Want   | Got ✗ 
---------------
..JJ.. | ...JJ.
..J... | ...J..
..J... | ..JJ..
...... | ..JJJ.
...... | ....SS
...J.. | ...SS.
...J.. | ...SS.
..JJJ. | ..SSJ.
..SSJ. | ....J.
.SSJJ. | ...JJ.

step=37, rand=1, actions=&lt;Down&gt;
Want   | Got ✗ 
---------------
...... | ..JJJ.
..JJ.. | ..JJJ.
..J... | ..JJ..
..J... | ..JJJ.
...... | ....SS
...J.. | ...SS.
...J.. | ...SS.
..JJJ. | ..SSJ.
..SSJ. | ....J.
.SSJJ. | ...JJ.

step=38, rand=1, actions=&lt;Down&gt;
Want   | Got ✗ 
---------------
...... | ..JJJ.
...... | ..JJJ.
..JJ.. | ..JJ..
..J... | ..JJJ.
..J... | ....SS
...J.. | ...SS.
...J.. | ...SS.
..JJJ. | ..SSJ.
..SSJ. | ....J.
.SSJJ. | ...JJ.

step=39, rand=1, actions=&lt;Down&gt;
Want   | Got ✗ 
---------------
...... | ..JJJ.
...... | ..JJJ.
...... | ..JJ..
..JJ.. | ..JJJ.
..J... | ....SS
..JJ.. | ...SS.
...J.. | ...SS.
..JJJ. | ..SSJ.
..SSJ. | ....J.
.SSJJ. | ...JJ.

step=40, rand=1, actions=&lt;Down&gt;
Want   | Got ✗ 
---------------
...... | ..JJJ.
...... | ..JJJ.
...... | ..JJ..
...... | ..JJJ.
..JJ.. | ....SS
..JJ.. | ...SS.
..JJ.. | ...SS.
..JJJ. | ..SSJ.
..SSJ. | ....J.
.SSJJ. | ...JJ.

step=41, rand=5, actions=&lt;Down&gt;
Want   | Got ✗ 
---------------
..T... | ..JTJ.
.TTT.. | ..TTT.
...... | ..JJ..
...... | ..JJJ.
..JJ.. | ....SS
..JJ.. | ...SS.
..JJ.. | ...SS.
..JJJ. | ..SSJ.
..SSJ. | ....J.
.SSJJ. | ...JJ.

step=42, rand=5, actions=&lt;RotateRight&gt;
Want   | Got ✗ 
---------------
..T... | ..JTJ.
..TT.. | ..TTT.
..T... | ..JJ..
...... | ..JJJ.
..JJ.. | ....SS
..JJ.. | ...SS.
..JJ.. | ...SS.
..JJJ. | ..SSJ.
..SSJ. | ....J.
.SSJJ. | ...JJ.

step=43, rand=5, actions=&lt;Left&gt;
Want   | Got ✗ 
---------------
.T.... | ..JTJ.
.TT... | ..TTT.
.T.... | ..JJ..
...... | ..JJJ.
..JJ.. | ....SS
..JJ.. | ...SS.
..JJ.. | ...SS.
..JJJ. | ..SSJ.
..SSJ. | ....J.
.SSJJ. | ...JJ.

step=44, rand=5, actions=&lt;Left&gt;
Want   | Got ✗ 
---------------
T..... | ..JTJ.
TT.... | ..TTT.
T..... | ..JJ..
...... | ..JJJ.
..JJ.. | ....SS
..JJ.. | ...SS.
..JJ.. | ...SS.
..JJJ. | ..SSJ.
..SSJ. | ....J.
.SSJJ. | ...JJ.

step=45, rand=5, actions=&lt;Down&gt;
Want   | Got ✗ 
---------------
...... | ..JTJ.
T..... | ..TTT.
TT.... | ..JJ..
T..... | ..JJJ.
..JJ.. | ....SS
..JJ.. | ...SS.
..JJ.. | ...SS.
..JJJ. | ..SSJ.
..SSJ. | ....J.
.SSJJ. | ...JJ.

step=46, rand=5, actions=&lt;Down&gt;
Want   | Got ✗ 
---------------
...... | ..JTJ.
...... | ..TTT.
T..... | ..JJ..
TT.... | ..JJJ.
T.JJ.. | ....SS
..JJ.. | ...SS.
..JJ.. | ...SS.
..JJJ. | ..SSJ.
..SSJ. | ....J.
.SSJJ. | ...JJ.

step=47, rand=5, actions=&lt;Down&gt;
Want   | Got ✗ 
---------------
...... | ..JTJ.
...... | ..TTT.
...... | ..JJ..
T..... | ..JJJ.
TTJJ.. | ....SS
T.JJ.. | ...SS.
..JJ.. | ...SS.
..JJJ. | ..SSJ.
..SSJ. | ....J.
.SSJJ. | ...JJ.

step=48, rand=5, actions=&lt;Down&gt;
Want   | Got ✗ 
---------------
...... | ..JTJ.
...... | ..TTT.
...... | ..JJ..
...... | ..JJJ.
T.JJ.. | ....SS
TTJJ.. | ...SS.
T.JJ.. | ...SS.
..JJJ. | ..SSJ.
..SSJ. | ....J.
.SSJJ. | ...JJ.

step=49, rand=5, actions=&lt;Down&gt;
Want   | Got ✗ 
---------------
...... | ..JTJ.
...... | ..TTT.
...... | ..JJ..
...... | ..JJJ.
..JJ.. | ....SS
T.JJ.. | ...SS.
TTJJ.. | ...SS.
T.JJJ. | ..SSJ.
..SSJ. | ....J.
.SSJJ. | ...JJ.

step=50, rand=5, actions=&lt;Down&gt;
Want   | Got ✗ 
---------------
...... | ..JTJ.
...... | ..TTT.
...... | ..JJ..
...... | ..JJJ.
..JJ.. | ....SS
..JJ.. | ...SS.
T.JJ.. | ...SS.
TTJJJ. | ..SSJ.
T.SSJ. | ....J.
.SSJJ. | ...JJ.

step=51, rand=5, actions=&lt;Down&gt;
Want   | Got ✗ 
---------------
...... | ..JTJ.
...... | ..TTT.
...... | ..JJ..
...... | ..JJJ.
..JJ.. | ....SS
..JJ.. | ...SS.
..JJ.. | ...SS.
T.JJJ. | ..SSJ.
TTSSJ. | ....J.
TSSJJ. | ...JJ.

step=52, rand=5, actions=&lt;Left&gt;
Want   | Got ✗ 
---------------
...... | ..JTJ.
...... | ..TTT.
...... | ..JJ..
...... | ..JJJ.
..JJ.. | ....SS
..JJ.. | ...SS.
..JJ.. | ...SS.
T.JJJ. | ..SSJ.
TTSSJ. | ....J.
TSSJJ. | ...JJ.

step=53, rand=3, actions=&lt;Down&gt;
Want   | Got ✗ 
---------------
..OO.. | ..JOO.
..OO.. | ..TOO.
...... | ..JJ..
...... | ..JJJ.
..JJ.. | ....SS
..JJ.. | ...SS.
..JJ.. | ...SS.
T.JJJ. | ..SSJ.
TTSSJ. | ....J.
TSSJJ. | ...JJ.

step=54, rand=3, actions=&lt;Left&gt;
Want   | Got ✗ 
---------------
.OO... | ..JOO.
.OO... | ..TOO.
...... | ..JJ..
...... | ..JJJ.
..JJ.. | ....SS
..JJ.. | ...SS.
..JJ.. | ...SS.
T.JJJ. | ..SSJ.
TTSSJ. | ....J.
TSSJJ. | ...JJ.

step=55, rand=3, actions=&lt;Left&gt;
Want   | Got ✗ 
---------------
OO.... | ..JOO.
OO.... | ..TOO.
...... | ..JJ..
...... | ..JJJ.
..JJ.. | ....SS
..JJ.. | ...SS.
..JJ.. | ...SS.
T.JJJ. | ..SSJ.
TTSSJ. | ....J.
TSSJJ. | ...JJ.

step=56, rand=3, actions=&lt;Down&gt;
Want   | Got ✗ 
---------------
...... | ..JOO.
OO.... | ..TOO.
OO.... | ..JJ..
...... | ..JJJ.
..JJ.. | ....SS
..JJ.. | ...SS.
..JJ.. | ...SS.
T.JJJ. | ..SSJ.
TTSSJ. | ....J.
TSSJJ. | ...JJ.

step=57, rand=3, actions=&lt;Down&gt;
Want   | Got ✗ 
---------------
...... | ..JOO.
...... | ..TOO.
OO.... | ..JJ..
OO.... | ..JJJ.
..JJ.. | ....SS
..JJ.. | ...SS.
..JJ.. | ...SS.
T.JJJ. | ..SSJ.
TTSSJ. | ....J.
TSSJJ. | ...JJ.

step=58, rand=3, actions=&lt;Down&gt;
Want   | Got ✗ 
---------------
...... | ..JOO.
...... | ..TOO.
...... | ..JJ..
OO.... | ..JJJ.
OOJJ.. | ....SS
..JJ.. | ...SS.
..JJ.. | ...SS.
T.JJJ. | ..SSJ.
TTSSJ. | ....J.
TSSJJ. | ...JJ.

step=59, rand=3, actions=&lt;Down&gt;
Want   | Got ✗ 
---------------
...... | ..JOO.
...... | ..TOO.
...... | ..JJ..
...... | ..JJJ.
OOJJ.. | ....SS
OOJJ.. | ...SS.
..JJ.. | ...SS.
T.JJJ. | ..SSJ.
TTSSJ. | ....J.
TSSJJ. | ...JJ.

step=60, rand=3, actions=&lt;Down&gt;
Want   | Got ✗ 
---------------
...... | ..JOO.
...... | ..TOO.
...... | ..JJ..
...... | ..JJJ.
..JJ.. | ....SS
OOJJ.. | ...SS.
OOJJ.. | ...SS.
T.JJJ. | ..SSJ.
TTSSJ. | ....J.
TSSJJ. | ...JJ.

step=61, rand=1, actions=&lt;Down&gt;
Want   | Got ✗ 
---------------
.J.... | ..JOO.
.JJJ.. | ..JJJ.
...... | ..JJ..
...... | ..JJJ.
..JJ.. | ....SS
OOJJ.. | ...SS.
OOJJ.. | ...SS.
T.JJJ. | ..SSJ.
TTSSJ. | ....J.
TSSJJ. | ...JJ.

step=62, rand=1, actions=&lt;RotateRight&gt;
Want   | Got ✗ 
---------------
..JJ.. | ..JOO.
..J... | ..JJJ.
..J... | ..JJ..
...... | ..JJJ.
..JJ.. | ....SS
OOJJ.. | ...SS.
OOJJ.. | ...SS.
T.JJJ. | ..SSJ.
TTSSJ. | ....J.
TSSJJ. | ...JJ.

step=63, rand=1, actions=&lt;RotateRight&gt;
Want   | Got ✗ 
---------------
...... | ..JOO.
.JJJ.. | ..JJJ.
...J.. | ..JJ..
...... | ..JJJ.
..JJ.. | ....SS
OOJJ.. | ...SS.
OOJJ.. | ...SS.
T.JJJ. | ..SSJ.
TTSSJ. | ....J.
TSSJJ. | ...JJ.

step=64, rand=1, actions=&lt;RotateRight&gt;
Want   | Got ✗ 
---------------
..J... | ..JOO.
..J... | ..JJJ.
.JJ... | ..JJ..
...... | ..JJJ.
..JJ.. | ....SS
OOJJ.. | ...SS.
OOJJ.. | ...SS.
T.JJJ. | ..SSJ.
TTSSJ. | ....J.
TSSJJ. | ...JJ.

step=65, rand=1, actions=&lt;Left&gt;
Want   | Got ✗ 
---------------
.J.... | ..JOO.
.J.... | ..JJJ.
JJ.... | ..JJ..
...... | ..JJJ.
..JJ.. | ....SS
OOJJ.. | ...SS.
OOJJ.. | ...SS.
T.JJJ. | ..SSJ.
TTSSJ. | ....J.
TSSJJ. | ...JJ.

step=66, rand=1, actions=&lt;Down&gt;
Want   | Got ✗ 
---------------
...... | ..JOO.
.J.... | ..JJJ.
.J.... | ..JJ..
JJ.... | ..JJJ.
..JJ.. | ....SS
OOJJ.. | ...SS.
OOJJ.. | ...SS.
T.JJJ. | ..SSJ.
TTSSJ. | ....J.
TSSJJ. | ...JJ.

step=67, rand=1, actions=&lt;Down&gt;
Want   | Got ✗ 
---------------
...... | ..JOO.
...... | ..JJJ.
.J.... | ..JJ..
.J.... | ..JJJ.
JJJJ.. | ....SS
OOJJ.. | ...SS.
OOJJ.. | ...SS.
T.JJJ. | ..SSJ.
TTSSJ. | ....J.
TSSJJ. | ...JJ.

step=68, rand=1, actions=&lt;Down&gt;
Want   | Got ✗ 
---------------
.J.... | ..JOO.
.JJJ.. | ..JJJ.
.J.... | ..JJ..
.J.... | ..JJJ.
JJJJ.. | ....SS
OOJJ.. | ...SS.
OOJJ.. | ...SS.
T.JJJ. | ..SSJ.
TTSSJ. | ....J.
TSSJJ. | ...JJ.

step=69, rand=1, actions=&lt;RotateRight&gt;
Want   | Got ✗ 
---------------
..JJ.. | ..JOO.
..J... | ..JJJ.
.JJ... | ..JJ..
.J.... | ..JJJ.
JJJJ.. | ....SS
OOJJ.. | ...SS.
OOJJ.. | ...SS.
T.JJJ. | ..SSJ.
TTSSJ. | ....J.
TSSJJ. | ...JJ.

step=70, rand=1, actions=&lt;RotateRight&gt;
Want   | Got ✗ 
---------------
...... | ..JOO.
.JJJ.. | ..JJJ.
.J.J.. | ..JJ..
.J.... | ..JJJ.
JJJJ.. | ....SS
OOJJ.. | ...SS.
OOJJ.. | ...SS.
T.JJJ. | ..SSJ.
TTSSJ. | ....J.
TSSJJ. | ...JJ.

step=71, rand=1, actions=&lt;RotateRight&gt;
Want   | Got ✗ 
---------------
...... | ..JOO.
.JJJ.. | ..JJJ.
.J.J.. | ..JJ..
.J.... | ..JJJ.
JJJJ.. | ....SS
OOJJ.. | ...SS.
OOJJ.. | ...SS.
T.JJJ. | ..SSJ.
TTSSJ. | ....J.
TSSJJ. | ...JJ.

step=72, rand=1, actions=&lt;Right&gt;
Want   | Got ✗ 
---------------
...... | ..JOO.
..JJJ. | ..JJJ.
.J..J. | ..JJ..
.J.... | ..JJJ.
JJJJ.. | ....SS
OOJJ.. | ...SS.
OOJJ.. | ...SS.
T.JJJ. | ..SSJ.
TTSSJ. | ....J.
TSSJJ. | ...JJ.

step=73, rand=1, actions=&lt;RotateRight&gt;
Want   | Got ✗ 
---------------
...J.. | ..JOO.
...J.. | ..JJJ.
.JJJ.. | ..JJ..
.J.... | ..JJJ.
JJJJ.. | ....SS
OOJJ.. | ...SS.
OOJJ.. | ...SS.
T.JJJ. | ..SSJ.
TTSSJ. | ....J.
TSSJJ. | ...JJ.

step=74, rand=1, actions=&lt;Right&gt;
Want   | Got ✗ 
---------------
....J. | ..JOO.
....J. | ..JJJ.
.J.JJ. | ..JJ..
.J.... | ..JJJ.
JJJJ.. | ....SS
OOJJ.. | ...SS.
OOJJ.. | ...SS.
T.JJJ. | ..SSJ.
TTSSJ. | ....J.
TSSJJ. | ...JJ.

step=75, rand=1, actions=&lt;Right&gt;
Want   | Got ✗ 
---------------
.....J | ..JOO.
.....J | ..JJJ.
.J..JJ | ..JJ..
.J.... | ..JJJ.
JJJJ.. | ....SS
OOJJ.. | ...SS.
OOJJ.. | ...SS.
T.JJJ. | ..SSJ.
TTSSJ. | ....J.
TSSJJ. | ...JJ.

step=76, rand=1, actions=&lt;Down&gt;
Want   | Got ✗ 
---------------
...... | ..JOO.
.....J | ..JJJ.
.J...J | ..JJ..
.J..JJ | ..JJJ.
JJJJ.. | ....SS
OOJJ.. | ...SS.
OOJJ.. | ...SS.
T.JJJ. | ..SSJ.
TTSSJ. | ....J.
TSSJJ. | ...JJ.

step=77, rand=1, actions=&lt;Down&gt;
Want   | Got ✗ 
---------------
...... | ..JOO.
...... | ..JJJ.
.J...J | ..JJ..
.J...J | ..JJJ.
JJJJJJ | ....SS
OOJJ.. | ...SS.
OOJJ.. | ...SS.
T.JJJ. | ..SSJ.
TTSSJ. | ....J.
TSSJJ. | ...JJ.

step=78, rand=1, actions=&lt;Down&gt;
Want   | Got ✗ 
---------------
...... | ..JOO.
...... | ..JJJ.
.J.... | ..JJ..
.J...J | ..JJJ.
JJJJ.J | ....SS
OOJJJJ | ...SS.
OOJJ.. | ...SS.
T.JJJ. | ..SSJ.
TTSSJ. | ....J.
TSSJJ. | ...JJ.

step=79, rand=1, actions=&lt;Down&gt;
Want   | Got ✗ 
---------------
...... | ..JOO.
...... | ..JJJ.
.J.... | ..JJ..
.J.... | ..JJJ.
JJJJ.J | ....SS
OOJJ.J | ...SS.
OOJJJJ | ...SS.
T.JJJ. | ..SSJ.
TTSSJ. | ....J.
TSSJJ. | ...JJ.

step=80, rand=5, actions=&lt;Down&gt;
Want   | Got ✗ 
---------------
..T... | ..JTO.
.TTT.. | ..TTT.
...... | ..JJ..
.J.... | ..JJJ.
.J.... | ....SS
JJJJ.J | ...SS.
OOJJ.J | ...SS.
T.JJJ. | ..SSJ.
TTSSJ. | ....J.
TSSJJ. | ...JJ.

step=81, rand=5, actions=&lt;Right&gt;
Want   | Got ✗ 
---------------
...T.. | ..JTO.
..TTT. | ..TTT.
...... | ..JJ..
.J.... | ..JJJ.
.J.... | ....SS
JJJJ.J | ...SS.
OOJJ.J | ...SS.
T.JJJ. | ..SSJ.
TTSSJ. | ....J.
TSSJJ. | ...JJ.

step=82, rand=5, actions=&lt;RotateRight&gt;
Want   | Got ✗ 
---------------
...T.. | ..JTO.
...TT. | ..TTT.
...T.. | ..JJ..
.J.... | ..JJJ.
.J.... | ....SS
JJJJ.J | ...SS.
OOJJ.J | ...SS.
T.JJJ. | ..SSJ.
TTSSJ. | ....J.
TSSJJ. | ...JJ.

step=83, rand=5, actions=&lt;RotateRight&gt;
Want   | Got ✗ 
---------------
...... | ..JTO.
..TTT. | ..TTT.
...T.. | ..JJ..
.J.... | ..JJJ.
.J.... | ....SS
JJJJ.J | ...SS.
OOJJ.J | ...SS.
T.JJJ. | ..SSJ.
TTSSJ. | ....J.
TSSJJ. | ...JJ.

step=84, rand=5, actions=&lt;Right&gt;
Want   | Got ✗ 
---------------
...... | ..JTO.
...TTT | ..TTT.
....T. | ..JJ..
.J.... | ..JJJ.
.J.... | ....SS
JJJJ.J | ...SS.
OOJJ.J | ...SS.
T.JJJ. | ..SSJ.
TTSSJ. | ....J.
TSSJJ. | ...JJ.

step=85, rand=5, actions=&lt;Down&gt;
Want   | Got ✗ 
---------------
...... | ..JTO.
...... | ..TTT.
...TTT | ..JJ..
.J..T. | ..JJJ.
.J.... | ....SS
JJJJ.J | ...SS.
OOJJ.J | ...SS.
T.JJJ. | ..SSJ.
TTSSJ. | ....J.
TSSJJ. | ...JJ.

step=86, rand=5, actions=&lt;Down&gt;
Want   | Got ✗ 
---------------
...... | ..JTO.
...... | ..TTT.
...... | ..JJ..
.J.TTT | ..JJJ.
.J..T. | ....SS
JJJJ.J | ...SS.
OOJJ.J | ...SS.
T.JJJ. | ..SSJ.
TTSSJ. | ....J.
TSSJJ. | ...JJ.

step=87, rand=5, actions=&lt;Down&gt;
Want   | Got ✗ 
---------------
...... | ..JTO.
...... | ..TTT.
...... | ..JJ..
.J.... | ..JJJ.
.J.TTT | ....SS
JJJJTJ | ...SS.
OOJJ.J | ...SS.
T.JJJ. | ..SSJ.
TTSSJ. | ....J.
TSSJJ. | ...JJ.

step=88, rand=3, actions=&lt;Down&gt;
Want   | Got ✗ 
---------------
..OO.. | ..JOO.
..OO.. | ..TOO.
...... | ..JJ..
...... | ..JJJ.
.J.... | ....SS
.J.TTT | ...SS.
OOJJ.J | ...SS.
T.JJJ. | ..SSJ.
TTSSJ. | ....J.
TSSJJ. | ...JJ.

step=89, rand=3, actions=&lt;Right&gt;
Want   | Got ✗ 
---------------
...OO. | ..JOO.
...OO. | ..TOO.
...... | ..JJ..
...... | ..JJJ.
.J.... | ....SS
.J.TTT | ...SS.
OOJJ.J | ...SS.
T.JJJ. | ..SSJ.
TTSSJ. | ....J.
TSSJJ. | ...JJ.

step=90, rand=3, actions=&lt;Right&gt;
Want   | Got ✗ 
---------------
....OO | ..JOO.
....OO | ..TOO.
...... | ..JJ..
...... | ..JJJ.
.J.... | ....SS
.J.TTT | ...SS.
OOJJ.J | ...SS.
T.JJJ. | ..SSJ.
TTSSJ. | ....J.
TSSJJ. | ...JJ.

step=91, rand=3, actions=&lt;Left&gt;
Want   | Got ✗ 
---------------
...OO. | ..JOO.
...OO. | ..TOO.
...... | ..JJ..
...... | ..JJJ.
.J.... | ....SS
.J.TTT | ...SS.
OOJJ.J | ...SS.
T.JJJ. | ..SSJ.
TTSSJ. | ....J.
TSSJJ. | ...JJ.

step=92, rand=3, actions=&lt;Down&gt;
Want   | Got ✗ 
---------------
...... | ..JOO.
...OO. | ..TOO.
...OO. | ..JJ..
...... | ..JJJ.
.J.... | ....SS
.J.TTT | ...SS.
OOJJ.J | ...SS.
T.JJJ. | ..SSJ.
TTSSJ. | ....J.
TSSJJ. | ...JJ.

step=93, rand=3, actions=&lt;Right&gt;
Want   | Got ✗ 
---------------
...... | ..JOO.
....OO | ..TOO.
....OO | ..JJ..
...... | ..JJJ.
.J.... | ....SS
.J.TTT | ...SS.
OOJJ.J | ...SS.
T.JJJ. | ..SSJ.
TTSSJ. | ....J.
TSSJJ. | ...JJ.

step=94, rand=3, actions=&lt;Down&gt;
Want   | Got ✗ 
---------------
...... | ..JOO.
...... | ..TOO.
....OO | ..JJ..
....OO | ..JJJ.
.J.... | ....SS
.J.TTT | ...SS.
OOJJ.J | ...SS.
T.JJJ. | ..SSJ.
TTSSJ. | ....J.
TSSJJ. | ...JJ.

step=95, rand=3, actions=&lt;Down&gt;
Want   | Got ✗ 
---------------
...... | ..JOO.
...... | ..TOO.
...... | ..JJ..
....OO | ..JJJ.
.J..OO | ....SS
.J.TTT | ...SS.
OOJJ.J | ...SS.
T.JJJ. | ..SSJ.
TTSSJ. | ....J.
TSSJJ. | ...JJ.

step=96, rand=4, actions=&lt;Down&gt;
Want   | Got ✗ 
---------------
..SS.. | ..JSS.
.SS... | ..SSO.
...... | ..JJ..
....OO | ..JJJ.
.J..OO | ....SS
.J.TTT | ...SS.
OOJJ.J | ...SS.
T.JJJ. | ..SSJ.
TTSSJ. | ....J.
TSSJJ. | ...JJ.

step=97, rand=4, actions=&lt;RotateRight&gt;
Want   | Got ✗ 
---------------
..S... | ..JSS.
..SS.. | ..SSO.
...S.. | ..JJ..
....OO | ..JJJ.
.J..OO | ....SS
.J.TTT | ...SS.
OOJJ.J | ...SS.
T.JJJ. | ..SSJ.
TTSSJ. | ....J.
TSSJJ. | ...JJ.

step=98, rand=4, actions=&lt;Left&gt;
Want   | Got ✗ 
---------------
.S.... | ..JSS.
.SS... | ..SSO.
..S... | ..JJ..
....OO | ..JJJ.
.J..OO | ....SS
.J.TTT | ...SS.
OOJJ.J | ...SS.
T.JJJ. | ..SSJ.
TTSSJ. | ....J.
TSSJJ. | ...JJ.

step=99, rand=4, actions=&lt;Down&gt;
Want   | Got ✗ 
---------------
...... | ..JSS.
.S.... | ..SSO.
.SS... | ..JJ..
..S.OO | ..JJJ.
.J..OO | ....SS
.J.TTT | ...SS.
OOJJ.J | ...SS.
T.JJJ. | ..SSJ.
TTSSJ. | ....J.
TSSJJ. | ...JJ.

step=100, rand=4, actions=&lt;Down&gt;
Want   | Got ✗ 
---------------
...... | ..JSS.
...... | ..SSO.
.S.... | ..JJ..
.SS.OO | ..JJJ.
.JS.OO | ....SS
.J.TTT | ...SS.
OOJJ.J | ...SS.
T.JJJ. | ..SSJ.
TTSSJ. | ....J.
TSSJJ. | ...JJ.

step=101, rand=1, actions=&lt;Down&gt;
Want   | Got ✗ 
---------------
.J.... | ..JSS.
.JJJ.. | ..JJJ.
.S.... | ..JJ..
.SS.OO | ..JJJ.
.JS.OO | ....SS
.J.TTT | ...SS.
OOJJ.J | ...SS.
T.JJJ. | ..SSJ.
TTSSJ. | ....J.
TSSJJ. | ...JJ.

step=102, rand=1, actions=&lt;Right&gt;
Want   | Got ✗ 
---------------
..J... | ..JSS.
..JJJ. | ..JJJ.
.S.... | ..JJ..
.SS.OO | ..JJJ.
.JS.OO | ....SS
.J.TTT | ...SS.
OOJJ.J | ...SS.
T.JJJ. | ..SSJ.
TTSSJ. | ....J.
TSSJJ. | ...JJ.

step=103, rand=1, actions=&lt;RotateRight&gt;
Want   | Got ✗ 
---------------
...JJ. | ..JSS.
...J.. | ..JJJ.
.S.J.. | ..JJ..
.SS.OO | ..JJJ.
.JS.OO | ....SS
.J.TTT | ...SS.
OOJJ.J | ...SS.
T.JJJ. | ..SSJ.
TTSSJ. | ....J.
TSSJJ. | ...JJ.

step=104, rand=1, actions=&lt;Down&gt;
Want   | Got ✗ 
---------------
...... | ..JSS.
...JJ. | ..JJJ.
.S.J.. | ..JJ..
.SSJOO | ..JJJ.
.JS.OO | ....SS
.J.TTT | ...SS.
OOJJ.J | ...SS.
T.JJJ. | ..SSJ.
TTSSJ. | ....J.
TSSJJ. | ...JJ.

step=105, rand=1, actions=&lt;Down&gt;
Want   | Got ✗ 
---------------
...... | ..JSS.
...... | ..JJJ.
.S.JJ. | ..JJ..
.SSJOO | ..JJJ.
.JSJOO | ....SS
.J.TTT | ...SS.
OOJJ.J | ...SS.
T.JJJ. | ..SSJ.
TTSSJ. | ....J.
TSSJJ. | ...JJ.

step=106, rand=3, actions=&lt;Down&gt;
Want   | Got ✗ 
---------------
..OO.. | ..JOO.
..OO.. | ..JOO.
.S.JJ. | ..JJ..
.SSJOO | ..JJJ.
.JSJOO | ....SS
.J.TTT | ...SS.
OOJJ.J | ...SS.
T.JJJ. | ..SSJ.
TTSSJ. | ....J.
TSSJJ. | ...JJ.

step=107, rand=3, actions=&lt;Right&gt;
Want   | Got ✗ 
---------------
...OO. | ..JOO.
...OO. | ..JOO.
.S.JJ. | ..JJ..
.SSJOO | ..JJJ.
.JSJOO | ....SS
.J.TTT | ...SS.
OOJJ.J | ...SS.
T.JJJ. | ..SSJ.
TTSSJ. | ....J.
TSSJJ. | ...JJ.

step=108, rand=3, actions=&lt;Right&gt;
Want   | Got ✗ 
---------------
....OO | ..JOO.
....OO | ..JOO.
.S.JJ. | ..JJ..
.SSJOO | ..JJJ.
.JSJOO | ....SS
.J.TTT | ...SS.
OOJJ.J | ...SS.
T.JJJ. | ..SSJ.
TTSSJ. | ....J.
TSSJJ. | ...JJ.

step=109, rand=3, actions=&lt;Right&gt;
Want   | Got ✗ 
---------------
....OO | ..JOO.
....OO | ..JOO.
.S.JJ. | ..JJ..
.SSJOO | ..JJJ.
.JSJOO | ....SS
.J.TTT | ...SS.
OOJJ.J | ...SS.
T.JJJ. | ..SSJ.
TTSSJ. | ....J.
TSSJJ. | ...JJ.

step=110, rand=3, actions=&lt;Down&gt;
Want   | Got ✗ 
---------------
..OOOO | ..JOO.
..OOOO | ..JOO.
.S.JJ. | ..JJ..
.SSJOO | ..JJJ.
.JSJOO | ....SS
.J.TTT | ...SS.
OOJJ.J | ...SS.
T.JJJ. | ..SSJ.
TTSSJ. | ....J.
TSSJJ. | ...JJ.

step=111, rand=3, actions=&lt;Left&gt;
Want   | Got ✗ 
---------------
.OO.OO | ..JOO.
.OO.OO | ..JOO.
.S.JJ. | ..JJ..
.SSJOO | ..JJJ.
.JSJOO | ....SS
.J.TTT | ...SS.
OOJJ.J | ...SS.
T.JJJ. | ..SSJ.
TTSSJ. | ....J.
TSSJJ. | ...JJ.

step=112, rand=3, actions=&lt;Left&gt;
Want   | Got ✗ 
---------------
OO..OO | ..JOO.
OO..OO | ..JOO.
.S.JJ. | ..JJ..
.SSJOO | ..JJJ.
.JSJOO | ....SS
.J.TTT | ...SS.
OOJJ.J | ...SS.
T.JJJ. | ..SSJ.
TTSSJ. | ....J.
TSSJJ. | ...JJ.

step=113, rand=3, actions=&lt;Left&gt;
Want   | Got ✗ 
---------------
OO..OO | ..JOO.
OO..OO | ..JOO.
.S.JJ. | ..JJ..
.SSJOO | ..JJJ.
.JSJOO | ....SS
.J.TTT | ...SS.
OOJJ.J | ...SS.
T.JJJ. | ..SSJ.
TTSSJ. | ....J.
TSSJJ. | ...JJ.

step=114, rand=5, actions=&lt;Down&gt;
Want              | Got ✗ 
--------------------------
GameOverDisplay() | ..JTO.
                  | ..TTT.
                  | ..JJ..
                  | ..JJJ.
                  | ....SS
                  | ...SS.
                  | ...SS.
                  | ..SSJ.
                  | ....J.
                  | ...JJ.


	at app//org.scalatest.Assertions.newAssertionFailedException(Assertions.scala:530)
	at app//org.scalatest.Assertions.newAssertionFailedException$(Assertions.scala:529)
	at app//org.scalatest.FunSuite.newAssertionFailedException(FunSuite.scala:1560)
	at app//org.scalatest.Assertions$AssertionsHelper.macroAssert(Assertions.scala:503)
	at app//generic.GameTestSuite.checkGame(GameTestSuite.scala:298)
	at app//tetris.TetrisTestSuiteBase.checkGame(TetrisTestSuiteBase.scala:103)
	at app//tetris.FullGameTests.$anonfun$new$3(FullGameTests.scala:5748)
	at app//scala.runtime.java8.JFunction0$mcV$sp.apply(JFunction0$mcV$sp.scala:18)
	at app//infrastructure.TestBase.$anonfun$test$1(TestBase.scala:36)
	at app//org.scalatest.OutcomeOf.outcomeOf(OutcomeOf.scala:85)
	at app//org.scalatest.OutcomeOf.outcomeOf$(OutcomeOf.scala:83)
	at app//org.scalatest.OutcomeOf$.outcomeOf(OutcomeOf.scala:104)
	at app//org.scalatest.Transformer.apply(Transformer.scala:22)
	at app//org.scalatest.Transformer.apply(Transformer.scala:20)
	at app//org.scalatest.FunSuiteLike$$anon$1.apply(FunSuiteLike.scala:186)
	at app//org.scalatest.TestSuite.withFixture(TestSuite.scala:196)
	at app//org.scalatest.TestSuite.withFixture$(TestSuite.scala:195)
	at app//infrastructure.TestBase.org$scalatest$concurrent$TimeLimitedTests$$super$withFixture(TestBase.scala:9)
	at app//org.scalatest.concurrent.TimeLimitedTests.$anonfun$withFixture$3(TimeLimitedTests.scala:154)
	at app//org.scalatest.enablers.Timed$$anon$1.timeoutAfter(Timed.scala:127)
	at app//org.scalatest.concurrent.TimeLimits.failAfterImpl(TimeLimits.scala:239)
	at app//org.scalatest.concurrent.TimeLimits.failAfterImpl$(TimeLimits.scala:233)
	at app//org.scalatest.concurrent.TimeLimits$.failAfterImpl(TimeLimits.scala:305)
	at app//org.scalatest.concurrent.TimeLimitedTests.withFixture(TimeLimitedTests.scala:153)
	at app//org.scalatest.concurrent.TimeLimitedTests.withFixture$(TimeLimitedTests.scala:150)
	at app//infrastructure.TestBase.withFixture(TestBase.scala:9)
	at app//org.scalatest.FunSuiteLike.invokeWithFixture$1(FunSuiteLike.scala:184)
	at app//org.scalatest.FunSuiteLike.$anonfun$runTest$1(FunSuiteLike.scala:196)
	at app//org.scalatest.SuperEngine.runTestImpl(Engine.scala:286)
	at app//org.scalatest.FunSuiteLike.runTest(FunSuiteLike.scala:196)
	at app//org.scalatest.FunSuiteLike.runTest$(FunSuiteLike.scala:178)
	at app//org.scalatest.FunSuite.runTest(FunSuite.scala:1560)
	at app//org.scalatest.FunSuiteLike.$anonfun$runTests$1(FunSuiteLike.scala:229)
	at app//org.scalatest.SuperEngine.$anonfun$runTestsInBranch$1(Engine.scala:393)
	at app//scala.collection.immutable.List.foreach(List.scala:333)
	at app//org.scalatest.SuperEngine.traverseSubNodes$1(Engine.scala:381)
	at app//org.scalatest.SuperEngine.runTestsInBranch(Engine.scala:376)
	at app//org.scalatest.SuperEngine.runTestsImpl(Engine.scala:458)
	at app//org.scalatest.FunSuiteLike.runTests(FunSuiteLike.scala:229)
	at app//org.scalatest.FunSuiteLike.runTests$(FunSuiteLike.scala:228)
	at app//org.scalatest.FunSuite.runTests(FunSuite.scala:1560)
	at app//org.scalatest.Suite.run(Suite.scala:1124)
	at app//org.scalatest.Suite.run$(Suite.scala:1106)
	at app//org.scalatest.FunSuite.org$scalatest$FunSuiteLike$$super$run(FunSuite.scala:1560)
	at app//org.scalatest.FunSuiteLike.$anonfun$run$1(FunSuiteLike.scala:233)
	at app//org.scalatest.SuperEngine.runImpl(Engine.scala:518)
	at app//org.scalatest.FunSuiteLike.run(FunSuiteLike.scala:233)
	at app//org.scalatest.FunSuiteLike.run$(FunSuiteLike.scala:232)
	at app//infrastructure.TestBase.run(TestBase.scala:26)
	at app//org.scalatest.Suite.callExecuteOnSuite$1(Suite.scala:1187)
	at app//org.scalatest.Suite.$anonfun$runNestedSuites$1(Suite.scala:1234)
	at app//scala.collection.ArrayOps$.foreach$extension(ArrayOps.scala:1323)
	at app//org.scalatest.Suite.runNestedSuites(Suite.scala:1232)
	at app//org.scalatest.Suite.runNestedSuites$(Suite.scala:1166)
	at app//org.scalatest.Suites.runNestedSuites(Suites.scala:56)
	at app//org.scalatest.Suite.run(Suite.scala:1121)
	at app//org.scalatest.Suite.run$(Suite.scala:1106)
	at app//tetris.TetrisTestSuitesBase.runDirect(TetrisTestSuitesBase.scala:20)
	at app//tetris.TetrisTestSuitesBase.runWithScoreCounter(TetrisTestSuitesBase.scala:14)
	at app//tetris.TetrisTestSuite3_2.run(TetrisTestSuite3_2.scala:25)
	at app//org.scalatestplus.junit.JUnitRunner.run(JUnitRunner.scala:99)
	at org.gradle.api.internal.tasks.testing.junit.JUnitTestClassExecutor.runTestClass(JUnitTestClassExecutor.java:110)
	at org.gradle.api.internal.tasks.testing.junit.JUnitTestClassExecutor.execute(JUnitTestClassExecutor.java:58)
	at org.gradle.api.internal.tasks.testing.junit.JUnitTestClassExecutor.execute(JUnitTestClassExecutor.java:38)
	at org.gradle.api.internal.tasks.testing.junit.AbstractJUnitTestClassProcessor.processTestClass(AbstractJUnitTestClassProcessor.java:62)
	at org.gradle.api.internal.tasks.testing.SuiteTestClassProcessor.processTestClass(SuiteTestClassProcessor.java:51)
	at java.base@18.0.2.1/jdk.internal.reflect.DirectMethodHandleAccessor.invoke(DirectMethodHandleAccessor.java:104)
	at java.base@18.0.2.1/java.lang.reflect.Method.invoke(Method.java:577)
	at org.gradle.internal.dispatch.ReflectionDispatch.dispatch(ReflectionDispatch.java:36)
	at org.gradle.internal.dispatch.ReflectionDispatch.dispatch(ReflectionDispatch.java:24)
	at org.gradle.internal.dispatch.ContextClassLoaderDispatch.dispatch(ContextClassLoaderDispatch.java:33)
	at org.gradle.internal.dispatch.ProxyDispatchAdapter$DispatchingInvocationHandler.invoke(ProxyDispatchAdapter.java:94)
	at jdk.proxy1/jdk.proxy1.$Proxy2.processTestClass(Unknown Source)
	at org.gradle.api.internal.tasks.testing.worker.TestWorker$2.run(TestWorker.java:176)
	at org.gradle.api.internal.tasks.testing.worker.TestWorker.executeAndMaintainThreadName(TestWorker.java:129)
	at org.gradle.api.internal.tasks.testing.worker.TestWorker.execute(TestWorker.java:100)
	at org.gradle.api.internal.tasks.testing.worker.TestWorker.execute(TestWorker.java:60)
	at org.gradle.process.internal.worker.child.ActionExecutionWorker.execute(ActionExecutionWorker.java:56)
	at org.gradle.process.internal.worker.child.SystemApplicationClassLoaderWorker.call(SystemApplicationClassLoaderWorker.java:133)
	at org.gradle.process.internal.worker.child.SystemApplicationClassLoaderWorker.call(SystemApplicationClassLoaderWorker.java:71)
	at app//worker.org.gradle.process.internal.worker.GradleWorkerMain.run(GradleWorkerMain.java:69)
	at app//worker.org.gradle.process.internal.worker.GradleWorkerMain.main(GradleWorkerMain.java:74)
</failure>
  </testcase>
  <testcase name="testInterleave5x9and8x11" classname="tetris.FullGameTests" time="0.032">
    <failure message="org.scalatest.exceptions.TestFailedException: didPass was false&#10; Hint: It should be possible to “run” multiple games simultaneously, i.e., it should not be a problem to have multiple instances of TetrisLogic which act independently. To test this, we perform “interleave tests”: we instantiate two TetrisLogic objects with different board sizes and alternate between performing a step on one and a step on the other. If all is correct, the two games should progress exactly as they would if they were the only snake games being run. If this is not true, then there is likely some global state through which one game influences the other.   Hence if you fail this test but you passed the other full game test, then you have some global state. Running two instances of TetrisLogic/and alternately doing steps between them results in some interference.   " type="org.scalatest.exceptions.TestFailedException">org.scalatest.exceptions.TestFailedException: didPass was false
 Hint: It should be possible to “run” multiple games simultaneously, i.e., it should not be a problem to have multiple instances of TetrisLogic which act independently. To test this, we perform “interleave tests”: we instantiate two TetrisLogic objects with different board sizes and alternate between performing a step on one and a step on the other. If all is correct, the two games should progress exactly as they would if they were the only snake games being run. If this is not true, then there is likely some global state through which one game influences the other.   Hence if you fail this test but you passed the other full game test, then you have some global state. Running two instances of TetrisLogic/and alternately doing steps between them results in some interference.   
	at app//org.scalatest.Assertions.newAssertionFailedException(Assertions.scala:530)
	at app//org.scalatest.Assertions.newAssertionFailedException$(Assertions.scala:529)
	at app//org.scalatest.FunSuite.newAssertionFailedException(FunSuite.scala:1560)
	at app//org.scalatest.Assertions$AssertionsHelper.macroAssert(Assertions.scala:503)
	at app//generic.GameTestSuite.checkInterleave(GameTestSuite.scala:303)
	at app//tetris.TetrisTestSuiteBase.checkInterleave(TetrisTestSuiteBase.scala:109)
	at app//tetris.FullGameTests.$anonfun$new$4(FullGameTests.scala:5752)
	at app//scala.runtime.java8.JFunction0$mcV$sp.apply(JFunction0$mcV$sp.scala:18)
	at app//infrastructure.TestBase.$anonfun$test$1(TestBase.scala:36)
	at app//org.scalatest.OutcomeOf.outcomeOf(OutcomeOf.scala:85)
	at app//org.scalatest.OutcomeOf.outcomeOf$(OutcomeOf.scala:83)
	at app//org.scalatest.OutcomeOf$.outcomeOf(OutcomeOf.scala:104)
	at app//org.scalatest.Transformer.apply(Transformer.scala:22)
	at app//org.scalatest.Transformer.apply(Transformer.scala:20)
	at app//org.scalatest.FunSuiteLike$$anon$1.apply(FunSuiteLike.scala:186)
	at app//org.scalatest.TestSuite.withFixture(TestSuite.scala:196)
	at app//org.scalatest.TestSuite.withFixture$(TestSuite.scala:195)
	at app//infrastructure.TestBase.org$scalatest$concurrent$TimeLimitedTests$$super$withFixture(TestBase.scala:9)
	at app//org.scalatest.concurrent.TimeLimitedTests.$anonfun$withFixture$3(TimeLimitedTests.scala:154)
	at app//org.scalatest.enablers.Timed$$anon$1.timeoutAfter(Timed.scala:127)
	at app//org.scalatest.concurrent.TimeLimits.failAfterImpl(TimeLimits.scala:239)
	at app//org.scalatest.concurrent.TimeLimits.failAfterImpl$(TimeLimits.scala:233)
	at app//org.scalatest.concurrent.TimeLimits$.failAfterImpl(TimeLimits.scala:305)
	at app//org.scalatest.concurrent.TimeLimitedTests.withFixture(TimeLimitedTests.scala:153)
	at app//org.scalatest.concurrent.TimeLimitedTests.withFixture$(TimeLimitedTests.scala:150)
	at app//infrastructure.TestBase.withFixture(TestBase.scala:9)
	at app//org.scalatest.FunSuiteLike.invokeWithFixture$1(FunSuiteLike.scala:184)
	at app//org.scalatest.FunSuiteLike.$anonfun$runTest$1(FunSuiteLike.scala:196)
	at app//org.scalatest.SuperEngine.runTestImpl(Engine.scala:286)
	at app//org.scalatest.FunSuiteLike.runTest(FunSuiteLike.scala:196)
	at app//org.scalatest.FunSuiteLike.runTest$(FunSuiteLike.scala:178)
	at app//org.scalatest.FunSuite.runTest(FunSuite.scala:1560)
	at app//org.scalatest.FunSuiteLike.$anonfun$runTests$1(FunSuiteLike.scala:229)
	at app//org.scalatest.SuperEngine.$anonfun$runTestsInBranch$1(Engine.scala:393)
	at app//scala.collection.immutable.List.foreach(List.scala:333)
	at app//org.scalatest.SuperEngine.traverseSubNodes$1(Engine.scala:381)
	at app//org.scalatest.SuperEngine.runTestsInBranch(Engine.scala:376)
	at app//org.scalatest.SuperEngine.runTestsImpl(Engine.scala:458)
	at app//org.scalatest.FunSuiteLike.runTests(FunSuiteLike.scala:229)
	at app//org.scalatest.FunSuiteLike.runTests$(FunSuiteLike.scala:228)
	at app//org.scalatest.FunSuite.runTests(FunSuite.scala:1560)
	at app//org.scalatest.Suite.run(Suite.scala:1124)
	at app//org.scalatest.Suite.run$(Suite.scala:1106)
	at app//org.scalatest.FunSuite.org$scalatest$FunSuiteLike$$super$run(FunSuite.scala:1560)
	at app//org.scalatest.FunSuiteLike.$anonfun$run$1(FunSuiteLike.scala:233)
	at app//org.scalatest.SuperEngine.runImpl(Engine.scala:518)
	at app//org.scalatest.FunSuiteLike.run(FunSuiteLike.scala:233)
	at app//org.scalatest.FunSuiteLike.run$(FunSuiteLike.scala:232)
	at app//infrastructure.TestBase.run(TestBase.scala:26)
	at app//org.scalatest.Suite.callExecuteOnSuite$1(Suite.scala:1187)
	at app//org.scalatest.Suite.$anonfun$runNestedSuites$1(Suite.scala:1234)
	at app//scala.collection.ArrayOps$.foreach$extension(ArrayOps.scala:1323)
	at app//org.scalatest.Suite.runNestedSuites(Suite.scala:1232)
	at app//org.scalatest.Suite.runNestedSuites$(Suite.scala:1166)
	at app//org.scalatest.Suites.runNestedSuites(Suites.scala:56)
	at app//org.scalatest.Suite.run(Suite.scala:1121)
	at app//org.scalatest.Suite.run$(Suite.scala:1106)
	at app//tetris.TetrisTestSuitesBase.runDirect(TetrisTestSuitesBase.scala:20)
	at app//tetris.TetrisTestSuitesBase.runWithScoreCounter(TetrisTestSuitesBase.scala:14)
	at app//tetris.TetrisTestSuite3_2.run(TetrisTestSuite3_2.scala:25)
	at app//org.scalatestplus.junit.JUnitRunner.run(JUnitRunner.scala:99)
	at org.gradle.api.internal.tasks.testing.junit.JUnitTestClassExecutor.runTestClass(JUnitTestClassExecutor.java:110)
	at org.gradle.api.internal.tasks.testing.junit.JUnitTestClassExecutor.execute(JUnitTestClassExecutor.java:58)
	at org.gradle.api.internal.tasks.testing.junit.JUnitTestClassExecutor.execute(JUnitTestClassExecutor.java:38)
	at org.gradle.api.internal.tasks.testing.junit.AbstractJUnitTestClassProcessor.processTestClass(AbstractJUnitTestClassProcessor.java:62)
	at org.gradle.api.internal.tasks.testing.SuiteTestClassProcessor.processTestClass(SuiteTestClassProcessor.java:51)
	at java.base@18.0.2.1/jdk.internal.reflect.DirectMethodHandleAccessor.invoke(DirectMethodHandleAccessor.java:104)
	at java.base@18.0.2.1/java.lang.reflect.Method.invoke(Method.java:577)
	at org.gradle.internal.dispatch.ReflectionDispatch.dispatch(ReflectionDispatch.java:36)
	at org.gradle.internal.dispatch.ReflectionDispatch.dispatch(ReflectionDispatch.java:24)
	at org.gradle.internal.dispatch.ContextClassLoaderDispatch.dispatch(ContextClassLoaderDispatch.java:33)
	at org.gradle.internal.dispatch.ProxyDispatchAdapter$DispatchingInvocationHandler.invoke(ProxyDispatchAdapter.java:94)
	at jdk.proxy1/jdk.proxy1.$Proxy2.processTestClass(Unknown Source)
	at org.gradle.api.internal.tasks.testing.worker.TestWorker$2.run(TestWorker.java:176)
	at org.gradle.api.internal.tasks.testing.worker.TestWorker.executeAndMaintainThreadName(TestWorker.java:129)
	at org.gradle.api.internal.tasks.testing.worker.TestWorker.execute(TestWorker.java:100)
	at org.gradle.api.internal.tasks.testing.worker.TestWorker.execute(TestWorker.java:60)
	at org.gradle.process.internal.worker.child.ActionExecutionWorker.execute(ActionExecutionWorker.java:56)
	at org.gradle.process.internal.worker.child.SystemApplicationClassLoaderWorker.call(SystemApplicationClassLoaderWorker.java:133)
	at org.gradle.process.internal.worker.child.SystemApplicationClassLoaderWorker.call(SystemApplicationClassLoaderWorker.java:71)
	at app//worker.org.gradle.process.internal.worker.GradleWorkerMain.run(GradleWorkerMain.java:69)
	at app//worker.org.gradle.process.internal.worker.GradleWorkerMain.main(GradleWorkerMain.java:74)
</failure>
  </testcase>
  <testcase name="testInterleave8x11and6x10" classname="tetris.FullGameTests" time="0.007">
    <failure message="org.scalatest.exceptions.TestFailedException: didPass was false&#10; Hint: It should be possible to “run” multiple games simultaneously, i.e., it should not be a problem to have multiple instances of TetrisLogic which act independently. To test this, we perform “interleave tests”: we instantiate two TetrisLogic objects with different board sizes and alternate between performing a step on one and a step on the other. If all is correct, the two games should progress exactly as they would if they were the only snake games being run. If this is not true, then there is likely some global state through which one game influences the other.   Hence if you fail this test but you passed the other full game test, then you have some global state. Running two instances of TetrisLogic/and alternately doing steps between them results in some interference.   " type="org.scalatest.exceptions.TestFailedException">org.scalatest.exceptions.TestFailedException: didPass was false
 Hint: It should be possible to “run” multiple games simultaneously, i.e., it should not be a problem to have multiple instances of TetrisLogic which act independently. To test this, we perform “interleave tests”: we instantiate two TetrisLogic objects with different board sizes and alternate between performing a step on one and a step on the other. If all is correct, the two games should progress exactly as they would if they were the only snake games being run. If this is not true, then there is likely some global state through which one game influences the other.   Hence if you fail this test but you passed the other full game test, then you have some global state. Running two instances of TetrisLogic/and alternately doing steps between them results in some interference.   
	at app//org.scalatest.Assertions.newAssertionFailedException(Assertions.scala:530)
	at app//org.scalatest.Assertions.newAssertionFailedException$(Assertions.scala:529)
	at app//org.scalatest.FunSuite.newAssertionFailedException(FunSuite.scala:1560)
	at app//org.scalatest.Assertions$AssertionsHelper.macroAssert(Assertions.scala:503)
	at app//generic.GameTestSuite.checkInterleave(GameTestSuite.scala:303)
	at app//tetris.TetrisTestSuiteBase.checkInterleave(TetrisTestSuiteBase.scala:109)
	at app//tetris.FullGameTests.$anonfun$new$5(FullGameTests.scala:5757)
	at app//scala.runtime.java8.JFunction0$mcV$sp.apply(JFunction0$mcV$sp.scala:18)
	at app//infrastructure.TestBase.$anonfun$test$1(TestBase.scala:36)
	at app//org.scalatest.OutcomeOf.outcomeOf(OutcomeOf.scala:85)
	at app//org.scalatest.OutcomeOf.outcomeOf$(OutcomeOf.scala:83)
	at app//org.scalatest.OutcomeOf$.outcomeOf(OutcomeOf.scala:104)
	at app//org.scalatest.Transformer.apply(Transformer.scala:22)
	at app//org.scalatest.Transformer.apply(Transformer.scala:20)
	at app//org.scalatest.FunSuiteLike$$anon$1.apply(FunSuiteLike.scala:186)
	at app//org.scalatest.TestSuite.withFixture(TestSuite.scala:196)
	at app//org.scalatest.TestSuite.withFixture$(TestSuite.scala:195)
	at app//infrastructure.TestBase.org$scalatest$concurrent$TimeLimitedTests$$super$withFixture(TestBase.scala:9)
	at app//org.scalatest.concurrent.TimeLimitedTests.$anonfun$withFixture$3(TimeLimitedTests.scala:154)
	at app//org.scalatest.enablers.Timed$$anon$1.timeoutAfter(Timed.scala:127)
	at app//org.scalatest.concurrent.TimeLimits.failAfterImpl(TimeLimits.scala:239)
	at app//org.scalatest.concurrent.TimeLimits.failAfterImpl$(TimeLimits.scala:233)
	at app//org.scalatest.concurrent.TimeLimits$.failAfterImpl(TimeLimits.scala:305)
	at app//org.scalatest.concurrent.TimeLimitedTests.withFixture(TimeLimitedTests.scala:153)
	at app//org.scalatest.concurrent.TimeLimitedTests.withFixture$(TimeLimitedTests.scala:150)
	at app//infrastructure.TestBase.withFixture(TestBase.scala:9)
	at app//org.scalatest.FunSuiteLike.invokeWithFixture$1(FunSuiteLike.scala:184)
	at app//org.scalatest.FunSuiteLike.$anonfun$runTest$1(FunSuiteLike.scala:196)
	at app//org.scalatest.SuperEngine.runTestImpl(Engine.scala:286)
	at app//org.scalatest.FunSuiteLike.runTest(FunSuiteLike.scala:196)
	at app//org.scalatest.FunSuiteLike.runTest$(FunSuiteLike.scala:178)
	at app//org.scalatest.FunSuite.runTest(FunSuite.scala:1560)
	at app//org.scalatest.FunSuiteLike.$anonfun$runTests$1(FunSuiteLike.scala:229)
	at app//org.scalatest.SuperEngine.$anonfun$runTestsInBranch$1(Engine.scala:393)
	at app//scala.collection.immutable.List.foreach(List.scala:333)
	at app//org.scalatest.SuperEngine.traverseSubNodes$1(Engine.scala:381)
	at app//org.scalatest.SuperEngine.runTestsInBranch(Engine.scala:376)
	at app//org.scalatest.SuperEngine.runTestsImpl(Engine.scala:458)
	at app//org.scalatest.FunSuiteLike.runTests(FunSuiteLike.scala:229)
	at app//org.scalatest.FunSuiteLike.runTests$(FunSuiteLike.scala:228)
	at app//org.scalatest.FunSuite.runTests(FunSuite.scala:1560)
	at app//org.scalatest.Suite.run(Suite.scala:1124)
	at app//org.scalatest.Suite.run$(Suite.scala:1106)
	at app//org.scalatest.FunSuite.org$scalatest$FunSuiteLike$$super$run(FunSuite.scala:1560)
	at app//org.scalatest.FunSuiteLike.$anonfun$run$1(FunSuiteLike.scala:233)
	at app//org.scalatest.SuperEngine.runImpl(Engine.scala:518)
	at app//org.scalatest.FunSuiteLike.run(FunSuiteLike.scala:233)
	at app//org.scalatest.FunSuiteLike.run$(FunSuiteLike.scala:232)
	at app//infrastructure.TestBase.run(TestBase.scala:26)
	at app//org.scalatest.Suite.callExecuteOnSuite$1(Suite.scala:1187)
	at app//org.scalatest.Suite.$anonfun$runNestedSuites$1(Suite.scala:1234)
	at app//scala.collection.ArrayOps$.foreach$extension(ArrayOps.scala:1323)
	at app//org.scalatest.Suite.runNestedSuites(Suite.scala:1232)
	at app//org.scalatest.Suite.runNestedSuites$(Suite.scala:1166)
	at app//org.scalatest.Suites.runNestedSuites(Suites.scala:56)
	at app//org.scalatest.Suite.run(Suite.scala:1121)
	at app//org.scalatest.Suite.run$(Suite.scala:1106)
	at app//tetris.TetrisTestSuitesBase.runDirect(TetrisTestSuitesBase.scala:20)
	at app//tetris.TetrisTestSuitesBase.runWithScoreCounter(TetrisTestSuitesBase.scala:14)
	at app//tetris.TetrisTestSuite3_2.run(TetrisTestSuite3_2.scala:25)
	at app//org.scalatestplus.junit.JUnitRunner.run(JUnitRunner.scala:99)
	at org.gradle.api.internal.tasks.testing.junit.JUnitTestClassExecutor.runTestClass(JUnitTestClassExecutor.java:110)
	at org.gradle.api.internal.tasks.testing.junit.JUnitTestClassExecutor.execute(JUnitTestClassExecutor.java:58)
	at org.gradle.api.internal.tasks.testing.junit.JUnitTestClassExecutor.execute(JUnitTestClassExecutor.java:38)
	at org.gradle.api.internal.tasks.testing.junit.AbstractJUnitTestClassProcessor.processTestClass(AbstractJUnitTestClassProcessor.java:62)
	at org.gradle.api.internal.tasks.testing.SuiteTestClassProcessor.processTestClass(SuiteTestClassProcessor.java:51)
	at java.base@18.0.2.1/jdk.internal.reflect.DirectMethodHandleAccessor.invoke(DirectMethodHandleAccessor.java:104)
	at java.base@18.0.2.1/java.lang.reflect.Method.invoke(Method.java:577)
	at org.gradle.internal.dispatch.ReflectionDispatch.dispatch(ReflectionDispatch.java:36)
	at org.gradle.internal.dispatch.ReflectionDispatch.dispatch(ReflectionDispatch.java:24)
	at org.gradle.internal.dispatch.ContextClassLoaderDispatch.dispatch(ContextClassLoaderDispatch.java:33)
	at org.gradle.internal.dispatch.ProxyDispatchAdapter$DispatchingInvocationHandler.invoke(ProxyDispatchAdapter.java:94)
	at jdk.proxy1/jdk.proxy1.$Proxy2.processTestClass(Unknown Source)
	at org.gradle.api.internal.tasks.testing.worker.TestWorker$2.run(TestWorker.java:176)
	at org.gradle.api.internal.tasks.testing.worker.TestWorker.executeAndMaintainThreadName(TestWorker.java:129)
	at org.gradle.api.internal.tasks.testing.worker.TestWorker.execute(TestWorker.java:100)
	at org.gradle.api.internal.tasks.testing.worker.TestWorker.execute(TestWorker.java:60)
	at org.gradle.process.internal.worker.child.ActionExecutionWorker.execute(ActionExecutionWorker.java:56)
	at org.gradle.process.internal.worker.child.SystemApplicationClassLoaderWorker.call(SystemApplicationClassLoaderWorker.java:133)
	at org.gradle.process.internal.worker.child.SystemApplicationClassLoaderWorker.call(SystemApplicationClassLoaderWorker.java:71)
	at app//worker.org.gradle.process.internal.worker.GradleWorkerMain.run(GradleWorkerMain.java:69)
	at app//worker.org.gradle.process.internal.worker.GradleWorkerMain.main(GradleWorkerMain.java:74)
</failure>
  </testcase>
  <system-out><![CDATA[]]></system-out>
  <system-err><![CDATA[]]></system-err>
</testsuite>
