<?xml version="1.0" encoding="UTF-8"?>
<testsuite name="tetris.SpawnTests" tests="2" skipped="0" failures="0" errors="0" timestamp="2023-10-03T15:31:02" hostname="Jays-MacBook-Pro-2.local" time="0.009">
  <properties/>
  <testcase name="testSpawn" classname="tetris.SpawnTests" time="0.004"/>
  <testcase name="testSpawn2" classname="tetris.SpawnTests" time="0.005"/>
  <system-out><![CDATA[The fullRowIndexes are List()
The fullRowIndexes are List()
The fullRowIndexes are List()
The fullRowIndexes are List()
The fullRowIndexes are List()
The fullRowIndexes are List()
]]></system-out>
  <system-err><![CDATA[]]></system-err>
</testsuite>
