<?xml version="1.0" encoding="UTF-8"?>
<testsuite name="tetris.MovementTests" tests="2" skipped="0" failures="0" errors="0" timestamp="2023-09-28T12:46:30" hostname="Jays-MacBook-Pro-2.local" time="0.063">
  <properties/>
  <testcase name="testMovement" classname="tetris.MovementTests" time="0.033"/>
  <testcase name="testMovement2" classname="tetris.MovementTests" time="0.028"/>
  <system-out><![CDATA[]]></system-out>
  <system-err><![CDATA[]]></system-err>
</testsuite>
