<?xml version="1.0" encoding="UTF-8"?>
<testsuite name="tetris.RotateBackToStartTests" tests="4" skipped="0" failures="0" errors="0" timestamp="2023-09-29T18:11:48" hostname="Jays-MacBook-Pro-2.local" time="0.032">
  <properties/>
  <testcase name="testRotate360" classname="tetris.RotateBackToStartTests" time="0.007"/>
  <testcase name="testRotate360CC" classname="tetris.RotateBackToStartTests" time="0.005"/>
  <testcase name="testRotateLeftRight" classname="tetris.RotateBackToStartTests" time="0.008"/>
  <testcase name="testRotateRightLeft" classname="tetris.RotateBackToStartTests" time="0.011"/>
  <system-out><![CDATA[]]></system-out>
  <system-err><![CDATA[]]></system-err>
</testsuite>
