<?xml version="1.0" encoding="UTF-8"?>
<testsuite name="tetris.MovementTests" tests="2" skipped="0" failures="0" errors="0" timestamp="2023-09-29T11:36:48" hostname="Jays-MacBook-Pro-2.local" time="0.058">
  <properties/>
  <testcase name="testMovement" classname="tetris.MovementTests" time="0.042"/>
  <testcase name="testMovement2" classname="tetris.MovementTests" time="0.015"/>
  <system-out><![CDATA[]]></system-out>
  <system-err><![CDATA[]]></system-err>
</testsuite>
